<?xml version="1.0" encoding="UTF-8" ?>
<testsuite errors="0" failures="0" hostname="localhost.localdomain" name="com.elitecore.test.inventorymgt.InventoryTestCase" skipped="0" tests="3" time="3.911" timestamp="2015-03-16T08:37:19">
  <properties>
    <property name="env.DESKTOP_SESSION" value="LXDE" />
    <property name="file.encoding.pkg" value="sun.io" />
    <property name="fullversion.release" value="/home/elitecore/Project/Partner-CPE_branch/CrestelCPE-MTNICE/Sprint-4/build/fullversion" />
    <property name="java.home" value="/usr/java/jdk1.6.0_38/jre" />
    <property name="env.GDM_LANG" value="en_US.utf8" />
    <property name="env.DISPLAY" value=":0" />
    <property name="env.LS_COLORS" value="rs=0:di=01;34:ln=01;36:mh=00:pi=40;33:so=01;35:do=01;35:bd=40;33;01:cd=40;33;01:or=40;31;01:mi=01;05;37;41:su=37;41:sg=30;43:ca=30;41:tw=30;42:ow=34;42:st=37;44:ex=01;32:*.tar=01;31:*.tgz=01;31:*.arj=01;31:*.taz=01;31:*.lzh=01;31:*.lzma=01;31:*.tlz=01;31:*.txz=01;31:*.zip=01;31:*.z=01;31:*.Z=01;31:*.dz=01;31:*.gz=01;31:*.lz=01;31:*.xz=01;31:*.bz2=01;31:*.tbz=01;31:*.tbz2=01;31:*.bz=01;31:*.tz=01;31:*.deb=01;31:*.rpm=01;31:*.jar=01;31:*.war=01;31:*.ear=01;31:*.sar=01;31:*.rar=01;31:*.ace=01;31:*.zoo=01;31:*.cpio=01;31:*.7z=01;31:*.rz=01;31:*.jpg=01;35:*.jpeg=01;35:*.gif=01;35:*.bmp=01;35:*.pbm=01;35:*.pgm=01;35:*.ppm=01;35:*.tga=01;35:*.xbm=01;35:*.xpm=01;35:*.tif=01;35:*.tiff=01;35:*.png=01;35:*.svg=01;35:*.svgz=01;35:*.mng=01;35:*.pcx=01;35:*.mov=01;35:*.mpg=01;35:*.mpeg=01;35:*.m2v=01;35:*.mkv=01;35:*.ogm=01;35:*.mp4=01;35:*.m4v=01;35:*.mp4v=01;35:*.vob=01;35:*.qt=01;35:*.nuv=01;35:*.wmv=01;35:*.asf=01;35:*.rm=01;35:*.rmvb=01;35:*.flc=01;35:*.avi=01;35:*.fli=01;35:*.flv=01;35:*.gl=01;35:*.dl=01;35:*.xcf=01;35:*.xwd=01;35:*.yuv=01;35:*.cgm=01;35:*.emf=01;35:*.axv=01;35:*.anx=01;35:*.ogv=01;35:*.ogx=01;35:*.aac=01;36:*.au=01;36:*.flac=01;36:*.mid=01;36:*.midi=01;36:*.mka=01;36:*.mp3=01;36:*.mpc=01;36:*.ogg=01;36:*.ra=01;36:*.wav=01;36:*.axa=01;36:*.oga=01;36:*.spx=01;36:*.xspf=01;36:" />
    <property name="env.XDG_VTNR" value="1" />
    <property name="java.endorsed.dirs" value="/usr/java/jdk1.6.0_38/jre/lib/endorsed" />
    <property name="env.LOGNAME" value="elitecore" />
    <property name="env.USERNAME" value="elitecore" />
    <property name="env.XDG_SEAT" value="seat0" />
    <property name="env.KDEDIRS" value="/usr" />
    <property name="sun.os.patch.level" value="unknown" />
    <property name="java.vendor.url" value="http://java.sun.com/" />
    <property name="info.current-time" value="02:04:25 PM IST" />
    <property name="java.version" value="1.6.0_38" />
    <property name="java.vendor.url.bug" value="http://java.sun.com/cgi-bin/bugreport.cgi" />
    <property name="info.current-date" value="16-March-2015" />
    <property name="env.XDG_MENU_PREFIX" value="lxde-" />
    <property name="ant.project.invoked-targets" value="junit" />
    <property name="env.GNOME_KEYRING_CONTROL" value="/run/user/1001/keyring-FYUASg" />
    <property name="builder.name" value="yash.kapasi" />
    <property name="env.XDG_CONFIG_HOME" value="/home/elitecore/.config" />
    <property name="user.name" value="elitecore" />
    <property name="env.LANG" value="en_US.utf8" />
    <property name="env.CVS_RSH" value="ssh" />
    <property name="sun.io.unicode.encoding" value="UnicodeLittle" />
    <property name="sun.jnu.encoding" value="UTF-8" />
    <property name="env.DBUS_SESSION_BUS_ADDRESS" value="unix:abstract=/tmp/dbus-sdbxaXnVOb,guid=4e2e2d5142475e4979f6a12c550661ef" />
    <property name="java.runtime.name" value="Java(TM) SE Runtime Environment" />
    <property name="ant.file.cpe-build" value="/home/elitecore/Project/Partner-CPE_branch/CrestelCPE-MTNICE/Sprint-4/build/build-local.xml" />
    <property name="env.SSH_ASKPASS" value="/usr/libexec/openssh/gnome-ssh-askpass" />
    <property name="java.specification.name" value="Java Platform API Specification" />
    <property name="user.timezone" value="" />
    <property name="env.LESSOPEN" value="||/usr/bin/lesspipe.sh %s" />
    <property name="path.separator" value=":" />
    <property name="env.XMODIFIERS" value="@im=none" />
    <property name="file.encoding" value="UTF-8" />
    <property name="ant.project.default-target" value="build-app" />
    <property name="build" value="/home/elitecore/Project/Partner-CPE_branch/CrestelCPE-MTNICE/Sprint-4/build/build" />
    <property name="lib" value="/home/elitecore/Project/Partner-CPE_branch/CrestelCPE-MTNICE/Sprint-4/build/lib" />
    <property name="env.HOME" value="/home/elitecore" />
    <property name="sun.java.command" value="org.apache.tools.ant.taskdefs.optional.junit.JUnitTestRunner com.elitecore.test.inventorymgt.InventoryTestCase skipNonTests=false filtertrace=true haltOnError=false haltOnFailure=false formatter=org.apache.tools.ant.taskdefs.optional.junit.SummaryJUnitResultFormatter showoutput=false outputtoformatters=true logfailedtests=true threadid=0 logtestlistenerevents=false formatter=org.apache.tools.ant.taskdefs.optional.junit.XMLJUnitResultFormatter,/home/elitecore/Project/Partner-CPE_branch/CrestelCPE-MTNICE/Sprint-4/build/junit/TEST-com.elitecore.test.inventorymgt.InventoryTestCase.xml crashfile=/home/elitecore/Project/Partner-CPE_branch/CrestelCPE-MTNICE/Sprint-4/build/junitvmwatcher6695433611919482459.properties propsfile=/home/elitecore/Project/Partner-CPE_branch/CrestelCPE-MTNICE/Sprint-4/build/junit6934847830633815294.properties" />
    <property name="db.port" value="1521" />
    <property name="ant.file" value="/home/elitecore/Project/Partner-CPE_branch/CrestelCPE-MTNICE/Sprint-4/build/build-local.xml" />
    <property name="db.username" value="CRESTELCPE" />
    <property name="env.HOSTNAME" value="localhost.localdomain" />
    <property name="java.io.tmpdir" value="/tmp" />
    <property name="env.GNOME_KEYRING_PID" value="1999" />
    <property name="user.language" value="en" />
    <property name="env.HISTCONTROL" value="ignoredups" />
    <property name="line.separator" value="&#xa;" />
    <property name="ant.file.type" value="file" />
    <property name="env.SSH_AGENT_PID" value="2229" />
    <property name="bl-module-name" value="inventorybl" />
    <property name="env.HISTSIZE" value="1000" />
    <property name="test.report.dir" value="junit" />
    <property name="java.vm.info" value="mixed mode" />
    <property name="exec-web-module-name" value="inventoryweb" />
    <property name="java.vm.specification.name" value="Java Virtual Machine Specification" />
    <property name="env.COLORTERM" value="gnome-terminal" />
    <property name="findbug.dir" value="findbug" />
    <property name="info.DSTAMP" value="20150316" />
    <property name="env.GDMSESSION" value="LXDE" />
    <property name="java.awt.printerjob" value="sun.print.PSPrinterJob" />
    <property name="db.host" value="192.168.0.123" />
    <property name="ant.version" value="Apache Ant(TM) version 1.9.4 compiled on April 29 2014" />
    <property name="env.WINDOWID" value="56623109" />
    <property name="env.CLASSPATH" value="/home/elitecore/jakarta-tomcat-5.0.28/common/lib/servlet-api.jar" />
    <property name="os.name" value="Linux" />
    <property name="java.specification.vendor" value="Sun Microsystems Inc." />
    <property name="env.TERM" value="xterm-256color" />
    <property name="java.vm.name" value="Java HotSpot(TM) 64-Bit Server VM" />
    <property name="info.TSTAMP" value="1404" />
    <property name="env.QT_IM_MODULE" value="xim" />
    <property name="java.library.path" value="/usr/java/jdk1.6.0_38/jre/lib/amd64/server:/usr/java/jdk1.6.0_38/jre/lib/amd64:/usr/java/jdk1.6.0_38/jre/../lib/amd64:/usr/java/packages/lib/amd64:/usr/lib64:/lib64:/lib:/usr/lib" />
    <property name="bl-module-build-dir" value="/home/elitecore/Project/Partner-CPE_branch/CrestelCPE-MTNICE/Sprint-4/build/build/inventorybl" />
    <property name="env.PATH" value="/home/elitecore/tools/apache-ant-1.9.4/bin:/usr/lib64/qt-3.3/bin:/usr/lib64/ccache:/usr/local/bin:/usr/bin:/bin:/usr/local/sbin:/usr/sbin:/home/elitecore/.local/bin:/home/elitecore/bin:/usr/java/jdk1.6.0_38/bin:/usr/java/jdk1.6.0_38/jre/bin:/home/elitecore/Project/servers/apache-tomcat-6.0.37/bin:/home/elitecore/jakarta-tomcat-5.0.28/common/lib/servlet-api.jar:/home/elitecore/Project/servers/jboss-6.1.0.Final-CPE/bin" />
    <property name="inventory.svn.rev" value="${env.BUILD_NUMBER}" />
    <property name="env._LXSESSION_PID" value="2001" />
    <property name="ant.java.version" value="1.6" />
    <property name="basedir" value="/home/elitecore/Project/Partner-CPE_branch/CrestelCPE-MTNICE/Sprint-4/build" />
    <property name="java.class.version" value="50.0" />
    <property name="env.SHLVL" value="2" />
    <property name="env.LD_LIBRARY_PATH" value="/usr/java/jdk1.6.0_38/jre/lib/amd64/server:/usr/java/jdk1.6.0_38/jre/lib/amd64:/usr/java/jdk1.6.0_38/jre/../lib/amd64" />
    <property name="ant.home" value="/home/elitecore/tools/apache-ant-1.9.4" />
    <property name="env.JBOSS_HOME" value="/home/elitecore/Project/servers/jboss-6.1.0.Final-CPE" />
    <property name="dist" value="/home/elitecore/Project/Partner-CPE_branch/CrestelCPE-MTNICE/Sprint-4/build/dist" />
    <property name="info.TODAY" value="March 16 2015" />
    <property name="fullversion" value="/home/elitecore/Project/Partner-CPE_branch/CrestelCPE-MTNICE/Sprint-4/build/fullversion" />
    <property name="template.inventoryfull" value="/home/elitecore/Project/Partner-CPE_branch/CrestelCPE-MTNICE/Sprint-4/build/fullversion/template/CRESTEL-CPE-FullV6.0.4" />
    <property name="sun.boot.library.path" value="/usr/java/jdk1.6.0_38/jre/lib/amd64" />
    <property name="dbfull" value="/home/elitecore/Project/Partner-CPE_branch/CrestelCPE-MTNICE/Sprint-4/build/fullversion/CRESTEL-CPE-DBFullV6.0.4" />
    <property name="bl-module-app-dir" value="/home/elitecore/Project/Partner-CPE_branch/CrestelCPE-MTNICE/Sprint-4/application/inventorybl" />
    <property name="sun.management.compiler" value="HotSpot 64-Bit Tiered Compilers" />
    <property name="java.awt.graphicsenv" value="sun.awt.X11GraphicsEnvironment" />
    <property name="env.USER" value="elitecore" />
    <property name="env.GTK_IM_MODULE" value="gtk-im-context-simple" />
    <property name="env.JRE_HOME" value="/usr/java/jdk1.6.0_38/jre" />
    <property name="info.year-month-day" value="2015-03-16" />
    <property name="env.QT_PLUGIN_PATH" value="/usr/lib64/kde4/plugins:/usr/lib/kde4/plugins" />
    <property name="ant.project.name" value="cpe-build" />
    <property name="java.vm.specification.version" value="1.0" />
    <property name="env.KDE_IS_PRELINKED" value="1" />
    <property name="env.NLSPATH" value="/usr/dt/lib/nls/msg/%L/%N.cat" />
    <property name="sun.cpu.isalist" value="" />
    <property name="rmiclient" value="/home/elitecore/Project/Partner-CPE_branch/CrestelCPE-MTNICE/Sprint-4/build/rmiclient" />
    <property name="inventoryfull" value="/home/elitecore/Project/Partner-CPE_branch/CrestelCPE-MTNICE/Sprint-4/build/fullversion/CRESTEL-CPE-FullV6.0.4" />
    <property name="java.ext.dirs" value="/usr/java/jdk1.6.0_38/jre/lib/ext:/usr/java/packages/lib/ext" />
    <property name="os.version" value="3.7.2-201.fc18.x86_64" />
    <property name="exec-web-module-app-dir" value="/home/elitecore/Project/Partner-CPE_branch/CrestelCPE-MTNICE/Sprint-4/application/inventoryweb" />
    <property name="user.home" value="/home/elitecore" />
    <property name="env.XDG_CURRENT_DESKTOP" value="LXDE" />
    <property name="java.vm.vendor" value="Sun Microsystems Inc." />
    <property name="env.SAL_USE_VCLPLUGIN" value="gtk" />
    <property name="env.JAVA_HOME" value="/usr/java/jdk1.6.0_38" />
    <property name="env.XDG_SESSION_ID" value="2" />
    <property name="env.XAUTHORITY" value="/var/run/gdm/auth-for-elitecore-NPj8GD/database" />
    <property name="user.dir" value="/home/elitecore/Project/Partner-CPE_branch/CrestelCPE-MTNICE/Sprint-4/build" />
    <property name="env.XFILESEARCHPATH" value="/usr/dt/app-defaults/%L/Dt" />
    <property name="env.WINDOWPATH" value="1" />
    <property name="env.MAIL" value="/var/spool/mail/elitecore" />
    <property name="findbug" value="/home/elitecore/Project/Partner-CPE_branch/CrestelCPE-MTNICE/Sprint-4/build/lib/findbug" />
    <property name="db.sid" value="nicedev" />
    <property name="env.PWD" value="/home/elitecore/Project/Partner-CPE_branch/CrestelCPE-MTNICE/Sprint-4/build" />
    <property name="ant.file.type.cpe-build" value="file" />
    <property name="sun.cpu.endian" value="little" />
    <property name="project" value="Crestel CPE" />
    <property name="env.QTLIB" value="/usr/lib64/qt-3.3/lib" />
    <property name="java.vm.version" value="20.13-b02" />
    <property name="java.class.path" value="/home/elitecore/Project/Partner-CPE_branch/CrestelCPE-MTNICE/Sprint-4/build/lib/axis.jar:/home/elitecore/Project/Partner-CPE_branch/CrestelCPE-MTNICE/Sprint-4/build/lib/bsh.jar:/home/elitecore/Project/Partner-CPE_branch/CrestelCPE-MTNICE/Sprint-4/build/lib/com.sun.rowset.jar:/home/elitecore/Project/Partner-CPE_branch/CrestelCPE-MTNICE/Sprint-4/build/lib/commons-net-3.3.jar:/home/elitecore/Project/Partner-CPE_branch/CrestelCPE-MTNICE/Sprint-4/build/lib/doxygen/ant_doxygen.jar:/home/elitecore/Project/Partner-CPE_branch/CrestelCPE-MTNICE/Sprint-4/build/lib/elite-agentframework.jar:/home/elitecore/Project/Partner-CPE_branch/CrestelCPE-MTNICE/Sprint-4/build/lib/findbug/findbugs-ant.jar:/home/elitecore/Project/Partner-CPE_branch/CrestelCPE-MTNICE/Sprint-4/build/lib/findbug/findbugs.jar:/home/elitecore/Project/Partner-CPE_branch/CrestelCPE-MTNICE/Sprint-4/build/lib/findbug/lib/annotations.jar:/home/elitecore/Project/Partner-CPE_branch/CrestelCPE-MTNICE/Sprint-4/build/lib/findbug/lib/ant.jar:/home/elitecore/Project/Partner-CPE_branch/CrestelCPE-MTNICE/Sprint-4/build/lib/findbug/lib/asm-3.3.jar:/home/elitecore/Project/Partner-CPE_branch/CrestelCPE-MTNICE/Sprint-4/build/lib/findbug/lib/asm-analysis-3.3.jar:/home/elitecore/Project/Partner-CPE_branch/CrestelCPE-MTNICE/Sprint-4/build/lib/findbug/lib/asm-commons-3.3.jar:/home/elitecore/Project/Partner-CPE_branch/CrestelCPE-MTNICE/Sprint-4/build/lib/findbug/lib/asm-tree-3.3.jar:/home/elitecore/Project/Partner-CPE_branch/CrestelCPE-MTNICE/Sprint-4/build/lib/findbug/lib/asm-util-3.3.jar:/home/elitecore/Project/Partner-CPE_branch/CrestelCPE-MTNICE/Sprint-4/build/lib/findbug/lib/asm-xml-3.3.jar:/home/elitecore/Project/Partner-CPE_branch/CrestelCPE-MTNICE/Sprint-4/build/lib/findbug/lib/bcel.jar:/home/elitecore/Project/Partner-CPE_branch/CrestelCPE-MTNICE/Sprint-4/build/lib/findbug/lib/commons-lang-2.4.jar:/home/elitecore/Project/Partner-CPE_branch/CrestelCPE-MTNICE/Sprint-4/build/lib/findbug/lib/dom4j-1.6.1.jar:/home/elitecore/Project/Partner-CPE_branch/CrestelCPE-MTNICE/Sprint-4/build/lib/findbug/lib/findbugs-ant.jar:/home/elitecore/Project/Partner-CPE_branch/CrestelCPE-MTNICE/Sprint-4/build/lib/findbug/lib/findbugs.jar:/home/elitecore/Project/Partner-CPE_branch/CrestelCPE-MTNICE/Sprint-4/build/lib/findbug/lib/jFormatString.jar:/home/elitecore/Project/Partner-CPE_branch/CrestelCPE-MTNICE/Sprint-4/build/lib/findbug/lib/jaxen-1.1.1.jar:/home/elitecore/Project/Partner-CPE_branch/CrestelCPE-MTNICE/Sprint-4/build/lib/findbug/lib/jcip-annotations.jar:/home/elitecore/Project/Partner-CPE_branch/CrestelCPE-MTNICE/Sprint-4/build/lib/findbug/lib/jdepend-2.9.jar:/home/elitecore/Project/Partner-CPE_branch/CrestelCPE-MTNICE/Sprint-4/build/lib/findbug/lib/jsr305.jar:/home/elitecore/Project/Partner-CPE_branch/CrestelCPE-MTNICE/Sprint-4/build/lib/findbug/lib/yjp-controller-api-redist.jar:/home/elitecore/Project/Partner-CPE_branch/CrestelCPE-MTNICE/Sprint-4/build/lib/findbug/optionalPlugin/bugCollectionCloud.jar:/home/elitecore/Project/Partner-CPE_branch/CrestelCPE-MTNICE/Sprint-4/build/lib/findbug/optionalPlugin/noUpdateChecks.jar:/home/elitecore/Project/Partner-CPE_branch/CrestelCPE-MTNICE/Sprint-4/build/lib/findbug/optionalPlugin/poweruser.jar:/home/elitecore/Project/Partner-CPE_branch/CrestelCPE-MTNICE/Sprint-4/build/lib/findbug/plugin/findbugsCommunalCloud.jar:/home/elitecore/Project/Partner-CPE_branch/CrestelCPE-MTNICE/Sprint-4/build/lib/findbug/plugin/webCloudClient.jar:/home/elitecore/Project/Partner-CPE_branch/CrestelCPE-MTNICE/Sprint-4/build/lib/fmpp.jar:/home/elitecore/Project/Partner-CPE_branch/CrestelCPE-MTNICE/Sprint-4/build/lib/freemarker.jar:/home/elitecore/Project/Partner-CPE_branch/CrestelCPE-MTNICE/Sprint-4/build/lib/freemarker/freemarker.jar:/home/elitecore/Project/Partner-CPE_branch/CrestelCPE-MTNICE/Sprint-4/build/lib/hibernate-core.jar:/home/elitecore/Project/Partner-CPE_branch/CrestelCPE-MTNICE/Sprint-4/build/lib/javax.persistence.jar:/home/elitecore/Project/Partner-CPE_branch/CrestelCPE-MTNICE/Sprint-4/build/lib/jboss-client/FastInfoset.jar:/home/elitecore/Project/Partner-CPE_branch/CrestelCPE-MTNICE/Sprint-4/build/lib/jboss-client/XmlSchema.jar:/home/elitecore/Project/Partner-CPE_branch/CrestelCPE-MTNICE/Sprint-4/build/lib/jboss-client/activation.jar:/home/elitecore/Project/Partner-CPE_branch/CrestelCPE-MTNICE/Sprint-4/build/lib/jboss-client/antlr.jar:/home/elitecore/Project/Partner-CPE_branch/CrestelCPE-MTNICE/Sprint-4/build/lib/jboss-client/asm.jar:/home/elitecore/Project/Partner-CPE_branch/CrestelCPE-MTNICE/Sprint-4/build/lib/jboss-client/cdi-api.jar:/home/elitecore/Project/Partner-CPE_branch/CrestelCPE-MTNICE/Sprint-4/build/lib/jboss-client/commons-beanutils.jar:/home/elitecore/Project/Partner-CPE_branch/CrestelCPE-MTNICE/Sprint-4/build/lib/jboss-client/commons-collections.jar:/home/elitecore/Project/Partner-CPE_branch/CrestelCPE-MTNICE/Sprint-4/build/lib/jboss-client/commons-lang.jar:/home/elitecore/Project/Partner-CPE_branch/CrestelCPE-MTNICE/Sprint-4/build/lib/jboss-client/commons-logging.jar:/home/elitecore/Project/Partner-CPE_branch/CrestelCPE-MTNICE/Sprint-4/build/lib/jboss-client/concurrent.jar:/home/elitecore/Project/Partner-CPE_branch/CrestelCPE-MTNICE/Sprint-4/build/lib/jboss-client/cxf-api.jar:/home/elitecore/Project/Partner-CPE_branch/CrestelCPE-MTNICE/Sprint-4/build/lib/jboss-client/cxf-common-schemas.jar:/home/elitecore/Project/Partner-CPE_branch/CrestelCPE-MTNICE/Sprint-4/build/lib/jboss-client/cxf-common-utilities.jar:/home/elitecore/Project/Partner-CPE_branch/CrestelCPE-MTNICE/Sprint-4/build/lib/jboss-client/cxf-rt-bindings-coloc.jar:/home/elitecore/Project/Partner-CPE_branch/CrestelCPE-MTNICE/Sprint-4/build/lib/jboss-client/cxf-rt-bindings-http.jar:/home/elitecore/Project/Partner-CPE_branch/CrestelCPE-MTNICE/Sprint-4/build/lib/jboss-client/cxf-rt-bindings-object.jar:/home/elitecore/Project/Partner-CPE_branch/CrestelCPE-MTNICE/Sprint-4/build/lib/jboss-client/cxf-rt-bindings-soap.jar:/home/elitecore/Project/Partner-CPE_branch/CrestelCPE-MTNICE/Sprint-4/build/lib/jboss-client/cxf-rt-bindings-xml.jar:/home/elitecore/Project/Partner-CPE_branch/CrestelCPE-MTNICE/Sprint-4/build/lib/jboss-client/cxf-rt-core.jar:/home/elitecore/Project/Partner-CPE_branch/CrestelCPE-MTNICE/Sprint-4/build/lib/jboss-client/cxf-rt-databinding-aegis.jar:/home/elitecore/Project/Partner-CPE_branch/CrestelCPE-MTNICE/Sprint-4/build/lib/jboss-client/cxf-rt-databinding-jaxb.jar:/home/elitecore/Project/Partner-CPE_branch/CrestelCPE-MTNICE/Sprint-4/build/lib/jboss-client/cxf-rt-frontend-jaxws.jar:/home/elitecore/Project/Partner-CPE_branch/CrestelCPE-MTNICE/Sprint-4/build/lib/jboss-client/cxf-rt-frontend-simple.jar:/home/elitecore/Project/Partner-CPE_branch/CrestelCPE-MTNICE/Sprint-4/build/lib/jboss-client/cxf-rt-management.jar:/home/elitecore/Project/Partner-CPE_branch/CrestelCPE-MTNICE/Sprint-4/build/lib/jboss-client/cxf-rt-transports-http.jar:/home/elitecore/Project/Partner-CPE_branch/CrestelCPE-MTNICE/Sprint-4/build/lib/jboss-client/cxf-rt-transports-jms.jar:/home/elitecore/Project/Partner-CPE_branch/CrestelCPE-MTNICE/Sprint-4/build/lib/jboss-client/cxf-rt-transports-local.jar:/home/elitecore/Project/Partner-CPE_branch/CrestelCPE-MTNICE/Sprint-4/build/lib/jboss-client/cxf-rt-ws-addr.jar:/home/elitecore/Project/Partner-CPE_branch/CrestelCPE-MTNICE/Sprint-4/build/lib/jboss-client/cxf-rt-ws-policy.jar:/home/elitecore/Project/Partner-CPE_branch/CrestelCPE-MTNICE/Sprint-4/build/lib/jboss-client/cxf-rt-ws-rm.jar:/home/elitecore/Project/Partner-CPE_branch/CrestelCPE-MTNICE/Sprint-4/build/lib/jboss-client/cxf-rt-ws-security.jar:/home/elitecore/Project/Partner-CPE_branch/CrestelCPE-MTNICE/Sprint-4/build/lib/jboss-client/cxf-tools-common.jar:/home/elitecore/Project/Partner-CPE_branch/CrestelCPE-MTNICE/Sprint-4/build/lib/jboss-client/cxf-tools-java2ws.jar:/home/elitecore/Project/Partner-CPE_branch/CrestelCPE-MTNICE/Sprint-4/build/lib/jboss-client/cxf-tools-validator.jar:/home/elitecore/Project/Partner-CPE_branch/CrestelCPE-MTNICE/Sprint-4/build/lib/jboss-client/cxf-tools-wsdlto-core.jar:/home/elitecore/Project/Partner-CPE_branch/CrestelCPE-MTNICE/Sprint-4/build/lib/jboss-client/cxf-tools-wsdlto-databinding-jaxb.jar:/home/elitecore/Project/Partner-CPE_branch/CrestelCPE-MTNICE/Sprint-4/build/lib/jboss-client/cxf-tools-wsdlto-frontend-jaxws.jar:/home/elitecore/Project/Partner-CPE_branch/CrestelCPE-MTNICE/Sprint-4/build/lib/jboss-client/cxf-xjc-boolean.jar:/home/elitecore/Project/Partner-CPE_branch/CrestelCPE-MTNICE/Sprint-4/build/lib/jboss-client/cxf-xjc-bug671.jar:/home/elitecore/Project/Partner-CPE_branch/CrestelCPE-MTNICE/Sprint-4/build/lib/jboss-client/cxf-xjc-dv.jar:/home/elitecore/Project/Partner-CPE_branch/CrestelCPE-MTNICE/Sprint-4/build/lib/jboss-client/cxf-xjc-ts.jar:/home/elitecore/Project/Partner-CPE_branch/CrestelCPE-MTNICE/Sprint-4/build/lib/jboss-client/ejb3-persistence.jar:/home/elitecore/Project/Partner-CPE_branch/CrestelCPE-MTNICE/Sprint-4/build/lib/jboss-client/getopt.jar:/home/elitecore/Project/Partner-CPE_branch/CrestelCPE-MTNICE/Sprint-4/build/lib/jboss-client/hibernate-annotations.jar:/home/elitecore/Project/Partner-CPE_branch/CrestelCPE-MTNICE/Sprint-4/build/lib/jboss-client/hibernate-commons-annotations.jar:/home/elitecore/Project/Partner-CPE_branch/CrestelCPE-MTNICE/Sprint-4/build/lib/jboss-client/hibernate-core.jar:/home/elitecore/Project/Partner-CPE_branch/CrestelCPE-MTNICE/Sprint-4/build/lib/jboss-client/hibernate-jpa-2.0-api.jar:/home/elitecore/Project/Partner-CPE_branch/CrestelCPE-MTNICE/Sprint-4/build/lib/jboss-client/hibernate-validator.jar:/home/elitecore/Project/Partner-CPE_branch/CrestelCPE-MTNICE/Sprint-4/build/lib/jboss-client/hornetq-core-client.jar:/home/elitecore/Project/Partner-CPE_branch/CrestelCPE-MTNICE/Sprint-4/build/lib/jboss-client/hornetq-jms-client.jar:/home/elitecore/Project/Partner-CPE_branch/CrestelCPE-MTNICE/Sprint-4/build/lib/jboss-client/jacorb.jar:/home/elitecore/Project/Partner-CPE_branch/CrestelCPE-MTNICE/Sprint-4/build/lib/jboss-client/javassist.jar:/home/elitecore/Project/Partner-CPE_branch/CrestelCPE-MTNICE/Sprint-4/build/lib/jboss-client/javax.inject.jar:/home/elitecore/Project/Partner-CPE_branch/CrestelCPE-MTNICE/Sprint-4/build/lib/jboss-client/jaxb-api.jar:/home/elitecore/Project/Partner-CPE_branch/CrestelCPE-MTNICE/Sprint-4/build/lib/jboss-client/jaxb-impl.jar:/home/elitecore/Project/Partner-CPE_branch/CrestelCPE-MTNICE/Sprint-4/build/lib/jboss-client/jaxb-xjc.jar:/home/elitecore/Project/Partner-CPE_branch/CrestelCPE-MTNICE/Sprint-4/build/lib/jboss-client/jaxws-api.jar:/home/elitecore/Project/Partner-CPE_branch/CrestelCPE-MTNICE/Sprint-4/build/lib/jboss-client/jaxws-httpserver-httpspi.jar:/home/elitecore/Project/Partner-CPE_branch/CrestelCPE-MTNICE/Sprint-4/build/lib/jboss-client/jaxws-rt.jar:/home/elitecore/Project/Partner-CPE_branch/CrestelCPE-MTNICE/Sprint-4/build/lib/jboss-client/jaxws-tools.jar:/home/elitecore/Project/Partner-CPE_branch/CrestelCPE-MTNICE/Sprint-4/build/lib/jboss-client/jboss-annotations-api_1.1_spec.jar:/home/elitecore/Project/Partner-CPE_branch/CrestelCPE-MTNICE/Sprint-4/build/lib/jboss-client/jboss-aop-client.jar:/home/elitecore/Project/Partner-CPE_branch/CrestelCPE-MTNICE/Sprint-4/build/lib/jboss-client/jboss-appclient.jar:/home/elitecore/Project/Partner-CPE_branch/CrestelCPE-MTNICE/Sprint-4/build/lib/jboss-client/jboss-aspect-jdk50-client.jar:/home/elitecore/Project/Partner-CPE_branch/CrestelCPE-MTNICE/Sprint-4/build/lib/jboss-client/jboss-classpool-jbosscl.jar:/home/elitecore/Project/Partner-CPE_branch/CrestelCPE-MTNICE/Sprint-4/build/lib/jboss-client/jboss-classpool-scoped.jar:/home/elitecore/Project/Partner-CPE_branch/CrestelCPE-MTNICE/Sprint-4/build/lib/jboss-client/jboss-classpool.jar:/home/elitecore/Project/Partner-CPE_branch/CrestelCPE-MTNICE/Sprint-4/build/lib/jboss-client/jboss-client.jar:/home/elitecore/Project/Partner-CPE_branch/CrestelCPE-MTNICE/Sprint-4/build/lib/jboss-client/jboss-common-core.jar:/home/elitecore/Project/Partner-CPE_branch/CrestelCPE-MTNICE/Sprint-4/build/lib/jboss-client/jboss-connector-api_1.5_spec.jar:/home/elitecore/Project/Partner-CPE_branch/CrestelCPE-MTNICE/Sprint-4/build/lib/jboss-client/jboss-deployers-client-spi.jar:/home/elitecore/Project/Partner-CPE_branch/CrestelCPE-MTNICE/Sprint-4/build/lib/jboss-client/jboss-deployers-client.jar:/home/elitecore/Project/Partner-CPE_branch/CrestelCPE-MTNICE/Sprint-4/build/lib/jboss-client/jboss-deployers-core-spi.jar:/home/elitecore/Project/Partner-CPE_branch/CrestelCPE-MTNICE/Sprint-4/build/lib/jboss-client/jboss-deployers-core.jar:/home/elitecore/Project/Partner-CPE_branch/CrestelCPE-MTNICE/Sprint-4/build/lib/jboss-client/jboss-deployers-vfs-spi.jar:/home/elitecore/Project/Partner-CPE_branch/CrestelCPE-MTNICE/Sprint-4/build/lib/jboss-client/jboss-deployers-vfs.jar:/home/elitecore/Project/Partner-CPE_branch/CrestelCPE-MTNICE/Sprint-4/build/lib/jboss-client/jboss-deployment.jar:/home/elitecore/Project/Partner-CPE_branch/CrestelCPE-MTNICE/Sprint-4/build/lib/jboss-client/jboss-ejb-api_3.1_spec.jar:/home/elitecore/Project/Partner-CPE_branch/CrestelCPE-MTNICE/Sprint-4/build/lib/jboss-client/jboss-ejb3-async-impl.jar:/home/elitecore/Project/Partner-CPE_branch/CrestelCPE-MTNICE/Sprint-4/build/lib/jboss-client/jboss-ejb3-async-spi.jar:/home/elitecore/Project/Partner-CPE_branch/CrestelCPE-MTNICE/Sprint-4/build/lib/jboss-client/jboss-ejb3-common-client.jar:/home/elitecore/Project/Partner-CPE_branch/CrestelCPE-MTNICE/Sprint-4/build/lib/jboss-client/jboss-ejb3-context-spi.jar:/home/elitecore/Project/Partner-CPE_branch/CrestelCPE-MTNICE/Sprint-4/build/lib/jboss-client/jboss-ejb3-core-client.jar:/home/elitecore/Project/Partner-CPE_branch/CrestelCPE-MTNICE/Sprint-4/build/lib/jboss-client/jboss-ejb3-embedded-standalone.jar:/home/elitecore/Project/Partner-CPE_branch/CrestelCPE-MTNICE/Sprint-4/build/lib/jboss-client/jboss-ejb3-ext-api-impl.jar:/home/elitecore/Project/Partner-CPE_branch/CrestelCPE-MTNICE/Sprint-4/build/lib/jboss-client/jboss-ejb3-ext-api.jar:/home/elitecore/Project/Partner-CPE_branch/CrestelCPE-MTNICE/Sprint-4/build/lib/jboss-client/jboss-ejb3-proxy-clustered-client.jar:/home/elitecore/Project/Partner-CPE_branch/CrestelCPE-MTNICE/Sprint-4/build/lib/jboss-client/jboss-ejb3-proxy-impl-client.jar:/home/elitecore/Project/Partner-CPE_branch/CrestelCPE-MTNICE/Sprint-4/build/lib/jboss-client/jboss-ejb3-proxy-spi-client.jar:/home/elitecore/Project/Partner-CPE_branch/CrestelCPE-MTNICE/Sprint-4/build/lib/jboss-client/jboss-ejb3-security-client.jar:/home/elitecore/Project/Partner-CPE_branch/CrestelCPE-MTNICE/Sprint-4/build/lib/jboss-client/jboss-ejb3-singleton-proxy-impl.jar:/home/elitecore/Project/Partner-CPE_branch/CrestelCPE-MTNICE/Sprint-4/build/lib/jboss-client/jboss-ejb3-vfs-spi.jar:/home/elitecore/Project/Partner-CPE_branch/CrestelCPE-MTNICE/Sprint-4/build/lib/jboss-client/jboss-el-api_2.2_spec.jar:/home/elitecore/Project/Partner-CPE_branch/CrestelCPE-MTNICE/Sprint-4/build/lib/jboss-client/jboss-ha-client.jar:/home/elitecore/Project/Partner-CPE_branch/CrestelCPE-MTNICE/Sprint-4/build/lib/jboss-client/jboss-ha-legacy-client.jar:/home/elitecore/Project/Partner-CPE_branch/CrestelCPE-MTNICE/Sprint-4/build/lib/jboss-client/jboss-iiop-client.jar:/home/elitecore/Project/Partner-CPE_branch/CrestelCPE-MTNICE/Sprint-4/build/lib/jboss-client/jboss-integration.jar:/home/elitecore/Project/Partner-CPE_branch/CrestelCPE-MTNICE/Sprint-4/build/lib/jboss-client/jboss-interceptor-core.jar:/home/elitecore/Project/Partner-CPE_branch/CrestelCPE-MTNICE/Sprint-4/build/lib/jboss-client/jboss-interceptor-spi.jar:/home/elitecore/Project/Partner-CPE_branch/CrestelCPE-MTNICE/Sprint-4/build/lib/jboss-client/jboss-interceptors-api_1.1_spec.jar:/home/elitecore/Project/Partner-CPE_branch/CrestelCPE-MTNICE/Sprint-4/build/lib/jboss-client/jboss-j2se.jar:/home/elitecore/Project/Partner-CPE_branch/CrestelCPE-MTNICE/Sprint-4/build/lib/jboss-client/jboss-jacc-api_1.4_spec.jar:/home/elitecore/Project/Partner-CPE_branch/CrestelCPE-MTNICE/Sprint-4/build/lib/jboss-client/jboss-jad-api_1.2_spec.jar:/home/elitecore/Project/Partner-CPE_branch/CrestelCPE-MTNICE/Sprint-4/build/lib/jboss-client/jboss-jaspi-api.jar:/home/elitecore/Project/Partner-CPE_branch/CrestelCPE-MTNICE/Sprint-4/build/lib/jboss-client/jboss-jaspi-api_1.0_spec.jar:/home/elitecore/Project/Partner-CPE_branch/CrestelCPE-MTNICE/Sprint-4/build/lib/jboss-client/jboss-javaee.jar:/home/elitecore/Project/Partner-CPE_branch/CrestelCPE-MTNICE/Sprint-4/build/lib/jboss-client/jboss-jaxb-api_2.2_spec.jar:/home/elitecore/Project/Partner-CPE_branch/CrestelCPE-MTNICE/Sprint-4/build/lib/jboss-client/jboss-jaxr-api_1.0_spec.jar:/home/elitecore/Project/Partner-CPE_branch/CrestelCPE-MTNICE/Sprint-4/build/lib/jboss-client/jboss-jaxrpc-api_1.1_spec.jar:/home/elitecore/Project/Partner-CPE_branch/CrestelCPE-MTNICE/Sprint-4/build/lib/jboss-client/jboss-jaxws-api_2.2_spec.jar:/home/elitecore/Project/Partner-CPE_branch/CrestelCPE-MTNICE/Sprint-4/build/lib/jboss-client/jboss-jms-api_1.1_spec.jar:/home/elitecore/Project/Partner-CPE_branch/CrestelCPE-MTNICE/Sprint-4/build/lib/jboss-client/jboss-jmx-annotations.jar:/home/elitecore/Project/Partner-CPE_branch/CrestelCPE-MTNICE/Sprint-4/build/lib/jboss-client/jboss-jmx.jar:/home/elitecore/Project/Partner-CPE_branch/CrestelCPE-MTNICE/Sprint-4/build/lib/jboss-client/jboss-jsp-api_2.2_spec.jar:/home/elitecore/Project/Partner-CPE_branch/CrestelCPE-MTNICE/Sprint-4/build/lib/jboss-client/jboss-jsr77-client.jar:/home/elitecore/Project/Partner-CPE_branch/CrestelCPE-MTNICE/Sprint-4/build/lib/jboss-client/jboss-logging-jdk.jar:/home/elitecore/Project/Partner-CPE_branch/CrestelCPE-MTNICE/Sprint-4/build/lib/jboss-client/jboss-logging-log4j.jar:/home/elitecore/Project/Partner-CPE_branch/CrestelCPE-MTNICE/Sprint-4/build/lib/jboss-client/jboss-logging-spi.jar:/home/elitecore/Project/Partner-CPE_branch/CrestelCPE-MTNICE/Sprint-4/build/lib/jboss-client/jboss-logging.jar:/home/elitecore/Project/Partner-CPE_branch/CrestelCPE-MTNICE/Sprint-4/build/lib/jboss-client/jboss-managed.jar:/home/elitecore/Project/Partner-CPE_branch/CrestelCPE-MTNICE/Sprint-4/build/lib/jboss-client/jboss-marshalling-river.jar:/home/elitecore/Project/Partner-CPE_branch/CrestelCPE-MTNICE/Sprint-4/build/lib/jboss-client/jboss-marshalling.jar:/home/elitecore/Project/Partner-CPE_branch/CrestelCPE-MTNICE/Sprint-4/build/lib/jboss-client/jboss-mdr.jar:/home/elitecore/Project/Partner-CPE_branch/CrestelCPE-MTNICE/Sprint-4/build/lib/jboss-client/jboss-messaging-client.jar:/home/elitecore/Project/Partner-CPE_branch/CrestelCPE-MTNICE/Sprint-4/build/lib/jboss-client/jboss-metadata-client.jar:/home/elitecore/Project/Partner-CPE_branch/CrestelCPE-MTNICE/Sprint-4/build/lib/jboss-client/jboss-metadata-common.jar:/home/elitecore/Project/Partner-CPE_branch/CrestelCPE-MTNICE/Sprint-4/build/lib/jboss-client/jboss-metadata-ear.jar:/home/elitecore/Project/Partner-CPE_branch/CrestelCPE-MTNICE/Sprint-4/build/lib/jboss-client/jboss-metadata-ejb.jar:/home/elitecore/Project/Partner-CPE_branch/CrestelCPE-MTNICE/Sprint-4/build/lib/jboss-client/jboss-metadata-rar.jar:/home/elitecore/Project/Partner-CPE_branch/CrestelCPE-MTNICE/Sprint-4/build/lib/jboss-client/jboss-metadata-war.jar:/home/elitecore/Project/Partner-CPE_branch/CrestelCPE-MTNICE/Sprint-4/build/lib/jboss-client/jboss-metadata.jar:/home/elitecore/Project/Partner-CPE_branch/CrestelCPE-MTNICE/Sprint-4/build/lib/jboss-client/jboss-metatype.jar:/home/elitecore/Project/Partner-CPE_branch/CrestelCPE-MTNICE/Sprint-4/build/lib/jboss-client/jboss-profileservice-client.jar:/home/elitecore/Project/Partner-CPE_branch/CrestelCPE-MTNICE/Sprint-4/build/lib/jboss-client/jboss-profileservice-spi.jar:/home/elitecore/Project/Partner-CPE_branch/CrestelCPE-MTNICE/Sprint-4/build/lib/jboss-client/jboss-remoting-3.jar:/home/elitecore/Project/Partner-CPE_branch/CrestelCPE-MTNICE/Sprint-4/build/lib/jboss-client/jboss-remoting.jar:/home/elitecore/Project/Partner-CPE_branch/CrestelCPE-MTNICE/Sprint-4/build/lib/jboss-client/jboss-security-spi.jar:/home/elitecore/Project/Partner-CPE_branch/CrestelCPE-MTNICE/Sprint-4/build/lib/jboss-client/jboss-serialization.jar:/home/elitecore/Project/Partner-CPE_branch/CrestelCPE-MTNICE/Sprint-4/build/lib/jboss-client/jboss-servlet-api_3.0_spec.jar:/home/elitecore/Project/Partner-CPE_branch/CrestelCPE-MTNICE/Sprint-4/build/lib/jboss-client/jboss-srp-client.jar:/home/elitecore/Project/Partner-CPE_branch/CrestelCPE-MTNICE/Sprint-4/build/lib/jboss-client/jboss-system-client.jar:/home/elitecore/Project/Partner-CPE_branch/CrestelCPE-MTNICE/Sprint-4/build/lib/jboss-client/jboss-system-jmx-client.jar:/home/elitecore/Project/Partner-CPE_branch/CrestelCPE-MTNICE/Sprint-4/build/lib/jboss-client/jboss-transaction-api_1.1_spec.jar:/home/elitecore/Project/Partner-CPE_branch/CrestelCPE-MTNICE/Sprint-4/build/lib/jboss-client/jboss-xml-binding.jar:/home/elitecore/Project/Partner-CPE_branch/CrestelCPE-MTNICE/Sprint-4/build/lib/jboss-client/jbossall-client.jar:/home/elitecore/Project/Partner-CPE_branch/CrestelCPE-MTNICE/Sprint-4/build/lib/jboss-client/jbosscx-client.jar:/home/elitecore/Project/Partner-CPE_branch/CrestelCPE-MTNICE/Sprint-4/build/lib/jboss-client/jbossjmx-ant.jar:/home/elitecore/Project/Partner-CPE_branch/CrestelCPE-MTNICE/Sprint-4/build/lib/jboss-client/jbossjts-integration.jar:/home/elitecore/Project/Partner-CPE_branch/CrestelCPE-MTNICE/Sprint-4/build/lib/jboss-client/jbossjts-jacorb.jar:/home/elitecore/Project/Partner-CPE_branch/CrestelCPE-MTNICE/Sprint-4/build/lib/jboss-client/jbossjts.jar:/home/elitecore/Project/Partner-CPE_branch/CrestelCPE-MTNICE/Sprint-4/build/lib/jboss-client/jbosssx-as-client.jar:/home/elitecore/Project/Partner-CPE_branch/CrestelCPE-MTNICE/Sprint-4/build/lib/jboss-client/jbosssx-client.jar:/home/elitecore/Project/Partner-CPE_branch/CrestelCPE-MTNICE/Sprint-4/build/lib/jboss-client/jbossws-common.jar:/home/elitecore/Project/Partner-CPE_branch/CrestelCPE-MTNICE/Sprint-4/build/lib/jboss-client/jbossws-cxf-client.jar:/home/elitecore/Project/Partner-CPE_branch/CrestelCPE-MTNICE/Sprint-4/build/lib/jboss-client/jbossws-cxf-transports-httpserver.jar:/home/elitecore/Project/Partner-CPE_branch/CrestelCPE-MTNICE/Sprint-4/build/lib/jboss-client/jbossws-framework.jar:/home/elitecore/Project/Partner-CPE_branch/CrestelCPE-MTNICE/Sprint-4/build/lib/jboss-client/jbossws-jboss50.jar:/home/elitecore/Project/Partner-CPE_branch/CrestelCPE-MTNICE/Sprint-4/build/lib/jboss-client/jbossws-native-client.jar:/home/elitecore/Project/Partner-CPE_branch/CrestelCPE-MTNICE/Sprint-4/build/lib/jboss-client/jbossws-native-core.jar:/home/elitecore/Project/Partner-CPE_branch/CrestelCPE-MTNICE/Sprint-4/build/lib/jboss-client/jbossws-native-factories.jar:/home/elitecore/Project/Partner-CPE_branch/CrestelCPE-MTNICE/Sprint-4/build/lib/jboss-client/jbossws-spi.jar:/home/elitecore/Project/Partner-CPE_branch/CrestelCPE-MTNICE/Sprint-4/build/lib/jboss-client/jbossxb.jar:/home/elitecore/Project/Partner-CPE_branch/CrestelCPE-MTNICE/Sprint-4/build/lib/jboss-client/jcl-over-slf4j.jar:/home/elitecore/Project/Partner-CPE_branch/CrestelCPE-MTNICE/Sprint-4/build/lib/jboss-client/jettison.jar:/home/elitecore/Project/Partner-CPE_branch/CrestelCPE-MTNICE/Sprint-4/build/lib/jboss-client/jmx-client.jar:/home/elitecore/Project/Partner-CPE_branch/CrestelCPE-MTNICE/Sprint-4/build/lib/jboss-client/jmx-invoker-adaptor-client.jar:/home/elitecore/Project/Partner-CPE_branch/CrestelCPE-MTNICE/Sprint-4/build/lib/jboss-client/jnp-client.jar:/home/elitecore/Project/Partner-CPE_branch/CrestelCPE-MTNICE/Sprint-4/build/lib/jboss-client/jsr181-api.jar:/home/elitecore/Project/Partner-CPE_branch/CrestelCPE-MTNICE/Sprint-4/build/lib/jboss-client/log4j.jar:/home/elitecore/Project/Partner-CPE_branch/CrestelCPE-MTNICE/Sprint-4/build/lib/jboss-client/logkit.jar:/home/elitecore/Project/Partner-CPE_branch/CrestelCPE-MTNICE/Sprint-4/build/lib/jboss-client/mail.jar:/home/elitecore/Project/Partner-CPE_branch/CrestelCPE-MTNICE/Sprint-4/build/lib/jboss-client/neethi.jar:/home/elitecore/Project/Partner-CPE_branch/CrestelCPE-MTNICE/Sprint-4/build/lib/jboss-client/netty.jar:/home/elitecore/Project/Partner-CPE_branch/CrestelCPE-MTNICE/Sprint-4/build/lib/jboss-client/policy.jar:/home/elitecore/Project/Partner-CPE_branch/CrestelCPE-MTNICE/Sprint-4/build/lib/jboss-client/saaj-api.jar:/home/elitecore/Project/Partner-CPE_branch/CrestelCPE-MTNICE/Sprint-4/build/lib/jboss-client/scout.jar:/home/elitecore/Project/Partner-CPE_branch/CrestelCPE-MTNICE/Sprint-4/build/lib/jboss-client/serializer.jar:/home/elitecore/Project/Partner-CPE_branch/CrestelCPE-MTNICE/Sprint-4/build/lib/jboss-client/slf4j-api.jar:/home/elitecore/Project/Partner-CPE_branch/CrestelCPE-MTNICE/Sprint-4/build/lib/jboss-client/slf4j-jboss-logging.jar:/home/elitecore/Project/Partner-CPE_branch/CrestelCPE-MTNICE/Sprint-4/build/lib/jboss-client/stax-api.jar:/home/elitecore/Project/Partner-CPE_branch/CrestelCPE-MTNICE/Sprint-4/build/lib/jboss-client/stax-ex.jar:/home/elitecore/Project/Partner-CPE_branch/CrestelCPE-MTNICE/Sprint-4/build/lib/jboss-client/streambuffer.jar:/home/elitecore/Project/Partner-CPE_branch/CrestelCPE-MTNICE/Sprint-4/build/lib/jboss-client/trove.jar:/home/elitecore/Project/Partner-CPE_branch/CrestelCPE-MTNICE/Sprint-4/build/lib/jboss-client/validation-api.jar:/home/elitecore/Project/Partner-CPE_branch/CrestelCPE-MTNICE/Sprint-4/build/lib/jboss-client/velocity.jar:/home/elitecore/Project/Partner-CPE_branch/CrestelCPE-MTNICE/Sprint-4/build/lib/jboss-client/weld-api.jar:/home/elitecore/Project/Partner-CPE_branch/CrestelCPE-MTNICE/Sprint-4/build/lib/jboss-client/wsdl4j.jar:/home/elitecore/Project/Partner-CPE_branch/CrestelCPE-MTNICE/Sprint-4/build/lib/jboss-client/wss4j.jar:/home/elitecore/Project/Partner-CPE_branch/CrestelCPE-MTNICE/Sprint-4/build/lib/jboss-client/wstx-lgpl.jar:/home/elitecore/Project/Partner-CPE_branch/CrestelCPE-MTNICE/Sprint-4/build/lib/jboss-client/wstx.jar:/home/elitecore/Project/Partner-CPE_branch/CrestelCPE-MTNICE/Sprint-4/build/lib/jboss-client/xalan.jar:/home/elitecore/Project/Partner-CPE_branch/CrestelCPE-MTNICE/Sprint-4/build/lib/jboss-client/xercesImpl.jar:/home/elitecore/Project/Partner-CPE_branch/CrestelCPE-MTNICE/Sprint-4/build/lib/jboss-client/xml-resolver.jar:/home/elitecore/Project/Partner-CPE_branch/CrestelCPE-MTNICE/Sprint-4/build/lib/jboss-client/xmlsec.jar:/home/elitecore/Project/Partner-CPE_branch/CrestelCPE-MTNICE/Sprint-4/build/lib/jdbc/mysql-connector-java-5.1.22-bin.jar:/home/elitecore/Project/Partner-CPE_branch/CrestelCPE-MTNICE/Sprint-4/build/lib/jdbc/oc4jclient.jar:/home/elitecore/Project/Partner-CPE_branch/CrestelCPE-MTNICE/Sprint-4/build/lib/jdbc/ojdbc14.jar:/home/elitecore/Project/Partner-CPE_branch/CrestelCPE-MTNICE/Sprint-4/build/lib/jdbc/oracle9i.jar:/home/elitecore/Project/Partner-CPE_branch/CrestelCPE-MTNICE/Sprint-4/build/lib/jee/ejb3-persistence.jar:/home/elitecore/Project/Partner-CPE_branch/CrestelCPE-MTNICE/Sprint-4/build/lib/jee/javax.persistence.jar:/home/elitecore/Project/Partner-CPE_branch/CrestelCPE-MTNICE/Sprint-4/build/lib/jee/jboss-javaee.jar:/home/elitecore/Project/Partner-CPE_branch/CrestelCPE-MTNICE/Sprint-4/build/lib/jee/servlet-api.jar:/home/elitecore/Project/Partner-CPE_branch/CrestelCPE-MTNICE/Sprint-4/build/lib/junit/junit-4.11.jar:/home/elitecore/Project/Partner-CPE_branch/CrestelCPE-MTNICE/Sprint-4/build/lib/nes-client.jar:/home/elitecore/Project/Partner-CPE_branch/CrestelCPE-MTNICE/Sprint-4/build/lib/oro.jar:/home/elitecore/Project/Partner-CPE_branch/CrestelCPE-MTNICE/Sprint-4/build/lib/other/jgraphx.jar:/home/elitecore/Project/Partner-CPE_branch/CrestelCPE-MTNICE/Sprint-4/build/lib/other/xalan-2.7.0.jar:/home/elitecore/Project/Partner-CPE_branch/CrestelCPE-MTNICE/Sprint-4/build/lib/schemaspy/schemaSpy_5.0.0.jar:/home/elitecore/Project/Partner-CPE_branch/CrestelCPE-MTNICE/Sprint-4/build/lib/svn/commons-net-3.0.1.jar:/home/elitecore/Project/Partner-CPE_branch/CrestelCPE-MTNICE/Sprint-4/build/lib/svn/ganymed.jar:/home/elitecore/Project/Partner-CPE_branch/CrestelCPE-MTNICE/Sprint-4/build/lib/svn/javasvn.jar:/home/elitecore/Project/Partner-CPE_branch/CrestelCPE-MTNICE/Sprint-4/build/lib/svn/svnClientAdapter.jar:/home/elitecore/Project/Partner-CPE_branch/CrestelCPE-MTNICE/Sprint-4/build/lib/svn/svnant.jar:/home/elitecore/Project/Partner-CPE_branch/CrestelCPE-MTNICE/Sprint-4/build/lib/svn/svnjavahl.jar:/home/elitecore/Project/Partner-CPE_branch/CrestelCPE-MTNICE/Sprint-4/build/lib/umlgraph/UmlGraph-5.6.jar:/home/elitecore/Project/Partner-CPE_branch/CrestelCPE-MTNICE/Sprint-4/build/build/inventorybl:/home/elitecore/jakarta-tomcat-5.0.28/common/lib/servlet-api.jar:/home/elitecore/tools/apache-ant-1.9.4/lib/ant-launcher.jar:/home/elitecore/tools/apache-ant-1.9.4/lib/ant.jar:/home/elitecore/tools/apache-ant-1.9.4/lib/ant-junit.jar:/home/elitecore/tools/apache-ant-1.9.4/lib/ant-junit4.jar" />
    <property name="fullversion.tempalate" value="/home/elitecore/Project/Partner-CPE_branch/CrestelCPE-MTNICE/Sprint-4/build/fullversion/template" />
    <property name="doc" value="/home/elitecore/Project/Partner-CPE_branch/CrestelCPE-MTNICE/Sprint-4/build/doc" />
    <property name="ant.library.dir" value="/home/elitecore/tools/apache-ant-1.9.4/lib" />
    <property name="env.QTDIR" value="/usr/lib64/qt-3.3" />
    <property name="os.arch" value="amd64" />
    <property name="env.QT_GRAPHICSSYSTEM_CHECKED" value="1" />
    <property name="sun.java.launcher" value="SUN_STANDARD" />
    <property name="env.IMSETTINGS_INTEGRATE_DESKTOP" value="yes" />
    <property name="ant.core.lib" value="/home/elitecore/tools/apache-ant-1.9.4/lib/ant.jar" />
    <property name="java.vm.specification.vendor" value="Sun Microsystems Inc." />
    <property name="template.dbfull" value="/home/elitecore/Project/Partner-CPE_branch/CrestelCPE-MTNICE/Sprint-4/build/fullversion/template/CRESTEL-CPE-DBFullV6.0.4" />
    <property name="env.KRB5CCNAME" value="DIR:/run/user/1001/krb5cc_dcdd5f0ab065115f08d0e5ff550661e0" />
    <property name="file.separator" value="/" />
    <property name="env.CCACHE_HASHDIR" value="" />
    <property name="java.runtime.version" value="1.6.0_38-b05" />
    <property name="sun.boot.class.path" value="/usr/java/jdk1.6.0_38/jre/lib/resources.jar:/usr/java/jdk1.6.0_38/jre/lib/rt.jar:/usr/java/jdk1.6.0_38/jre/lib/sunrsasign.jar:/usr/java/jdk1.6.0_38/jre/lib/jsse.jar:/usr/java/jdk1.6.0_38/jre/lib/jce.jar:/usr/java/jdk1.6.0_38/jre/lib/charsets.jar:/usr/java/jdk1.6.0_38/jre/lib/modules/jdk.boot.jar:/usr/java/jdk1.6.0_38/jre/classes" />
    <property name="env.SSH_AUTH_SOCK" value="/tmp/ssh-ODoVXtkFHNha/agent.2001" />
    <property name="db.password" value="CRESTELCPE" />
    <property name="env.XDG_RUNTIME_DIR" value="/run/user/1001" />
    <property name="release" value="/home/elitecore/Project/Partner-CPE_branch/CrestelCPE-MTNICE/Sprint-4/build/release" />
    <property name="env.QTINC" value="/usr/lib64/qt-3.3/include" />
    <property name="user.country" value="US" />
    <property name="env.ANT_HOME" value="/home/elitecore/tools/apache-ant-1.9.4" />
    <property name="env.SHELL" value="/bin/bash" />
    <property name="exec-web-module-build-dir" value="/home/elitecore/Project/Partner-CPE_branch/CrestelCPE-MTNICE/Sprint-4/build/build/inventoryweb" />
    <property name="appdir" value="/home/elitecore/Project/Partner-CPE_branch/CrestelCPE-MTNICE/Sprint-4/application" />
    <property name="java.vendor" value="Sun Microsystems Inc." />
    <property name="env.IMSETTINGS_MODULE" value="none" />
    <property name="env.CATALINA_HOME" value="/home/elitecore/Project/servers/apache-tomcat-6.0.37" />
    <property name="java.specification.version" value="1.6" />
    <property name="sun.arch.data.model" value="64" />
  </properties>
  <testcase classname="com.elitecore.test.inventorymgt.InventoryTestCase" name="testInventorySearch" time="3.662" />
  <testcase classname="com.elitecore.test.inventorymgt.InventoryTestCase" name="testInventoryBatchSearch" time="0.083" />
  <testcase classname="com.elitecore.test.inventorymgt.InventoryTestCase" name="testBaseTestCase" time="0.037" />
  <system-out><![CDATA[Load from properties file.
************* inside lookup - start *****************
************* inside lookup - start *****************
InventoryDetailVO [wareHouseName=DemoTest, warehouseId=323, batchId=BTC04554, inventoryId=INV00yu0001, status=Scrapped, distributorNumber=null, customerRefNumber=null, orderNumber=null, attribute={Serial Number=48-44-47-50gf}, transferStatus=WAITING, remark=null, resourceType=DemoTest, resourceSubType=DemoTest, createdby=Admin Admin, updatedby=Admin Admin, createDate=2014-12-11 11:39:50.0, updatedDate=2015-02-05 12:25:49.0,subStatus=null]
InventoryDetailVO [wareHouseName=DemoTest, warehouseId=323, batchId=BTC04554, inventoryId=INV0uy00002, status=Allocated, distributorNumber=null, customerRefNumber=null, orderNumber=null, attribute={Serial Number=48-44-4f7-50}, transferStatus=WAITING, remark=null, resourceType=DemoTest, resourceSubType=DemoTest, createdby=Admin Admin, updatedby=Admin Admin, createDate=2014-12-11 11:39:50.0, updatedDate=2014-12-11 11:41:48.0,subStatus=null]
InventoryDetailVO [wareHouseName=DemoTest, warehouseId=323, batchId=BTC04554, inventoryId=INV000h003, status=Allocated, distributorNumber=null, customerRefNumber=null, orderNumber=null, attribute={Serial Number=48-gf44-47-50}, transferStatus=WAITING, remark=null, resourceType=DemoTest, resourceSubType=DemoTest, createdby=Admin Admin, updatedby=Admin Admin, createDate=2014-12-11 11:39:50.0, updatedDate=2014-12-31 11:09:18.0,subStatus=null]
InventoryDetailVO [wareHouseName=Central, warehouseId=21, batchId=BTC04554, inventoryId=INV000j004, status=Allocated, distributorNumber=null, customerRefNumber=null, orderNumber=null, attribute={Serial Number=48bhg-44-47-50}, transferStatus=WAITING, remark=null, resourceType=DemoTest, resourceSubType=DemoTest, createdby=Admin Admin, updatedby=Admin Admin, createDate=2014-12-11 11:39:50.0, updatedDate=2015-01-29 18:01:12.0,subStatus=null]
InventoryDetailVO [wareHouseName=WH Test, warehouseId=441, batchId=BTC04554, inventoryId=INV00kj0005, status=Faulty, distributorNumber=null, customerRefNumber=null, orderNumber=null, attribute={Serial Number=48gh-44-47-50}, transferStatus=null, remark=null, resourceType=DemoTest, resourceSubType=DemoTest, createdby=Admin Admin, updatedby=Admin Admin, createDate=2014-12-11 11:39:50.0, updatedDate=2015-03-05 10:20:59.0,subStatus=New]
InventoryDetailVO [wareHouseName=Central, warehouseId=21, batchId=BT0000077, inventoryId=INV00yu00011, status=Faulty, distributorNumber=null, customerRefNumber=null, orderNumber=null, attribute={Serial Number=48-44-47-50gf}, transferStatus=null, remark=null, resourceType=DemoTest, resourceSubType=DemoTest, createdby=Admin Admin, updatedby=Admin Admin, createDate=2014-12-16 17:49:56.0, updatedDate=2015-02-16 10:29:57.0,subStatus=Stand-By]
InventoryDetailVO [wareHouseName=Central, warehouseId=21, batchId=BT0000077, inventoryId=INV0uy000021, status=Scrapped, distributorNumber=null, customerRefNumber=null, orderNumber=null, attribute={Serial Number=48-44-4f7-50}, transferStatus=null, remark=null, resourceType=DemoTest, resourceSubType=DemoTest, createdby=Admin Admin, updatedby=Admin Admin, createDate=2014-12-16 17:49:56.0, updatedDate=2015-02-16 10:31:06.0,subStatus=Stand-By]
InventoryDetailVO [wareHouseName=Central, warehouseId=21, batchId=BT0000077, inventoryId=INV000h0031, status=Faulty, distributorNumber=null, customerRefNumber=null, orderNumber=null, attribute={Serial Number=48-gf44-47-50}, transferStatus=null, remark=null, resourceType=DemoTest, resourceSubType=DemoTest, createdby=Admin Admin, updatedby=-, createDate=2014-12-16 17:49:56.0, updatedDate=null,subStatus=null]
InventoryDetailVO [wareHouseName=Central, warehouseId=21, batchId=BT0000077, inventoryId=INV000j0041, status=Faulty, distributorNumber=null, customerRefNumber=null, orderNumber=null, attribute={Serial Number=48bhg-44-47-50}, transferStatus=null, remark=null, resourceType=DemoTest, resourceSubType=DemoTest, createdby=Admin Admin, updatedby=Admin Admin, createDate=2014-12-16 17:49:56.0, updatedDate=2015-02-16 16:28:57.0,subStatus=Returned]
InventoryDetailVO [wareHouseName=Central, warehouseId=21, batchId=BT0000077, inventoryId=INV00kj00051, status=Faulty, distributorNumber=null, customerRefNumber=null, orderNumber=null, attribute={Serial Number=48gh-44-47-50}, transferStatus=null, remark=null, resourceType=DemoTest, resourceSubType=DemoTest, createdby=Admin Admin, updatedby=Admin Admin, createDate=2014-12-16 17:49:56.0, updatedDate=2015-02-16 11:27:53.0,subStatus=Accepted]
InventoryDetailVO [wareHouseName=Central, warehouseId=21, batchId=BT0000079, inventoryId=INV00yu00012, status=Faulty, distributorNumber=null, customerRefNumber=null, orderNumber=null, attribute={Serial Number=48-44-47-50gf}, transferStatus=null, remark=null, resourceType=DemoTest, resourceSubType=DemoTest, createdby=Admin Admin, updatedby=-, createDate=2014-12-17 19:05:13.0, updatedDate=null,subStatus=null]
InventoryDetailVO [wareHouseName=Central, warehouseId=21, batchId=BT0000079, inventoryId=INV0uy000022, status=Faulty, distributorNumber=null, customerRefNumber=null, orderNumber=null, attribute={Serial Number=48-44-4f7-50}, transferStatus=null, remark=null, resourceType=DemoTest, resourceSubType=DemoTest, createdby=Admin Admin, updatedby=-, createDate=2014-12-17 19:05:13.0, updatedDate=null,subStatus=null]
InventoryDetailVO [wareHouseName=Central, warehouseId=21, batchId=BT0000079, inventoryId=INV000h0032, status=Faulty, distributorNumber=null, customerRefNumber=null, orderNumber=null, attribute={Serial Number=48-gf44-47-50}, transferStatus=null, remark=null, resourceType=DemoTest, resourceSubType=DemoTest, createdby=Admin Admin, updatedby=Admin Admin, createDate=2014-12-17 19:05:13.0, updatedDate=2015-02-16 12:21:35.0,subStatus=New]
InventoryDetailVO [wareHouseName=Central, warehouseId=21, batchId=BT0000079, inventoryId=INV000j0042, status=Faulty, distributorNumber=null, customerRefNumber=null, orderNumber=null, attribute={Serial Number=48bhg-44-47-50}, transferStatus=null, remark=null, resourceType=DemoTest, resourceSubType=DemoTest, createdby=Admin Admin, updatedby=-, createDate=2014-12-17 19:05:13.0, updatedDate=null,subStatus=null]
InventoryDetailVO [wareHouseName=Central, warehouseId=21, batchId=BT0000079, inventoryId=INV00kj00052, status=Faulty, distributorNumber=null, customerRefNumber=null, orderNumber=null, attribute={Serial Number=48gh-44-47-50}, transferStatus=null, remark=null, resourceType=DemoTest, resourceSubType=DemoTest, createdby=Admin Admin, updatedby=-, createDate=2014-12-17 19:05:13.0, updatedDate=null,subStatus=null]
InventoryDetailVO [wareHouseName=Central, warehouseId=21, batchId=BT0000080, inventoryId=INV00yu00013, status=Faulty, distributorNumber=null, customerRefNumber=null, orderNumber=null, attribute={Serial Number=48-44-47-50gf}, transferStatus=WAITING, remark=null, resourceType=DemoTest, resourceSubType=DemoTest, createdby=Admin Admin, updatedby=-, createDate=2014-12-18 10:39:55.0, updatedDate=null,subStatus=null]
InventoryDetailVO [wareHouseName=Central, warehouseId=21, batchId=BT0000080, inventoryId=INV0uy000023, status=Faulty, distributorNumber=null, customerRefNumber=null, orderNumber=null, attribute={Serial Number=48-44-4f7-50}, transferStatus=null, remark=null, resourceType=DemoTest, resourceSubType=DemoTest, createdby=Admin Admin, updatedby=-, createDate=2014-12-18 10:39:55.0, updatedDate=null,subStatus=null]
InventoryDetailVO [wareHouseName=Central, warehouseId=21, batchId=BT0000080, inventoryId=INV000h0033, status=Faulty, distributorNumber=null, customerRefNumber=null, orderNumber=null, attribute={Serial Number=48-gf44-47-50}, transferStatus=null, remark=null, resourceType=DemoTest, resourceSubType=DemoTest, createdby=Admin Admin, updatedby=-, createDate=2014-12-18 10:39:55.0, updatedDate=null,subStatus=null]
InventoryDetailVO [wareHouseName=Central, warehouseId=21, batchId=BT0000080, inventoryId=INV000j0043, status=Faulty, distributorNumber=null, customerRefNumber=null, orderNumber=null, attribute={Serial Number=48bhg-44-47-50}, transferStatus=null, remark=null, resourceType=DemoTest, resourceSubType=DemoTest, createdby=Admin Admin, updatedby=Admin Admin, createDate=2014-12-18 10:39:55.0, updatedDate=2015-02-16 12:19:35.0,subStatus=Stand-By]
InventoryDetailVO [wareHouseName=Central, warehouseId=21, batchId=BT0000082, inventoryId=INVMIG0, status=Faulty, distributorNumber=null, customerRefNumber=null, orderNumber=null, attribute={Serial Number=48-44-47-500}, transferStatus=null, remark=null, resourceType=DemoTest, resourceSubType=DemoTest, createdby=Admin Admin, updatedby=Admin Admin, createDate=2014-12-18 17:19:59.0, updatedDate=2015-02-16 10:33:17.0,subStatus=Stand-By]
InventoryDetailVO [wareHouseName=Central, warehouseId=21, batchId=BT0000082, inventoryId=INVMIG1, status=Faulty, distributorNumber=null, customerRefNumber=null, orderNumber=null, attribute={Serial Number=48-44-47-501}, transferStatus=null, remark=null, resourceType=DemoTest, resourceSubType=DemoTest, createdby=Admin Admin, updatedby=Admin Admin, createDate=2014-12-18 17:19:59.0, updatedDate=2015-02-16 12:56:02.0,subStatus=Accepted]
InventoryDetailVO [wareHouseName=Central, warehouseId=21, batchId=BT0000082, inventoryId=INVMIG2, status=Faulty, distributorNumber=null, customerRefNumber=null, orderNumber=null, attribute={Serial Number=48-44-47-502}, transferStatus=null, remark=null, resourceType=DemoTest, resourceSubType=DemoTest, createdby=Admin Admin, updatedby=-, createDate=2014-12-18 17:19:59.0, updatedDate=null,subStatus=null]
InventoryDetailVO [wareHouseName=Central, warehouseId=21, batchId=BT0000082, inventoryId=INVMIG3, status=Faulty, distributorNumber=null, customerRefNumber=null, orderNumber=null, attribute={Serial Number=48-44-47-503}, transferStatus=null, remark=null, resourceType=DemoTest, resourceSubType=DemoTest, createdby=Admin Admin, updatedby=-, createDate=2014-12-18 17:19:59.0, updatedDate=null,subStatus=null]
InventoryDetailVO [wareHouseName=Central, warehouseId=21, batchId=BT0000082, inventoryId=INVMIG4, status=Faulty, distributorNumber=null, customerRefNumber=null, orderNumber=null, attribute={Serial Number=48-44-47-504}, transferStatus=null, remark=null, resourceType=DemoTest, resourceSubType=DemoTest, createdby=Admin Admin, updatedby=-, createDate=2014-12-18 17:19:59.0, updatedDate=null,subStatus=null]
InventoryDetailVO [wareHouseName=Central, warehouseId=21, batchId=BT0000082, inventoryId=INVMIG5, status=Faulty, distributorNumber=null, customerRefNumber=null, orderNumber=null, attribute={Serial Number=48-44-47-505}, transferStatus=null, remark=null, resourceType=DemoTest, resourceSubType=DemoTest, createdby=Admin Admin, updatedby=-, createDate=2014-12-18 17:19:59.0, updatedDate=null,subStatus=null]
InventoryDetailVO [wareHouseName=Central, warehouseId=21, batchId=BT0000082, inventoryId=INVMIG6, status=Faulty, distributorNumber=null, customerRefNumber=null, orderNumber=null, attribute={Serial Number=48-44-47-506}, transferStatus=null, remark=null, resourceType=DemoTest, resourceSubType=DemoTest, createdby=Admin Admin, updatedby=-, createDate=2014-12-18 17:19:59.0, updatedDate=null,subStatus=null]
InventoryDetailVO [wareHouseName=Central, warehouseId=21, batchId=BT0000082, inventoryId=INVMIG7, status=Retired, distributorNumber=null, customerRefNumber=null, orderNumber=null, attribute={Serial Number=48-44-47-507}, transferStatus=null, remark=null, resourceType=DemoTest, resourceSubType=DemoTest, createdby=Admin Admin, updatedby=Admin Admin, createDate=2014-12-18 17:19:59.0, updatedDate=2015-02-17 14:14:31.0,subStatus=New]
InventoryDetailVO [wareHouseName=Central, warehouseId=21, batchId=BT0000082, inventoryId=INVMIG8, status=Faulty, distributorNumber=null, customerRefNumber=null, orderNumber=null, attribute={Serial Number=48-44-47-508}, transferStatus=null, remark=null, resourceType=DemoTest, resourceSubType=DemoTest, createdby=Admin Admin, updatedby=-, createDate=2014-12-18 17:19:59.0, updatedDate=null,subStatus=null]
InventoryDetailVO [wareHouseName=Central, warehouseId=21, batchId=BT0000082, inventoryId=INVMIG9, status=Faulty, distributorNumber=null, customerRefNumber=null, orderNumber=null, attribute={Serial Number=48-44-47-509}, transferStatus=null, remark=null, resourceType=DemoTest, resourceSubType=DemoTest, createdby=Admin Admin, updatedby=-, createDate=2014-12-18 17:19:59.0, updatedDate=null,subStatus=null]
InventoryDetailVO [wareHouseName=Central, warehouseId=21, batchId=BT0000088, inventoryId=INVMIG10, status=Repaired, distributorNumber=null, customerRefNumber=null, orderNumber=null, attribute={Serial Number=48-44-47-500}, transferStatus=null, remark=null, resourceType=DemoTest, resourceSubType=DemoTest, createdby=Admin Admin, updatedby=Admin Admin, createDate=2014-12-18 17:34:52.0, updatedDate=2015-02-17 14:17:16.0,subStatus=New]
InventoryDetailVO [wareHouseName=Central, warehouseId=21, batchId=BT0000088, inventoryId=INVMIG11, status=Faulty, distributorNumber=null, customerRefNumber=null, orderNumber=null, attribute={Serial Number=48-44-47-501}, transferStatus=null, remark=null, resourceType=DemoTest, resourceSubType=DemoTest, createdby=Admin Admin, updatedby=-, createDate=2014-12-18 17:34:52.0, updatedDate=null,subStatus=null]
InventoryDetailVO [wareHouseName=Central, warehouseId=21, batchId=BT0000088, inventoryId=INVMIG12, status=Faulty, distributorNumber=null, customerRefNumber=null, orderNumber=null, attribute={Serial Number=48-44-47-502}, transferStatus=null, remark=null, resourceType=DemoTest, resourceSubType=DemoTest, createdby=Admin Admin, updatedby=-, createDate=2014-12-18 17:34:52.0, updatedDate=null,subStatus=null]
InventoryDetailVO [wareHouseName=Central, warehouseId=21, batchId=BT0000088, inventoryId=INVMIG13, status=Faulty, distributorNumber=null, customerRefNumber=null, orderNumber=null, attribute={Serial Number=48-44-47-503}, transferStatus=null, remark=null, resourceType=DemoTest, resourceSubType=DemoTest, createdby=Admin Admin, updatedby=-, createDate=2014-12-18 17:34:52.0, updatedDate=null,subStatus=null]
InventoryDetailVO [wareHouseName=Central, warehouseId=21, batchId=BT0000088, inventoryId=INVMIG14, status=Faulty, distributorNumber=null, customerRefNumber=null, orderNumber=null, attribute={Serial Number=48-44-47-504}, transferStatus=null, remark=null, resourceType=DemoTest, resourceSubType=DemoTest, createdby=Admin Admin, updatedby=-, createDate=2014-12-18 17:34:52.0, updatedDate=null,subStatus=null]
InventoryDetailVO [wareHouseName=Central, warehouseId=21, batchId=BT0000088, inventoryId=INVMIG15, status=Faulty, distributorNumber=null, customerRefNumber=null, orderNumber=null, attribute={Serial Number=48-44-47-505}, transferStatus=null, remark=null, resourceType=DemoTest, resourceSubType=DemoTest, createdby=Admin Admin, updatedby=-, createDate=2014-12-18 17:34:52.0, updatedDate=null,subStatus=null]
InventoryDetailVO [wareHouseName=Central, warehouseId=21, batchId=BT0000088, inventoryId=INVMIG16, status=Faulty, distributorNumber=null, customerRefNumber=null, orderNumber=null, attribute={Serial Number=48-44-47-506}, transferStatus=null, remark=null, resourceType=DemoTest, resourceSubType=DemoTest, createdby=Admin Admin, updatedby=-, createDate=2014-12-18 17:34:52.0, updatedDate=null,subStatus=null]
InventoryDetailVO [wareHouseName=Central, warehouseId=21, batchId=BT0000088, inventoryId=INVMIG17, status=Faulty, distributorNumber=null, customerRefNumber=null, orderNumber=null, attribute={Serial Number=48-44-47-507}, transferStatus=null, remark=null, resourceType=DemoTest, resourceSubType=DemoTest, createdby=Admin Admin, updatedby=-, createDate=2014-12-18 17:34:52.0, updatedDate=null,subStatus=null]
InventoryDetailVO [wareHouseName=Central, warehouseId=21, batchId=BT0000088, inventoryId=INVMIG18, status=Faulty, distributorNumber=null, customerRefNumber=null, orderNumber=null, attribute={Serial Number=48-44-47-508}, transferStatus=null, remark=null, resourceType=DemoTest, resourceSubType=DemoTest, createdby=Admin Admin, updatedby=-, createDate=2014-12-18 17:34:52.0, updatedDate=null,subStatus=null]
InventoryDetailVO [wareHouseName=Central, warehouseId=21, batchId=BT0000088, inventoryId=INVMIG19, status=Faulty, distributorNumber=null, customerRefNumber=null, orderNumber=null, attribute={Serial Number=48-44-47-509}, transferStatus=null, remark=null, resourceType=DemoTest, resourceSubType=DemoTest, createdby=Admin Admin, updatedby=-, createDate=2014-12-18 17:34:52.0, updatedDate=null,subStatus=null]
InventoryDetailVO [wareHouseName=Central, warehouseId=21, batchId=BT0000095, inventoryId=INVMIG40, status=Faulty, distributorNumber=null, customerRefNumber=null, orderNumber=null, attribute={Serial Number=48-44-47-500}, transferStatus=null, remark=null, resourceType=DemoTest, resourceSubType=DemoTest, createdby=Admin Admin, updatedby=-, createDate=2014-12-18 18:08:01.0, updatedDate=null,subStatus=null]
InventoryDetailVO [wareHouseName=Central, warehouseId=21, batchId=BT0000095, inventoryId=INVMIG41, status=Faulty, distributorNumber=null, customerRefNumber=null, orderNumber=null, attribute={Serial Number=48-44-47-501}, transferStatus=null, remark=null, resourceType=DemoTest, resourceSubType=DemoTest, createdby=Admin Admin, updatedby=-, createDate=2014-12-18 18:08:01.0, updatedDate=null,subStatus=null]
InventoryDetailVO [wareHouseName=Central, warehouseId=21, batchId=BT0000095, inventoryId=INVMIG42, status=Faulty, distributorNumber=null, customerRefNumber=null, orderNumber=null, attribute={Serial Number=48-44-47-502}, transferStatus=null, remark=null, resourceType=DemoTest, resourceSubType=DemoTest, createdby=Admin Admin, updatedby=-, createDate=2014-12-18 18:08:01.0, updatedDate=null,subStatus=null]
InventoryDetailVO [wareHouseName=Central, warehouseId=21, batchId=BT0000095, inventoryId=INVMIG43, status=Faulty, distributorNumber=null, customerRefNumber=null, orderNumber=null, attribute={Serial Number=48-44-47-503}, transferStatus=null, remark=null, resourceType=DemoTest, resourceSubType=DemoTest, createdby=Admin Admin, updatedby=-, createDate=2014-12-18 18:08:01.0, updatedDate=null,subStatus=null]
InventoryDetailVO [wareHouseName=Central, warehouseId=21, batchId=BT0000095, inventoryId=INVMIG44, status=Faulty, distributorNumber=null, customerRefNumber=null, orderNumber=null, attribute={Serial Number=48-44-47-504}, transferStatus=null, remark=null, resourceType=DemoTest, resourceSubType=DemoTest, createdby=Admin Admin, updatedby=-, createDate=2014-12-18 18:08:01.0, updatedDate=null,subStatus=null]
InventoryDetailVO [wareHouseName=Central, warehouseId=21, batchId=BT0000095, inventoryId=INVMIG45, status=Faulty, distributorNumber=null, customerRefNumber=null, orderNumber=null, attribute={Serial Number=48-44-47-505}, transferStatus=null, remark=null, resourceType=DemoTest, resourceSubType=DemoTest, createdby=Admin Admin, updatedby=-, createDate=2014-12-18 18:08:01.0, updatedDate=null,subStatus=null]
InventoryDetailVO [wareHouseName=Central, warehouseId=21, batchId=BT0000095, inventoryId=INVMIG46, status=Faulty, distributorNumber=null, customerRefNumber=null, orderNumber=null, attribute={Serial Number=48-44-47-506}, transferStatus=null, remark=null, resourceType=DemoTest, resourceSubType=DemoTest, createdby=Admin Admin, updatedby=-, createDate=2014-12-18 18:08:01.0, updatedDate=null,subStatus=null]
InventoryDetailVO [wareHouseName=Central, warehouseId=21, batchId=BT0000095, inventoryId=INVMIG47, status=Faulty, distributorNumber=null, customerRefNumber=null, orderNumber=null, attribute={Serial Number=48-44-47-507}, transferStatus=null, remark=null, resourceType=DemoTest, resourceSubType=DemoTest, createdby=Admin Admin, updatedby=-, createDate=2014-12-18 18:08:01.0, updatedDate=null,subStatus=null]
InventoryDetailVO [wareHouseName=Central, warehouseId=21, batchId=BT0000095, inventoryId=INVMIG48, status=Faulty, distributorNumber=null, customerRefNumber=null, orderNumber=null, attribute={Serial Number=48-44-47-508}, transferStatus=null, remark=null, resourceType=DemoTest, resourceSubType=DemoTest, createdby=Admin Admin, updatedby=-, createDate=2014-12-18 18:08:01.0, updatedDate=null,subStatus=null]
InventoryDetailVO [wareHouseName=Central, warehouseId=21, batchId=BT0000095, inventoryId=INVMIG49, status=Faulty, distributorNumber=null, customerRefNumber=null, orderNumber=null, attribute={Serial Number=48-44-47-509}, transferStatus=null, remark=null, resourceType=DemoTest, resourceSubType=DemoTest, createdby=Admin Admin, updatedby=-, createDate=2014-12-18 18:08:01.0, updatedDate=null,subStatus=null]
InventoryDetailVO [wareHouseName=Central, warehouseId=21, batchId=BT0000096, inventoryId=INVMIG50, status=Faulty, distributorNumber=null, customerRefNumber=null, orderNumber=null, attribute={Serial Number=48-44-47-500}, transferStatus=null, remark=null, resourceType=DemoTest, resourceSubType=DemoTest, createdby=Admin Admin, updatedby=-, createDate=2014-12-18 18:08:21.0, updatedDate=null,subStatus=null]
InventoryDetailVO [wareHouseName=Central, warehouseId=21, batchId=BT0000096, inventoryId=INVMIG51, status=Faulty, distributorNumber=null, customerRefNumber=null, orderNumber=null, attribute={Serial Number=48-44-47-501}, transferStatus=null, remark=null, resourceType=DemoTest, resourceSubType=DemoTest, createdby=Admin Admin, updatedby=-, createDate=2014-12-18 18:08:21.0, updatedDate=null,subStatus=null]
InventoryDetailVO [wareHouseName=Central, warehouseId=21, batchId=BT0000096, inventoryId=INVMIG52, status=Faulty, distributorNumber=null, customerRefNumber=null, orderNumber=null, attribute={Serial Number=48-44-47-502}, transferStatus=null, remark=null, resourceType=DemoTest, resourceSubType=DemoTest, createdby=Admin Admin, updatedby=-, createDate=2014-12-18 18:08:21.0, updatedDate=null,subStatus=null]
InventoryDetailVO [wareHouseName=Central, warehouseId=21, batchId=BT0000096, inventoryId=INVMIG53, status=Faulty, distributorNumber=null, customerRefNumber=null, orderNumber=null, attribute={Serial Number=48-44-47-503}, transferStatus=null, remark=null, resourceType=DemoTest, resourceSubType=DemoTest, createdby=Admin Admin, updatedby=-, createDate=2014-12-18 18:08:21.0, updatedDate=null,subStatus=null]
InventoryDetailVO [wareHouseName=Central, warehouseId=21, batchId=BT0000096, inventoryId=INVMIG54, status=Faulty, distributorNumber=null, customerRefNumber=null, orderNumber=null, attribute={Serial Number=48-44-47-504}, transferStatus=null, remark=null, resourceType=DemoTest, resourceSubType=DemoTest, createdby=Admin Admin, updatedby=-, createDate=2014-12-18 18:08:21.0, updatedDate=null,subStatus=null]
InventoryDetailVO [wareHouseName=Central, warehouseId=21, batchId=BT0000096, inventoryId=INVMIG55, status=Faulty, distributorNumber=null, customerRefNumber=null, orderNumber=null, attribute={Serial Number=48-44-47-505}, transferStatus=null, remark=null, resourceType=DemoTest, resourceSubType=DemoTest, createdby=Admin Admin, updatedby=-, createDate=2014-12-18 18:08:21.0, updatedDate=null,subStatus=null]
InventoryDetailVO [wareHouseName=Central, warehouseId=21, batchId=BT0000096, inventoryId=INVMIG56, status=Faulty, distributorNumber=null, customerRefNumber=null, orderNumber=null, attribute={Serial Number=48-44-47-506}, transferStatus=null, remark=null, resourceType=DemoTest, resourceSubType=DemoTest, createdby=Admin Admin, updatedby=-, createDate=2014-12-18 18:08:21.0, updatedDate=null,subStatus=null]
InventoryDetailVO [wareHouseName=Central, warehouseId=21, batchId=BT0000096, inventoryId=INVMIG57, status=Faulty, distributorNumber=null, customerRefNumber=null, orderNumber=null, attribute={Serial Number=48-44-47-507}, transferStatus=null, remark=null, resourceType=DemoTest, resourceSubType=DemoTest, createdby=Admin Admin, updatedby=-, createDate=2014-12-18 18:08:21.0, updatedDate=null,subStatus=null]
InventoryDetailVO [wareHouseName=Central, warehouseId=21, batchId=BT0000096, inventoryId=INVMIG58, status=Faulty, distributorNumber=null, customerRefNumber=null, orderNumber=null, attribute={Serial Number=48-44-47-508}, transferStatus=null, remark=null, resourceType=DemoTest, resourceSubType=DemoTest, createdby=Admin Admin, updatedby=-, createDate=2014-12-18 18:08:21.0, updatedDate=null,subStatus=null]
InventoryDetailVO [wareHouseName=Central, warehouseId=21, batchId=BT0000096, inventoryId=INVMIG59, status=Faulty, distributorNumber=null, customerRefNumber=null, orderNumber=null, attribute={Serial Number=48-44-47-509}, transferStatus=null, remark=null, resourceType=DemoTest, resourceSubType=DemoTest, createdby=Admin Admin, updatedby=-, createDate=2014-12-18 18:08:21.0, updatedDate=null,subStatus=null]
InventoryDetailVO [wareHouseName=Central, warehouseId=21, batchId=BT0000098, inventoryId=INVMIG60, status=Faulty, distributorNumber=null, customerRefNumber=null, orderNumber=null, attribute={Serial Number=48-44-47-500}, transferStatus=null, remark=null, resourceType=DemoTest, resourceSubType=DemoTest, createdby=Admin Admin, updatedby=-, createDate=2014-12-18 18:08:53.0, updatedDate=null,subStatus=null]
InventoryDetailVO [wareHouseName=Central, warehouseId=21, batchId=BT0000098, inventoryId=INVMIG61, status=Faulty, distributorNumber=null, customerRefNumber=null, orderNumber=null, attribute={Serial Number=48-44-47-501}, transferStatus=null, remark=null, resourceType=DemoTest, resourceSubType=DemoTest, createdby=Admin Admin, updatedby=-, createDate=2014-12-18 18:08:53.0, updatedDate=null,subStatus=null]
InventoryDetailVO [wareHouseName=Central, warehouseId=21, batchId=BT0000098, inventoryId=INVMIG62, status=Faulty, distributorNumber=null, customerRefNumber=null, orderNumber=null, attribute={Serial Number=48-44-47-502}, transferStatus=null, remark=null, resourceType=DemoTest, resourceSubType=DemoTest, createdby=Admin Admin, updatedby=-, createDate=2014-12-18 18:08:53.0, updatedDate=null,subStatus=null]
InventoryDetailVO [wareHouseName=Central, warehouseId=21, batchId=BT0000098, inventoryId=INVMIG63, status=Faulty, distributorNumber=null, customerRefNumber=null, orderNumber=null, attribute={Serial Number=48-44-47-503}, transferStatus=null, remark=null, resourceType=DemoTest, resourceSubType=DemoTest, createdby=Admin Admin, updatedby=-, createDate=2014-12-18 18:08:53.0, updatedDate=null,subStatus=null]
InventoryDetailVO [wareHouseName=Central, warehouseId=21, batchId=BT0000098, inventoryId=INVMIG64, status=Faulty, distributorNumber=null, customerRefNumber=null, orderNumber=null, attribute={Serial Number=48-44-47-504}, transferStatus=null, remark=null, resourceType=DemoTest, resourceSubType=DemoTest, createdby=Admin Admin, updatedby=-, createDate=2014-12-18 18:08:53.0, updatedDate=null,subStatus=null]
InventoryDetailVO [wareHouseName=Central, warehouseId=21, batchId=BT0000098, inventoryId=INVMIG65, status=Faulty, distributorNumber=null, customerRefNumber=null, orderNumber=null, attribute={Serial Number=48-44-47-505}, transferStatus=null, remark=null, resourceType=DemoTest, resourceSubType=DemoTest, createdby=Admin Admin, updatedby=-, createDate=2014-12-18 18:08:53.0, updatedDate=null,subStatus=null]
InventoryDetailVO [wareHouseName=Central, warehouseId=21, batchId=BT0000098, inventoryId=INVMIG66, status=Faulty, distributorNumber=null, customerRefNumber=null, orderNumber=null, attribute={Serial Number=48-44-47-506}, transferStatus=null, remark=null, resourceType=DemoTest, resourceSubType=DemoTest, createdby=Admin Admin, updatedby=-, createDate=2014-12-18 18:08:53.0, updatedDate=null,subStatus=null]
InventoryDetailVO [wareHouseName=Central, warehouseId=21, batchId=BT0000098, inventoryId=INVMIG67, status=Faulty, distributorNumber=null, customerRefNumber=null, orderNumber=null, attribute={Serial Number=48-44-47-507}, transferStatus=null, remark=null, resourceType=DemoTest, resourceSubType=DemoTest, createdby=Admin Admin, updatedby=-, createDate=2014-12-18 18:08:53.0, updatedDate=null,subStatus=null]
InventoryDetailVO [wareHouseName=Central, warehouseId=21, batchId=BT0000098, inventoryId=INVMIG68, status=Faulty, distributorNumber=null, customerRefNumber=null, orderNumber=null, attribute={Serial Number=48-44-47-508}, transferStatus=null, remark=null, resourceType=DemoTest, resourceSubType=DemoTest, createdby=Admin Admin, updatedby=-, createDate=2014-12-18 18:08:53.0, updatedDate=null,subStatus=null]
InventoryDetailVO [wareHouseName=Central, warehouseId=21, batchId=BT0000098, inventoryId=INVMIG69, status=Faulty, distributorNumber=null, customerRefNumber=null, orderNumber=null, attribute={Serial Number=48-44-47-509}, transferStatus=null, remark=null, resourceType=DemoTest, resourceSubType=DemoTest, createdby=Admin Admin, updatedby=-, createDate=2014-12-18 18:08:53.0, updatedDate=null,subStatus=null]
InventoryDetailVO [wareHouseName=Central, warehouseId=21, batchId=BT0000100, inventoryId=INVMIG70, status=Faulty, distributorNumber=null, customerRefNumber=null, orderNumber=null, attribute={Serial Number=48-44-47-500}, transferStatus=null, remark=null, resourceType=DemoTest, resourceSubType=DemoTest, createdby=Admin Admin, updatedby=-, createDate=2014-12-18 18:09:27.0, updatedDate=null,subStatus=null]
InventoryDetailVO [wareHouseName=Central, warehouseId=21, batchId=BT0000100, inventoryId=INVMIG71, status=Faulty, distributorNumber=null, customerRefNumber=null, orderNumber=null, attribute={Serial Number=48-44-47-501}, transferStatus=null, remark=null, resourceType=DemoTest, resourceSubType=DemoTest, createdby=Admin Admin, updatedby=-, createDate=2014-12-18 18:09:27.0, updatedDate=null,subStatus=null]
InventoryDetailVO [wareHouseName=Central, warehouseId=21, batchId=BT0000100, inventoryId=INVMIG72, status=Faulty, distributorNumber=null, customerRefNumber=null, orderNumber=null, attribute={Serial Number=48-44-47-502}, transferStatus=null, remark=null, resourceType=DemoTest, resourceSubType=DemoTest, createdby=Admin Admin, updatedby=-, createDate=2014-12-18 18:09:27.0, updatedDate=null,subStatus=null]
InventoryDetailVO [wareHouseName=Central, warehouseId=21, batchId=BT0000100, inventoryId=INVMIG73, status=Faulty, distributorNumber=null, customerRefNumber=null, orderNumber=null, attribute={Serial Number=48-44-47-503}, transferStatus=null, remark=null, resourceType=DemoTest, resourceSubType=DemoTest, createdby=Admin Admin, updatedby=-, createDate=2014-12-18 18:09:27.0, updatedDate=null,subStatus=null]
InventoryDetailVO [wareHouseName=Central, warehouseId=21, batchId=BT0000100, inventoryId=INVMIG74, status=Faulty, distributorNumber=null, customerRefNumber=null, orderNumber=null, attribute={Serial Number=48-44-47-504}, transferStatus=null, remark=null, resourceType=DemoTest, resourceSubType=DemoTest, createdby=Admin Admin, updatedby=-, createDate=2014-12-18 18:09:27.0, updatedDate=null,subStatus=null]
InventoryDetailVO [wareHouseName=Central, warehouseId=21, batchId=BT0000100, inventoryId=INVMIG75, status=Faulty, distributorNumber=null, customerRefNumber=null, orderNumber=null, attribute={Serial Number=48-44-47-505}, transferStatus=null, remark=null, resourceType=DemoTest, resourceSubType=DemoTest, createdby=Admin Admin, updatedby=-, createDate=2014-12-18 18:09:27.0, updatedDate=null,subStatus=null]
InventoryDetailVO [wareHouseName=Central, warehouseId=21, batchId=BT0000100, inventoryId=INVMIG76, status=Faulty, distributorNumber=null, customerRefNumber=null, orderNumber=null, attribute={Serial Number=48-44-47-506}, transferStatus=null, remark=null, resourceType=DemoTest, resourceSubType=DemoTest, createdby=Admin Admin, updatedby=-, createDate=2014-12-18 18:09:27.0, updatedDate=null,subStatus=null]
InventoryDetailVO [wareHouseName=Central, warehouseId=21, batchId=BT0000100, inventoryId=INVMIG77, status=Faulty, distributorNumber=null, customerRefNumber=null, orderNumber=null, attribute={Serial Number=48-44-47-507}, transferStatus=null, remark=null, resourceType=DemoTest, resourceSubType=DemoTest, createdby=Admin Admin, updatedby=-, createDate=2014-12-18 18:09:27.0, updatedDate=null,subStatus=null]
InventoryDetailVO [wareHouseName=Central, warehouseId=21, batchId=BT0000100, inventoryId=INVMIG78, status=Faulty, distributorNumber=null, customerRefNumber=null, orderNumber=null, attribute={Serial Number=48-44-47-508}, transferStatus=null, remark=null, resourceType=DemoTest, resourceSubType=DemoTest, createdby=Admin Admin, updatedby=-, createDate=2014-12-18 18:09:27.0, updatedDate=null,subStatus=null]
InventoryDetailVO [wareHouseName=Central, warehouseId=21, batchId=BT0000100, inventoryId=INVMIG79, status=Faulty, distributorNumber=null, customerRefNumber=null, orderNumber=null, attribute={Serial Number=48-44-47-509}, transferStatus=null, remark=null, resourceType=DemoTest, resourceSubType=DemoTest, createdby=Admin Admin, updatedby=-, createDate=2014-12-18 18:09:27.0, updatedDate=null,subStatus=null]
InventoryDetailVO [wareHouseName=DemoCodeWH, warehouseId=341, batchId=BT0000104, inventoryId=INVMIG90, status=Allocated, distributorNumber=null, customerRefNumber=null, orderNumber=null, attribute={Serial Number=48-44-47-500}, transferStatus=WAITING, remark=null, resourceType=DemoTest, resourceSubType=DemoTest, createdby=Admin Admin, updatedby=-, createDate=2014-12-19 12:04:07.0, updatedDate=null,subStatus=null]
InventoryDetailVO [wareHouseName=Central, warehouseId=21, batchId=BT0000104, inventoryId=INVMIG91, status=Allocated, distributorNumber=null, customerRefNumber=null, orderNumber=null, attribute={Serial Number=48-44-47-501}, transferStatus=null, remark=null, resourceType=DemoTest, resourceSubType=DemoTest, createdby=Admin Admin, updatedby=Admin Admin, createDate=2014-12-19 12:04:07.0, updatedDate=2015-02-13 17:04:55.0,subStatus=Refurnished]
InventoryDetailVO [wareHouseName=Central, warehouseId=21, batchId=BT0000104, inventoryId=INVMIG92, status=Allocated, distributorNumber=null, customerRefNumber=null, orderNumber=null, attribute={Serial Number=48-44-47-502}, transferStatus=null, remark=null, resourceType=DemoTest, resourceSubType=DemoTest, createdby=Admin Admin, updatedby=Admin Admin, createDate=2014-12-19 12:04:07.0, updatedDate=2015-02-13 17:05:26.0,subStatus=Refurnished]
InventoryDetailVO [wareHouseName=DemoTest, warehouseId=323, batchId=BT0000104, inventoryId=INVMIG93, status=Allocated, distributorNumber=null, customerRefNumber=null, orderNumber=null, attribute={Serial Number=48-44-47-503}, transferStatus=null, remark=null, resourceType=DemoTest, resourceSubType=DemoTest, createdby=Admin Admin, updatedby=-, createDate=2014-12-19 12:04:07.0, updatedDate=null,subStatus=Accepted]
InventoryDetailVO [wareHouseName=DemoTest, warehouseId=323, batchId=BT0000104, inventoryId=INVMIG94, status=Allocated, distributorNumber=null, customerRefNumber=null, orderNumber=null, attribute={Serial Number=48-44-47-504}, transferStatus=null, remark=null, resourceType=DemoTest, resourceSubType=DemoTest, createdby=Admin Admin, updatedby=Admin Admin, createDate=2014-12-19 12:04:07.0, updatedDate=2014-12-26 18:44:31.0,subStatus=Accepted]
InventoryDetailVO [wareHouseName=Central, warehouseId=21, batchId=BT0000104, inventoryId=INVMIG95, status=Allocated, distributorNumber=null, customerRefNumber=null, orderNumber=null, attribute={Serial Number=48-44-47-505}, transferStatus=REJECTED, remark=null, resourceType=DemoTest, resourceSubType=DemoTest, createdby=Admin Admin, updatedby=-, createDate=2014-12-19 12:04:07.0, updatedDate=null,subStatus=null]
InventoryDetailVO [wareHouseName=DemoTest, warehouseId=323, batchId=BT0000104, inventoryId=INVMIG96, status=Allocated, distributorNumber=null, customerRefNumber=null, orderNumber=null, attribute={Serial Number=48-44-47-506}, transferStatus=null, remark=null, resourceType=DemoTest, resourceSubType=DemoTest, createdby=Admin Admin, updatedby=-, createDate=2014-12-19 12:04:07.0, updatedDate=null,subStatus=Accepted]
InventoryDetailVO [wareHouseName=Central, warehouseId=21, batchId=BT0000104, inventoryId=INVMIG97, status=Allocated, distributorNumber=null, customerRefNumber=null, orderNumber=null, attribute={Serial Number=48-44-47-507}, transferStatus=REJECTED, remark=null, resourceType=DemoTest, resourceSubType=DemoTest, createdby=Admin Admin, updatedby=-, createDate=2014-12-19 12:04:07.0, updatedDate=null,subStatus=null]
InventoryDetailVO [wareHouseName=DemoTest, warehouseId=323, batchId=BT0000104, inventoryId=INVMIG98, status=Allocated, distributorNumber=null, customerRefNumber=null, orderNumber=null, attribute={Serial Number=48-44-47-508}, transferStatus=null, remark=null, resourceType=DemoTest, resourceSubType=DemoTest, createdby=Admin Admin, updatedby=-, createDate=2014-12-19 12:04:07.0, updatedDate=null,subStatus=Accepted]
InventoryDetailVO [wareHouseName=Central, warehouseId=21, batchId=BT0000104, inventoryId=INVMIG99, status=Allocated, distributorNumber=null, customerRefNumber=null, orderNumber=null, attribute={Serial Number=48-44-47-509}, transferStatus=null, remark=null, resourceType=DemoTest, resourceSubType=DemoTest, createdby=Admin Admin, updatedby=-, createDate=2014-12-19 12:04:07.0, updatedDate=null,subStatus=null]
InventoryDetailVO [wareHouseName=DemoTest, warehouseId=323, batchId=BT0000106, inventoryId=INVMIG110, status=Repaired, distributorNumber=null, customerRefNumber=null, orderNumber=null, attribute={Serial Number=48-44-47-500}, transferStatus=WAITING, remark=null, resourceType=DemoTest, resourceSubType=DemoTest, createdby=Admin Admin, updatedby=Admin Admin, createDate=2014-12-19 14:29:59.0, updatedDate=2015-02-13 15:37:40.0,subStatus=null]
InventoryDetailVO [wareHouseName=DemoTest, warehouseId=323, batchId=BT0000106, inventoryId=INVMIG111, status=Allocated, distributorNumber=null, customerRefNumber=null, orderNumber=null, attribute={Serial Number=48-44-47-501}, transferStatus=null, remark=null, resourceType=DemoTest, resourceSubType=DemoTest, createdby=Admin Admin, updatedby=Admin Admin, createDate=2014-12-19 14:29:59.0, updatedDate=2014-12-26 14:14:45.0,subStatus=null]
InventoryDetailVO [wareHouseName=DemoTest, warehouseId=323, batchId=BT0000106, inventoryId=INVMIG112, status=Allocated, distributorNumber=null, customerRefNumber=null, orderNumber=null, attribute={Serial Number=48-44-47-502}, transferStatus=null, remark=null, resourceType=DemoTest, resourceSubType=DemoTest, createdby=Admin Admin, updatedby=Admin Admin, createDate=2014-12-19 14:29:59.0, updatedDate=2015-01-12 18:04:29.0,subStatus=null]
InventoryDetailVO [wareHouseName=DemoTest, warehouseId=323, batchId=BT0000106, inventoryId=INVMIG113, status=Allocated, distributorNumber=null, customerRefNumber=null, orderNumber=null, attribute={Serial Number=48-44-47-503}, transferStatus=null, remark=null, resourceType=DemoTest, resourceSubType=DemoTest, createdby=Admin Admin, updatedby=Admin Admin, createDate=2014-12-19 14:29:59.0, updatedDate=2015-01-12 18:05:07.0,subStatus=null]
InventoryDetailVO [wareHouseName=DemoTest, warehouseId=323, batchId=BT0000106, inventoryId=INVMIG114, status=Allocated, distributorNumber=null, customerRefNumber=null, orderNumber=null, attribute={Serial Number=48-44-47-504}, transferStatus=null, remark=null, resourceType=DemoTest, resourceSubType=DemoTest, createdby=Admin Admin, updatedby=Admin Admin, createDate=2014-12-19 14:29:59.0, updatedDate=2015-01-12 18:24:29.0,subStatus=null]
InventoryDetailVO [wareHouseName=DemoTest, warehouseId=323, batchId=BT0000106, inventoryId=INVMIG115, status=Allocated, distributorNumber=null, customerRefNumber=null, orderNumber=null, attribute={Serial Number=48-44-47-505}, transferStatus=null, remark=null, resourceType=DemoTest, resourceSubType=DemoTest, createdby=Admin Admin, updatedby=Admin Admin, createDate=2014-12-19 14:29:59.0, updatedDate=2014-12-26 14:14:45.0,subStatus=null]
InventoryDetailVO [wareHouseName=DemoTest, warehouseId=323, batchId=BT0000106, inventoryId=INVMIG116, status=Allocated, distributorNumber=null, customerRefNumber=null, orderNumber=null, attribute={Serial Number=48-44-47-506}, transferStatus=null, remark=null, resourceType=DemoTest, resourceSubType=DemoTest, createdby=Admin Admin, updatedby=Admin Admin, createDate=2014-12-19 14:29:59.0, updatedDate=2014-12-26 14:14:45.0,subStatus=null]
InventoryDetailVO [wareHouseName=DemoTest, warehouseId=323, batchId=BT0000106, inventoryId=INVMIG117, status=Reserved, distributorNumber=null, customerRefNumber=null, orderNumber=null, attribute={Serial Number=48-44-47-507}, transferStatus=null, remark=null, resourceType=DemoTest, resourceSubType=DemoTest, createdby=Admin Admin, updatedby=Admin Admin, createDate=2014-12-19 14:29:59.0, updatedDate=2015-02-17 10:45:14.0,subStatus=null]
InventoryDetailVO [wareHouseName=DemoTest, warehouseId=323, batchId=BT0000106, inventoryId=INVMIG118, status=Allocated, distributorNumber=null, customerRefNumber=null, orderNumber=null, attribute={Serial Number=48-44-47-508}, transferStatus=null, remark=null, resourceType=DemoTest, resourceSubType=DemoTest, createdby=Admin Admin, updatedby=Admin Admin, createDate=2014-12-19 14:29:59.0, updatedDate=2014-12-26 14:14:45.0,subStatus=null]
InventoryDetailVO [wareHouseName=DemoTest, warehouseId=323, batchId=BT0000106, inventoryId=INVMIG119, status=Allocated, distributorNumber=null, customerRefNumber=null, orderNumber=null, attribute={Serial Number=48-44-47-509}, transferStatus=null, remark=null, resourceType=DemoTest, resourceSubType=DemoTest, createdby=Admin Admin, updatedby=Admin Admin, createDate=2014-12-19 14:29:59.0, updatedDate=2014-12-26 14:14:46.0,subStatus=null]
InventoryDetailVO [wareHouseName=DemoTest, warehouseId=323, batchId=BT0000108, inventoryId=INVMIG120, status=Allocated, distributorNumber=null, customerRefNumber=null, orderNumber=null, attribute={Serial Number=48-44-47-500}, transferStatus=WAITING, remark=null, resourceType=DemoTest, resourceSubType=DemoTest, createdby=Admin Admin, updatedby=-, createDate=2014-12-19 16:12:02.0, updatedDate=null,subStatus=null]
InventoryDetailVO [wareHouseName=DemoTest, warehouseId=323, batchId=BT0000108, inventoryId=INVMIG121, status=Allocated, distributorNumber=null, customerRefNumber=null, orderNumber=null, attribute={Serial Number=48-44-47-501}, transferStatus=null, remark=null, resourceType=DemoTest, resourceSubType=DemoTest, createdby=Admin Admin, updatedby=Admin Admin, createDate=2014-12-19 16:12:02.0, updatedDate=2015-02-02 11:01:28.0,subStatus=null]
InventoryDetailVO [wareHouseName=DemoCodeWH, warehouseId=341, batchId=BT0000108, inventoryId=INVMIG122, status=Allocated, distributorNumber=null, customerRefNumber=null, orderNumber=null, attribute={Serial Number=48-44-47-502}, transferStatus=WAITING, remark=null, resourceType=DemoTest, resourceSubType=DemoTest, createdby=Admin Admin, updatedby=-, createDate=2014-12-19 16:12:02.0, updatedDate=null,subStatus=null]
InventoryDetailVO [wareHouseName=DemoCodeWH, warehouseId=341, batchId=BT0000108, inventoryId=INVMIG123, status=Allocated, distributorNumber=null, customerRefNumber=null, orderNumber=null, attribute={Serial Number=48-44-47-503}, transferStatus=WAITING, remark=null, resourceType=DemoTest, resourceSubType=DemoTest, createdby=Admin Admin, updatedby=-, createDate=2014-12-19 16:12:02.0, updatedDate=null,subStatus=null]
InventoryDetailVO [wareHouseName=DemoCodeWH, warehouseId=341, batchId=BT0000108, inventoryId=INVMIG124, status=Allocated, distributorNumber=null, customerRefNumber=null, orderNumber=null, attribute={Serial Number=48-44-47-504}, transferStatus=WAITING, remark=null, resourceType=DemoTest, resourceSubType=DemoTest, createdby=Admin Admin, updatedby=-, createDate=2014-12-19 16:12:02.0, updatedDate=null,subStatus=null]
InventoryDetailVO [wareHouseName=DemoCodeWH, warehouseId=341, batchId=BT0000108, inventoryId=INVMIG125, status=Allocated, distributorNumber=null, customerRefNumber=null, orderNumber=null, attribute={Serial Number=48-44-47-505}, transferStatus=null, remark=null, resourceType=DemoTest, resourceSubType=DemoTest, createdby=Admin Admin, updatedby=-, createDate=2014-12-19 16:12:02.0, updatedDate=null,subStatus=null]
InventoryDetailVO [wareHouseName=DemoTest, warehouseId=323, batchId=BT0000108, inventoryId=INVMIG126, status=Allocated, distributorNumber=null, customerRefNumber=null, orderNumber=null, attribute={Serial Number=48-44-47-506}, transferStatus=WAITING, remark=null, resourceType=DemoTest, resourceSubType=DemoTest, createdby=Admin Admin, updatedby=-, createDate=2014-12-19 16:12:02.0, updatedDate=null,subStatus=null]
InventoryDetailVO [wareHouseName=DemoTest, warehouseId=323, batchId=BT0000108, inventoryId=INVMIG127, status=Allocated, distributorNumber=null, customerRefNumber=null, orderNumber=null, attribute={Serial Number=48-44-47-507}, transferStatus=WAITING, remark=null, resourceType=DemoTest, resourceSubType=DemoTest, createdby=Admin Admin, updatedby=-, createDate=2014-12-19 16:12:02.0, updatedDate=null,subStatus=null]
InventoryDetailVO [wareHouseName=DemoCodeWH, warehouseId=341, batchId=BT0000108, inventoryId=INVMIG128, status=Allocated, distributorNumber=null, customerRefNumber=null, orderNumber=null, attribute={Serial Number=48-44-47-508}, transferStatus=WAITING, remark=null, resourceType=DemoTest, resourceSubType=DemoTest, createdby=Admin Admin, updatedby=-, createDate=2014-12-19 16:12:02.0, updatedDate=null,subStatus=null]
InventoryDetailVO [wareHouseName=DemoCodeWH, warehouseId=341, batchId=BT0000108, inventoryId=INVMIG129, status=Allocated, distributorNumber=null, customerRefNumber=null, orderNumber=null, attribute={Serial Number=48-44-47-509}, transferStatus=null, remark=null, resourceType=DemoTest, resourceSubType=DemoTest, createdby=Admin Admin, updatedby=-, createDate=2014-12-19 16:12:02.0, updatedDate=null,subStatus=null]
InventoryDetailVO [wareHouseName=Central, warehouseId=21, batchId=BT0000109, inventoryId=INV001, status=Allocated, distributorNumber=null, customerRefNumber=null, orderNumber=null, attribute={Serial Number=48-44-47-50gf}, transferStatus=null, remark=null, resourceType=DemoTest, resourceSubType=DemoTest, createdby=Admin Admin, updatedby=-, createDate=2014-12-19 19:05:40.0, updatedDate=null,subStatus=null]
InventoryDetailVO [wareHouseName=Central, warehouseId=21, batchId=BT0000109, inventoryId=INV002, status=Allocated, distributorNumber=null, customerRefNumber=null, orderNumber=null, attribute={Serial Number=48-44-4f7-50}, transferStatus=null, remark=null, resourceType=DemoTest, resourceSubType=DemoTest, createdby=Admin Admin, updatedby=-, createDate=2014-12-19 19:05:40.0, updatedDate=null,subStatus=null]
InventoryDetailVO [wareHouseName=Central, warehouseId=21, batchId=BT0000109, inventoryId=INV003, status=Allocated, distributorNumber=null, customerRefNumber=null, orderNumber=null, attribute={Serial Number=48-gf44-47-50}, transferStatus=null, remark=null, resourceType=DemoTest, resourceSubType=DemoTest, createdby=Admin Admin, updatedby=-, createDate=2014-12-19 19:05:40.0, updatedDate=null,subStatus=null]
InventoryDetailVO [wareHouseName=Central, warehouseId=21, batchId=BT0000109, inventoryId=INV004, status=Allocated, distributorNumber=null, customerRefNumber=null, orderNumber=null, attribute={Serial Number=48bhg-44-47-50}, transferStatus=null, remark=null, resourceType=DemoTest, resourceSubType=DemoTest, createdby=Admin Admin, updatedby=-, createDate=2014-12-19 19:05:40.0, updatedDate=null,subStatus=null]
InventoryDetailVO [wareHouseName=Central, warehouseId=21, batchId=BT0000109, inventoryId=INV005, status=Allocated, distributorNumber=null, customerRefNumber=null, orderNumber=null, attribute={Serial Number=48gh-44-47-50}, transferStatus=null, remark=null, resourceType=DemoTest, resourceSubType=DemoTest, createdby=Admin Admin, updatedby=-, createDate=2014-12-19 19:05:40.0, updatedDate=null,subStatus=null]
InventoryDetailVO [wareHouseName=Central, warehouseId=21, batchId=BT0000110, inventoryId=EMA000000001, status=Reserved, distributorNumber=null, customerRefNumber=null, orderNumber=null, attribute={Serial Number=48-44-47-50}, transferStatus=null, remark=null, resourceType=DemoTest, resourceSubType=DemoTest, createdby=Admin Admin, updatedby=-, createDate=2014-12-31 12:35:28.0, updatedDate=null,subStatus=null]
InventoryDetailVO [wareHouseName=Central, warehouseId=21, batchId=BT0000110, inventoryId=EMA000000002, status=Reserved, distributorNumber=null, customerRefNumber=null, orderNumber=null, attribute={Serial Number=48-44-47-51}, transferStatus=null, remark=null, resourceType=DemoTest, resourceSubType=DemoTest, createdby=Admin Admin, updatedby=-, createDate=2014-12-31 12:35:28.0, updatedDate=null,subStatus=null]
InventoryDetailVO [wareHouseName=Central, warehouseId=21, batchId=BT0000110, inventoryId=EMA000000003, status=Reserved, distributorNumber=null, customerRefNumber=null, orderNumber=null, attribute={Serial Number=48-44-47-52}, transferStatus=null, remark=null, resourceType=DemoTest, resourceSubType=DemoTest, createdby=Admin Admin, updatedby=-, createDate=2014-12-31 12:35:28.0, updatedDate=null,subStatus=null]
InventoryDetailVO [wareHouseName=Central, warehouseId=21, batchId=BT0000110, inventoryId=EMA000000004, status=Reserved, distributorNumber=null, customerRefNumber=null, orderNumber=null, attribute={Serial Number=48-44-47-53}, transferStatus=null, remark=null, resourceType=DemoTest, resourceSubType=DemoTest, createdby=Admin Admin, updatedby=-, createDate=2014-12-31 12:35:28.0, updatedDate=null,subStatus=null]
InventoryDetailVO [wareHouseName=Central, warehouseId=21, batchId=BT0000110, inventoryId=EMA000000005, status=Reserved, distributorNumber=null, customerRefNumber=null, orderNumber=null, attribute={Serial Number=48-44-47-54}, transferStatus=null, remark=null, resourceType=DemoTest, resourceSubType=DemoTest, createdby=Admin Admin, updatedby=-, createDate=2014-12-31 12:35:28.0, updatedDate=null,subStatus=null]
InventoryDetailVO [wareHouseName=Central, warehouseId=21, batchId=BT0000111, inventoryId=EMA000000006, status=Reserved, distributorNumber=null, customerRefNumber=null, orderNumber=null, attribute={Serial Number=48-44-47-51}, transferStatus=null, remark=null, resourceType=DemoTest, resourceSubType=DemoTest, createdby=Admin Admin, updatedby=-, createDate=2014-12-31 12:37:14.0, updatedDate=null,subStatus=null]
InventoryDetailVO [wareHouseName=Central, warehouseId=21, batchId=BT0000111, inventoryId=EMA000000007, status=Reserved, distributorNumber=null, customerRefNumber=null, orderNumber=null, attribute={Serial Number=48-44-47-52}, transferStatus=null, remark=null, resourceType=DemoTest, resourceSubType=DemoTest, createdby=Admin Admin, updatedby=-, createDate=2014-12-31 12:37:14.0, updatedDate=null,subStatus=null]
InventoryDetailVO [wareHouseName=Central, warehouseId=21, batchId=BT0000111, inventoryId=EMA000000008, status=Reserved, distributorNumber=null, customerRefNumber=null, orderNumber=null, attribute={Serial Number=48-44-47-53}, transferStatus=null, remark=null, resourceType=DemoTest, resourceSubType=DemoTest, createdby=Admin Admin, updatedby=-, createDate=2014-12-31 12:37:14.0, updatedDate=null,subStatus=null]
InventoryDetailVO [wareHouseName=Central, warehouseId=21, batchId=BT0000111, inventoryId=EMA000000009, status=Reserved, distributorNumber=null, customerRefNumber=null, orderNumber=null, attribute={Serial Number=48-44-47-54}, transferStatus=null, remark=null, resourceType=DemoTest, resourceSubType=DemoTest, createdby=Admin Admin, updatedby=-, createDate=2014-12-31 12:37:14.0, updatedDate=null,subStatus=null]
InventoryDetailVO [wareHouseName=Central, warehouseId=21, batchId=BT0000116, inventoryId=INV00000100, status=Available, distributorNumber=null, customerRefNumber=null, orderNumber=null, attribute={Serial Number=TestValue1}, transferStatus=WAITING, remark=null, resourceType=DemoTest, resourceSubType=DemoTest, createdby=Admin Admin, updatedby=Admin Admin, createDate=2015-02-11 11:09:21.0, updatedDate=2015-02-16 10:30:22.0,subStatus=In-Transfer]
InventoryDetailVO [wareHouseName=Central, warehouseId=21, batchId=BT0000116, inventoryId=INV000001001, status=Available, distributorNumber=null, customerRefNumber=null, orderNumber=null, attribute={Serial Number=TestValue2}, transferStatus=WAITING, remark=null, resourceType=DemoTest, resourceSubType=DemoTest, createdby=Admin Admin, updatedby=-, createDate=2015-02-11 11:09:21.0, updatedDate=null,subStatus=In-Transfer]
InventoryDetailVO [wareHouseName=Central, warehouseId=21, batchId=BT0000116, inventoryId=INV000001002, status=Available, distributorNumber=null, customerRefNumber=null, orderNumber=null, attribute={Serial Number=TestValue3}, transferStatus=WAITING, remark=null, resourceType=DemoTest, resourceSubType=DemoTest, createdby=Admin Admin, updatedby=Admin Admin, createDate=2015-02-11 11:09:21.0, updatedDate=2015-02-13 15:17:53.0,subStatus=In-Transfer]
InventoryDetailVO [wareHouseName=DemoTest, warehouseId=323, batchId=BT0000116, inventoryId=INV000001003, status=Available, distributorNumber=null, customerRefNumber=null, orderNumber=null, attribute={Serial Number=TestValue4}, transferStatus=null, remark=null, resourceType=DemoTest, resourceSubType=DemoTest, createdby=Admin Admin, updatedby=-, createDate=2015-02-11 11:09:21.0, updatedDate=null,subStatus=Accepted]
InventoryDetailVO [wareHouseName=Central, warehouseId=21, batchId=BT0000116, inventoryId=INV000001004, status=Available, distributorNumber=null, customerRefNumber=null, orderNumber=null, attribute={Serial Number=TestValue5}, transferStatus=WAITING, remark=null, resourceType=DemoTest, resourceSubType=DemoTest, createdby=Admin Admin, updatedby=-, createDate=2015-02-11 11:09:21.0, updatedDate=null,subStatus=In-Transfer]
InventoryDetailVO [wareHouseName=Central, warehouseId=21, batchId=BT0000123, inventoryId=INV00000199, status=Reserved, distributorNumber=null, customerRefNumber=null, orderNumber=null, attribute={Serial Number=TestValue1}, transferStatus=null, remark=null, resourceType=DemoTest, resourceSubType=DemoTest, createdby=Admin Admin, updatedby=-, createDate=2015-02-11 12:33:53.0, updatedDate=null,subStatus=null]
InventoryDetailVO [wareHouseName=Central, warehouseId=21, batchId=BT0000123, inventoryId=INV00000200, status=Reserved, distributorNumber=null, customerRefNumber=null, orderNumber=null, attribute={Serial Number=TestValue2}, transferStatus=null, remark=null, resourceType=DemoTest, resourceSubType=DemoTest, createdby=Admin Admin, updatedby=-, createDate=2015-02-11 12:33:53.0, updatedDate=null,subStatus=null]
InventoryDetailVO [wareHouseName=Central, warehouseId=21, batchId=BT0000123, inventoryId=INV00000201, status=Reserved, distributorNumber=null, customerRefNumber=null, orderNumber=null, attribute={Serial Number=TestValue3}, transferStatus=null, remark=null, resourceType=DemoTest, resourceSubType=DemoTest, createdby=Admin Admin, updatedby=-, createDate=2015-02-11 12:33:53.0, updatedDate=null,subStatus=null]
InventoryDetailVO [wareHouseName=Central, warehouseId=21, batchId=BT0000123, inventoryId=INV00000202, status=Reserved, distributorNumber=null, customerRefNumber=null, orderNumber=null, attribute={Serial Number=TestValue4}, transferStatus=null, remark=null, resourceType=DemoTest, resourceSubType=DemoTest, createdby=Admin Admin, updatedby=-, createDate=2015-02-11 12:33:53.0, updatedDate=null,subStatus=null]
InventoryDetailVO [wareHouseName=Central, warehouseId=21, batchId=BT0000123, inventoryId=INV00000203, status=Reserved, distributorNumber=null, customerRefNumber=null, orderNumber=null, attribute={Serial Number=TestValue5}, transferStatus=null, remark=null, resourceType=DemoTest, resourceSubType=DemoTest, createdby=Admin Admin, updatedby=-, createDate=2015-02-11 12:33:53.0, updatedDate=null,subStatus=null]
InventoryDetailVO [wareHouseName=Central, warehouseId=21, batchId=BT0000124, inventoryId=EMA000000010, status=New, distributorNumber=null, customerRefNumber=null, orderNumber=null, attribute={Serial Number=TestValue1}, transferStatus=null, remark=null, resourceType=DemoTest, resourceSubType=DemoTest, createdby=Admin Admin, updatedby=-, createDate=2015-02-11 12:45:37.0, updatedDate=null,subStatus=null]
InventoryDetailVO [wareHouseName=Central, warehouseId=21, batchId=BT0000124, inventoryId=EMA000000011, status=New, distributorNumber=null, customerRefNumber=null, orderNumber=null, attribute={Serial Number=TestValue2}, transferStatus=null, remark=null, resourceType=DemoTest, resourceSubType=DemoTest, createdby=Admin Admin, updatedby=-, createDate=2015-02-11 12:45:37.0, updatedDate=null,subStatus=null]
InventoryDetailVO [wareHouseName=Central, warehouseId=21, batchId=BT0000124, inventoryId=EMA000000012, status=New, distributorNumber=null, customerRefNumber=null, orderNumber=null, attribute={Serial Number=TestValue3}, transferStatus=null, remark=null, resourceType=DemoTest, resourceSubType=DemoTest, createdby=Admin Admin, updatedby=-, createDate=2015-02-11 12:45:37.0, updatedDate=null,subStatus=null]
InventoryDetailVO [wareHouseName=Central, warehouseId=21, batchId=BT0000124, inventoryId=EMA000000013, status=Available, distributorNumber=null, customerRefNumber=null, orderNumber=null, attribute={Serial Number=TestValue4}, transferStatus=WAITING, remark=null, resourceType=DemoTest, resourceSubType=DemoTest, createdby=Admin Admin, updatedby=Admin Admin, createDate=2015-02-11 12:45:37.0, updatedDate=2015-02-13 16:54:53.0,subStatus=In-Transfer]
InventoryDetailVO [wareHouseName=Central, warehouseId=21, batchId=BT0000124, inventoryId=EMA000000014, status=New, distributorNumber=null, customerRefNumber=null, orderNumber=null, attribute={Serial Number=TestValue5}, transferStatus=null, remark=null, resourceType=DemoTest, resourceSubType=DemoTest, createdby=Admin Admin, updatedby=-, createDate=2015-02-11 12:45:37.0, updatedDate=null,subStatus=null]
InventoryDetailVO [wareHouseName=Central, warehouseId=21, batchId=BT0000125, inventoryId=INV000001881, status=Available, distributorNumber=null, customerRefNumber=null, orderNumber=null, attribute={Serial Number=TestValue1}, transferStatus=WAITING, remark=null, resourceType=DemoTest, resourceSubType=DemoTest, createdby=Admin Admin, updatedby=Admin Admin, createDate=2015-02-11 13:50:59.0, updatedDate=2015-02-13 17:10:10.0,subStatus=In-Transfer]
InventoryDetailVO [wareHouseName=Orange Shop, warehouseId=361, batchId=BT0000125, inventoryId=INV000001882, status=Available, distributorNumber=null, customerRefNumber=null, orderNumber=null, attribute={Serial Number=TestValue2}, transferStatus=null, remark=null, resourceType=DemoTest, resourceSubType=DemoTest, createdby=Admin Admin, updatedby=-, createDate=2015-02-11 13:50:59.0, updatedDate=null,subStatus=Accepted]
InventoryDetailVO [wareHouseName=Central, warehouseId=21, batchId=BT0000125, inventoryId=INV000001883, status=Faulty, distributorNumber=null, customerRefNumber=null, orderNumber=null, attribute={Serial Number=TestValue3}, transferStatus=null, remark=null, resourceType=DemoTest, resourceSubType=DemoTest, createdby=Admin Admin, updatedby=Admin Admin, createDate=2015-02-11 13:50:59.0, updatedDate=2015-02-16 17:18:33.0,subStatus=New]
InventoryDetailVO [wareHouseName=Central, warehouseId=21, batchId=BT0000125, inventoryId=INV000001884, status=Available, distributorNumber=null, customerRefNumber=null, orderNumber=null, attribute={Serial Number=TestValue4}, transferStatus=WAITING, remark=null, resourceType=DemoTest, resourceSubType=DemoTest, createdby=Admin Admin, updatedby=-, createDate=2015-02-11 13:50:59.0, updatedDate=null,subStatus=In-Transfer]
InventoryDetailVO [wareHouseName=Central, warehouseId=21, batchId=BT0000125, inventoryId=INV000001885, status=Available, distributorNumber=null, customerRefNumber=null, orderNumber=null, attribute={Serial Number=TestValue5}, transferStatus=WAITING, remark=null, resourceType=DemoTest, resourceSubType=DemoTest, createdby=Admin Admin, updatedby=-, createDate=2015-02-11 13:50:59.0, updatedDate=null,subStatus=In-Transfer]
InventoryDetailVO [wareHouseName=Central, warehouseId=21, batchId=BT0000125, inventoryId=INV000001886, status=Available, distributorNumber=null, customerRefNumber=null, orderNumber=null, attribute={Serial Number=TestValue1}, transferStatus=WAITING, remark=null, resourceType=DemoTest, resourceSubType=DemoTest, createdby=Admin Admin, updatedby=-, createDate=2015-02-11 13:50:59.0, updatedDate=null,subStatus=New]
InventoryDetailVO [wareHouseName=Central, warehouseId=21, batchId=BT0000125, inventoryId=INV000001888, status=Available, distributorNumber=null, customerRefNumber=null, orderNumber=null, attribute={Serial Number=TestValue3}, transferStatus=WAITING, remark=null, resourceType=DemoTest, resourceSubType=DemoTest, createdby=Admin Admin, updatedby=-, createDate=2015-02-11 13:50:59.0, updatedDate=null,subStatus=New]
InventoryDetailVO [wareHouseName=Central, warehouseId=21, batchId=BT0000125, inventoryId=INV000001889, status=Available, distributorNumber=null, customerRefNumber=null, orderNumber=null, attribute={Serial Number=TestValue4}, transferStatus=WAITING, remark=null, resourceType=DemoTest, resourceSubType=DemoTest, createdby=Admin Admin, updatedby=-, createDate=2015-02-11 13:50:59.0, updatedDate=null,subStatus=New]
InventoryDetailVO [wareHouseName=Central, warehouseId=21, batchId=BT0000125, inventoryId=INV000001890, status=Available, distributorNumber=null, customerRefNumber=null, orderNumber=null, attribute={Serial Number=TestValue5}, transferStatus=WAITING, remark=null, resourceType=DemoTest, resourceSubType=DemoTest, createdby=Admin Admin, updatedby=-, createDate=2015-02-11 13:50:59.0, updatedDate=null,subStatus=New]
InventoryDetailVO [wareHouseName=Central, warehouseId=21, batchId=BT0000125, inventoryId=INV000001891, status=Available, distributorNumber=null, customerRefNumber=null, orderNumber=null, attribute={Serial Number=TestValue1}, transferStatus=WAITING, remark=null, resourceType=DemoTest, resourceSubType=DemoTest, createdby=Admin Admin, updatedby=-, createDate=2015-02-11 13:50:59.0, updatedDate=null,subStatus=New]
InventoryDetailVO [wareHouseName=Central, warehouseId=21, batchId=BT0000125, inventoryId=INV000001893, status=Available, distributorNumber=null, customerRefNumber=null, orderNumber=null, attribute={Serial Number=TestValue3}, transferStatus=WAITING, remark=null, resourceType=DemoTest, resourceSubType=DemoTest, createdby=Admin Admin, updatedby=-, createDate=2015-02-11 13:50:59.0, updatedDate=null,subStatus=New]
InventoryDetailVO [wareHouseName=Central, warehouseId=21, batchId=BT0000125, inventoryId=INV000001895, status=Available, distributorNumber=null, customerRefNumber=null, orderNumber=null, attribute={Serial Number=TestValue5}, transferStatus=WAITING, remark=null, resourceType=DemoTest, resourceSubType=DemoTest, createdby=Admin Admin, updatedby=-, createDate=2015-02-11 13:50:59.0, updatedDate=null,subStatus=In-Transfer]
InventoryDetailVO [wareHouseName=Central, warehouseId=21, batchId=BT0000125, inventoryId=INV000001896, status=Available, distributorNumber=null, customerRefNumber=null, orderNumber=null, attribute={Serial Number=TestValue1}, transferStatus=WAITING, remark=null, resourceType=DemoTest, resourceSubType=DemoTest, createdby=Admin Admin, updatedby=-, createDate=2015-02-11 13:50:59.0, updatedDate=null,subStatus=In-Transfer]
InventoryDetailVO [wareHouseName=Central, warehouseId=21, batchId=BT0000125, inventoryId=INV000001897, status=Available, distributorNumber=null, customerRefNumber=null, orderNumber=null, attribute={Serial Number=TestValue2}, transferStatus=WAITING, remark=null, resourceType=DemoTest, resourceSubType=DemoTest, createdby=Admin Admin, updatedby=-, createDate=2015-02-11 13:50:59.0, updatedDate=null,subStatus=In-Transfer]
InventoryDetailVO [wareHouseName=Central, warehouseId=21, batchId=BT0000125, inventoryId=INV000001898, status=Available, distributorNumber=null, customerRefNumber=null, orderNumber=null, attribute={Serial Number=TestValue3}, transferStatus=WAITING, remark=null, resourceType=DemoTest, resourceSubType=DemoTest, createdby=Admin Admin, updatedby=-, createDate=2015-02-11 13:50:59.0, updatedDate=null,subStatus=In-Transfer]
InventoryDetailVO [wareHouseName=Central, warehouseId=21, batchId=BT0000125, inventoryId=INV000001899, status=Available, distributorNumber=null, customerRefNumber=null, orderNumber=null, attribute={Serial Number=TestValue4}, transferStatus=WAITING, remark=null, resourceType=DemoTest, resourceSubType=DemoTest, createdby=Admin Admin, updatedby=-, createDate=2015-02-11 13:50:59.0, updatedDate=null,subStatus=In-Transfer]
InventoryDetailVO [wareHouseName=Central, warehouseId=21, batchId=BT0000125, inventoryId=INV000001900, status=Available, distributorNumber=null, customerRefNumber=null, orderNumber=null, attribute={Serial Number=TestValue5}, transferStatus=WAITING, remark=null, resourceType=DemoTest, resourceSubType=DemoTest, createdby=Admin Admin, updatedby=-, createDate=2015-02-11 13:50:59.0, updatedDate=null,subStatus=In-Transfer]
InventoryDetailVO [wareHouseName=Central, warehouseId=21, batchId=BT0000125, inventoryId=INV000001901, status=Available, distributorNumber=null, customerRefNumber=null, orderNumber=null, attribute={Serial Number=TestValue1}, transferStatus=WAITING, remark=null, resourceType=DemoTest, resourceSubType=DemoTest, createdby=Admin Admin, updatedby=-, createDate=2015-02-11 13:50:59.0, updatedDate=null,subStatus=In-Transfer]
InventoryDetailVO [wareHouseName=Central, warehouseId=21, batchId=BT0000125, inventoryId=INV000001903, status=Available, distributorNumber=null, customerRefNumber=null, orderNumber=null, attribute={Serial Number=TestValue3}, transferStatus=WAITING, remark=null, resourceType=DemoTest, resourceSubType=DemoTest, createdby=Admin Admin, updatedby=-, createDate=2015-02-11 13:50:59.0, updatedDate=null,subStatus=In-Transfer]
InventoryDetailVO [wareHouseName=Central, warehouseId=21, batchId=BT0000125, inventoryId=INV000001905, status=Available, distributorNumber=null, customerRefNumber=null, orderNumber=null, attribute={Serial Number=TestValue1}, transferStatus=null, remark=null, resourceType=DemoTest, resourceSubType=DemoTest, createdby=Admin Admin, updatedby=-, createDate=2015-02-11 13:50:59.0, updatedDate=null,subStatus=New]
InventoryDetailVO [wareHouseName=Central, warehouseId=21, batchId=BT0000125, inventoryId=INV000001906, status=Available, distributorNumber=null, customerRefNumber=null, orderNumber=null, attribute={Serial Number=TestValue2}, transferStatus=null, remark=null, resourceType=DemoTest, resourceSubType=DemoTest, createdby=Admin Admin, updatedby=-, createDate=2015-02-11 13:50:59.0, updatedDate=null,subStatus=New]
InventoryDetailVO [wareHouseName=Central, warehouseId=21, batchId=BT0000125, inventoryId=INV000001908, status=Available, distributorNumber=null, customerRefNumber=null, orderNumber=null, attribute={Serial Number=TestValue4}, transferStatus=WAITING, remark=null, resourceType=DemoTest, resourceSubType=DemoTest, createdby=Admin Admin, updatedby=-, createDate=2015-02-11 13:50:59.0, updatedDate=null,subStatus=In-Transfer]
InventoryDetailVO [wareHouseName=Central, warehouseId=21, batchId=BT0000125, inventoryId=INV000001910, status=Available, distributorNumber=null, customerRefNumber=null, orderNumber=null, attribute={Serial Number=TestValue5}, transferStatus=null, remark=null, resourceType=DemoTest, resourceSubType=DemoTest, createdby=Admin Admin, updatedby=-, createDate=2015-02-11 13:50:59.0, updatedDate=null,subStatus=New]
InventoryDetailVO [wareHouseName=Central, warehouseId=21, batchId=BT0000126, inventoryId=INV000002001, status=Retired, distributorNumber=null, customerRefNumber=null, orderNumber=null, attribute={Serial Number=TestValue1}, transferStatus=null, remark=null, resourceType=DemoTest, resourceSubType=DemoTest, createdby=Admin Admin, updatedby=-, createDate=2015-02-11 16:52:33.0, updatedDate=null,subStatus=null]
InventoryDetailVO [wareHouseName=Central, warehouseId=21, batchId=BT0000126, inventoryId=INV000002002, status=Retired, distributorNumber=null, customerRefNumber=null, orderNumber=null, attribute={Serial Number=TestValue2}, transferStatus=null, remark=null, resourceType=DemoTest, resourceSubType=DemoTest, createdby=Admin Admin, updatedby=-, createDate=2015-02-11 16:52:33.0, updatedDate=null,subStatus=null]
InventoryDetailVO [wareHouseName=Central, warehouseId=21, batchId=BT0000126, inventoryId=INV000002003, status=Retired, distributorNumber=null, customerRefNumber=null, orderNumber=null, attribute={Serial Number=TestValue3}, transferStatus=null, remark=null, resourceType=DemoTest, resourceSubType=DemoTest, createdby=Admin Admin, updatedby=-, createDate=2015-02-11 16:52:33.0, updatedDate=null,subStatus=null]
InventoryDetailVO [wareHouseName=Central, warehouseId=21, batchId=BT0000126, inventoryId=INV000002004, status=Retired, distributorNumber=null, customerRefNumber=null, orderNumber=null, attribute={Serial Number=TestValue4}, transferStatus=null, remark=null, resourceType=DemoTest, resourceSubType=DemoTest, createdby=Admin Admin, updatedby=-, createDate=2015-02-11 16:52:33.0, updatedDate=null,subStatus=null]
InventoryDetailVO [wareHouseName=Central, warehouseId=21, batchId=BT0000126, inventoryId=INV000002005, status=Retired, distributorNumber=null, customerRefNumber=null, orderNumber=null, attribute={Serial Number=TestValue5}, transferStatus=null, remark=null, resourceType=DemoTest, resourceSubType=DemoTest, createdby=Admin Admin, updatedby=-, createDate=2015-02-11 16:52:33.0, updatedDate=null,subStatus=null]
InventoryDetailVO [wareHouseName=WHCode, warehouseId=342, batchId=BT0000130, inventoryId=INV00000200111, status=Available, distributorNumber=null, customerRefNumber=null, orderNumber=null, attribute={Serial Number=TestValue1}, transferStatus=null, remark=null, resourceType=DemoTest, resourceSubType=DemoTest, createdby=Admin Admin, updatedby=Admin Admin, createDate=2015-02-16 18:19:18.0, updatedDate=2015-02-17 18:12:51.0,subStatus=New]
InventoryDetailVO [wareHouseName=WHCode, warehouseId=342, batchId=BT0000130, inventoryId=INV00000200112, status=Faulty, distributorNumber=null, customerRefNumber=null, orderNumber=null, attribute={Serial Number=TestValue2}, transferStatus=null, remark=null, resourceType=DemoTest, resourceSubType=DemoTest, createdby=Admin Admin, updatedby=Admin Admin, createDate=2015-02-16 18:19:18.0, updatedDate=2015-02-17 18:15:36.0,subStatus=null]
InventoryDetailVO [wareHouseName=WHCode, warehouseId=342, batchId=BT0000130, inventoryId=INV00000200113, status=Reserved, distributorNumber=null, customerRefNumber=null, orderNumber=null, attribute={Serial Number=TestValue3}, transferStatus=null, remark=null, resourceType=DemoTest, resourceSubType=DemoTest, createdby=Admin Admin, updatedby=Admin Admin, createDate=2015-02-16 18:19:18.0, updatedDate=2015-02-17 16:28:47.0,subStatus=null]
InventoryDetailVO [wareHouseName=WHCode, warehouseId=342, batchId=BT0000130, inventoryId=INV00000200114, status=New, distributorNumber=null, customerRefNumber=null, orderNumber=null, attribute={Serial Number=TestValue4}, transferStatus=null, remark=null, resourceType=DemoTest, resourceSubType=DemoTest, createdby=Admin Admin, updatedby=-, createDate=2015-02-16 18:19:18.0, updatedDate=null,subStatus=null]
InventoryDetailVO [wareHouseName=WHCode, warehouseId=342, batchId=BT0000130, inventoryId=INV00000200115, status=New, distributorNumber=null, customerRefNumber=null, orderNumber=null, attribute={Serial Number=TestValue5}, transferStatus=null, remark=null, resourceType=DemoTest, resourceSubType=DemoTest, createdby=Admin Admin, updatedby=-, createDate=2015-02-16 18:19:18.0, updatedDate=null,subStatus=null]
InventoryDetailVO [wareHouseName=WHCode, warehouseId=342, batchId=BT0000131, inventoryId=INV00000200116, status=Available, distributorNumber=null, customerRefNumber=null, orderNumber=null, attribute={Serial Number=TestValue1}, transferStatus=null, remark=null, resourceType=DemoTest, resourceSubType=DemoTest, createdby=Admin Admin, updatedby=-, createDate=2015-02-16 18:33:10.0, updatedDate=null,subStatus=New]
InventoryDetailVO [wareHouseName=WHCode, warehouseId=342, batchId=BT0000131, inventoryId=INV00000200117, status=Available, distributorNumber=null, customerRefNumber=null, orderNumber=null, attribute={Serial Number=TestValue2}, transferStatus=null, remark=null, resourceType=DemoTest, resourceSubType=DemoTest, createdby=Admin Admin, updatedby=-, createDate=2015-02-16 18:33:10.0, updatedDate=null,subStatus=New]
InventoryDetailVO [wareHouseName=WHCode, warehouseId=342, batchId=BT0000131, inventoryId=INV00000200118, status=Available, distributorNumber=null, customerRefNumber=null, orderNumber=null, attribute={Serial Number=TestValue3}, transferStatus=null, remark=null, resourceType=DemoTest, resourceSubType=DemoTest, createdby=Admin Admin, updatedby=-, createDate=2015-02-16 18:33:10.0, updatedDate=null,subStatus=New]
InventoryDetailVO [wareHouseName=WHCode, warehouseId=342, batchId=BT0000131, inventoryId=INV00000200119, status=Available, distributorNumber=null, customerRefNumber=null, orderNumber=null, attribute={Serial Number=TestValue4}, transferStatus=null, remark=null, resourceType=DemoTest, resourceSubType=DemoTest, createdby=Admin Admin, updatedby=-, createDate=2015-02-16 18:33:10.0, updatedDate=null,subStatus=New]
InventoryDetailVO [wareHouseName=WHCode, warehouseId=342, batchId=BT0000131, inventoryId=INV00000200120, status=Faulty, distributorNumber=null, customerRefNumber=null, orderNumber=null, attribute={Serial Number=TestValue5}, transferStatus=null, remark=null, resourceType=DemoTest, resourceSubType=DemoTest, createdby=Admin Admin, updatedby=Admin Admin, createDate=2015-02-16 18:33:10.0, updatedDate=2015-02-17 18:17:31.0,subStatus=Refurnished]
InventoryDetailVO [wareHouseName=WHCode, warehouseId=342, batchId=BT0000132, inventoryId=INV00000200121, status=Available, distributorNumber=null, customerRefNumber=null, orderNumber=null, attribute={Serial Number=TestValue1}, transferStatus=null, remark=null, resourceType=DemoTest, resourceSubType=DemoTest, createdby=Admin Admin, updatedby=-, createDate=2015-02-16 19:11:24.0, updatedDate=null,subStatus=New]
InventoryDetailVO [wareHouseName=WHCode, warehouseId=342, batchId=BT0000132, inventoryId=INV00000200122, status=Available, distributorNumber=null, customerRefNumber=null, orderNumber=null, attribute={Serial Number=TestValue2}, transferStatus=null, remark=null, resourceType=DemoTest, resourceSubType=DemoTest, createdby=Admin Admin, updatedby=-, createDate=2015-02-16 19:11:24.0, updatedDate=null,subStatus=New]
InventoryDetailVO [wareHouseName=WHCode, warehouseId=342, batchId=BT0000132, inventoryId=INV00000200123, status=Available, distributorNumber=null, customerRefNumber=null, orderNumber=null, attribute={Serial Number=TestValue3}, transferStatus=null, remark=null, resourceType=DemoTest, resourceSubType=DemoTest, createdby=Admin Admin, updatedby=-, createDate=2015-02-16 19:11:24.0, updatedDate=null,subStatus=New]
InventoryDetailVO [wareHouseName=WHCode, warehouseId=342, batchId=BT0000132, inventoryId=INV00000200124, status=Available, distributorNumber=null, customerRefNumber=null, orderNumber=null, attribute={Serial Number=TestValue4}, transferStatus=null, remark=null, resourceType=DemoTest, resourceSubType=DemoTest, createdby=Admin Admin, updatedby=-, createDate=2015-02-16 19:11:24.0, updatedDate=null,subStatus=New]
InventoryDetailVO [wareHouseName=WHCode, warehouseId=342, batchId=BT0000132, inventoryId=INV00000200125, status=Available, distributorNumber=null, customerRefNumber=null, orderNumber=null, attribute={Serial Number=TestValue5}, transferStatus=null, remark=null, resourceType=DemoTest, resourceSubType=DemoTest, createdby=Admin Admin, updatedby=-, createDate=2015-02-16 19:11:24.0, updatedDate=null,subStatus=New]
InventoryDetailVO [wareHouseName=Central, warehouseId=21, batchId=BT0000133, inventoryId=INV000001331, status=Available, distributorNumber=null, customerRefNumber=null, orderNumber=null, attribute={Serial Number=TestValue1}, transferStatus=null, remark=null, resourceType=DemoTest, resourceSubType=DemoTest, createdby=Admin Admin, updatedby=-, createDate=2015-03-13 09:52:17.0, updatedDate=null,subStatus=New]
InventoryDetailVO [wareHouseName=Central, warehouseId=21, batchId=BT0000133, inventoryId=INV000001332, status=Available, distributorNumber=null, customerRefNumber=null, orderNumber=null, attribute={Serial Number=TestValue2}, transferStatus=null, remark=null, resourceType=DemoTest, resourceSubType=DemoTest, createdby=Admin Admin, updatedby=-, createDate=2015-03-13 09:52:17.0, updatedDate=null,subStatus=New]
InventoryDetailVO [wareHouseName=Central, warehouseId=21, batchId=BT0000133, inventoryId=INV000001333, status=Available, distributorNumber=null, customerRefNumber=null, orderNumber=null, attribute={Serial Number=TestValue3}, transferStatus=null, remark=null, resourceType=DemoTest, resourceSubType=DemoTest, createdby=Admin Admin, updatedby=-, createDate=2015-03-13 09:52:17.0, updatedDate=null,subStatus=New]
InventoryDetailVO [wareHouseName=Central, warehouseId=21, batchId=BT0000133, inventoryId=INV000001334, status=Available, distributorNumber=null, customerRefNumber=null, orderNumber=null, attribute={Serial Number=TestValue4}, transferStatus=null, remark=null, resourceType=DemoTest, resourceSubType=DemoTest, createdby=Admin Admin, updatedby=-, createDate=2015-03-13 09:52:17.0, updatedDate=null,subStatus=New]
InventoryDetailVO [wareHouseName=Central, warehouseId=21, batchId=BT0000133, inventoryId=INV000001335, status=Available, distributorNumber=null, customerRefNumber=null, orderNumber=null, attribute={Serial Number=TestValue5}, transferStatus=null, remark=null, resourceType=DemoTest, resourceSubType=DemoTest, createdby=Admin Admin, updatedby=-, createDate=2015-03-13 09:52:17.0, updatedDate=null,subStatus=New]
InventoryDetailVO [wareHouseName=Central, warehouseId=21, batchId=BT0000133, inventoryId=INV000001336, status=Available, distributorNumber=null, customerRefNumber=null, orderNumber=null, attribute={Serial Number=TestValue1}, transferStatus=null, remark=null, resourceType=DemoTest, resourceSubType=DemoTest, createdby=Admin Admin, updatedby=-, createDate=2015-03-13 09:52:17.0, updatedDate=null,subStatus=New]
InventoryDetailVO [wareHouseName=Central, warehouseId=21, batchId=BT0000133, inventoryId=INV000001337, status=Available, distributorNumber=null, customerRefNumber=null, orderNumber=null, attribute={Serial Number=TestValue2}, transferStatus=null, remark=null, resourceType=DemoTest, resourceSubType=DemoTest, createdby=Admin Admin, updatedby=-, createDate=2015-03-13 09:52:17.0, updatedDate=null,subStatus=New]
InventoryDetailVO [wareHouseName=Central, warehouseId=21, batchId=BT0000133, inventoryId=INV000001338, status=Available, distributorNumber=null, customerRefNumber=null, orderNumber=null, attribute={Serial Number=TestValue3}, transferStatus=null, remark=null, resourceType=DemoTest, resourceSubType=DemoTest, createdby=Admin Admin, updatedby=-, createDate=2015-03-13 09:52:17.0, updatedDate=null,subStatus=New]
InventoryDetailVO [wareHouseName=Central, warehouseId=21, batchId=BT0000133, inventoryId=INV000001339, status=Available, distributorNumber=null, customerRefNumber=null, orderNumber=null, attribute={Serial Number=TestValue4}, transferStatus=null, remark=null, resourceType=DemoTest, resourceSubType=DemoTest, createdby=Admin Admin, updatedby=-, createDate=2015-03-13 09:52:17.0, updatedDate=null,subStatus=New]
InventoryDetailVO [wareHouseName=Central, warehouseId=21, batchId=BT0000133, inventoryId=INV000001340, status=Available, distributorNumber=null, customerRefNumber=null, orderNumber=null, attribute={Serial Number=TestValue5}, transferStatus=null, remark=null, resourceType=DemoTest, resourceSubType=DemoTest, createdby=Admin Admin, updatedby=-, createDate=2015-03-13 09:52:17.0, updatedDate=null,subStatus=New]
[JM] Inside searchInventoryBatchData() BD:
[JM] List size in BD:59
InventoryBatchViewVO [validcount=10, invalidcount=0, batchNumber=BT0000133]
InventoryBatchViewVO [validcount=5, invalidcount=0, batchNumber=BT0000132]
InventoryBatchViewVO [validcount=5, invalidcount=0, batchNumber=BT0000131]
InventoryBatchViewVO [validcount=5, invalidcount=0, batchNumber=BT0000130]
InventoryBatchViewVO [validcount=0, invalidcount=5, batchNumber=BT0000129]
InventoryBatchViewVO [validcount=0, invalidcount=5, batchNumber=BT0000128]
InventoryBatchViewVO [validcount=0, invalidcount=5, batchNumber=BT0000127]
InventoryBatchViewVO [validcount=5, invalidcount=0, batchNumber=BT0000126]
InventoryBatchViewVO [validcount=23, invalidcount=7, batchNumber=BT0000125]
InventoryBatchViewVO [validcount=5, invalidcount=0, batchNumber=BT0000124]
InventoryBatchViewVO [validcount=5, invalidcount=0, batchNumber=BT0000123]
InventoryBatchViewVO [validcount=0, invalidcount=5, batchNumber=BT0000122]
InventoryBatchViewVO [validcount=0, invalidcount=5, batchNumber=BT0000121]
InventoryBatchViewVO [validcount=0, invalidcount=5, batchNumber=BT0000120]
InventoryBatchViewVO [validcount=0, invalidcount=5, batchNumber=BT0000119]
InventoryBatchViewVO [validcount=0, invalidcount=5, batchNumber=BT0000118]
InventoryBatchViewVO [validcount=0, invalidcount=5, batchNumber=BT0000117]
InventoryBatchViewVO [validcount=5, invalidcount=0, batchNumber=BT0000116]
InventoryBatchViewVO [validcount=0, invalidcount=5, batchNumber=BT0000115]
InventoryBatchViewVO [validcount=0, invalidcount=1, batchNumber=BT0000114]
InventoryBatchViewVO [validcount=0, invalidcount=5, batchNumber=BT0000113]
InventoryBatchViewVO [validcount=0, invalidcount=5, batchNumber=BT0000112]
InventoryBatchViewVO [validcount=4, invalidcount=1, batchNumber=BT0000111]
InventoryBatchViewVO [validcount=5, invalidcount=0, batchNumber=BT0000110]
InventoryBatchViewVO [validcount=5, invalidcount=0, batchNumber=BT0000109]
InventoryBatchViewVO [validcount=10, invalidcount=0, batchNumber=BT0000108]
InventoryBatchViewVO [validcount=0, invalidcount=5, batchNumber=BT0000107]
InventoryBatchViewVO [validcount=10, invalidcount=0, batchNumber=BT0000106]
InventoryBatchViewVO [validcount=10, invalidcount=0, batchNumber=BT0000105]
InventoryBatchViewVO [validcount=10, invalidcount=0, batchNumber=BT0000104]
InventoryBatchViewVO [validcount=0, invalidcount=10, batchNumber=BT0000103]
InventoryBatchViewVO [validcount=0, invalidcount=10, batchNumber=BT0000102]
InventoryBatchViewVO [validcount=10, invalidcount=0, batchNumber=BT0000101]
InventoryBatchViewVO [validcount=10, invalidcount=0, batchNumber=BT0000100]
InventoryBatchViewVO [validcount=0, invalidcount=0, batchNumber=BT0000099]
InventoryBatchViewVO [validcount=10, invalidcount=0, batchNumber=BT0000098]
InventoryBatchViewVO [validcount=0, invalidcount=10, batchNumber=BT0000097]
InventoryBatchViewVO [validcount=10, invalidcount=0, batchNumber=BT0000096]
InventoryBatchViewVO [validcount=10, invalidcount=0, batchNumber=BT0000095]
InventoryBatchViewVO [validcount=0, invalidcount=10, batchNumber=BT0000094]
InventoryBatchViewVO [validcount=0, invalidcount=10, batchNumber=BT0000093]
InventoryBatchViewVO [validcount=0, invalidcount=10, batchNumber=BT0000092]
InventoryBatchViewVO [validcount=0, invalidcount=10, batchNumber=BT0000091]
InventoryBatchViewVO [validcount=10, invalidcount=0, batchNumber=BT0000090]
InventoryBatchViewVO [validcount=0, invalidcount=0, batchNumber=BT0000089]
InventoryBatchViewVO [validcount=10, invalidcount=0, batchNumber=BT0000088]
InventoryBatchViewVO [validcount=0, invalidcount=0, batchNumber=BT0000087]
InventoryBatchViewVO [validcount=0, invalidcount=0, batchNumber=BT0000086]
InventoryBatchViewVO [validcount=0, invalidcount=10, batchNumber=BT0000085]
InventoryBatchViewVO [validcount=0, invalidcount=0, batchNumber=BT0000084]
InventoryBatchViewVO [validcount=0, invalidcount=10, batchNumber=BT0000083]
InventoryBatchViewVO [validcount=10, invalidcount=0, batchNumber=BT0000082]
InventoryBatchViewVO [validcount=0, invalidcount=5, batchNumber=BT0000081]
InventoryBatchViewVO [validcount=4, invalidcount=1, batchNumber=BT0000080]
InventoryBatchViewVO [validcount=5, invalidcount=0, batchNumber=BT0000079]
InventoryBatchViewVO [validcount=0, invalidcount=5, batchNumber=BT0000078]
InventoryBatchViewVO [validcount=5, invalidcount=0, batchNumber=BT0000077]
InventoryBatchViewVO [validcount=0, invalidcount=5, batchNumber=BT0000076]
InventoryBatchViewVO [validcount=5, invalidcount=0, batchNumber=BTC04554]
Junit Start
]]></system-out>
  <system-err><![CDATA[log4j:WARN No appenders could be found for logger (org.jnp.interfaces.TimedSocketFactory).
log4j:WARN Please initialize the log4j system properly.
log4j:WARN See http://logging.apache.org/log4j/1.2/faq.html#noconfig for more info.
com.elitecore.cpe.bl.exception.AccessDeniedException: Invalid Userame / Password
	at com.elitecore.cpe.bl.facade.bss.user.BSSUserFacade.doLogin(BSSUserFacade.java:152)
	at sun.reflect.GeneratedMethodAccessor440.invoke(Unknown Source)
	at sun.reflect.DelegatingMethodAccessorImpl.invoke(DelegatingMethodAccessorImpl.java:25)
	at java.lang.reflect.Method.invoke(Method.java:597)
	at org.jboss.aop.joinpoint.MethodInvocation.invokeTarget(MethodInvocation.java:122)
	at org.jboss.aop.joinpoint.MethodInvocation.invokeNext(MethodInvocation.java:111)
	at org.jboss.ejb3.interceptors.container.ContainerMethodInvocationWrapper.invokeNext(ContainerMethodInvocationWrapper.java:72)
	at org.jboss.ejb3.interceptors.aop.InterceptorSequencer.invoke(InterceptorSequencer.java:76)
	at org.jboss.ejb3.interceptors.aop.InterceptorSequencer.aroundInvoke(InterceptorSequencer.java:62)
	at sun.reflect.GeneratedMethodAccessor365.invoke(Unknown Source)
	at sun.reflect.DelegatingMethodAccessorImpl.invoke(DelegatingMethodAccessorImpl.java:25)
	at java.lang.reflect.Method.invoke(Method.java:597)
	at org.jboss.aop.advice.PerJoinpointAdvice.invoke(PerJoinpointAdvice.java:174)
	at org.jboss.aop.joinpoint.MethodInvocation.invokeNext(MethodInvocation.java:102)
	at org.jboss.ejb3.interceptors.aop.InvocationContextInterceptor.fillMethod(InvocationContextInterceptor.java:74)
	at org.jboss.aop.advice.org.jboss.ejb3.interceptors.aop.InvocationContextInterceptor_z_fillMethod_1773080527.invoke(InvocationContextInterceptor_z_fillMethod_1773080527.java)
	at org.jboss.aop.joinpoint.MethodInvocation.invokeNext(MethodInvocation.java:102)
	at org.jboss.ejb3.interceptors.aop.InvocationContextInterceptor.setup(InvocationContextInterceptor.java:90)
	at org.jboss.aop.advice.org.jboss.ejb3.interceptors.aop.InvocationContextInterceptor_z_setup_1773080527.invoke(InvocationContextInterceptor_z_setup_1773080527.java)
	at org.jboss.aop.joinpoint.MethodInvocation.invokeNext(MethodInvocation.java:102)
	at org.jboss.ejb3.async.impl.interceptor.AsynchronousServerInterceptor.invoke(AsynchronousServerInterceptor.java:128)
	at org.jboss.aop.joinpoint.MethodInvocation.invokeNext(MethodInvocation.java:102)
	at org.jboss.ejb3.connectionmanager.CachedConnectionInterceptor.invoke(CachedConnectionInterceptor.java:62)
	at org.jboss.aop.joinpoint.MethodInvocation.invokeNext(MethodInvocation.java:102)
	at org.jboss.ejb3.entity.TransactionScopedEntityManagerInterceptor.invoke(TransactionScopedEntityManagerInterceptor.java:56)
	at org.jboss.aop.joinpoint.MethodInvocation.invokeNext(MethodInvocation.java:102)
	at org.jboss.ejb3.AllowedOperationsInterceptor.invoke(AllowedOperationsInterceptor.java:47)
	at org.jboss.aop.joinpoint.MethodInvocation.invokeNext(MethodInvocation.java:102)
	at org.jboss.ejb3.tx.NullInterceptor.invoke(NullInterceptor.java:42)
	at org.jboss.aop.joinpoint.MethodInvocation.invokeNext(MethodInvocation.java:102)
	at org.jboss.ejb3.stateless.StatelessInstanceInterceptor.invoke(StatelessInstanceInterceptor.java:68)
	at org.jboss.aop.joinpoint.MethodInvocation.invokeNext(MethodInvocation.java:102)
	at org.jboss.ejb3.core.context.SessionInvocationContextAdapter.proceed(SessionInvocationContextAdapter.java:95)
	at org.jboss.ejb3.tx2.impl.CMTTxInterceptor.invokeInCallerTx(CMTTxInterceptor.java:223)
	at org.jboss.ejb3.tx2.impl.CMTTxInterceptor.required(CMTTxInterceptor.java:353)
	at org.jboss.ejb3.tx2.impl.CMTTxInterceptor.invoke(CMTTxInterceptor.java:209)
	at org.jboss.ejb3.tx2.aop.CMTTxInterceptorWrapper.invoke(CMTTxInterceptorWrapper.java:52)
	at org.jboss.aop.joinpoint.MethodInvocation.invokeNext(MethodInvocation.java:102)
	at org.jboss.aspects.tx.TxPropagationInterceptor.invoke(TxPropagationInterceptor.java:76)
	at org.jboss.aop.joinpoint.MethodInvocation.invokeNext(MethodInvocation.java:102)
	at org.jboss.ejb3.tx.NullInterceptor.invoke(NullInterceptor.java:42)
	at org.jboss.aop.joinpoint.MethodInvocation.invokeNext(MethodInvocation.java:102)
	at org.jboss.ejb3.security.Ejb3AuthenticationInterceptorv2.invoke(Ejb3AuthenticationInterceptorv2.java:182)
	at org.jboss.aop.joinpoint.MethodInvocation.invokeNext(MethodInvocation.java:102)
	at org.jboss.ejb3.ENCPropagationInterceptor.invoke(ENCPropagationInterceptor.java:41)
	at org.jboss.aop.joinpoint.MethodInvocation.invokeNext(MethodInvocation.java:102)
	at org.jboss.ejb3.BlockContainerShutdownInterceptor.invoke(BlockContainerShutdownInterceptor.java:67)
	at org.jboss.aop.joinpoint.MethodInvocation.invokeNext(MethodInvocation.java:102)
	at org.jboss.ejb3.core.context.CurrentInvocationContextInterceptor.invoke(CurrentInvocationContextInterceptor.java:47)
	at org.jboss.aop.joinpoint.MethodInvocation.invokeNext(MethodInvocation.java:102)
	at org.jboss.aspects.currentinvocation.CurrentInvocationInterceptor.invoke(CurrentInvocationInterceptor.java:67)
	at org.jboss.aop.joinpoint.MethodInvocation.invokeNext(MethodInvocation.java:102)
	at org.jboss.ejb3.interceptor.EJB3TCCLInterceptor.invoke(EJB3TCCLInterceptor.java:86)
	at org.jboss.aop.joinpoint.MethodInvocation.invokeNext(MethodInvocation.java:102)
	at org.jboss.ejb3.session.SessionSpecContainer.invoke(SessionSpecContainer.java:333)
	at org.jboss.ejb3.session.SessionSpecContainer.invoke(SessionSpecContainer.java:390)
	at sun.reflect.GeneratedMethodAccessor802.invoke(Unknown Source)
	at sun.reflect.DelegatingMethodAccessorImpl.invoke(DelegatingMethodAccessorImpl.java:25)
	at java.lang.reflect.Method.invoke(Method.java:597)
	at org.jboss.ejb3.proxy.impl.handler.session.SessionLocalProxyInvocationHandler$LocalContainerInvocation.invokeTarget(SessionLocalProxyInvocationHandler.java:184)
	at org.jboss.aop.joinpoint.MethodInvocation.invokeNext(MethodInvocation.java:111)
	at org.jboss.ejb3.async.impl.interceptor.AsynchronousClientInterceptor.invoke(AsynchronousClientInterceptor.java:143)
	at org.jboss.aop.joinpoint.MethodInvocation.invokeNext(MethodInvocation.java:102)
	at org.jboss.ejb3.proxy.impl.handler.session.SessionLocalProxyInvocationHandler$LocalInvokableContextHandler.invoke(SessionLocalProxyInvocationHandler.java:159)
	at $Proxy212.invoke(Unknown Source)
	at org.jboss.ejb3.proxy.impl.handler.session.SessionProxyInvocationHandlerBase.invoke(SessionProxyInvocationHandlerBase.java:185)
	at $Proxy207.doLogin(Unknown Source)
	at com.elitecore.cpe.bl.controller.system.BSSUserAuthController.doLogin(BSSUserAuthController.java:35)
	at com.elitecore.cpe.bl.factory.system.user.UserFactory.doLogin(UserFactory.java:49)
	at com.elitecore.cpe.bl.factory.system.user.UserFactory.doLogin(UserFactory.java:57)
	at com.elitecore.cpe.bl.facade.system.user.UserFacade.doLogin(UserFacade.java:53)
	at sun.reflect.GeneratedMethodAccessor439.invoke(Unknown Source)
	at sun.reflect.DelegatingMethodAccessorImpl.invoke(DelegatingMethodAccessorImpl.java:25)
	at java.lang.reflect.Method.invoke(Method.java:597)
	at org.jboss.aop.joinpoint.MethodInvocation.invokeTarget(MethodInvocation.java:122)
	at org.jboss.aop.joinpoint.MethodInvocation.invokeNext(MethodInvocation.java:111)
	at org.jboss.ejb3.interceptors.container.ContainerMethodInvocationWrapper.invokeNext(ContainerMethodInvocationWrapper.java:72)
	at org.jboss.ejb3.interceptors.aop.InterceptorSequencer.invoke(InterceptorSequencer.java:76)
	at org.jboss.ejb3.interceptors.aop.InterceptorSequencer.aroundInvoke(InterceptorSequencer.java:62)
	at sun.reflect.GeneratedMethodAccessor365.invoke(Unknown Source)
	at sun.reflect.DelegatingMethodAccessorImpl.invoke(DelegatingMethodAccessorImpl.java:25)
	at java.lang.reflect.Method.invoke(Method.java:597)
	at org.jboss.aop.advice.PerJoinpointAdvice.invoke(PerJoinpointAdvice.java:174)
	at org.jboss.aop.joinpoint.MethodInvocation.invokeNext(MethodInvocation.java:102)
	at org.jboss.ejb3.interceptors.aop.InvocationContextInterceptor.fillMethod(InvocationContextInterceptor.java:74)
	at org.jboss.aop.advice.org.jboss.ejb3.interceptors.aop.InvocationContextInterceptor_z_fillMethod_1773080527.invoke(InvocationContextInterceptor_z_fillMethod_1773080527.java)
	at org.jboss.aop.joinpoint.MethodInvocation.invokeNext(MethodInvocation.java:102)
	at org.jboss.ejb3.interceptors.aop.InvocationContextInterceptor.setup(InvocationContextInterceptor.java:90)
	at org.jboss.aop.advice.org.jboss.ejb3.interceptors.aop.InvocationContextInterceptor_z_setup_1773080527.invoke(InvocationContextInterceptor_z_setup_1773080527.java)
	at org.jboss.aop.joinpoint.MethodInvocation.invokeNext(MethodInvocation.java:102)
	at org.jboss.ejb3.async.impl.interceptor.AsynchronousServerInterceptor.invoke(AsynchronousServerInterceptor.java:128)
	at org.jboss.aop.joinpoint.MethodInvocation.invokeNext(MethodInvocation.java:102)
	at org.jboss.ejb3.connectionmanager.CachedConnectionInterceptor.invoke(CachedConnectionInterceptor.java:62)
	at org.jboss.aop.joinpoint.MethodInvocation.invokeNext(MethodInvocation.java:102)
	at org.jboss.ejb3.entity.TransactionScopedEntityManagerInterceptor.invoke(TransactionScopedEntityManagerInterceptor.java:56)
	at org.jboss.aop.joinpoint.MethodInvocation.invokeNext(MethodInvocation.java:102)
	at org.jboss.ejb3.AllowedOperationsInterceptor.invoke(AllowedOperationsInterceptor.java:47)
	at org.jboss.aop.joinpoint.MethodInvocation.invokeNext(MethodInvocation.java:102)
	at org.jboss.ejb3.tx.NullInterceptor.invoke(NullInterceptor.java:42)
	at org.jboss.aop.joinpoint.MethodInvocation.invokeNext(MethodInvocation.java:102)
	at org.jboss.ejb3.stateless.StatelessInstanceInterceptor.invoke(StatelessInstanceInterceptor.java:68)
	at org.jboss.aop.joinpoint.MethodInvocation.invokeNext(MethodInvocation.java:102)
	at org.jboss.ejb3.core.context.SessionInvocationContextAdapter.proceed(SessionInvocationContextAdapter.java:95)
	at org.jboss.ejb3.tx2.impl.CMTTxInterceptor.invokeInOurTx(CMTTxInterceptor.java:247)
	at org.jboss.ejb3.tx2.impl.CMTTxInterceptor.required(CMTTxInterceptor.java:349)
	at org.jboss.ejb3.tx2.impl.CMTTxInterceptor.invoke(CMTTxInterceptor.java:209)
	at org.jboss.ejb3.tx2.aop.CMTTxInterceptorWrapper.invoke(CMTTxInterceptorWrapper.java:52)
	at org.jboss.aop.joinpoint.MethodInvocation.invokeNext(MethodInvocation.java:102)
	at org.jboss.aspects.tx.TxPropagationInterceptor.invoke(TxPropagationInterceptor.java:76)
	at org.jboss.aop.joinpoint.MethodInvocation.invokeNext(MethodInvocation.java:102)
	at org.jboss.ejb3.tx.NullInterceptor.invoke(NullInterceptor.java:42)
	at org.jboss.aop.joinpoint.MethodInvocation.invokeNext(MethodInvocation.java:102)
	at org.jboss.ejb3.security.Ejb3AuthenticationInterceptorv2.invoke(Ejb3AuthenticationInterceptorv2.java:182)
	at org.jboss.aop.joinpoint.MethodInvocation.invokeNext(MethodInvocation.java:102)
	at org.jboss.ejb3.ENCPropagationInterceptor.invoke(ENCPropagationInterceptor.java:41)
	at org.jboss.aop.joinpoint.MethodInvocation.invokeNext(MethodInvocation.java:102)
	at org.jboss.ejb3.BlockContainerShutdownInterceptor.invoke(BlockContainerShutdownInterceptor.java:67)
	at org.jboss.aop.joinpoint.MethodInvocation.invokeNext(MethodInvocation.java:102)
	at org.jboss.ejb3.core.context.CurrentInvocationContextInterceptor.invoke(CurrentInvocationContextInterceptor.java:47)
	at org.jboss.aop.joinpoint.MethodInvocation.invokeNext(MethodInvocation.java:102)
	at org.jboss.aspects.currentinvocation.CurrentInvocationInterceptor.invoke(CurrentInvocationInterceptor.java:67)
	at org.jboss.aop.joinpoint.MethodInvocation.invokeNext(MethodInvocation.java:102)
	at org.jboss.ejb3.interceptor.EJB3TCCLInterceptor.invoke(EJB3TCCLInterceptor.java:86)
	at org.jboss.aop.joinpoint.MethodInvocation.invokeNext(MethodInvocation.java:102)
	at org.jboss.ejb3.stateless.StatelessContainer.dynamicInvoke(StatelessContainer.java:392)
	at org.jboss.ejb3.session.InvokableContextClassProxyHack._dynamicInvoke(InvokableContextClassProxyHack.java:53)
	at org.jboss.aop.Dispatcher.invoke(Dispatcher.java:91)
	at org.jboss.aspects.remoting.AOPRemotingInvocationHandler.invoke(AOPRemotingInvocationHandler.java:82)
	at org.jboss.remoting.ServerInvoker.invoke(ServerInvoker.java:967)
	at org.jboss.remoting.transport.socket.ServerThread.completeInvocation(ServerThread.java:791)
	at org.jboss.remoting.transport.socket.ServerThread.processInvocation(ServerThread.java:744)
	at org.jboss.remoting.transport.socket.ServerThread.dorun(ServerThread.java:548)
	at org.jboss.remoting.transport.socket.ServerThread.run(ServerThread.java:234)
	at org.jboss.remoting.MicroRemoteClientInvoker.invoke(MicroRemoteClientInvoker.java:218)
	at org.jboss.remoting.Client.invoke(Client.java:2070)
	at org.jboss.remoting.Client.invoke(Client.java:879)
	at org.jboss.aspects.remoting.InvokeRemoteInterceptor.invoke(InvokeRemoteInterceptor.java:60)
	at org.jboss.aop.joinpoint.MethodInvocation.invokeNext(MethodInvocation.java:102)
	at org.jboss.aspects.tx.ClientTxPropagationInterceptor.invoke(ClientTxPropagationInterceptor.java:61)
	at org.jboss.aop.joinpoint.MethodInvocation.invokeNext(MethodInvocation.java:102)
	at org.jboss.ejb3.security.client.SecurityClientInterceptor.invoke(SecurityClientInterceptor.java:65)
	at org.jboss.aop.joinpoint.MethodInvocation.invokeNext(MethodInvocation.java:102)
	at org.jboss.ejb3.remoting.IsLocalInterceptor.invoke(IsLocalInterceptor.java:77)
	at org.jboss.aop.joinpoint.MethodInvocation.invokeNext(MethodInvocation.java:102)
	at org.jboss.ejb3.async.impl.interceptor.AsynchronousClientInterceptor.invoke(AsynchronousClientInterceptor.java:143)
	at org.jboss.aop.joinpoint.MethodInvocation.invokeNext(MethodInvocation.java:102)
	at org.jboss.aspects.remoting.PojiProxy.invoke(PojiProxy.java:62)
	at $Proxy8.invoke(Unknown Source)
	at org.jboss.ejb3.proxy.impl.handler.session.SessionProxyInvocationHandlerBase.invoke(SessionProxyInvocationHandlerBase.java:185)
	at $Proxy7.doLogin(Unknown Source)
	at com.elitecore.cpe.bl.delegates.system.user.UserBD.doLogin(Unknown Source)
	at com.elitecore.test.base.BaseTestCase.getBDSessionContext(Unknown Source)
	at com.elitecore.test.inventorymgt.InventoryTestCase.setUp(Unknown Source)
	at junit.framework.TestCase.runBare(TestCase.java:139)
	at junit.framework.TestResult$1.protect(TestResult.java:122)
	at junit.framework.TestResult.runProtected(TestResult.java:142)
	at junit.framework.TestResult.run(TestResult.java:125)
	at junit.framework.TestCase.run(TestCase.java:129)
	at junit.framework.TestSuite.runTest(TestSuite.java:255)
	at junit.framework.TestSuite.run(TestSuite.java:250)
	at org.apache.tools.ant.taskdefs.optional.junit.JUnitTestRunner.run(JUnitTestRunner.java:532)
	at org.apache.tools.ant.taskdefs.optional.junit.JUnitTestRunner.launch(JUnitTestRunner.java:1179)
	at org.apache.tools.ant.taskdefs.optional.junit.JUnitTestRunner.main(JUnitTestRunner.java:1030)
	at org.jboss.aspects.remoting.InvokeRemoteInterceptor.invoke(InvokeRemoteInterceptor.java:72)
	at org.jboss.aop.joinpoint.MethodInvocation.invokeNext(MethodInvocation.java:102)
	at org.jboss.aspects.tx.ClientTxPropagationInterceptor.invoke(ClientTxPropagationInterceptor.java:61)
	at org.jboss.aop.joinpoint.MethodInvocation.invokeNext(MethodInvocation.java:102)
	at org.jboss.ejb3.security.client.SecurityClientInterceptor.invoke(SecurityClientInterceptor.java:65)
	at org.jboss.aop.joinpoint.MethodInvocation.invokeNext(MethodInvocation.java:102)
	at org.jboss.ejb3.remoting.IsLocalInterceptor.invoke(IsLocalInterceptor.java:77)
	at org.jboss.aop.joinpoint.MethodInvocation.invokeNext(MethodInvocation.java:102)
	at org.jboss.ejb3.async.impl.interceptor.AsynchronousClientInterceptor.invoke(AsynchronousClientInterceptor.java:143)
	at org.jboss.aop.joinpoint.MethodInvocation.invokeNext(MethodInvocation.java:102)
	at org.jboss.aspects.remoting.PojiProxy.invoke(PojiProxy.java:62)
	at $Proxy8.invoke(Unknown Source)
	at org.jboss.ejb3.proxy.impl.handler.session.SessionProxyInvocationHandlerBase.invoke(SessionProxyInvocationHandlerBase.java:185)
	at $Proxy7.doLogin(Unknown Source)
	at com.elitecore.cpe.bl.delegates.system.user.UserBD.doLogin(Unknown Source)
	at com.elitecore.test.base.BaseTestCase.getBDSessionContext(Unknown Source)
	at com.elitecore.test.inventorymgt.InventoryTestCase.setUp(Unknown Source)
	at junit.framework.TestCase.runBare(TestCase.java:139)
	at junit.framework.TestResult$1.protect(TestResult.java:122)
	at junit.framework.TestResult.runProtected(TestResult.java:142)
	at junit.framework.TestResult.run(TestResult.java:125)
	at junit.framework.TestCase.run(TestCase.java:129)
	at junit.framework.TestSuite.runTest(TestSuite.java:255)
	at junit.framework.TestSuite.run(TestSuite.java:250)
	at org.apache.tools.ant.taskdefs.optional.junit.JUnitTestRunner.run(JUnitTestRunner.java:532)
	at org.apache.tools.ant.taskdefs.optional.junit.JUnitTestRunner.launch(JUnitTestRunner.java:1179)
	at org.apache.tools.ant.taskdefs.optional.junit.JUnitTestRunner.main(JUnitTestRunner.java:1030)
com.elitecore.cpe.bl.exception.AccessDeniedException: Invalid Userame / Password
	at com.elitecore.cpe.bl.facade.bss.user.BSSUserFacade.doLogin(BSSUserFacade.java:152)
	at sun.reflect.GeneratedMethodAccessor440.invoke(Unknown Source)
	at sun.reflect.DelegatingMethodAccessorImpl.invoke(DelegatingMethodAccessorImpl.java:25)
	at java.lang.reflect.Method.invoke(Method.java:597)
	at org.jboss.aop.joinpoint.MethodInvocation.invokeTarget(MethodInvocation.java:122)
	at org.jboss.aop.joinpoint.MethodInvocation.invokeNext(MethodInvocation.java:111)
	at org.jboss.ejb3.interceptors.container.ContainerMethodInvocationWrapper.invokeNext(ContainerMethodInvocationWrapper.java:72)
	at org.jboss.ejb3.interceptors.aop.InterceptorSequencer.invoke(InterceptorSequencer.java:76)
	at org.jboss.ejb3.interceptors.aop.InterceptorSequencer.aroundInvoke(InterceptorSequencer.java:62)
	at sun.reflect.GeneratedMethodAccessor365.invoke(Unknown Source)
	at sun.reflect.DelegatingMethodAccessorImpl.invoke(DelegatingMethodAccessorImpl.java:25)
	at java.lang.reflect.Method.invoke(Method.java:597)
	at org.jboss.aop.advice.PerJoinpointAdvice.invoke(PerJoinpointAdvice.java:174)
	at org.jboss.aop.joinpoint.MethodInvocation.invokeNext(MethodInvocation.java:102)
	at org.jboss.ejb3.interceptors.aop.InvocationContextInterceptor.fillMethod(InvocationContextInterceptor.java:74)
	at org.jboss.aop.advice.org.jboss.ejb3.interceptors.aop.InvocationContextInterceptor_z_fillMethod_1773080527.invoke(InvocationContextInterceptor_z_fillMethod_1773080527.java)
	at org.jboss.aop.joinpoint.MethodInvocation.invokeNext(MethodInvocation.java:102)
	at org.jboss.ejb3.interceptors.aop.InvocationContextInterceptor.setup(InvocationContextInterceptor.java:90)
	at org.jboss.aop.advice.org.jboss.ejb3.interceptors.aop.InvocationContextInterceptor_z_setup_1773080527.invoke(InvocationContextInterceptor_z_setup_1773080527.java)
	at org.jboss.aop.joinpoint.MethodInvocation.invokeNext(MethodInvocation.java:102)
	at org.jboss.ejb3.async.impl.interceptor.AsynchronousServerInterceptor.invoke(AsynchronousServerInterceptor.java:128)
	at org.jboss.aop.joinpoint.MethodInvocation.invokeNext(MethodInvocation.java:102)
	at org.jboss.ejb3.connectionmanager.CachedConnectionInterceptor.invoke(CachedConnectionInterceptor.java:62)
	at org.jboss.aop.joinpoint.MethodInvocation.invokeNext(MethodInvocation.java:102)
	at org.jboss.ejb3.entity.TransactionScopedEntityManagerInterceptor.invoke(TransactionScopedEntityManagerInterceptor.java:56)
	at org.jboss.aop.joinpoint.MethodInvocation.invokeNext(MethodInvocation.java:102)
	at org.jboss.ejb3.AllowedOperationsInterceptor.invoke(AllowedOperationsInterceptor.java:47)
	at org.jboss.aop.joinpoint.MethodInvocation.invokeNext(MethodInvocation.java:102)
	at org.jboss.ejb3.tx.NullInterceptor.invoke(NullInterceptor.java:42)
	at org.jboss.aop.joinpoint.MethodInvocation.invokeNext(MethodInvocation.java:102)
	at org.jboss.ejb3.stateless.StatelessInstanceInterceptor.invoke(StatelessInstanceInterceptor.java:68)
	at org.jboss.aop.joinpoint.MethodInvocation.invokeNext(MethodInvocation.java:102)
	at org.jboss.ejb3.core.context.SessionInvocationContextAdapter.proceed(SessionInvocationContextAdapter.java:95)
	at org.jboss.ejb3.tx2.impl.CMTTxInterceptor.invokeInCallerTx(CMTTxInterceptor.java:223)
	at org.jboss.ejb3.tx2.impl.CMTTxInterceptor.required(CMTTxInterceptor.java:353)
	at org.jboss.ejb3.tx2.impl.CMTTxInterceptor.invoke(CMTTxInterceptor.java:209)
	at org.jboss.ejb3.tx2.aop.CMTTxInterceptorWrapper.invoke(CMTTxInterceptorWrapper.java:52)
	at org.jboss.aop.joinpoint.MethodInvocation.invokeNext(MethodInvocation.java:102)
	at org.jboss.aspects.tx.TxPropagationInterceptor.invoke(TxPropagationInterceptor.java:76)
	at org.jboss.aop.joinpoint.MethodInvocation.invokeNext(MethodInvocation.java:102)
	at org.jboss.ejb3.tx.NullInterceptor.invoke(NullInterceptor.java:42)
	at org.jboss.aop.joinpoint.MethodInvocation.invokeNext(MethodInvocation.java:102)
	at org.jboss.ejb3.security.Ejb3AuthenticationInterceptorv2.invoke(Ejb3AuthenticationInterceptorv2.java:182)
	at org.jboss.aop.joinpoint.MethodInvocation.invokeNext(MethodInvocation.java:102)
	at org.jboss.ejb3.ENCPropagationInterceptor.invoke(ENCPropagationInterceptor.java:41)
	at org.jboss.aop.joinpoint.MethodInvocation.invokeNext(MethodInvocation.java:102)
	at org.jboss.ejb3.BlockContainerShutdownInterceptor.invoke(BlockContainerShutdownInterceptor.java:67)
	at org.jboss.aop.joinpoint.MethodInvocation.invokeNext(MethodInvocation.java:102)
	at org.jboss.ejb3.core.context.CurrentInvocationContextInterceptor.invoke(CurrentInvocationContextInterceptor.java:47)
	at org.jboss.aop.joinpoint.MethodInvocation.invokeNext(MethodInvocation.java:102)
	at org.jboss.aspects.currentinvocation.CurrentInvocationInterceptor.invoke(CurrentInvocationInterceptor.java:67)
	at org.jboss.aop.joinpoint.MethodInvocation.invokeNext(MethodInvocation.java:102)
	at org.jboss.ejb3.interceptor.EJB3TCCLInterceptor.invoke(EJB3TCCLInterceptor.java:86)
	at org.jboss.aop.joinpoint.MethodInvocation.invokeNext(MethodInvocation.java:102)
	at org.jboss.ejb3.session.SessionSpecContainer.invoke(SessionSpecContainer.java:333)
	at org.jboss.ejb3.session.SessionSpecContainer.invoke(SessionSpecContainer.java:390)
	at sun.reflect.GeneratedMethodAccessor802.invoke(Unknown Source)
	at sun.reflect.DelegatingMethodAccessorImpl.invoke(DelegatingMethodAccessorImpl.java:25)
	at java.lang.reflect.Method.invoke(Method.java:597)
	at org.jboss.ejb3.proxy.impl.handler.session.SessionLocalProxyInvocationHandler$LocalContainerInvocation.invokeTarget(SessionLocalProxyInvocationHandler.java:184)
	at org.jboss.aop.joinpoint.MethodInvocation.invokeNext(MethodInvocation.java:111)
	at org.jboss.ejb3.async.impl.interceptor.AsynchronousClientInterceptor.invoke(AsynchronousClientInterceptor.java:143)
	at org.jboss.aop.joinpoint.MethodInvocation.invokeNext(MethodInvocation.java:102)
	at org.jboss.ejb3.proxy.impl.handler.session.SessionLocalProxyInvocationHandler$LocalInvokableContextHandler.invoke(SessionLocalProxyInvocationHandler.java:159)
	at $Proxy212.invoke(Unknown Source)
	at org.jboss.ejb3.proxy.impl.handler.session.SessionProxyInvocationHandlerBase.invoke(SessionProxyInvocationHandlerBase.java:185)
	at $Proxy207.doLogin(Unknown Source)
	at com.elitecore.cpe.bl.controller.system.BSSUserAuthController.doLogin(BSSUserAuthController.java:35)
	at com.elitecore.cpe.bl.factory.system.user.UserFactory.doLogin(UserFactory.java:49)
	at com.elitecore.cpe.bl.factory.system.user.UserFactory.doLogin(UserFactory.java:57)
	at com.elitecore.cpe.bl.facade.system.user.UserFacade.doLogin(UserFacade.java:53)
	at sun.reflect.GeneratedMethodAccessor439.invoke(Unknown Source)
	at sun.reflect.DelegatingMethodAccessorImpl.invoke(DelegatingMethodAccessorImpl.java:25)
	at java.lang.reflect.Method.invoke(Method.java:597)
	at org.jboss.aop.joinpoint.MethodInvocation.invokeTarget(MethodInvocation.java:122)
	at org.jboss.aop.joinpoint.MethodInvocation.invokeNext(MethodInvocation.java:111)
	at org.jboss.ejb3.interceptors.container.ContainerMethodInvocationWrapper.invokeNext(ContainerMethodInvocationWrapper.java:72)
	at org.jboss.ejb3.interceptors.aop.InterceptorSequencer.invoke(InterceptorSequencer.java:76)
	at org.jboss.ejb3.interceptors.aop.InterceptorSequencer.aroundInvoke(InterceptorSequencer.java:62)
	at sun.reflect.GeneratedMethodAccessor365.invoke(Unknown Source)
	at sun.reflect.DelegatingMethodAccessorImpl.invoke(DelegatingMethodAccessorImpl.java:25)
	at java.lang.reflect.Method.invoke(Method.java:597)
	at org.jboss.aop.advice.PerJoinpointAdvice.invoke(PerJoinpointAdvice.java:174)
	at org.jboss.aop.joinpoint.MethodInvocation.invokeNext(MethodInvocation.java:102)
	at org.jboss.ejb3.interceptors.aop.InvocationContextInterceptor.fillMethod(InvocationContextInterceptor.java:74)
	at org.jboss.aop.advice.org.jboss.ejb3.interceptors.aop.InvocationContextInterceptor_z_fillMethod_1773080527.invoke(InvocationContextInterceptor_z_fillMethod_1773080527.java)
	at org.jboss.aop.joinpoint.MethodInvocation.invokeNext(MethodInvocation.java:102)
	at org.jboss.ejb3.interceptors.aop.InvocationContextInterceptor.setup(InvocationContextInterceptor.java:90)
	at org.jboss.aop.advice.org.jboss.ejb3.interceptors.aop.InvocationContextInterceptor_z_setup_1773080527.invoke(InvocationContextInterceptor_z_setup_1773080527.java)
	at org.jboss.aop.joinpoint.MethodInvocation.invokeNext(MethodInvocation.java:102)
	at org.jboss.ejb3.async.impl.interceptor.AsynchronousServerInterceptor.invoke(AsynchronousServerInterceptor.java:128)
	at org.jboss.aop.joinpoint.MethodInvocation.invokeNext(MethodInvocation.java:102)
	at org.jboss.ejb3.connectionmanager.CachedConnectionInterceptor.invoke(CachedConnectionInterceptor.java:62)
	at org.jboss.aop.joinpoint.MethodInvocation.invokeNext(MethodInvocation.java:102)
	at org.jboss.ejb3.entity.TransactionScopedEntityManagerInterceptor.invoke(TransactionScopedEntityManagerInterceptor.java:56)
	at org.jboss.aop.joinpoint.MethodInvocation.invokeNext(MethodInvocation.java:102)
	at org.jboss.ejb3.AllowedOperationsInterceptor.invoke(AllowedOperationsInterceptor.java:47)
	at org.jboss.aop.joinpoint.MethodInvocation.invokeNext(MethodInvocation.java:102)
	at org.jboss.ejb3.tx.NullInterceptor.invoke(NullInterceptor.java:42)
	at org.jboss.aop.joinpoint.MethodInvocation.invokeNext(MethodInvocation.java:102)
	at org.jboss.ejb3.stateless.StatelessInstanceInterceptor.invoke(StatelessInstanceInterceptor.java:68)
	at org.jboss.aop.joinpoint.MethodInvocation.invokeNext(MethodInvocation.java:102)
	at org.jboss.ejb3.core.context.SessionInvocationContextAdapter.proceed(SessionInvocationContextAdapter.java:95)
	at org.jboss.ejb3.tx2.impl.CMTTxInterceptor.invokeInOurTx(CMTTxInterceptor.java:247)
	at org.jboss.ejb3.tx2.impl.CMTTxInterceptor.required(CMTTxInterceptor.java:349)
	at org.jboss.ejb3.tx2.impl.CMTTxInterceptor.invoke(CMTTxInterceptor.java:209)
	at org.jboss.ejb3.tx2.aop.CMTTxInterceptorWrapper.invoke(CMTTxInterceptorWrapper.java:52)
	at org.jboss.aop.joinpoint.MethodInvocation.invokeNext(MethodInvocation.java:102)
	at org.jboss.aspects.tx.TxPropagationInterceptor.invoke(TxPropagationInterceptor.java:76)
	at org.jboss.aop.joinpoint.MethodInvocation.invokeNext(MethodInvocation.java:102)
	at org.jboss.ejb3.tx.NullInterceptor.invoke(NullInterceptor.java:42)
	at org.jboss.aop.joinpoint.MethodInvocation.invokeNext(MethodInvocation.java:102)
	at org.jboss.ejb3.security.Ejb3AuthenticationInterceptorv2.invoke(Ejb3AuthenticationInterceptorv2.java:182)
	at org.jboss.aop.joinpoint.MethodInvocation.invokeNext(MethodInvocation.java:102)
	at org.jboss.ejb3.ENCPropagationInterceptor.invoke(ENCPropagationInterceptor.java:41)
	at org.jboss.aop.joinpoint.MethodInvocation.invokeNext(MethodInvocation.java:102)
	at org.jboss.ejb3.BlockContainerShutdownInterceptor.invoke(BlockContainerShutdownInterceptor.java:67)
	at org.jboss.aop.joinpoint.MethodInvocation.invokeNext(MethodInvocation.java:102)
	at org.jboss.ejb3.core.context.CurrentInvocationContextInterceptor.invoke(CurrentInvocationContextInterceptor.java:47)
	at org.jboss.aop.joinpoint.MethodInvocation.invokeNext(MethodInvocation.java:102)
	at org.jboss.aspects.currentinvocation.CurrentInvocationInterceptor.invoke(CurrentInvocationInterceptor.java:67)
	at org.jboss.aop.joinpoint.MethodInvocation.invokeNext(MethodInvocation.java:102)
	at org.jboss.ejb3.interceptor.EJB3TCCLInterceptor.invoke(EJB3TCCLInterceptor.java:86)
	at org.jboss.aop.joinpoint.MethodInvocation.invokeNext(MethodInvocation.java:102)
	at org.jboss.ejb3.stateless.StatelessContainer.dynamicInvoke(StatelessContainer.java:392)
	at org.jboss.ejb3.session.InvokableContextClassProxyHack._dynamicInvoke(InvokableContextClassProxyHack.java:53)
	at org.jboss.aop.Dispatcher.invoke(Dispatcher.java:91)
	at org.jboss.aspects.remoting.AOPRemotingInvocationHandler.invoke(AOPRemotingInvocationHandler.java:82)
	at org.jboss.remoting.ServerInvoker.invoke(ServerInvoker.java:967)
	at org.jboss.remoting.transport.socket.ServerThread.completeInvocation(ServerThread.java:791)
	at org.jboss.remoting.transport.socket.ServerThread.processInvocation(ServerThread.java:744)
	at org.jboss.remoting.transport.socket.ServerThread.dorun(ServerThread.java:548)
	at org.jboss.remoting.transport.socket.ServerThread.run(ServerThread.java:234)
	at org.jboss.remoting.MicroRemoteClientInvoker.invoke(MicroRemoteClientInvoker.java:218)
	at org.jboss.remoting.Client.invoke(Client.java:2070)
	at org.jboss.remoting.Client.invoke(Client.java:879)
	at org.jboss.aspects.remoting.InvokeRemoteInterceptor.invoke(InvokeRemoteInterceptor.java:60)
	at org.jboss.aop.joinpoint.MethodInvocation.invokeNext(MethodInvocation.java:102)
	at org.jboss.aspects.tx.ClientTxPropagationInterceptor.invoke(ClientTxPropagationInterceptor.java:61)
	at org.jboss.aop.joinpoint.MethodInvocation.invokeNext(MethodInvocation.java:102)
	at org.jboss.ejb3.security.client.SecurityClientInterceptor.invoke(SecurityClientInterceptor.java:65)
	at org.jboss.aop.joinpoint.MethodInvocation.invokeNext(MethodInvocation.java:102)
	at org.jboss.ejb3.remoting.IsLocalInterceptor.invoke(IsLocalInterceptor.java:77)
	at org.jboss.aop.joinpoint.MethodInvocation.invokeNext(MethodInvocation.java:102)
	at org.jboss.ejb3.async.impl.interceptor.AsynchronousClientInterceptor.invoke(AsynchronousClientInterceptor.java:143)
	at org.jboss.aop.joinpoint.MethodInvocation.invokeNext(MethodInvocation.java:102)
	at org.jboss.aspects.remoting.PojiProxy.invoke(PojiProxy.java:62)
	at $Proxy8.invoke(Unknown Source)
	at org.jboss.ejb3.proxy.impl.handler.session.SessionProxyInvocationHandlerBase.invoke(SessionProxyInvocationHandlerBase.java:185)
	at $Proxy7.doLogin(Unknown Source)
	at com.elitecore.cpe.bl.delegates.system.user.UserBD.doLogin(Unknown Source)
	at com.elitecore.test.base.BaseTestCase.getBDSessionContext(Unknown Source)
	at com.elitecore.test.inventorymgt.InventoryTestCase.setUp(Unknown Source)
	at junit.framework.TestCase.runBare(TestCase.java:139)
	at junit.framework.TestResult$1.protect(TestResult.java:122)
	at junit.framework.TestResult.runProtected(TestResult.java:142)
	at junit.framework.TestResult.run(TestResult.java:125)
	at junit.framework.TestCase.run(TestCase.java:129)
	at junit.framework.TestSuite.runTest(TestSuite.java:255)
	at junit.framework.TestSuite.run(TestSuite.java:250)
	at org.apache.tools.ant.taskdefs.optional.junit.JUnitTestRunner.run(JUnitTestRunner.java:532)
	at org.apache.tools.ant.taskdefs.optional.junit.JUnitTestRunner.launch(JUnitTestRunner.java:1179)
	at org.apache.tools.ant.taskdefs.optional.junit.JUnitTestRunner.main(JUnitTestRunner.java:1030)
	at org.jboss.aspects.remoting.InvokeRemoteInterceptor.invoke(InvokeRemoteInterceptor.java:72)
	at org.jboss.aop.joinpoint.MethodInvocation.invokeNext(MethodInvocation.java:102)
	at org.jboss.aspects.tx.ClientTxPropagationInterceptor.invoke(ClientTxPropagationInterceptor.java:61)
	at org.jboss.aop.joinpoint.MethodInvocation.invokeNext(MethodInvocation.java:102)
	at org.jboss.ejb3.security.client.SecurityClientInterceptor.invoke(SecurityClientInterceptor.java:65)
	at org.jboss.aop.joinpoint.MethodInvocation.invokeNext(MethodInvocation.java:102)
	at org.jboss.ejb3.remoting.IsLocalInterceptor.invoke(IsLocalInterceptor.java:77)
	at org.jboss.aop.joinpoint.MethodInvocation.invokeNext(MethodInvocation.java:102)
	at org.jboss.ejb3.async.impl.interceptor.AsynchronousClientInterceptor.invoke(AsynchronousClientInterceptor.java:143)
	at org.jboss.aop.joinpoint.MethodInvocation.invokeNext(MethodInvocation.java:102)
	at org.jboss.aspects.remoting.PojiProxy.invoke(PojiProxy.java:62)
	at $Proxy8.invoke(Unknown Source)
	at org.jboss.ejb3.proxy.impl.handler.session.SessionProxyInvocationHandlerBase.invoke(SessionProxyInvocationHandlerBase.java:185)
	at $Proxy7.doLogin(Unknown Source)
	at com.elitecore.cpe.bl.delegates.system.user.UserBD.doLogin(Unknown Source)
	at com.elitecore.test.base.BaseTestCase.getBDSessionContext(Unknown Source)
	at com.elitecore.test.inventorymgt.InventoryTestCase.setUp(Unknown Source)
	at junit.framework.TestCase.runBare(TestCase.java:139)
	at junit.framework.TestResult$1.protect(TestResult.java:122)
	at junit.framework.TestResult.runProtected(TestResult.java:142)
	at junit.framework.TestResult.run(TestResult.java:125)
	at junit.framework.TestCase.run(TestCase.java:129)
	at junit.framework.TestSuite.runTest(TestSuite.java:255)
	at junit.framework.TestSuite.run(TestSuite.java:250)
	at org.apache.tools.ant.taskdefs.optional.junit.JUnitTestRunner.run(JUnitTestRunner.java:532)
	at org.apache.tools.ant.taskdefs.optional.junit.JUnitTestRunner.launch(JUnitTestRunner.java:1179)
	at org.apache.tools.ant.taskdefs.optional.junit.JUnitTestRunner.main(JUnitTestRunner.java:1030)
com.elitecore.cpe.bl.exception.AccessDeniedException: Invalid Userame / Password
	at com.elitecore.cpe.bl.facade.bss.user.BSSUserFacade.doLogin(BSSUserFacade.java:152)
	at sun.reflect.GeneratedMethodAccessor440.invoke(Unknown Source)
	at sun.reflect.DelegatingMethodAccessorImpl.invoke(DelegatingMethodAccessorImpl.java:25)
	at java.lang.reflect.Method.invoke(Method.java:597)
	at org.jboss.aop.joinpoint.MethodInvocation.invokeTarget(MethodInvocation.java:122)
	at org.jboss.aop.joinpoint.MethodInvocation.invokeNext(MethodInvocation.java:111)
	at org.jboss.ejb3.interceptors.container.ContainerMethodInvocationWrapper.invokeNext(ContainerMethodInvocationWrapper.java:72)
	at org.jboss.ejb3.interceptors.aop.InterceptorSequencer.invoke(InterceptorSequencer.java:76)
	at org.jboss.ejb3.interceptors.aop.InterceptorSequencer.aroundInvoke(InterceptorSequencer.java:62)
	at sun.reflect.GeneratedMethodAccessor365.invoke(Unknown Source)
	at sun.reflect.DelegatingMethodAccessorImpl.invoke(DelegatingMethodAccessorImpl.java:25)
	at java.lang.reflect.Method.invoke(Method.java:597)
	at org.jboss.aop.advice.PerJoinpointAdvice.invoke(PerJoinpointAdvice.java:174)
	at org.jboss.aop.joinpoint.MethodInvocation.invokeNext(MethodInvocation.java:102)
	at org.jboss.ejb3.interceptors.aop.InvocationContextInterceptor.fillMethod(InvocationContextInterceptor.java:74)
	at org.jboss.aop.advice.org.jboss.ejb3.interceptors.aop.InvocationContextInterceptor_z_fillMethod_1773080527.invoke(InvocationContextInterceptor_z_fillMethod_1773080527.java)
	at org.jboss.aop.joinpoint.MethodInvocation.invokeNext(MethodInvocation.java:102)
	at org.jboss.ejb3.interceptors.aop.InvocationContextInterceptor.setup(InvocationContextInterceptor.java:90)
	at org.jboss.aop.advice.org.jboss.ejb3.interceptors.aop.InvocationContextInterceptor_z_setup_1773080527.invoke(InvocationContextInterceptor_z_setup_1773080527.java)
	at org.jboss.aop.joinpoint.MethodInvocation.invokeNext(MethodInvocation.java:102)
	at org.jboss.ejb3.async.impl.interceptor.AsynchronousServerInterceptor.invoke(AsynchronousServerInterceptor.java:128)
	at org.jboss.aop.joinpoint.MethodInvocation.invokeNext(MethodInvocation.java:102)
	at org.jboss.ejb3.connectionmanager.CachedConnectionInterceptor.invoke(CachedConnectionInterceptor.java:62)
	at org.jboss.aop.joinpoint.MethodInvocation.invokeNext(MethodInvocation.java:102)
	at org.jboss.ejb3.entity.TransactionScopedEntityManagerInterceptor.invoke(TransactionScopedEntityManagerInterceptor.java:56)
	at org.jboss.aop.joinpoint.MethodInvocation.invokeNext(MethodInvocation.java:102)
	at org.jboss.ejb3.AllowedOperationsInterceptor.invoke(AllowedOperationsInterceptor.java:47)
	at org.jboss.aop.joinpoint.MethodInvocation.invokeNext(MethodInvocation.java:102)
	at org.jboss.ejb3.tx.NullInterceptor.invoke(NullInterceptor.java:42)
	at org.jboss.aop.joinpoint.MethodInvocation.invokeNext(MethodInvocation.java:102)
	at org.jboss.ejb3.stateless.StatelessInstanceInterceptor.invoke(StatelessInstanceInterceptor.java:68)
	at org.jboss.aop.joinpoint.MethodInvocation.invokeNext(MethodInvocation.java:102)
	at org.jboss.ejb3.core.context.SessionInvocationContextAdapter.proceed(SessionInvocationContextAdapter.java:95)
	at org.jboss.ejb3.tx2.impl.CMTTxInterceptor.invokeInCallerTx(CMTTxInterceptor.java:223)
	at org.jboss.ejb3.tx2.impl.CMTTxInterceptor.required(CMTTxInterceptor.java:353)
	at org.jboss.ejb3.tx2.impl.CMTTxInterceptor.invoke(CMTTxInterceptor.java:209)
	at org.jboss.ejb3.tx2.aop.CMTTxInterceptorWrapper.invoke(CMTTxInterceptorWrapper.java:52)
	at org.jboss.aop.joinpoint.MethodInvocation.invokeNext(MethodInvocation.java:102)
	at org.jboss.aspects.tx.TxPropagationInterceptor.invoke(TxPropagationInterceptor.java:76)
	at org.jboss.aop.joinpoint.MethodInvocation.invokeNext(MethodInvocation.java:102)
	at org.jboss.ejb3.tx.NullInterceptor.invoke(NullInterceptor.java:42)
	at org.jboss.aop.joinpoint.MethodInvocation.invokeNext(MethodInvocation.java:102)
	at org.jboss.ejb3.security.Ejb3AuthenticationInterceptorv2.invoke(Ejb3AuthenticationInterceptorv2.java:182)
	at org.jboss.aop.joinpoint.MethodInvocation.invokeNext(MethodInvocation.java:102)
	at org.jboss.ejb3.ENCPropagationInterceptor.invoke(ENCPropagationInterceptor.java:41)
	at org.jboss.aop.joinpoint.MethodInvocation.invokeNext(MethodInvocation.java:102)
	at org.jboss.ejb3.BlockContainerShutdownInterceptor.invoke(BlockContainerShutdownInterceptor.java:67)
	at org.jboss.aop.joinpoint.MethodInvocation.invokeNext(MethodInvocation.java:102)
	at org.jboss.ejb3.core.context.CurrentInvocationContextInterceptor.invoke(CurrentInvocationContextInterceptor.java:47)
	at org.jboss.aop.joinpoint.MethodInvocation.invokeNext(MethodInvocation.java:102)
	at org.jboss.aspects.currentinvocation.CurrentInvocationInterceptor.invoke(CurrentInvocationInterceptor.java:67)
	at org.jboss.aop.joinpoint.MethodInvocation.invokeNext(MethodInvocation.java:102)
	at org.jboss.ejb3.interceptor.EJB3TCCLInterceptor.invoke(EJB3TCCLInterceptor.java:86)
	at org.jboss.aop.joinpoint.MethodInvocation.invokeNext(MethodInvocation.java:102)
	at org.jboss.ejb3.session.SessionSpecContainer.invoke(SessionSpecContainer.java:333)
	at org.jboss.ejb3.session.SessionSpecContainer.invoke(SessionSpecContainer.java:390)
	at sun.reflect.GeneratedMethodAccessor802.invoke(Unknown Source)
	at sun.reflect.DelegatingMethodAccessorImpl.invoke(DelegatingMethodAccessorImpl.java:25)
	at java.lang.reflect.Method.invoke(Method.java:597)
	at org.jboss.ejb3.proxy.impl.handler.session.SessionLocalProxyInvocationHandler$LocalContainerInvocation.invokeTarget(SessionLocalProxyInvocationHandler.java:184)
	at org.jboss.aop.joinpoint.MethodInvocation.invokeNext(MethodInvocation.java:111)
	at org.jboss.ejb3.async.impl.interceptor.AsynchronousClientInterceptor.invoke(AsynchronousClientInterceptor.java:143)
	at org.jboss.aop.joinpoint.MethodInvocation.invokeNext(MethodInvocation.java:102)
	at org.jboss.ejb3.proxy.impl.handler.session.SessionLocalProxyInvocationHandler$LocalInvokableContextHandler.invoke(SessionLocalProxyInvocationHandler.java:159)
	at $Proxy212.invoke(Unknown Source)
	at org.jboss.ejb3.proxy.impl.handler.session.SessionProxyInvocationHandlerBase.invoke(SessionProxyInvocationHandlerBase.java:185)
	at $Proxy207.doLogin(Unknown Source)
	at com.elitecore.cpe.bl.controller.system.BSSUserAuthController.doLogin(BSSUserAuthController.java:35)
	at com.elitecore.cpe.bl.factory.system.user.UserFactory.doLogin(UserFactory.java:49)
	at com.elitecore.cpe.bl.factory.system.user.UserFactory.doLogin(UserFactory.java:57)
	at com.elitecore.cpe.bl.facade.system.user.UserFacade.doLogin(UserFacade.java:53)
	at sun.reflect.GeneratedMethodAccessor439.invoke(Unknown Source)
	at sun.reflect.DelegatingMethodAccessorImpl.invoke(DelegatingMethodAccessorImpl.java:25)
	at java.lang.reflect.Method.invoke(Method.java:597)
	at org.jboss.aop.joinpoint.MethodInvocation.invokeTarget(MethodInvocation.java:122)
	at org.jboss.aop.joinpoint.MethodInvocation.invokeNext(MethodInvocation.java:111)
	at org.jboss.ejb3.interceptors.container.ContainerMethodInvocationWrapper.invokeNext(ContainerMethodInvocationWrapper.java:72)
	at org.jboss.ejb3.interceptors.aop.InterceptorSequencer.invoke(InterceptorSequencer.java:76)
	at org.jboss.ejb3.interceptors.aop.InterceptorSequencer.aroundInvoke(InterceptorSequencer.java:62)
	at sun.reflect.GeneratedMethodAccessor365.invoke(Unknown Source)
	at sun.reflect.DelegatingMethodAccessorImpl.invoke(DelegatingMethodAccessorImpl.java:25)
	at java.lang.reflect.Method.invoke(Method.java:597)
	at org.jboss.aop.advice.PerJoinpointAdvice.invoke(PerJoinpointAdvice.java:174)
	at org.jboss.aop.joinpoint.MethodInvocation.invokeNext(MethodInvocation.java:102)
	at org.jboss.ejb3.interceptors.aop.InvocationContextInterceptor.fillMethod(InvocationContextInterceptor.java:74)
	at org.jboss.aop.advice.org.jboss.ejb3.interceptors.aop.InvocationContextInterceptor_z_fillMethod_1773080527.invoke(InvocationContextInterceptor_z_fillMethod_1773080527.java)
	at org.jboss.aop.joinpoint.MethodInvocation.invokeNext(MethodInvocation.java:102)
	at org.jboss.ejb3.interceptors.aop.InvocationContextInterceptor.setup(InvocationContextInterceptor.java:90)
	at org.jboss.aop.advice.org.jboss.ejb3.interceptors.aop.InvocationContextInterceptor_z_setup_1773080527.invoke(InvocationContextInterceptor_z_setup_1773080527.java)
	at org.jboss.aop.joinpoint.MethodInvocation.invokeNext(MethodInvocation.java:102)
	at org.jboss.ejb3.async.impl.interceptor.AsynchronousServerInterceptor.invoke(AsynchronousServerInterceptor.java:128)
	at org.jboss.aop.joinpoint.MethodInvocation.invokeNext(MethodInvocation.java:102)
	at org.jboss.ejb3.connectionmanager.CachedConnectionInterceptor.invoke(CachedConnectionInterceptor.java:62)
	at org.jboss.aop.joinpoint.MethodInvocation.invokeNext(MethodInvocation.java:102)
	at org.jboss.ejb3.entity.TransactionScopedEntityManagerInterceptor.invoke(TransactionScopedEntityManagerInterceptor.java:56)
	at org.jboss.aop.joinpoint.MethodInvocation.invokeNext(MethodInvocation.java:102)
	at org.jboss.ejb3.AllowedOperationsInterceptor.invoke(AllowedOperationsInterceptor.java:47)
	at org.jboss.aop.joinpoint.MethodInvocation.invokeNext(MethodInvocation.java:102)
	at org.jboss.ejb3.tx.NullInterceptor.invoke(NullInterceptor.java:42)
	at org.jboss.aop.joinpoint.MethodInvocation.invokeNext(MethodInvocation.java:102)
	at org.jboss.ejb3.stateless.StatelessInstanceInterceptor.invoke(StatelessInstanceInterceptor.java:68)
	at org.jboss.aop.joinpoint.MethodInvocation.invokeNext(MethodInvocation.java:102)
	at org.jboss.ejb3.core.context.SessionInvocationContextAdapter.proceed(SessionInvocationContextAdapter.java:95)
	at org.jboss.ejb3.tx2.impl.CMTTxInterceptor.invokeInOurTx(CMTTxInterceptor.java:247)
	at org.jboss.ejb3.tx2.impl.CMTTxInterceptor.required(CMTTxInterceptor.java:349)
	at org.jboss.ejb3.tx2.impl.CMTTxInterceptor.invoke(CMTTxInterceptor.java:209)
	at org.jboss.ejb3.tx2.aop.CMTTxInterceptorWrapper.invoke(CMTTxInterceptorWrapper.java:52)
	at org.jboss.aop.joinpoint.MethodInvocation.invokeNext(MethodInvocation.java:102)
	at org.jboss.aspects.tx.TxPropagationInterceptor.invoke(TxPropagationInterceptor.java:76)
	at org.jboss.aop.joinpoint.MethodInvocation.invokeNext(MethodInvocation.java:102)
	at org.jboss.ejb3.tx.NullInterceptor.invoke(NullInterceptor.java:42)
	at org.jboss.aop.joinpoint.MethodInvocation.invokeNext(MethodInvocation.java:102)
	at org.jboss.ejb3.security.Ejb3AuthenticationInterceptorv2.invoke(Ejb3AuthenticationInterceptorv2.java:182)
	at org.jboss.aop.joinpoint.MethodInvocation.invokeNext(MethodInvocation.java:102)
	at org.jboss.ejb3.ENCPropagationInterceptor.invoke(ENCPropagationInterceptor.java:41)
	at org.jboss.aop.joinpoint.MethodInvocation.invokeNext(MethodInvocation.java:102)
	at org.jboss.ejb3.BlockContainerShutdownInterceptor.invoke(BlockContainerShutdownInterceptor.java:67)
	at org.jboss.aop.joinpoint.MethodInvocation.invokeNext(MethodInvocation.java:102)
	at org.jboss.ejb3.core.context.CurrentInvocationContextInterceptor.invoke(CurrentInvocationContextInterceptor.java:47)
	at org.jboss.aop.joinpoint.MethodInvocation.invokeNext(MethodInvocation.java:102)
	at org.jboss.aspects.currentinvocation.CurrentInvocationInterceptor.invoke(CurrentInvocationInterceptor.java:67)
	at org.jboss.aop.joinpoint.MethodInvocation.invokeNext(MethodInvocation.java:102)
	at org.jboss.ejb3.interceptor.EJB3TCCLInterceptor.invoke(EJB3TCCLInterceptor.java:86)
	at org.jboss.aop.joinpoint.MethodInvocation.invokeNext(MethodInvocation.java:102)
	at org.jboss.ejb3.stateless.StatelessContainer.dynamicInvoke(StatelessContainer.java:392)
	at org.jboss.ejb3.session.InvokableContextClassProxyHack._dynamicInvoke(InvokableContextClassProxyHack.java:53)
	at org.jboss.aop.Dispatcher.invoke(Dispatcher.java:91)
	at org.jboss.aspects.remoting.AOPRemotingInvocationHandler.invoke(AOPRemotingInvocationHandler.java:82)
	at org.jboss.remoting.ServerInvoker.invoke(ServerInvoker.java:967)
	at org.jboss.remoting.transport.socket.ServerThread.completeInvocation(ServerThread.java:791)
	at org.jboss.remoting.transport.socket.ServerThread.processInvocation(ServerThread.java:744)
	at org.jboss.remoting.transport.socket.ServerThread.dorun(ServerThread.java:548)
	at org.jboss.remoting.transport.socket.ServerThread.run(ServerThread.java:234)
	at org.jboss.remoting.MicroRemoteClientInvoker.invoke(MicroRemoteClientInvoker.java:218)
	at org.jboss.remoting.Client.invoke(Client.java:2070)
	at org.jboss.remoting.Client.invoke(Client.java:879)
	at org.jboss.aspects.remoting.InvokeRemoteInterceptor.invoke(InvokeRemoteInterceptor.java:60)
	at org.jboss.aop.joinpoint.MethodInvocation.invokeNext(MethodInvocation.java:102)
	at org.jboss.aspects.tx.ClientTxPropagationInterceptor.invoke(ClientTxPropagationInterceptor.java:61)
	at org.jboss.aop.joinpoint.MethodInvocation.invokeNext(MethodInvocation.java:102)
	at org.jboss.ejb3.security.client.SecurityClientInterceptor.invoke(SecurityClientInterceptor.java:65)
	at org.jboss.aop.joinpoint.MethodInvocation.invokeNext(MethodInvocation.java:102)
	at org.jboss.ejb3.remoting.IsLocalInterceptor.invoke(IsLocalInterceptor.java:77)
	at org.jboss.aop.joinpoint.MethodInvocation.invokeNext(MethodInvocation.java:102)
	at org.jboss.ejb3.async.impl.interceptor.AsynchronousClientInterceptor.invoke(AsynchronousClientInterceptor.java:143)
	at org.jboss.aop.joinpoint.MethodInvocation.invokeNext(MethodInvocation.java:102)
	at org.jboss.aspects.remoting.PojiProxy.invoke(PojiProxy.java:62)
	at $Proxy8.invoke(Unknown Source)
	at org.jboss.ejb3.proxy.impl.handler.session.SessionProxyInvocationHandlerBase.invoke(SessionProxyInvocationHandlerBase.java:185)
	at $Proxy7.doLogin(Unknown Source)
	at com.elitecore.cpe.bl.delegates.system.user.UserBD.doLogin(Unknown Source)
	at com.elitecore.test.base.BaseTestCase.getBDSessionContext(Unknown Source)
	at com.elitecore.test.inventorymgt.InventoryTestCase.setUp(Unknown Source)
	at junit.framework.TestCase.runBare(TestCase.java:139)
	at junit.framework.TestResult$1.protect(TestResult.java:122)
	at junit.framework.TestResult.runProtected(TestResult.java:142)
	at junit.framework.TestResult.run(TestResult.java:125)
	at junit.framework.TestCase.run(TestCase.java:129)
	at junit.framework.TestSuite.runTest(TestSuite.java:255)
	at junit.framework.TestSuite.run(TestSuite.java:250)
	at org.apache.tools.ant.taskdefs.optional.junit.JUnitTestRunner.run(JUnitTestRunner.java:532)
	at org.apache.tools.ant.taskdefs.optional.junit.JUnitTestRunner.launch(JUnitTestRunner.java:1179)
	at org.apache.tools.ant.taskdefs.optional.junit.JUnitTestRunner.main(JUnitTestRunner.java:1030)
	at org.jboss.aspects.remoting.InvokeRemoteInterceptor.invoke(InvokeRemoteInterceptor.java:72)
	at org.jboss.aop.joinpoint.MethodInvocation.invokeNext(MethodInvocation.java:102)
	at org.jboss.aspects.tx.ClientTxPropagationInterceptor.invoke(ClientTxPropagationInterceptor.java:61)
	at org.jboss.aop.joinpoint.MethodInvocation.invokeNext(MethodInvocation.java:102)
	at org.jboss.ejb3.security.client.SecurityClientInterceptor.invoke(SecurityClientInterceptor.java:65)
	at org.jboss.aop.joinpoint.MethodInvocation.invokeNext(MethodInvocation.java:102)
	at org.jboss.ejb3.remoting.IsLocalInterceptor.invoke(IsLocalInterceptor.java:77)
	at org.jboss.aop.joinpoint.MethodInvocation.invokeNext(MethodInvocation.java:102)
	at org.jboss.ejb3.async.impl.interceptor.AsynchronousClientInterceptor.invoke(AsynchronousClientInterceptor.java:143)
	at org.jboss.aop.joinpoint.MethodInvocation.invokeNext(MethodInvocation.java:102)
	at org.jboss.aspects.remoting.PojiProxy.invoke(PojiProxy.java:62)
	at $Proxy8.invoke(Unknown Source)
	at org.jboss.ejb3.proxy.impl.handler.session.SessionProxyInvocationHandlerBase.invoke(SessionProxyInvocationHandlerBase.java:185)
	at $Proxy7.doLogin(Unknown Source)
	at com.elitecore.cpe.bl.delegates.system.user.UserBD.doLogin(Unknown Source)
	at com.elitecore.test.base.BaseTestCase.getBDSessionContext(Unknown Source)
	at com.elitecore.test.inventorymgt.InventoryTestCase.setUp(Unknown Source)
	at junit.framework.TestCase.runBare(TestCase.java:139)
	at junit.framework.TestResult$1.protect(TestResult.java:122)
	at junit.framework.TestResult.runProtected(TestResult.java:142)
	at junit.framework.TestResult.run(TestResult.java:125)
	at junit.framework.TestCase.run(TestCase.java:129)
	at junit.framework.TestSuite.runTest(TestSuite.java:255)
	at junit.framework.TestSuite.run(TestSuite.java:250)
	at org.apache.tools.ant.taskdefs.optional.junit.JUnitTestRunner.run(JUnitTestRunner.java:532)
	at org.apache.tools.ant.taskdefs.optional.junit.JUnitTestRunner.launch(JUnitTestRunner.java:1179)
	at org.apache.tools.ant.taskdefs.optional.junit.JUnitTestRunner.main(JUnitTestRunner.java:1030)
]]></system-err>
</testsuite>
