<?xml version="1.0" encoding="UTF-8" ?>
<testsuite errors="0" failures="1" hostname="localhost.localdomain" name="com.elitecore.test.audit.AuditTestCase" skipped="0" tests="3" time="0.888" timestamp="2015-03-16T08:37:17">
  <properties>
    <property name="env.DESKTOP_SESSION" value="LXDE" />
    <property name="file.encoding.pkg" value="sun.io" />
    <property name="fullversion.release" value="/home/elitecore/Project/Partner-CPE_branch/CrestelCPE-MTNICE/Sprint-4/build/fullversion" />
    <property name="java.home" value="/usr/java/jdk1.6.0_38/jre" />
    <property name="env.GDM_LANG" value="en_US.utf8" />
    <property name="env.DISPLAY" value=":0" />
    <property name="env.LS_COLORS" value="rs=0:di=01;34:ln=01;36:mh=00:pi=40;33:so=01;35:do=01;35:bd=40;33;01:cd=40;33;01:or=40;31;01:mi=01;05;37;41:su=37;41:sg=30;43:ca=30;41:tw=30;42:ow=34;42:st=37;44:ex=01;32:*.tar=01;31:*.tgz=01;31:*.arj=01;31:*.taz=01;31:*.lzh=01;31:*.lzma=01;31:*.tlz=01;31:*.txz=01;31:*.zip=01;31:*.z=01;31:*.Z=01;31:*.dz=01;31:*.gz=01;31:*.lz=01;31:*.xz=01;31:*.bz2=01;31:*.tbz=01;31:*.tbz2=01;31:*.bz=01;31:*.tz=01;31:*.deb=01;31:*.rpm=01;31:*.jar=01;31:*.war=01;31:*.ear=01;31:*.sar=01;31:*.rar=01;31:*.ace=01;31:*.zoo=01;31:*.cpio=01;31:*.7z=01;31:*.rz=01;31:*.jpg=01;35:*.jpeg=01;35:*.gif=01;35:*.bmp=01;35:*.pbm=01;35:*.pgm=01;35:*.ppm=01;35:*.tga=01;35:*.xbm=01;35:*.xpm=01;35:*.tif=01;35:*.tiff=01;35:*.png=01;35:*.svg=01;35:*.svgz=01;35:*.mng=01;35:*.pcx=01;35:*.mov=01;35:*.mpg=01;35:*.mpeg=01;35:*.m2v=01;35:*.mkv=01;35:*.ogm=01;35:*.mp4=01;35:*.m4v=01;35:*.mp4v=01;35:*.vob=01;35:*.qt=01;35:*.nuv=01;35:*.wmv=01;35:*.asf=01;35:*.rm=01;35:*.rmvb=01;35:*.flc=01;35:*.avi=01;35:*.fli=01;35:*.flv=01;35:*.gl=01;35:*.dl=01;35:*.xcf=01;35:*.xwd=01;35:*.yuv=01;35:*.cgm=01;35:*.emf=01;35:*.axv=01;35:*.anx=01;35:*.ogv=01;35:*.ogx=01;35:*.aac=01;36:*.au=01;36:*.flac=01;36:*.mid=01;36:*.midi=01;36:*.mka=01;36:*.mp3=01;36:*.mpc=01;36:*.ogg=01;36:*.ra=01;36:*.wav=01;36:*.axa=01;36:*.oga=01;36:*.spx=01;36:*.xspf=01;36:" />
    <property name="env.XDG_VTNR" value="1" />
    <property name="java.endorsed.dirs" value="/usr/java/jdk1.6.0_38/jre/lib/endorsed" />
    <property name="env.LOGNAME" value="elitecore" />
    <property name="env.USERNAME" value="elitecore" />
    <property name="env.XDG_SEAT" value="seat0" />
    <property name="env.KDEDIRS" value="/usr" />
    <property name="sun.os.patch.level" value="unknown" />
    <property name="java.vendor.url" value="http://java.sun.com/" />
    <property name="info.current-time" value="02:04:25 PM IST" />
    <property name="java.version" value="1.6.0_38" />
    <property name="java.vendor.url.bug" value="http://java.sun.com/cgi-bin/bugreport.cgi" />
    <property name="info.current-date" value="16-March-2015" />
    <property name="env.XDG_MENU_PREFIX" value="lxde-" />
    <property name="ant.project.invoked-targets" value="junit" />
    <property name="env.GNOME_KEYRING_CONTROL" value="/run/user/1001/keyring-FYUASg" />
    <property name="builder.name" value="yash.kapasi" />
    <property name="env.XDG_CONFIG_HOME" value="/home/elitecore/.config" />
    <property name="user.name" value="elitecore" />
    <property name="env.LANG" value="en_US.utf8" />
    <property name="env.CVS_RSH" value="ssh" />
    <property name="sun.io.unicode.encoding" value="UnicodeLittle" />
    <property name="sun.jnu.encoding" value="UTF-8" />
    <property name="env.DBUS_SESSION_BUS_ADDRESS" value="unix:abstract=/tmp/dbus-sdbxaXnVOb,guid=4e2e2d5142475e4979f6a12c550661ef" />
    <property name="java.runtime.name" value="Java(TM) SE Runtime Environment" />
    <property name="ant.file.cpe-build" value="/home/elitecore/Project/Partner-CPE_branch/CrestelCPE-MTNICE/Sprint-4/build/build-local.xml" />
    <property name="env.SSH_ASKPASS" value="/usr/libexec/openssh/gnome-ssh-askpass" />
    <property name="java.specification.name" value="Java Platform API Specification" />
    <property name="user.timezone" value="" />
    <property name="env.LESSOPEN" value="||/usr/bin/lesspipe.sh %s" />
    <property name="path.separator" value=":" />
    <property name="env.XMODIFIERS" value="@im=none" />
    <property name="file.encoding" value="UTF-8" />
    <property name="ant.project.default-target" value="build-app" />
    <property name="build" value="/home/elitecore/Project/Partner-CPE_branch/CrestelCPE-MTNICE/Sprint-4/build/build" />
    <property name="lib" value="/home/elitecore/Project/Partner-CPE_branch/CrestelCPE-MTNICE/Sprint-4/build/lib" />
    <property name="env.HOME" value="/home/elitecore" />
    <property name="sun.java.command" value="org.apache.tools.ant.taskdefs.optional.junit.JUnitTestRunner com.elitecore.test.audit.AuditTestCase skipNonTests=false filtertrace=true haltOnError=false haltOnFailure=false formatter=org.apache.tools.ant.taskdefs.optional.junit.SummaryJUnitResultFormatter showoutput=false outputtoformatters=true logfailedtests=true threadid=0 logtestlistenerevents=false formatter=org.apache.tools.ant.taskdefs.optional.junit.XMLJUnitResultFormatter,/home/elitecore/Project/Partner-CPE_branch/CrestelCPE-MTNICE/Sprint-4/build/junit/TEST-com.elitecore.test.audit.AuditTestCase.xml crashfile=/home/elitecore/Project/Partner-CPE_branch/CrestelCPE-MTNICE/Sprint-4/build/junitvmwatcher9069803088930132698.properties propsfile=/home/elitecore/Project/Partner-CPE_branch/CrestelCPE-MTNICE/Sprint-4/build/junit3068579556383014091.properties" />
    <property name="db.port" value="1521" />
    <property name="ant.file" value="/home/elitecore/Project/Partner-CPE_branch/CrestelCPE-MTNICE/Sprint-4/build/build-local.xml" />
    <property name="db.username" value="CRESTELCPE" />
    <property name="env.HOSTNAME" value="localhost.localdomain" />
    <property name="java.io.tmpdir" value="/tmp" />
    <property name="env.GNOME_KEYRING_PID" value="1999" />
    <property name="user.language" value="en" />
    <property name="env.HISTCONTROL" value="ignoredups" />
    <property name="line.separator" value="&#xa;" />
    <property name="ant.file.type" value="file" />
    <property name="env.SSH_AGENT_PID" value="2229" />
    <property name="bl-module-name" value="inventorybl" />
    <property name="env.HISTSIZE" value="1000" />
    <property name="test.report.dir" value="junit" />
    <property name="java.vm.info" value="mixed mode" />
    <property name="exec-web-module-name" value="inventoryweb" />
    <property name="java.vm.specification.name" value="Java Virtual Machine Specification" />
    <property name="env.COLORTERM" value="gnome-terminal" />
    <property name="findbug.dir" value="findbug" />
    <property name="info.DSTAMP" value="20150316" />
    <property name="env.GDMSESSION" value="LXDE" />
    <property name="java.awt.printerjob" value="sun.print.PSPrinterJob" />
    <property name="db.host" value="192.168.0.123" />
    <property name="ant.version" value="Apache Ant(TM) version 1.9.4 compiled on April 29 2014" />
    <property name="env.WINDOWID" value="56623109" />
    <property name="env.CLASSPATH" value="/home/elitecore/jakarta-tomcat-5.0.28/common/lib/servlet-api.jar" />
    <property name="os.name" value="Linux" />
    <property name="java.specification.vendor" value="Sun Microsystems Inc." />
    <property name="env.TERM" value="xterm-256color" />
    <property name="java.vm.name" value="Java HotSpot(TM) 64-Bit Server VM" />
    <property name="info.TSTAMP" value="1404" />
    <property name="env.QT_IM_MODULE" value="xim" />
    <property name="java.library.path" value="/usr/java/jdk1.6.0_38/jre/lib/amd64/server:/usr/java/jdk1.6.0_38/jre/lib/amd64:/usr/java/jdk1.6.0_38/jre/../lib/amd64:/usr/java/packages/lib/amd64:/usr/lib64:/lib64:/lib:/usr/lib" />
    <property name="bl-module-build-dir" value="/home/elitecore/Project/Partner-CPE_branch/CrestelCPE-MTNICE/Sprint-4/build/build/inventorybl" />
    <property name="env.PATH" value="/home/elitecore/tools/apache-ant-1.9.4/bin:/usr/lib64/qt-3.3/bin:/usr/lib64/ccache:/usr/local/bin:/usr/bin:/bin:/usr/local/sbin:/usr/sbin:/home/elitecore/.local/bin:/home/elitecore/bin:/usr/java/jdk1.6.0_38/bin:/usr/java/jdk1.6.0_38/jre/bin:/home/elitecore/Project/servers/apache-tomcat-6.0.37/bin:/home/elitecore/jakarta-tomcat-5.0.28/common/lib/servlet-api.jar:/home/elitecore/Project/servers/jboss-6.1.0.Final-CPE/bin" />
    <property name="inventory.svn.rev" value="${env.BUILD_NUMBER}" />
    <property name="env._LXSESSION_PID" value="2001" />
    <property name="ant.java.version" value="1.6" />
    <property name="basedir" value="/home/elitecore/Project/Partner-CPE_branch/CrestelCPE-MTNICE/Sprint-4/build" />
    <property name="java.class.version" value="50.0" />
    <property name="env.SHLVL" value="2" />
    <property name="env.LD_LIBRARY_PATH" value="/usr/java/jdk1.6.0_38/jre/lib/amd64/server:/usr/java/jdk1.6.0_38/jre/lib/amd64:/usr/java/jdk1.6.0_38/jre/../lib/amd64" />
    <property name="ant.home" value="/home/elitecore/tools/apache-ant-1.9.4" />
    <property name="env.JBOSS_HOME" value="/home/elitecore/Project/servers/jboss-6.1.0.Final-CPE" />
    <property name="dist" value="/home/elitecore/Project/Partner-CPE_branch/CrestelCPE-MTNICE/Sprint-4/build/dist" />
    <property name="info.TODAY" value="March 16 2015" />
    <property name="fullversion" value="/home/elitecore/Project/Partner-CPE_branch/CrestelCPE-MTNICE/Sprint-4/build/fullversion" />
    <property name="template.inventoryfull" value="/home/elitecore/Project/Partner-CPE_branch/CrestelCPE-MTNICE/Sprint-4/build/fullversion/template/CRESTEL-CPE-FullV6.0.4" />
    <property name="sun.boot.library.path" value="/usr/java/jdk1.6.0_38/jre/lib/amd64" />
    <property name="dbfull" value="/home/elitecore/Project/Partner-CPE_branch/CrestelCPE-MTNICE/Sprint-4/build/fullversion/CRESTEL-CPE-DBFullV6.0.4" />
    <property name="bl-module-app-dir" value="/home/elitecore/Project/Partner-CPE_branch/CrestelCPE-MTNICE/Sprint-4/application/inventorybl" />
    <property name="sun.management.compiler" value="HotSpot 64-Bit Tiered Compilers" />
    <property name="java.awt.graphicsenv" value="sun.awt.X11GraphicsEnvironment" />
    <property name="env.USER" value="elitecore" />
    <property name="env.GTK_IM_MODULE" value="gtk-im-context-simple" />
    <property name="env.JRE_HOME" value="/usr/java/jdk1.6.0_38/jre" />
    <property name="info.year-month-day" value="2015-03-16" />
    <property name="env.QT_PLUGIN_PATH" value="/usr/lib64/kde4/plugins:/usr/lib/kde4/plugins" />
    <property name="ant.project.name" value="cpe-build" />
    <property name="java.vm.specification.version" value="1.0" />
    <property name="env.KDE_IS_PRELINKED" value="1" />
    <property name="env.NLSPATH" value="/usr/dt/lib/nls/msg/%L/%N.cat" />
    <property name="sun.cpu.isalist" value="" />
    <property name="rmiclient" value="/home/elitecore/Project/Partner-CPE_branch/CrestelCPE-MTNICE/Sprint-4/build/rmiclient" />
    <property name="inventoryfull" value="/home/elitecore/Project/Partner-CPE_branch/CrestelCPE-MTNICE/Sprint-4/build/fullversion/CRESTEL-CPE-FullV6.0.4" />
    <property name="java.ext.dirs" value="/usr/java/jdk1.6.0_38/jre/lib/ext:/usr/java/packages/lib/ext" />
    <property name="os.version" value="3.7.2-201.fc18.x86_64" />
    <property name="exec-web-module-app-dir" value="/home/elitecore/Project/Partner-CPE_branch/CrestelCPE-MTNICE/Sprint-4/application/inventoryweb" />
    <property name="user.home" value="/home/elitecore" />
    <property name="env.XDG_CURRENT_DESKTOP" value="LXDE" />
    <property name="java.vm.vendor" value="Sun Microsystems Inc." />
    <property name="env.SAL_USE_VCLPLUGIN" value="gtk" />
    <property name="env.JAVA_HOME" value="/usr/java/jdk1.6.0_38" />
    <property name="env.XDG_SESSION_ID" value="2" />
    <property name="env.XAUTHORITY" value="/var/run/gdm/auth-for-elitecore-NPj8GD/database" />
    <property name="user.dir" value="/home/elitecore/Project/Partner-CPE_branch/CrestelCPE-MTNICE/Sprint-4/build" />
    <property name="env.XFILESEARCHPATH" value="/usr/dt/app-defaults/%L/Dt" />
    <property name="env.WINDOWPATH" value="1" />
    <property name="env.MAIL" value="/var/spool/mail/elitecore" />
    <property name="findbug" value="/home/elitecore/Project/Partner-CPE_branch/CrestelCPE-MTNICE/Sprint-4/build/lib/findbug" />
    <property name="db.sid" value="nicedev" />
    <property name="env.PWD" value="/home/elitecore/Project/Partner-CPE_branch/CrestelCPE-MTNICE/Sprint-4/build" />
    <property name="ant.file.type.cpe-build" value="file" />
    <property name="sun.cpu.endian" value="little" />
    <property name="project" value="Crestel CPE" />
    <property name="env.QTLIB" value="/usr/lib64/qt-3.3/lib" />
    <property name="java.vm.version" value="20.13-b02" />
    <property name="java.class.path" value="/home/elitecore/Project/Partner-CPE_branch/CrestelCPE-MTNICE/Sprint-4/build/lib/axis.jar:/home/elitecore/Project/Partner-CPE_branch/CrestelCPE-MTNICE/Sprint-4/build/lib/bsh.jar:/home/elitecore/Project/Partner-CPE_branch/CrestelCPE-MTNICE/Sprint-4/build/lib/com.sun.rowset.jar:/home/elitecore/Project/Partner-CPE_branch/CrestelCPE-MTNICE/Sprint-4/build/lib/commons-net-3.3.jar:/home/elitecore/Project/Partner-CPE_branch/CrestelCPE-MTNICE/Sprint-4/build/lib/doxygen/ant_doxygen.jar:/home/elitecore/Project/Partner-CPE_branch/CrestelCPE-MTNICE/Sprint-4/build/lib/elite-agentframework.jar:/home/elitecore/Project/Partner-CPE_branch/CrestelCPE-MTNICE/Sprint-4/build/lib/findbug/findbugs-ant.jar:/home/elitecore/Project/Partner-CPE_branch/CrestelCPE-MTNICE/Sprint-4/build/lib/findbug/findbugs.jar:/home/elitecore/Project/Partner-CPE_branch/CrestelCPE-MTNICE/Sprint-4/build/lib/findbug/lib/annotations.jar:/home/elitecore/Project/Partner-CPE_branch/CrestelCPE-MTNICE/Sprint-4/build/lib/findbug/lib/ant.jar:/home/elitecore/Project/Partner-CPE_branch/CrestelCPE-MTNICE/Sprint-4/build/lib/findbug/lib/asm-3.3.jar:/home/elitecore/Project/Partner-CPE_branch/CrestelCPE-MTNICE/Sprint-4/build/lib/findbug/lib/asm-analysis-3.3.jar:/home/elitecore/Project/Partner-CPE_branch/CrestelCPE-MTNICE/Sprint-4/build/lib/findbug/lib/asm-commons-3.3.jar:/home/elitecore/Project/Partner-CPE_branch/CrestelCPE-MTNICE/Sprint-4/build/lib/findbug/lib/asm-tree-3.3.jar:/home/elitecore/Project/Partner-CPE_branch/CrestelCPE-MTNICE/Sprint-4/build/lib/findbug/lib/asm-util-3.3.jar:/home/elitecore/Project/Partner-CPE_branch/CrestelCPE-MTNICE/Sprint-4/build/lib/findbug/lib/asm-xml-3.3.jar:/home/elitecore/Project/Partner-CPE_branch/CrestelCPE-MTNICE/Sprint-4/build/lib/findbug/lib/bcel.jar:/home/elitecore/Project/Partner-CPE_branch/CrestelCPE-MTNICE/Sprint-4/build/lib/findbug/lib/commons-lang-2.4.jar:/home/elitecore/Project/Partner-CPE_branch/CrestelCPE-MTNICE/Sprint-4/build/lib/findbug/lib/dom4j-1.6.1.jar:/home/elitecore/Project/Partner-CPE_branch/CrestelCPE-MTNICE/Sprint-4/build/lib/findbug/lib/findbugs-ant.jar:/home/elitecore/Project/Partner-CPE_branch/CrestelCPE-MTNICE/Sprint-4/build/lib/findbug/lib/findbugs.jar:/home/elitecore/Project/Partner-CPE_branch/CrestelCPE-MTNICE/Sprint-4/build/lib/findbug/lib/jFormatString.jar:/home/elitecore/Project/Partner-CPE_branch/CrestelCPE-MTNICE/Sprint-4/build/lib/findbug/lib/jaxen-1.1.1.jar:/home/elitecore/Project/Partner-CPE_branch/CrestelCPE-MTNICE/Sprint-4/build/lib/findbug/lib/jcip-annotations.jar:/home/elitecore/Project/Partner-CPE_branch/CrestelCPE-MTNICE/Sprint-4/build/lib/findbug/lib/jdepend-2.9.jar:/home/elitecore/Project/Partner-CPE_branch/CrestelCPE-MTNICE/Sprint-4/build/lib/findbug/lib/jsr305.jar:/home/elitecore/Project/Partner-CPE_branch/CrestelCPE-MTNICE/Sprint-4/build/lib/findbug/lib/yjp-controller-api-redist.jar:/home/elitecore/Project/Partner-CPE_branch/CrestelCPE-MTNICE/Sprint-4/build/lib/findbug/optionalPlugin/bugCollectionCloud.jar:/home/elitecore/Project/Partner-CPE_branch/CrestelCPE-MTNICE/Sprint-4/build/lib/findbug/optionalPlugin/noUpdateChecks.jar:/home/elitecore/Project/Partner-CPE_branch/CrestelCPE-MTNICE/Sprint-4/build/lib/findbug/optionalPlugin/poweruser.jar:/home/elitecore/Project/Partner-CPE_branch/CrestelCPE-MTNICE/Sprint-4/build/lib/findbug/plugin/findbugsCommunalCloud.jar:/home/elitecore/Project/Partner-CPE_branch/CrestelCPE-MTNICE/Sprint-4/build/lib/findbug/plugin/webCloudClient.jar:/home/elitecore/Project/Partner-CPE_branch/CrestelCPE-MTNICE/Sprint-4/build/lib/fmpp.jar:/home/elitecore/Project/Partner-CPE_branch/CrestelCPE-MTNICE/Sprint-4/build/lib/freemarker.jar:/home/elitecore/Project/Partner-CPE_branch/CrestelCPE-MTNICE/Sprint-4/build/lib/freemarker/freemarker.jar:/home/elitecore/Project/Partner-CPE_branch/CrestelCPE-MTNICE/Sprint-4/build/lib/hibernate-core.jar:/home/elitecore/Project/Partner-CPE_branch/CrestelCPE-MTNICE/Sprint-4/build/lib/javax.persistence.jar:/home/elitecore/Project/Partner-CPE_branch/CrestelCPE-MTNICE/Sprint-4/build/lib/jboss-client/FastInfoset.jar:/home/elitecore/Project/Partner-CPE_branch/CrestelCPE-MTNICE/Sprint-4/build/lib/jboss-client/XmlSchema.jar:/home/elitecore/Project/Partner-CPE_branch/CrestelCPE-MTNICE/Sprint-4/build/lib/jboss-client/activation.jar:/home/elitecore/Project/Partner-CPE_branch/CrestelCPE-MTNICE/Sprint-4/build/lib/jboss-client/antlr.jar:/home/elitecore/Project/Partner-CPE_branch/CrestelCPE-MTNICE/Sprint-4/build/lib/jboss-client/asm.jar:/home/elitecore/Project/Partner-CPE_branch/CrestelCPE-MTNICE/Sprint-4/build/lib/jboss-client/cdi-api.jar:/home/elitecore/Project/Partner-CPE_branch/CrestelCPE-MTNICE/Sprint-4/build/lib/jboss-client/commons-beanutils.jar:/home/elitecore/Project/Partner-CPE_branch/CrestelCPE-MTNICE/Sprint-4/build/lib/jboss-client/commons-collections.jar:/home/elitecore/Project/Partner-CPE_branch/CrestelCPE-MTNICE/Sprint-4/build/lib/jboss-client/commons-lang.jar:/home/elitecore/Project/Partner-CPE_branch/CrestelCPE-MTNICE/Sprint-4/build/lib/jboss-client/commons-logging.jar:/home/elitecore/Project/Partner-CPE_branch/CrestelCPE-MTNICE/Sprint-4/build/lib/jboss-client/concurrent.jar:/home/elitecore/Project/Partner-CPE_branch/CrestelCPE-MTNICE/Sprint-4/build/lib/jboss-client/cxf-api.jar:/home/elitecore/Project/Partner-CPE_branch/CrestelCPE-MTNICE/Sprint-4/build/lib/jboss-client/cxf-common-schemas.jar:/home/elitecore/Project/Partner-CPE_branch/CrestelCPE-MTNICE/Sprint-4/build/lib/jboss-client/cxf-common-utilities.jar:/home/elitecore/Project/Partner-CPE_branch/CrestelCPE-MTNICE/Sprint-4/build/lib/jboss-client/cxf-rt-bindings-coloc.jar:/home/elitecore/Project/Partner-CPE_branch/CrestelCPE-MTNICE/Sprint-4/build/lib/jboss-client/cxf-rt-bindings-http.jar:/home/elitecore/Project/Partner-CPE_branch/CrestelCPE-MTNICE/Sprint-4/build/lib/jboss-client/cxf-rt-bindings-object.jar:/home/elitecore/Project/Partner-CPE_branch/CrestelCPE-MTNICE/Sprint-4/build/lib/jboss-client/cxf-rt-bindings-soap.jar:/home/elitecore/Project/Partner-CPE_branch/CrestelCPE-MTNICE/Sprint-4/build/lib/jboss-client/cxf-rt-bindings-xml.jar:/home/elitecore/Project/Partner-CPE_branch/CrestelCPE-MTNICE/Sprint-4/build/lib/jboss-client/cxf-rt-core.jar:/home/elitecore/Project/Partner-CPE_branch/CrestelCPE-MTNICE/Sprint-4/build/lib/jboss-client/cxf-rt-databinding-aegis.jar:/home/elitecore/Project/Partner-CPE_branch/CrestelCPE-MTNICE/Sprint-4/build/lib/jboss-client/cxf-rt-databinding-jaxb.jar:/home/elitecore/Project/Partner-CPE_branch/CrestelCPE-MTNICE/Sprint-4/build/lib/jboss-client/cxf-rt-frontend-jaxws.jar:/home/elitecore/Project/Partner-CPE_branch/CrestelCPE-MTNICE/Sprint-4/build/lib/jboss-client/cxf-rt-frontend-simple.jar:/home/elitecore/Project/Partner-CPE_branch/CrestelCPE-MTNICE/Sprint-4/build/lib/jboss-client/cxf-rt-management.jar:/home/elitecore/Project/Partner-CPE_branch/CrestelCPE-MTNICE/Sprint-4/build/lib/jboss-client/cxf-rt-transports-http.jar:/home/elitecore/Project/Partner-CPE_branch/CrestelCPE-MTNICE/Sprint-4/build/lib/jboss-client/cxf-rt-transports-jms.jar:/home/elitecore/Project/Partner-CPE_branch/CrestelCPE-MTNICE/Sprint-4/build/lib/jboss-client/cxf-rt-transports-local.jar:/home/elitecore/Project/Partner-CPE_branch/CrestelCPE-MTNICE/Sprint-4/build/lib/jboss-client/cxf-rt-ws-addr.jar:/home/elitecore/Project/Partner-CPE_branch/CrestelCPE-MTNICE/Sprint-4/build/lib/jboss-client/cxf-rt-ws-policy.jar:/home/elitecore/Project/Partner-CPE_branch/CrestelCPE-MTNICE/Sprint-4/build/lib/jboss-client/cxf-rt-ws-rm.jar:/home/elitecore/Project/Partner-CPE_branch/CrestelCPE-MTNICE/Sprint-4/build/lib/jboss-client/cxf-rt-ws-security.jar:/home/elitecore/Project/Partner-CPE_branch/CrestelCPE-MTNICE/Sprint-4/build/lib/jboss-client/cxf-tools-common.jar:/home/elitecore/Project/Partner-CPE_branch/CrestelCPE-MTNICE/Sprint-4/build/lib/jboss-client/cxf-tools-java2ws.jar:/home/elitecore/Project/Partner-CPE_branch/CrestelCPE-MTNICE/Sprint-4/build/lib/jboss-client/cxf-tools-validator.jar:/home/elitecore/Project/Partner-CPE_branch/CrestelCPE-MTNICE/Sprint-4/build/lib/jboss-client/cxf-tools-wsdlto-core.jar:/home/elitecore/Project/Partner-CPE_branch/CrestelCPE-MTNICE/Sprint-4/build/lib/jboss-client/cxf-tools-wsdlto-databinding-jaxb.jar:/home/elitecore/Project/Partner-CPE_branch/CrestelCPE-MTNICE/Sprint-4/build/lib/jboss-client/cxf-tools-wsdlto-frontend-jaxws.jar:/home/elitecore/Project/Partner-CPE_branch/CrestelCPE-MTNICE/Sprint-4/build/lib/jboss-client/cxf-xjc-boolean.jar:/home/elitecore/Project/Partner-CPE_branch/CrestelCPE-MTNICE/Sprint-4/build/lib/jboss-client/cxf-xjc-bug671.jar:/home/elitecore/Project/Partner-CPE_branch/CrestelCPE-MTNICE/Sprint-4/build/lib/jboss-client/cxf-xjc-dv.jar:/home/elitecore/Project/Partner-CPE_branch/CrestelCPE-MTNICE/Sprint-4/build/lib/jboss-client/cxf-xjc-ts.jar:/home/elitecore/Project/Partner-CPE_branch/CrestelCPE-MTNICE/Sprint-4/build/lib/jboss-client/ejb3-persistence.jar:/home/elitecore/Project/Partner-CPE_branch/CrestelCPE-MTNICE/Sprint-4/build/lib/jboss-client/getopt.jar:/home/elitecore/Project/Partner-CPE_branch/CrestelCPE-MTNICE/Sprint-4/build/lib/jboss-client/hibernate-annotations.jar:/home/elitecore/Project/Partner-CPE_branch/CrestelCPE-MTNICE/Sprint-4/build/lib/jboss-client/hibernate-commons-annotations.jar:/home/elitecore/Project/Partner-CPE_branch/CrestelCPE-MTNICE/Sprint-4/build/lib/jboss-client/hibernate-core.jar:/home/elitecore/Project/Partner-CPE_branch/CrestelCPE-MTNICE/Sprint-4/build/lib/jboss-client/hibernate-jpa-2.0-api.jar:/home/elitecore/Project/Partner-CPE_branch/CrestelCPE-MTNICE/Sprint-4/build/lib/jboss-client/hibernate-validator.jar:/home/elitecore/Project/Partner-CPE_branch/CrestelCPE-MTNICE/Sprint-4/build/lib/jboss-client/hornetq-core-client.jar:/home/elitecore/Project/Partner-CPE_branch/CrestelCPE-MTNICE/Sprint-4/build/lib/jboss-client/hornetq-jms-client.jar:/home/elitecore/Project/Partner-CPE_branch/CrestelCPE-MTNICE/Sprint-4/build/lib/jboss-client/jacorb.jar:/home/elitecore/Project/Partner-CPE_branch/CrestelCPE-MTNICE/Sprint-4/build/lib/jboss-client/javassist.jar:/home/elitecore/Project/Partner-CPE_branch/CrestelCPE-MTNICE/Sprint-4/build/lib/jboss-client/javax.inject.jar:/home/elitecore/Project/Partner-CPE_branch/CrestelCPE-MTNICE/Sprint-4/build/lib/jboss-client/jaxb-api.jar:/home/elitecore/Project/Partner-CPE_branch/CrestelCPE-MTNICE/Sprint-4/build/lib/jboss-client/jaxb-impl.jar:/home/elitecore/Project/Partner-CPE_branch/CrestelCPE-MTNICE/Sprint-4/build/lib/jboss-client/jaxb-xjc.jar:/home/elitecore/Project/Partner-CPE_branch/CrestelCPE-MTNICE/Sprint-4/build/lib/jboss-client/jaxws-api.jar:/home/elitecore/Project/Partner-CPE_branch/CrestelCPE-MTNICE/Sprint-4/build/lib/jboss-client/jaxws-httpserver-httpspi.jar:/home/elitecore/Project/Partner-CPE_branch/CrestelCPE-MTNICE/Sprint-4/build/lib/jboss-client/jaxws-rt.jar:/home/elitecore/Project/Partner-CPE_branch/CrestelCPE-MTNICE/Sprint-4/build/lib/jboss-client/jaxws-tools.jar:/home/elitecore/Project/Partner-CPE_branch/CrestelCPE-MTNICE/Sprint-4/build/lib/jboss-client/jboss-annotations-api_1.1_spec.jar:/home/elitecore/Project/Partner-CPE_branch/CrestelCPE-MTNICE/Sprint-4/build/lib/jboss-client/jboss-aop-client.jar:/home/elitecore/Project/Partner-CPE_branch/CrestelCPE-MTNICE/Sprint-4/build/lib/jboss-client/jboss-appclient.jar:/home/elitecore/Project/Partner-CPE_branch/CrestelCPE-MTNICE/Sprint-4/build/lib/jboss-client/jboss-aspect-jdk50-client.jar:/home/elitecore/Project/Partner-CPE_branch/CrestelCPE-MTNICE/Sprint-4/build/lib/jboss-client/jboss-classpool-jbosscl.jar:/home/elitecore/Project/Partner-CPE_branch/CrestelCPE-MTNICE/Sprint-4/build/lib/jboss-client/jboss-classpool-scoped.jar:/home/elitecore/Project/Partner-CPE_branch/CrestelCPE-MTNICE/Sprint-4/build/lib/jboss-client/jboss-classpool.jar:/home/elitecore/Project/Partner-CPE_branch/CrestelCPE-MTNICE/Sprint-4/build/lib/jboss-client/jboss-client.jar:/home/elitecore/Project/Partner-CPE_branch/CrestelCPE-MTNICE/Sprint-4/build/lib/jboss-client/jboss-common-core.jar:/home/elitecore/Project/Partner-CPE_branch/CrestelCPE-MTNICE/Sprint-4/build/lib/jboss-client/jboss-connector-api_1.5_spec.jar:/home/elitecore/Project/Partner-CPE_branch/CrestelCPE-MTNICE/Sprint-4/build/lib/jboss-client/jboss-deployers-client-spi.jar:/home/elitecore/Project/Partner-CPE_branch/CrestelCPE-MTNICE/Sprint-4/build/lib/jboss-client/jboss-deployers-client.jar:/home/elitecore/Project/Partner-CPE_branch/CrestelCPE-MTNICE/Sprint-4/build/lib/jboss-client/jboss-deployers-core-spi.jar:/home/elitecore/Project/Partner-CPE_branch/CrestelCPE-MTNICE/Sprint-4/build/lib/jboss-client/jboss-deployers-core.jar:/home/elitecore/Project/Partner-CPE_branch/CrestelCPE-MTNICE/Sprint-4/build/lib/jboss-client/jboss-deployers-vfs-spi.jar:/home/elitecore/Project/Partner-CPE_branch/CrestelCPE-MTNICE/Sprint-4/build/lib/jboss-client/jboss-deployers-vfs.jar:/home/elitecore/Project/Partner-CPE_branch/CrestelCPE-MTNICE/Sprint-4/build/lib/jboss-client/jboss-deployment.jar:/home/elitecore/Project/Partner-CPE_branch/CrestelCPE-MTNICE/Sprint-4/build/lib/jboss-client/jboss-ejb-api_3.1_spec.jar:/home/elitecore/Project/Partner-CPE_branch/CrestelCPE-MTNICE/Sprint-4/build/lib/jboss-client/jboss-ejb3-async-impl.jar:/home/elitecore/Project/Partner-CPE_branch/CrestelCPE-MTNICE/Sprint-4/build/lib/jboss-client/jboss-ejb3-async-spi.jar:/home/elitecore/Project/Partner-CPE_branch/CrestelCPE-MTNICE/Sprint-4/build/lib/jboss-client/jboss-ejb3-common-client.jar:/home/elitecore/Project/Partner-CPE_branch/CrestelCPE-MTNICE/Sprint-4/build/lib/jboss-client/jboss-ejb3-context-spi.jar:/home/elitecore/Project/Partner-CPE_branch/CrestelCPE-MTNICE/Sprint-4/build/lib/jboss-client/jboss-ejb3-core-client.jar:/home/elitecore/Project/Partner-CPE_branch/CrestelCPE-MTNICE/Sprint-4/build/lib/jboss-client/jboss-ejb3-embedded-standalone.jar:/home/elitecore/Project/Partner-CPE_branch/CrestelCPE-MTNICE/Sprint-4/build/lib/jboss-client/jboss-ejb3-ext-api-impl.jar:/home/elitecore/Project/Partner-CPE_branch/CrestelCPE-MTNICE/Sprint-4/build/lib/jboss-client/jboss-ejb3-ext-api.jar:/home/elitecore/Project/Partner-CPE_branch/CrestelCPE-MTNICE/Sprint-4/build/lib/jboss-client/jboss-ejb3-proxy-clustered-client.jar:/home/elitecore/Project/Partner-CPE_branch/CrestelCPE-MTNICE/Sprint-4/build/lib/jboss-client/jboss-ejb3-proxy-impl-client.jar:/home/elitecore/Project/Partner-CPE_branch/CrestelCPE-MTNICE/Sprint-4/build/lib/jboss-client/jboss-ejb3-proxy-spi-client.jar:/home/elitecore/Project/Partner-CPE_branch/CrestelCPE-MTNICE/Sprint-4/build/lib/jboss-client/jboss-ejb3-security-client.jar:/home/elitecore/Project/Partner-CPE_branch/CrestelCPE-MTNICE/Sprint-4/build/lib/jboss-client/jboss-ejb3-singleton-proxy-impl.jar:/home/elitecore/Project/Partner-CPE_branch/CrestelCPE-MTNICE/Sprint-4/build/lib/jboss-client/jboss-ejb3-vfs-spi.jar:/home/elitecore/Project/Partner-CPE_branch/CrestelCPE-MTNICE/Sprint-4/build/lib/jboss-client/jboss-el-api_2.2_spec.jar:/home/elitecore/Project/Partner-CPE_branch/CrestelCPE-MTNICE/Sprint-4/build/lib/jboss-client/jboss-ha-client.jar:/home/elitecore/Project/Partner-CPE_branch/CrestelCPE-MTNICE/Sprint-4/build/lib/jboss-client/jboss-ha-legacy-client.jar:/home/elitecore/Project/Partner-CPE_branch/CrestelCPE-MTNICE/Sprint-4/build/lib/jboss-client/jboss-iiop-client.jar:/home/elitecore/Project/Partner-CPE_branch/CrestelCPE-MTNICE/Sprint-4/build/lib/jboss-client/jboss-integration.jar:/home/elitecore/Project/Partner-CPE_branch/CrestelCPE-MTNICE/Sprint-4/build/lib/jboss-client/jboss-interceptor-core.jar:/home/elitecore/Project/Partner-CPE_branch/CrestelCPE-MTNICE/Sprint-4/build/lib/jboss-client/jboss-interceptor-spi.jar:/home/elitecore/Project/Partner-CPE_branch/CrestelCPE-MTNICE/Sprint-4/build/lib/jboss-client/jboss-interceptors-api_1.1_spec.jar:/home/elitecore/Project/Partner-CPE_branch/CrestelCPE-MTNICE/Sprint-4/build/lib/jboss-client/jboss-j2se.jar:/home/elitecore/Project/Partner-CPE_branch/CrestelCPE-MTNICE/Sprint-4/build/lib/jboss-client/jboss-jacc-api_1.4_spec.jar:/home/elitecore/Project/Partner-CPE_branch/CrestelCPE-MTNICE/Sprint-4/build/lib/jboss-client/jboss-jad-api_1.2_spec.jar:/home/elitecore/Project/Partner-CPE_branch/CrestelCPE-MTNICE/Sprint-4/build/lib/jboss-client/jboss-jaspi-api.jar:/home/elitecore/Project/Partner-CPE_branch/CrestelCPE-MTNICE/Sprint-4/build/lib/jboss-client/jboss-jaspi-api_1.0_spec.jar:/home/elitecore/Project/Partner-CPE_branch/CrestelCPE-MTNICE/Sprint-4/build/lib/jboss-client/jboss-javaee.jar:/home/elitecore/Project/Partner-CPE_branch/CrestelCPE-MTNICE/Sprint-4/build/lib/jboss-client/jboss-jaxb-api_2.2_spec.jar:/home/elitecore/Project/Partner-CPE_branch/CrestelCPE-MTNICE/Sprint-4/build/lib/jboss-client/jboss-jaxr-api_1.0_spec.jar:/home/elitecore/Project/Partner-CPE_branch/CrestelCPE-MTNICE/Sprint-4/build/lib/jboss-client/jboss-jaxrpc-api_1.1_spec.jar:/home/elitecore/Project/Partner-CPE_branch/CrestelCPE-MTNICE/Sprint-4/build/lib/jboss-client/jboss-jaxws-api_2.2_spec.jar:/home/elitecore/Project/Partner-CPE_branch/CrestelCPE-MTNICE/Sprint-4/build/lib/jboss-client/jboss-jms-api_1.1_spec.jar:/home/elitecore/Project/Partner-CPE_branch/CrestelCPE-MTNICE/Sprint-4/build/lib/jboss-client/jboss-jmx-annotations.jar:/home/elitecore/Project/Partner-CPE_branch/CrestelCPE-MTNICE/Sprint-4/build/lib/jboss-client/jboss-jmx.jar:/home/elitecore/Project/Partner-CPE_branch/CrestelCPE-MTNICE/Sprint-4/build/lib/jboss-client/jboss-jsp-api_2.2_spec.jar:/home/elitecore/Project/Partner-CPE_branch/CrestelCPE-MTNICE/Sprint-4/build/lib/jboss-client/jboss-jsr77-client.jar:/home/elitecore/Project/Partner-CPE_branch/CrestelCPE-MTNICE/Sprint-4/build/lib/jboss-client/jboss-logging-jdk.jar:/home/elitecore/Project/Partner-CPE_branch/CrestelCPE-MTNICE/Sprint-4/build/lib/jboss-client/jboss-logging-log4j.jar:/home/elitecore/Project/Partner-CPE_branch/CrestelCPE-MTNICE/Sprint-4/build/lib/jboss-client/jboss-logging-spi.jar:/home/elitecore/Project/Partner-CPE_branch/CrestelCPE-MTNICE/Sprint-4/build/lib/jboss-client/jboss-logging.jar:/home/elitecore/Project/Partner-CPE_branch/CrestelCPE-MTNICE/Sprint-4/build/lib/jboss-client/jboss-managed.jar:/home/elitecore/Project/Partner-CPE_branch/CrestelCPE-MTNICE/Sprint-4/build/lib/jboss-client/jboss-marshalling-river.jar:/home/elitecore/Project/Partner-CPE_branch/CrestelCPE-MTNICE/Sprint-4/build/lib/jboss-client/jboss-marshalling.jar:/home/elitecore/Project/Partner-CPE_branch/CrestelCPE-MTNICE/Sprint-4/build/lib/jboss-client/jboss-mdr.jar:/home/elitecore/Project/Partner-CPE_branch/CrestelCPE-MTNICE/Sprint-4/build/lib/jboss-client/jboss-messaging-client.jar:/home/elitecore/Project/Partner-CPE_branch/CrestelCPE-MTNICE/Sprint-4/build/lib/jboss-client/jboss-metadata-client.jar:/home/elitecore/Project/Partner-CPE_branch/CrestelCPE-MTNICE/Sprint-4/build/lib/jboss-client/jboss-metadata-common.jar:/home/elitecore/Project/Partner-CPE_branch/CrestelCPE-MTNICE/Sprint-4/build/lib/jboss-client/jboss-metadata-ear.jar:/home/elitecore/Project/Partner-CPE_branch/CrestelCPE-MTNICE/Sprint-4/build/lib/jboss-client/jboss-metadata-ejb.jar:/home/elitecore/Project/Partner-CPE_branch/CrestelCPE-MTNICE/Sprint-4/build/lib/jboss-client/jboss-metadata-rar.jar:/home/elitecore/Project/Partner-CPE_branch/CrestelCPE-MTNICE/Sprint-4/build/lib/jboss-client/jboss-metadata-war.jar:/home/elitecore/Project/Partner-CPE_branch/CrestelCPE-MTNICE/Sprint-4/build/lib/jboss-client/jboss-metadata.jar:/home/elitecore/Project/Partner-CPE_branch/CrestelCPE-MTNICE/Sprint-4/build/lib/jboss-client/jboss-metatype.jar:/home/elitecore/Project/Partner-CPE_branch/CrestelCPE-MTNICE/Sprint-4/build/lib/jboss-client/jboss-profileservice-client.jar:/home/elitecore/Project/Partner-CPE_branch/CrestelCPE-MTNICE/Sprint-4/build/lib/jboss-client/jboss-profileservice-spi.jar:/home/elitecore/Project/Partner-CPE_branch/CrestelCPE-MTNICE/Sprint-4/build/lib/jboss-client/jboss-remoting-3.jar:/home/elitecore/Project/Partner-CPE_branch/CrestelCPE-MTNICE/Sprint-4/build/lib/jboss-client/jboss-remoting.jar:/home/elitecore/Project/Partner-CPE_branch/CrestelCPE-MTNICE/Sprint-4/build/lib/jboss-client/jboss-security-spi.jar:/home/elitecore/Project/Partner-CPE_branch/CrestelCPE-MTNICE/Sprint-4/build/lib/jboss-client/jboss-serialization.jar:/home/elitecore/Project/Partner-CPE_branch/CrestelCPE-MTNICE/Sprint-4/build/lib/jboss-client/jboss-servlet-api_3.0_spec.jar:/home/elitecore/Project/Partner-CPE_branch/CrestelCPE-MTNICE/Sprint-4/build/lib/jboss-client/jboss-srp-client.jar:/home/elitecore/Project/Partner-CPE_branch/CrestelCPE-MTNICE/Sprint-4/build/lib/jboss-client/jboss-system-client.jar:/home/elitecore/Project/Partner-CPE_branch/CrestelCPE-MTNICE/Sprint-4/build/lib/jboss-client/jboss-system-jmx-client.jar:/home/elitecore/Project/Partner-CPE_branch/CrestelCPE-MTNICE/Sprint-4/build/lib/jboss-client/jboss-transaction-api_1.1_spec.jar:/home/elitecore/Project/Partner-CPE_branch/CrestelCPE-MTNICE/Sprint-4/build/lib/jboss-client/jboss-xml-binding.jar:/home/elitecore/Project/Partner-CPE_branch/CrestelCPE-MTNICE/Sprint-4/build/lib/jboss-client/jbossall-client.jar:/home/elitecore/Project/Partner-CPE_branch/CrestelCPE-MTNICE/Sprint-4/build/lib/jboss-client/jbosscx-client.jar:/home/elitecore/Project/Partner-CPE_branch/CrestelCPE-MTNICE/Sprint-4/build/lib/jboss-client/jbossjmx-ant.jar:/home/elitecore/Project/Partner-CPE_branch/CrestelCPE-MTNICE/Sprint-4/build/lib/jboss-client/jbossjts-integration.jar:/home/elitecore/Project/Partner-CPE_branch/CrestelCPE-MTNICE/Sprint-4/build/lib/jboss-client/jbossjts-jacorb.jar:/home/elitecore/Project/Partner-CPE_branch/CrestelCPE-MTNICE/Sprint-4/build/lib/jboss-client/jbossjts.jar:/home/elitecore/Project/Partner-CPE_branch/CrestelCPE-MTNICE/Sprint-4/build/lib/jboss-client/jbosssx-as-client.jar:/home/elitecore/Project/Partner-CPE_branch/CrestelCPE-MTNICE/Sprint-4/build/lib/jboss-client/jbosssx-client.jar:/home/elitecore/Project/Partner-CPE_branch/CrestelCPE-MTNICE/Sprint-4/build/lib/jboss-client/jbossws-common.jar:/home/elitecore/Project/Partner-CPE_branch/CrestelCPE-MTNICE/Sprint-4/build/lib/jboss-client/jbossws-cxf-client.jar:/home/elitecore/Project/Partner-CPE_branch/CrestelCPE-MTNICE/Sprint-4/build/lib/jboss-client/jbossws-cxf-transports-httpserver.jar:/home/elitecore/Project/Partner-CPE_branch/CrestelCPE-MTNICE/Sprint-4/build/lib/jboss-client/jbossws-framework.jar:/home/elitecore/Project/Partner-CPE_branch/CrestelCPE-MTNICE/Sprint-4/build/lib/jboss-client/jbossws-jboss50.jar:/home/elitecore/Project/Partner-CPE_branch/CrestelCPE-MTNICE/Sprint-4/build/lib/jboss-client/jbossws-native-client.jar:/home/elitecore/Project/Partner-CPE_branch/CrestelCPE-MTNICE/Sprint-4/build/lib/jboss-client/jbossws-native-core.jar:/home/elitecore/Project/Partner-CPE_branch/CrestelCPE-MTNICE/Sprint-4/build/lib/jboss-client/jbossws-native-factories.jar:/home/elitecore/Project/Partner-CPE_branch/CrestelCPE-MTNICE/Sprint-4/build/lib/jboss-client/jbossws-spi.jar:/home/elitecore/Project/Partner-CPE_branch/CrestelCPE-MTNICE/Sprint-4/build/lib/jboss-client/jbossxb.jar:/home/elitecore/Project/Partner-CPE_branch/CrestelCPE-MTNICE/Sprint-4/build/lib/jboss-client/jcl-over-slf4j.jar:/home/elitecore/Project/Partner-CPE_branch/CrestelCPE-MTNICE/Sprint-4/build/lib/jboss-client/jettison.jar:/home/elitecore/Project/Partner-CPE_branch/CrestelCPE-MTNICE/Sprint-4/build/lib/jboss-client/jmx-client.jar:/home/elitecore/Project/Partner-CPE_branch/CrestelCPE-MTNICE/Sprint-4/build/lib/jboss-client/jmx-invoker-adaptor-client.jar:/home/elitecore/Project/Partner-CPE_branch/CrestelCPE-MTNICE/Sprint-4/build/lib/jboss-client/jnp-client.jar:/home/elitecore/Project/Partner-CPE_branch/CrestelCPE-MTNICE/Sprint-4/build/lib/jboss-client/jsr181-api.jar:/home/elitecore/Project/Partner-CPE_branch/CrestelCPE-MTNICE/Sprint-4/build/lib/jboss-client/log4j.jar:/home/elitecore/Project/Partner-CPE_branch/CrestelCPE-MTNICE/Sprint-4/build/lib/jboss-client/logkit.jar:/home/elitecore/Project/Partner-CPE_branch/CrestelCPE-MTNICE/Sprint-4/build/lib/jboss-client/mail.jar:/home/elitecore/Project/Partner-CPE_branch/CrestelCPE-MTNICE/Sprint-4/build/lib/jboss-client/neethi.jar:/home/elitecore/Project/Partner-CPE_branch/CrestelCPE-MTNICE/Sprint-4/build/lib/jboss-client/netty.jar:/home/elitecore/Project/Partner-CPE_branch/CrestelCPE-MTNICE/Sprint-4/build/lib/jboss-client/policy.jar:/home/elitecore/Project/Partner-CPE_branch/CrestelCPE-MTNICE/Sprint-4/build/lib/jboss-client/saaj-api.jar:/home/elitecore/Project/Partner-CPE_branch/CrestelCPE-MTNICE/Sprint-4/build/lib/jboss-client/scout.jar:/home/elitecore/Project/Partner-CPE_branch/CrestelCPE-MTNICE/Sprint-4/build/lib/jboss-client/serializer.jar:/home/elitecore/Project/Partner-CPE_branch/CrestelCPE-MTNICE/Sprint-4/build/lib/jboss-client/slf4j-api.jar:/home/elitecore/Project/Partner-CPE_branch/CrestelCPE-MTNICE/Sprint-4/build/lib/jboss-client/slf4j-jboss-logging.jar:/home/elitecore/Project/Partner-CPE_branch/CrestelCPE-MTNICE/Sprint-4/build/lib/jboss-client/stax-api.jar:/home/elitecore/Project/Partner-CPE_branch/CrestelCPE-MTNICE/Sprint-4/build/lib/jboss-client/stax-ex.jar:/home/elitecore/Project/Partner-CPE_branch/CrestelCPE-MTNICE/Sprint-4/build/lib/jboss-client/streambuffer.jar:/home/elitecore/Project/Partner-CPE_branch/CrestelCPE-MTNICE/Sprint-4/build/lib/jboss-client/trove.jar:/home/elitecore/Project/Partner-CPE_branch/CrestelCPE-MTNICE/Sprint-4/build/lib/jboss-client/validation-api.jar:/home/elitecore/Project/Partner-CPE_branch/CrestelCPE-MTNICE/Sprint-4/build/lib/jboss-client/velocity.jar:/home/elitecore/Project/Partner-CPE_branch/CrestelCPE-MTNICE/Sprint-4/build/lib/jboss-client/weld-api.jar:/home/elitecore/Project/Partner-CPE_branch/CrestelCPE-MTNICE/Sprint-4/build/lib/jboss-client/wsdl4j.jar:/home/elitecore/Project/Partner-CPE_branch/CrestelCPE-MTNICE/Sprint-4/build/lib/jboss-client/wss4j.jar:/home/elitecore/Project/Partner-CPE_branch/CrestelCPE-MTNICE/Sprint-4/build/lib/jboss-client/wstx-lgpl.jar:/home/elitecore/Project/Partner-CPE_branch/CrestelCPE-MTNICE/Sprint-4/build/lib/jboss-client/wstx.jar:/home/elitecore/Project/Partner-CPE_branch/CrestelCPE-MTNICE/Sprint-4/build/lib/jboss-client/xalan.jar:/home/elitecore/Project/Partner-CPE_branch/CrestelCPE-MTNICE/Sprint-4/build/lib/jboss-client/xercesImpl.jar:/home/elitecore/Project/Partner-CPE_branch/CrestelCPE-MTNICE/Sprint-4/build/lib/jboss-client/xml-resolver.jar:/home/elitecore/Project/Partner-CPE_branch/CrestelCPE-MTNICE/Sprint-4/build/lib/jboss-client/xmlsec.jar:/home/elitecore/Project/Partner-CPE_branch/CrestelCPE-MTNICE/Sprint-4/build/lib/jdbc/mysql-connector-java-5.1.22-bin.jar:/home/elitecore/Project/Partner-CPE_branch/CrestelCPE-MTNICE/Sprint-4/build/lib/jdbc/oc4jclient.jar:/home/elitecore/Project/Partner-CPE_branch/CrestelCPE-MTNICE/Sprint-4/build/lib/jdbc/ojdbc14.jar:/home/elitecore/Project/Partner-CPE_branch/CrestelCPE-MTNICE/Sprint-4/build/lib/jdbc/oracle9i.jar:/home/elitecore/Project/Partner-CPE_branch/CrestelCPE-MTNICE/Sprint-4/build/lib/jee/ejb3-persistence.jar:/home/elitecore/Project/Partner-CPE_branch/CrestelCPE-MTNICE/Sprint-4/build/lib/jee/javax.persistence.jar:/home/elitecore/Project/Partner-CPE_branch/CrestelCPE-MTNICE/Sprint-4/build/lib/jee/jboss-javaee.jar:/home/elitecore/Project/Partner-CPE_branch/CrestelCPE-MTNICE/Sprint-4/build/lib/jee/servlet-api.jar:/home/elitecore/Project/Partner-CPE_branch/CrestelCPE-MTNICE/Sprint-4/build/lib/junit/junit-4.11.jar:/home/elitecore/Project/Partner-CPE_branch/CrestelCPE-MTNICE/Sprint-4/build/lib/nes-client.jar:/home/elitecore/Project/Partner-CPE_branch/CrestelCPE-MTNICE/Sprint-4/build/lib/oro.jar:/home/elitecore/Project/Partner-CPE_branch/CrestelCPE-MTNICE/Sprint-4/build/lib/other/jgraphx.jar:/home/elitecore/Project/Partner-CPE_branch/CrestelCPE-MTNICE/Sprint-4/build/lib/other/xalan-2.7.0.jar:/home/elitecore/Project/Partner-CPE_branch/CrestelCPE-MTNICE/Sprint-4/build/lib/schemaspy/schemaSpy_5.0.0.jar:/home/elitecore/Project/Partner-CPE_branch/CrestelCPE-MTNICE/Sprint-4/build/lib/svn/commons-net-3.0.1.jar:/home/elitecore/Project/Partner-CPE_branch/CrestelCPE-MTNICE/Sprint-4/build/lib/svn/ganymed.jar:/home/elitecore/Project/Partner-CPE_branch/CrestelCPE-MTNICE/Sprint-4/build/lib/svn/javasvn.jar:/home/elitecore/Project/Partner-CPE_branch/CrestelCPE-MTNICE/Sprint-4/build/lib/svn/svnClientAdapter.jar:/home/elitecore/Project/Partner-CPE_branch/CrestelCPE-MTNICE/Sprint-4/build/lib/svn/svnant.jar:/home/elitecore/Project/Partner-CPE_branch/CrestelCPE-MTNICE/Sprint-4/build/lib/svn/svnjavahl.jar:/home/elitecore/Project/Partner-CPE_branch/CrestelCPE-MTNICE/Sprint-4/build/lib/umlgraph/UmlGraph-5.6.jar:/home/elitecore/Project/Partner-CPE_branch/CrestelCPE-MTNICE/Sprint-4/build/build/inventorybl:/home/elitecore/jakarta-tomcat-5.0.28/common/lib/servlet-api.jar:/home/elitecore/tools/apache-ant-1.9.4/lib/ant-launcher.jar:/home/elitecore/tools/apache-ant-1.9.4/lib/ant.jar:/home/elitecore/tools/apache-ant-1.9.4/lib/ant-junit.jar:/home/elitecore/tools/apache-ant-1.9.4/lib/ant-junit4.jar" />
    <property name="fullversion.tempalate" value="/home/elitecore/Project/Partner-CPE_branch/CrestelCPE-MTNICE/Sprint-4/build/fullversion/template" />
    <property name="doc" value="/home/elitecore/Project/Partner-CPE_branch/CrestelCPE-MTNICE/Sprint-4/build/doc" />
    <property name="ant.library.dir" value="/home/elitecore/tools/apache-ant-1.9.4/lib" />
    <property name="env.QTDIR" value="/usr/lib64/qt-3.3" />
    <property name="os.arch" value="amd64" />
    <property name="env.QT_GRAPHICSSYSTEM_CHECKED" value="1" />
    <property name="sun.java.launcher" value="SUN_STANDARD" />
    <property name="env.IMSETTINGS_INTEGRATE_DESKTOP" value="yes" />
    <property name="ant.core.lib" value="/home/elitecore/tools/apache-ant-1.9.4/lib/ant.jar" />
    <property name="java.vm.specification.vendor" value="Sun Microsystems Inc." />
    <property name="template.dbfull" value="/home/elitecore/Project/Partner-CPE_branch/CrestelCPE-MTNICE/Sprint-4/build/fullversion/template/CRESTEL-CPE-DBFullV6.0.4" />
    <property name="env.KRB5CCNAME" value="DIR:/run/user/1001/krb5cc_dcdd5f0ab065115f08d0e5ff550661e0" />
    <property name="file.separator" value="/" />
    <property name="env.CCACHE_HASHDIR" value="" />
    <property name="java.runtime.version" value="1.6.0_38-b05" />
    <property name="sun.boot.class.path" value="/usr/java/jdk1.6.0_38/jre/lib/resources.jar:/usr/java/jdk1.6.0_38/jre/lib/rt.jar:/usr/java/jdk1.6.0_38/jre/lib/sunrsasign.jar:/usr/java/jdk1.6.0_38/jre/lib/jsse.jar:/usr/java/jdk1.6.0_38/jre/lib/jce.jar:/usr/java/jdk1.6.0_38/jre/lib/charsets.jar:/usr/java/jdk1.6.0_38/jre/lib/modules/jdk.boot.jar:/usr/java/jdk1.6.0_38/jre/classes" />
    <property name="env.SSH_AUTH_SOCK" value="/tmp/ssh-ODoVXtkFHNha/agent.2001" />
    <property name="db.password" value="CRESTELCPE" />
    <property name="env.XDG_RUNTIME_DIR" value="/run/user/1001" />
    <property name="release" value="/home/elitecore/Project/Partner-CPE_branch/CrestelCPE-MTNICE/Sprint-4/build/release" />
    <property name="env.QTINC" value="/usr/lib64/qt-3.3/include" />
    <property name="user.country" value="US" />
    <property name="env.ANT_HOME" value="/home/elitecore/tools/apache-ant-1.9.4" />
    <property name="env.SHELL" value="/bin/bash" />
    <property name="exec-web-module-build-dir" value="/home/elitecore/Project/Partner-CPE_branch/CrestelCPE-MTNICE/Sprint-4/build/build/inventoryweb" />
    <property name="appdir" value="/home/elitecore/Project/Partner-CPE_branch/CrestelCPE-MTNICE/Sprint-4/application" />
    <property name="java.vendor" value="Sun Microsystems Inc." />
    <property name="env.IMSETTINGS_MODULE" value="none" />
    <property name="env.CATALINA_HOME" value="/home/elitecore/Project/servers/apache-tomcat-6.0.37" />
    <property name="java.specification.version" value="1.6" />
    <property name="sun.arch.data.model" value="64" />
  </properties>
  <testcase classname="com.elitecore.test.audit.AuditTestCase" name="testAuditSearch" time="0.535">
    <failure message="Search SystemAudit operation failed, reason: null" type="junit.framework.AssertionFailedError">junit.framework.AssertionFailedError: Search SystemAudit operation failed, reason: null
	at com.elitecore.test.audit.AuditTestCase.testAuditSearch(Unknown Source)
</failure>
  </testcase>
  <testcase classname="com.elitecore.test.audit.AuditTestCase" name="testWSAuditSearch" time="0.173" />
  <testcase classname="com.elitecore.test.audit.AuditTestCase" name="testBaseTestCase" time="0.039" />
  <system-out><![CDATA[Load from properties file.
************* inside lookup - start *****************
************* inside lookup - start *****************
SearchWsAuditVO [wsAuditId=562, eventName=changeInventoryStatus, status=ERROR, responseMessage=Not able to change status , find details in response object. INV000j0042: Central Warehouse Inventory can not be changed to Reserved,Allocated,Delivered or Recovered, processedDate=2015-03-13 12:30:25.0, responseCode=err-211032]
SearchWsAuditVO [wsAuditId=561, eventName=changeInventoryStatus, status=ERROR, responseMessage=Not able to change status , find details in response object. INV000j0042: Inventory old status is invalid. Possible value is between 1 to 11, processedDate=2015-03-13 12:25:57.0, responseCode=err-211032]
SearchWsAuditVO [wsAuditId=545, eventName=markCPEAsFaultyWithOwnerChang, status=ERROR, responseMessage=Invalid Inventory Number or Inventory Number list should not be blank., processedDate=2015-03-05 11:57:16.0, responseCode=err-211010]
SearchWsAuditVO [wsAuditId=544, eventName=markCPEAsFaultyWithOwnerChang, status=ERROR, responseMessage=Invalid Inventory Number or Inventory Number list should not be blank., processedDate=2015-03-05 11:55:10.0, responseCode=err-211010]
SearchWsAuditVO [wsAuditId=543, eventName=markCPEAsFaultyWithOwnerChang, status=ERROR, responseMessage=Invalid Inventory Number or Inventory Number list should not be blank., processedDate=2015-03-05 11:53:04.0, responseCode=err-211010]
SearchWsAuditVO [wsAuditId=542, eventName=markCPEAsFaultyWithOwnerChang, status=ERROR, responseMessage=Not able to mark all CPEs As Faulty,Please try again later.yuu:Invalid Inventory Number
,cccc:Invalid Inventory Number
, processedDate=2015-03-05 11:51:13.0, responseCode=err-211046]
SearchWsAuditVO [wsAuditId=541, eventName=markCPEAsFaultyWithOwnerChang, status=ERROR, responseMessage=Not able to mark all CPEs As Faulty,Please try again later.yuu:Invalid Inventory Number
,cccc:Invalid Inventory Number
, processedDate=2015-03-05 11:40:19.0, responseCode=err-211046]
SearchWsAuditVO [wsAuditId=540, eventName=markCPEAsFaultyWithOwnerChang, status=ERROR, responseMessage=Invalid Inventory Number or Inventory Number list should not be blank., processedDate=2015-03-05 11:39:06.0, responseCode=err-211010]
SearchWsAuditVO [wsAuditId=539, eventName=markCPEAsFaultyWithOwnerChang, status=ERROR, responseMessage=Invalid Inventory Number or Inventory Number list should not be blank., processedDate=2015-03-05 11:38:52.0, responseCode=err-211010]
SearchWsAuditVO [wsAuditId=538, eventName=markCPEAsFaultyWithOwnerChang, status=ERROR, responseMessage=Not able to mark all CPEs As Faulty,Please try again later.ghgh:Invalid Inventory Number
,ghgh:Invalid Inventory Number
, processedDate=2015-03-05 11:37:43.0, responseCode=err-211046]
SearchWsAuditVO [wsAuditId=537, eventName=markCPEAsFaultyWithOwnerChang, status=ERROR, responseMessage=Not able to mark all CPEs As Faulty,Please try again later.ghgh:Invalid Inventory Number
, processedDate=2015-03-05 11:35:22.0, responseCode=err-211046]
SearchWsAuditVO [wsAuditId=536, eventName=markCPEAsFaultyWithOwnerChang, status=ERROR, responseMessage=Not able to mark all CPEs As Faulty,Please try again later.ghgh:Invalid Inventory Number
, processedDate=2015-03-05 11:34:33.0, responseCode=err-211046]
SearchWsAuditVO [wsAuditId=535, eventName=markCPEAsFaultyWithOwnerChang, status=ERROR, responseMessage=Not able to mark all CPEs As Faulty,Please try again later.ghgh:Invalid Inventory Number
, processedDate=2015-03-05 11:24:43.0, responseCode=err-211046]
SearchWsAuditVO [wsAuditId=534, eventName=markCPEAsFaultyWithOwnerChang, status=ERROR, responseMessage=Not able to mark all CPEs As Faulty,Please try again later.ghgh:Invalid Inventory Number
, processedDate=2015-03-05 11:14:34.0, responseCode=err-211046]
SearchWsAuditVO [wsAuditId=533, eventName=markCPEAsFaultyWithOwnerChang, status=ERROR, responseMessage=Not able to mark all CPEs As Faulty,Please try again later.ghgh:Invalid Inventory Number
, processedDate=2015-03-05 11:12:03.0, responseCode=err-211046]
SearchWsAuditVO [wsAuditId=532, eventName=markCPEAsFaultyWithOwnerChang, status=ERROR, responseMessage=Not able to mark all CPEs As Faulty,Please try again later.ghgjgj:Invalid Inventory Number
, processedDate=2015-03-05 11:11:17.0, responseCode=err-211046]
SearchWsAuditVO [wsAuditId=531, eventName=markCPEAsFaultyWithOwnerChang, status=ERROR, responseMessage=Invalid Inventory Number or Inventory Number list should not be blank., processedDate=2015-03-05 11:11:10.0, responseCode=err-211010]
SearchWsAuditVO [wsAuditId=530, eventName=markCPEAsFaultyWithOwnerChang, status=ERROR, responseMessage=Invalid Inventory Number or Inventory Number list should not be blank., processedDate=2015-03-05 11:10:59.0, responseCode=err-211010]
SearchWsAuditVO [wsAuditId=529, eventName=markCPEAsFaultyWithOwnerChang, status=ERROR, responseMessage=Not able to mark all CPEs As Faulty,Please try again later.ghjghj:Invalid Inventory Number
, processedDate=2015-03-05 11:10:50.0, responseCode=err-211046]
SearchWsAuditVO [wsAuditId=528, eventName=markCPEAsFaultyWithOwnerChang, status=ERROR, responseMessage=Not able to mark all CPEs As Faulty,Please try again later.ghjghj:Invalid Inventory Number
, processedDate=2015-03-05 10:59:43.0, responseCode=err-211046]
SearchWsAuditVO [wsAuditId=527, eventName=markCPEAsFaultyWithOwnerChang, status=ERROR, responseMessage=Not able to mark all CPEs As Faulty,Please try again later.ghjghj:Invalid Inventory Number
, processedDate=2015-03-05 10:57:03.0, responseCode=err-211046]
SearchWsAuditVO [wsAuditId=526, eventName=markCPEAsFaultyWithOwnerChang, status=ERROR, responseMessage=Not able to mark all CPEs As Faulty,Please try again later.ghjghj:Invalid Inventory Number
, processedDate=2015-03-05 10:54:16.0, responseCode=err-211046]
SearchWsAuditVO [wsAuditId=525, eventName=markCPEAsFaultyWithOwnerChang, status=ERROR, responseMessage=Not able to mark all CPEs As Faulty,Please try again later.ghjghj:Invalid Inventory Number
, processedDate=2015-03-05 10:51:27.0, responseCode=err-211046]
SearchWsAuditVO [wsAuditId=524, eventName=markCPEAsFaultyWithOwnerChang, status=ERROR, responseMessage=Invalid Inventory Number or Inventory Number list should not be blank., processedDate=2015-03-05 10:51:14.0, responseCode=err-211010]
SearchWsAuditVO [wsAuditId=523, eventName=markCPEAsFaultyWithOwnerChang, status=ERROR, responseMessage=Invalid Inventory Number or Inventory Number list should not be blank., processedDate=2015-03-05 10:49:12.0, responseCode=err-211010]
SearchWsAuditVO [wsAuditId=522, eventName=markCPEAsFaultyWithOwnerChang, status=ERROR, responseMessage=Invalid Inventory Number or Inventory Number list should not be blank., processedDate=2015-03-05 10:47:33.0, responseCode=err-211010]
SearchWsAuditVO [wsAuditId=521, eventName=markCPEAsFaultyWithOwnerChang, status=ERROR, responseMessage=Not able to mark all CPEs As Faulty,Please try again later.uuu:Invalid Inventory Number
, processedDate=2015-03-05 10:42:40.0, responseCode=err-211046]
SearchWsAuditVO [wsAuditId=520, eventName=markCPEAsFaultyWithOwnerChang, status=ERROR, responseMessage=Not able to mark all CPEs As Faulty,Please try again later.uuu:Invalid Inventory Number
, processedDate=2015-03-05 10:39:07.0, responseCode=err-211046]
SearchWsAuditVO [wsAuditId=519, eventName=markCPEAsFaultyWithOwnerChang, status=ERROR, responseMessage=Not able to mark all CPEs As Faulty,Please try again later.uuu:Invalid Inventory Number
, processedDate=2015-03-05 10:35:19.0, responseCode=err-211046]
SearchWsAuditVO [wsAuditId=518, eventName=markCPEAsFaultyWithOwnerChang, status=ERROR, responseMessage=Invalid Inventory Number or Inventory Number list should not be blank., processedDate=2015-03-05 10:32:50.0, responseCode=err-211010]
SearchWsAuditVO [wsAuditId=517, eventName=markCPEAsFaultyWithOwnerChang, status=ERROR, responseMessage=Invalid Inventory Number or Inventory Number list should not be blank., processedDate=2015-03-05 10:28:42.0, responseCode=err-211010]
SearchWsAuditVO [wsAuditId=516, eventName=markCPEAsFaultyWithOwnerChang, status=ERROR, responseMessage=Not able to mark all CPEs As Faulty,Please try again later.INV00kj0005:Status change not allowed from Faulty to Faulty
, processedDate=2015-03-05 10:27:59.0, responseCode=err-211046]
SearchWsAuditVO [wsAuditId=515, eventName=markCPEAsFaultyWithOwnerChang, status=ERROR, responseMessage=Invalid Inventory Number or Inventory Number list should not be blank., processedDate=2015-03-05 10:27:26.0, responseCode=err-211010]
SearchWsAuditVO [wsAuditId=514, eventName=markCPEAsFaultyWithOwnerChang, status=ERROR, responseMessage=Not able to mark all CPEs As Faulty,Please try again later.INV00kj0005:Status change not allowed from Faulty to Faulty
, processedDate=2015-03-05 10:26:58.0, responseCode=err-211046]
SearchWsAuditVO [wsAuditId=513, eventName=markCPEAsFaultyWithOwnerChang, status=ERROR, responseMessage=Not able to mark all CPEs As Faulty,Please try again later.INV00kj0005:Status change not allowed from Faulty to Faulty
, processedDate=2015-03-05 10:26:14.0, responseCode=err-211046]
SearchWsAuditVO [wsAuditId=512, eventName=markCPEAsFaultyWithOwnerChang, status=ERROR, responseMessage=Not able to mark all CPEs As Faulty,Please try again later.INV00kj0005:Status change not allowed from Faulty to Faulty
, processedDate=2015-03-05 10:26:07.0, responseCode=err-211046]
SearchWsAuditVO [wsAuditId=511, eventName=markCPEAsFaultyWithOwnerChang, status=ERROR, responseMessage=Not able to mark all CPEs As Faulty,Please try again later.hjhh:Invalid Inventory Number
, processedDate=2015-03-05 10:24:59.0, responseCode=err-211046]
SearchWsAuditVO [wsAuditId=510, eventName=markCPEAsFaultyWithOwnerChang, status=ERROR, responseMessage=Invalid Inventory Number or Inventory Number list should not be blank., processedDate=2015-03-05 10:24:49.0, responseCode=err-211010]
SearchWsAuditVO [wsAuditId=509, eventName=markCPEAsFaultyWithOwnerChang, status=ERROR, responseMessage=Not able to mark all CPEs As Faulty,Please try again later.INV0uy00002:Inventory TransferStatus is in progress, so can't change the Status
, processedDate=2015-03-05 10:24:37.0, responseCode=err-211046]
SearchWsAuditVO [wsAuditId=508, eventName=markCPEAsFaultyWithOwnerChang, status=ERROR, responseMessage=Not able to mark all CPEs As Faulty,Please try again later.INV0uy00002:Inventory TransferStatus is in progress, so can't change the Status
, processedDate=2015-03-05 10:24:18.0, responseCode=err-211046]
SearchWsAuditVO [wsAuditId=507, eventName=markCPEAsFaultyWithOwnerChang, status=ERROR, responseMessage=Not able to mark all CPEs As Faulty,Please try again later.INV0uy00002:Inventory TransferStatus is in progress, so can't change the Status
, processedDate=2015-03-05 10:23:30.0, responseCode=err-211046]
SearchWsAuditVO [wsAuditId=506, eventName=markCPEAsFaultyWithOwnerChang, status=ERROR, responseMessage=Invalid Warehouse Code, processedDate=2015-03-05 10:22:20.0, responseCode=err-211027]
SearchWsAuditVO [wsAuditId=505, eventName=markCPEAsFaultyWithOwnerChang, status=ERROR, responseMessage=Invalid Inventory Number or Inventory Number list should not be blank., processedDate=2015-03-05 10:22:03.0, responseCode=err-211010]
SearchWsAuditVO [wsAuditId=504, eventName=markCPEAsFaultyWithOwnerChang, status=ERROR, responseMessage=Invalid Warehouse Code, processedDate=2015-03-05 10:21:50.0, responseCode=err-211027]
SearchWsAuditVO [wsAuditId=503, eventName=markCPEAsFaultyWithOwnerChang, status=ERROR, responseMessage=Invalid Warehouse Code, processedDate=2015-03-05 10:21:44.0, responseCode=err-211027]
SearchWsAuditVO [wsAuditId=502, eventName=markCPEAsFaultyWithOwnerChang, status=SUCCESS, responseMessage=Success, processedDate=2015-03-05 10:21:00.0, responseCode=0]
SearchWsAuditVO [wsAuditId=501, eventName=markCPEAsFaultyWithOwnerChang, status=ERROR, responseMessage=Not able to mark all CPEs As Faulty,Please try again later.INV00yu0001:Inventory TransferStatus is in progress, so can't change the Status
, processedDate=2015-03-05 10:19:25.0, responseCode=err-211046]
SearchWsAuditVO [wsAuditId=482, eventName=BookCPEResource, status=ERROR, responseMessage=Some of Inventory not found in Available Status. Please try again later.INV000001003:Invalid Inventory Number
, processedDate=2015-03-03 14:58:27.0, responseCode=err-211037]
SearchWsAuditVO [wsAuditId=481, eventName=BookCPEResource, status=ERROR, responseMessage=Some of Inventory not found in Available Status. Please try again later.INV00000100:Invalid Inventory Number
, processedDate=2015-03-03 14:58:15.0, responseCode=err-211037]
SearchWsAuditVO [wsAuditId=468, eventName=changeInventoryStatus, status=ERROR, responseMessage=Not able to change status , find details in response object, processedDate=2015-02-05 14:50:50.0, responseCode=err-211032]
SearchWsAuditVO [wsAuditId=467, eventName=changeInventoryStatus, status=ERROR, responseMessage=Not able to change status , find details in response object, processedDate=2015-02-05 14:50:22.0, responseCode=err-211032]
SearchWsAuditVO [wsAuditId=466, eventName=changeInventoryStatus, status=SUCCESS, responseMessage=Success, processedDate=2015-02-05 14:49:47.0, responseCode=0]
SearchWsAuditVO [wsAuditId=465, eventName=changeInventoryStatus, status=SUCCESS, responseMessage=Success, processedDate=2015-02-05 14:43:08.0, responseCode=0]
SearchWsAuditVO [wsAuditId=464, eventName=changeInventoryStatus, status=SUCCESS, responseMessage=Success, processedDate=2015-02-05 14:43:05.0, responseCode=0]
SearchWsAuditVO [wsAuditId=463, eventName=changeInventoryStatus, status=ERROR, responseMessage=Not able to change status , find details in response object, processedDate=2015-02-05 14:42:59.0, responseCode=err-211032]
SearchWsAuditVO [wsAuditId=462, eventName=changeInventoryStatus, status=SUCCESS, responseMessage=Success, processedDate=2015-02-05 14:42:02.0, responseCode=0]
SearchWsAuditVO [wsAuditId=461, eventName=changeInventoryStatus, status=null, responseMessage=null, processedDate=2015-02-05 14:41:28.0, responseCode=null]
SearchWsAuditVO [wsAuditId=445, eventName=changeInventoryStatus, status=ERROR, responseMessage=Not able to change status , find details in response object, processedDate=2015-01-30 18:48:56.0, responseCode=err-211032]
SearchWsAuditVO [wsAuditId=444, eventName=changeInventoryStatus, status=ERROR, responseMessage=Not able to change status , find details in response object, processedDate=2015-01-30 18:48:48.0, responseCode=err-211032]
SearchWsAuditVO [wsAuditId=443, eventName=changeInventoryStatus, status=ERROR, responseMessage=Not able to change status , find details in response object, processedDate=2015-01-30 18:44:21.0, responseCode=err-211032]
SearchWsAuditVO [wsAuditId=442, eventName=changeInventoryStatus, status=null, responseMessage=null, processedDate=2015-01-30 18:43:12.0, responseCode=null]
SearchWsAuditVO [wsAuditId=441, eventName=changeInventoryStatus, status=null, responseMessage=null, processedDate=2015-01-30 18:25:37.0, responseCode=null]
SearchWsAuditVO [wsAuditId=426, eventName=changeInventoryStatus, status=ERROR, responseMessage=Not able to change status , find details in response object, processedDate=2015-01-12 18:24:36.0, responseCode=err-211032]
SearchWsAuditVO [wsAuditId=425, eventName=changeInventoryStatus, status=SUCCESS, responseMessage=Success, processedDate=2015-01-12 18:24:29.0, responseCode=0]
SearchWsAuditVO [wsAuditId=424, eventName=changeInventoryStatus, status=ERROR, responseMessage=Not able to change status , find details in response object, processedDate=2015-01-12 18:24:24.0, responseCode=err-211032]
SearchWsAuditVO [wsAuditId=423, eventName=changeInventoryStatus, status=ERROR, responseMessage=Not able to change status , find details in response object, processedDate=2015-01-12 18:24:13.0, responseCode=err-211032]
SearchWsAuditVO [wsAuditId=422, eventName=changeInventoryStatus, status=SUCCESS, responseMessage=Success, processedDate=2015-01-12 18:24:06.0, responseCode=0]
SearchWsAuditVO [wsAuditId=421, eventName=changeInventoryStatus, status=ERROR, responseMessage=Not able to change status , find details in response object, processedDate=2015-01-12 18:24:01.0, responseCode=err-211032]
SearchWsAuditVO [wsAuditId=420, eventName=changeInventoryStatus, status=SUCCESS, responseMessage=Success, processedDate=2015-01-12 18:23:49.0, responseCode=0]
SearchWsAuditVO [wsAuditId=419, eventName=changeInventoryStatus, status=null, responseMessage=null, processedDate=2015-01-12 18:15:59.0, responseCode=null]
SearchWsAuditVO [wsAuditId=418, eventName=changeInventoryStatus, status=null, responseMessage=null, processedDate=2015-01-12 18:15:39.0, responseCode=null]
SearchWsAuditVO [wsAuditId=417, eventName=changeInventoryStatus, status=ERROR, responseMessage=Not able to change status , find details in response object, processedDate=2015-01-12 18:15:34.0, responseCode=err-211032]
SearchWsAuditVO [wsAuditId=416, eventName=changeInventoryStatus, status=ERROR, responseMessage=Not able to change status , find details in response object, processedDate=2015-01-12 18:15:16.0, responseCode=err-211032]
SearchWsAuditVO [wsAuditId=415, eventName=changeInventoryStatus, status=ERROR, responseMessage=Not able to change status , find details in response object, processedDate=2015-01-12 18:14:20.0, responseCode=err-211032]
SearchWsAuditVO [wsAuditId=414, eventName=changeInventoryStatus, status=null, responseMessage=null, processedDate=2015-01-12 18:13:49.0, responseCode=null]
SearchWsAuditVO [wsAuditId=413, eventName=changeInventoryStatus, status=ERROR, responseMessage=Not able to change status , find details in response object, processedDate=2015-01-12 18:11:36.0, responseCode=err-211032]
SearchWsAuditVO [wsAuditId=412, eventName=changeInventoryStatus, status=ERROR, responseMessage=Not able to change status , find details in response object, processedDate=2015-01-12 18:09:32.0, responseCode=err-211032]
SearchWsAuditVO [wsAuditId=411, eventName=changeInventoryStatus, status=ERROR, responseMessage=Not able to change status , find details in response object, processedDate=2015-01-12 18:08:23.0, responseCode=err-211032]
SearchWsAuditVO [wsAuditId=410, eventName=changeInventoryStatus, status=ERROR, responseMessage=Not able to change status , find details in response object, processedDate=2015-01-12 18:07:25.0, responseCode=err-211032]
SearchWsAuditVO [wsAuditId=409, eventName=changeInventoryStatus, status=null, responseMessage=null, processedDate=2015-01-12 18:06:17.0, responseCode=null]
SearchWsAuditVO [wsAuditId=408, eventName=BookCPEResource, status=SUCCESS, responseMessage=Success, processedDate=2015-01-12 18:05:35.0, responseCode=0]
SearchWsAuditVO [wsAuditId=407, eventName=BookCPEResource, status=SUCCESS, responseMessage=Success, processedDate=2015-01-12 18:05:07.0, responseCode=0]
SearchWsAuditVO [wsAuditId=406, eventName=BookCPEResource, status=ERROR, responseMessage=Not able to allocate all inventories , please try later. Failed Inventories : INVMIG112, processedDate=2015-01-12 18:04:31.0, responseCode=err-211033]
SearchWsAuditVO [wsAuditId=405, eventName=BookCPEResource, status=SUCCESS, responseMessage=Success, processedDate=2015-01-12 18:04:29.0, responseCode=0]
SearchWsAuditVO [wsAuditId=404, eventName=BookCPEResource, status=ERROR, responseMessage=Not able to allocate all inventories , please try later. Failed Inventories : INVMIG112, processedDate=2015-01-12 18:01:32.0, responseCode=err-211033]
SearchWsAuditVO [wsAuditId=403, eventName=BookCPEResource, status=ERROR, responseMessage=Not able to allocate all inventories , please try later. Failed Inventories : INVMIG112, processedDate=2015-01-12 18:00:13.0, responseCode=err-211033]
SearchWsAuditVO [wsAuditId=402, eventName=BookCPEResource, status=ERROR, responseMessage=Not able to allocate all inventories , please try later. Failed Inventories : INVMIG112, processedDate=2015-01-12 17:59:10.0, responseCode=err-211033]
SearchWsAuditVO [wsAuditId=401, eventName=BookCPEResource, status=ERROR, responseMessage=Not able to allocate all inventories , please try later. Failed Inventories : INVMIG112, processedDate=2015-01-12 17:54:21.0, responseCode=err-211033]
SearchWsAuditVO [wsAuditId=395, eventName=BookCPEResource, status=ERROR, responseMessage=Some Internal error occurred, contact your system administrator., processedDate=2015-01-12 15:52:40.0, responseCode=err-111999]
SearchWsAuditVO [wsAuditId=394, eventName=BookCPEResource, status=ERROR, responseMessage=Some Internal error occurred, contact your system administrator., processedDate=2015-01-12 15:52:25.0, responseCode=err-111999]
SearchWsAuditVO [wsAuditId=393, eventName=BookCPEResource, status=ERROR, responseMessage=Not able to allocate all inventories , please try later. Failed Inventories : INVMIG112, processedDate=2015-01-12 15:44:31.0, responseCode=err-211033]
SearchWsAuditVO [wsAuditId=392, eventName=BookCPEResource, status=ERROR, responseMessage=Not able to allocate all inventories , please try later. Failed Inventories : INVMIG112, processedDate=2015-01-12 15:43:54.0, responseCode=err-211033]
SearchWsAuditVO [wsAuditId=391, eventName=BookCPEResource, status=ERROR, responseMessage=Not able to allocate all inventories , please try later. Failed Inventories : INVMIG119, processedDate=2015-01-12 15:41:57.0, responseCode=err-211033]
SearchWsAuditVO [wsAuditId=390, eventName=BookCPEResource, status=ERROR, responseMessage=Invalid value for isResourceRecoverable field, possible value is Yes or No., processedDate=2015-01-12 15:41:49.0, responseCode=err-211035]
SearchWsAuditVO [wsAuditId=389, eventName=BookCPEResource, status=ERROR, responseMessage=isResourceRecoverable should not be blank for operation type Allocate, processedDate=2015-01-12 15:39:33.0, responseCode=err-211035]
SearchWsAuditVO [wsAuditId=388, eventName=BookCPEResource, status=ERROR, responseMessage=isResourceRecoverable should not be blank for operation type Allocate, processedDate=2015-01-12 15:39:13.0, responseCode=err-211035]
SearchWsAuditVO [wsAuditId=387, eventName=BookCPEResource, status=ERROR, responseMessage=isResourceRecoverable should not be blank for operation type Allocate, processedDate=2015-01-12 15:39:03.0, responseCode=err-211034]
SearchWsAuditVO [wsAuditId=386, eventName=BookCPEResource, status=ERROR, responseMessage=Change Status for some inventories Success, find details in response object, processedDate=2015-01-12 15:38:13.0, responseCode=err-211031]
SearchWsAuditVO [wsAuditId=385, eventName=BookCPEResource, status=ERROR, responseMessage=Change Status for some inventories Success, find details in response object, processedDate=2015-01-12 15:36:37.0, responseCode=err-211031]
SearchWsAuditVO [wsAuditId=384, eventName=BookCPEResource, status=ERROR, responseMessage=Warehouse name should not be blank for operation type Reserve, processedDate=2015-01-12 15:36:33.0, responseCode=err-211000]
SearchWsAuditVO [wsAuditId=383, eventName=BookCPEResource, status=ERROR, responseMessage=Operation Type should not be as blank Possible value is Reserve or Allocate, processedDate=2015-01-12 15:34:55.0, responseCode=err-211009]
SearchWsAuditVO [wsAuditId=382, eventName=changeInventoryStatus, status=ERROR, responseMessage=Not able to change status , find details in response object, processedDate=2015-01-09 14:20:00.0, responseCode=err-211032]
SearchWsAuditVO [wsAuditId=381, eventName=checkCPEResource, status=SUCCESS, responseMessage=Success, processedDate=2015-01-09 14:19:48.0, responseCode=0]
SearchWsAuditVO [wsAuditId=363, eventName=BookCPEResource, status=ERROR, responseMessage=Required quantity is not available for reserve, Please try again with different quantity. Current available quantity is :1, processedDate=2014-12-12 16:39:08.0, responseCode=err-211014]
SearchWsAuditVO [wsAuditId=362, eventName=BookCPEResource, status=SUCCESS, responseMessage=Success, processedDate=2014-12-12 16:38:56.0, responseCode=0]
SearchWsAuditVO [wsAuditId=361, eventName=BookCPEResource, status=SUCCESS, responseMessage=Success, processedDate=2014-12-12 16:38:45.0, responseCode=0]
SearchWsAuditVO [wsAuditId=344, eventName=changeInventoryStatus, status=ERROR, responseMessage=Change Status for some inventories Success, find details in response object, processedDate=2014-12-10 16:42:44.0, responseCode=err-211026]
SearchWsAuditVO [wsAuditId=343, eventName=changeInventoryStatus, status=SUCCESS, responseMessage=Success, processedDate=2014-12-10 16:26:07.0, responseCode=0]
SearchWsAuditVO [wsAuditId=342, eventName=changeInventoryStatus, status=SUCCESS, responseMessage=Success, processedDate=2014-12-10 16:25:10.0, responseCode=0]
SearchWsAuditVO [wsAuditId=341, eventName=changeInventoryStatus, status=ERROR, responseMessage=Not able to change status , find details in response object, processedDate=2014-12-10 16:24:49.0, responseCode=err-211027]
SearchWsAuditVO [wsAuditId=335, eventName=BookCPEResource, status=SUCCESS, responseMessage=Success, processedDate=2014-12-04 16:58:05.0, responseCode=0]
SearchWsAuditVO [wsAuditId=334, eventName=BookCPEResource, status=ERROR, responseMessage=Inventory Number or SerialNumber should not be blank for operation type Allocate, processedDate=2014-12-04 16:57:29.0, responseCode=err-211024]
SearchWsAuditVO [wsAuditId=333, eventName=checkCPEResource, status=SUCCESS, responseMessage=Success, processedDate=2014-12-04 12:02:31.0, responseCode=0]
SearchWsAuditVO [wsAuditId=332, eventName=checkCPEResource, status=SUCCESS, responseMessage=Success, processedDate=2014-12-04 12:02:17.0, responseCode=0]
SearchWsAuditVO [wsAuditId=331, eventName=checkCPEResource, status=SUCCESS, responseMessage=No Resources Found, processedDate=2014-12-04 12:00:29.0, responseCode=0]
SearchWsAuditVO [wsAuditId=330, eventName=checkCPEResource, status=SUCCESS, responseMessage=Success, processedDate=2014-12-04 12:00:20.0, responseCode=0]
SearchWsAuditVO [wsAuditId=329, eventName=checkCPEResource, status=SUCCESS, responseMessage=Success, processedDate=2014-12-04 12:00:20.0, responseCode=0]
SearchWsAuditVO [wsAuditId=328, eventName=checkCPEResource, status=SUCCESS, responseMessage=Success, processedDate=2014-12-04 12:00:19.0, responseCode=0]
SearchWsAuditVO [wsAuditId=327, eventName=checkCPEResource, status=SUCCESS, responseMessage=Success, processedDate=2014-12-04 12:00:06.0, responseCode=0]
SearchWsAuditVO [wsAuditId=326, eventName=checkCPEResource, status=SUCCESS, responseMessage=Success, processedDate=2014-12-04 11:58:05.0, responseCode=0]
SearchWsAuditVO [wsAuditId=325, eventName=checkCPEResource, status=SUCCESS, responseMessage=No Resources Found, processedDate=2014-12-04 11:57:40.0, responseCode=0]
SearchWsAuditVO [wsAuditId=324, eventName=checkCPEResource, status=SUCCESS, responseMessage=Success, processedDate=2014-12-04 11:56:30.0, responseCode=0]
SearchWsAuditVO [wsAuditId=323, eventName=checkCPEResource, status=SUCCESS, responseMessage=Success, processedDate=2014-12-04 11:54:47.0, responseCode=0]
SearchWsAuditVO [wsAuditId=322, eventName=checkCPEResource, status=SUCCESS, responseMessage=No Resources Found, processedDate=2014-12-04 11:54:17.0, responseCode=0]
SearchWsAuditVO [wsAuditId=321, eventName=checkCPEResource, status=SUCCESS, responseMessage=Success, processedDate=2014-12-04 11:52:33.0, responseCode=0]
SearchWsAuditVO [wsAuditId=316, eventName=BookCPEResource, status=ERROR, responseMessage=Inventory Number or SerialNumber should not be blank for operation type Allocate, processedDate=2014-12-03 10:57:42.0, responseCode=err-211024]
SearchWsAuditVO [wsAuditId=315, eventName=BookCPEResource, status=ERROR, responseMessage=Invalid Resource ID, processedDate=2014-12-03 10:54:38.0, responseCode=err-211016]
SearchWsAuditVO [wsAuditId=314, eventName=BookCPEResource, status=ERROR, responseMessage=Required quantity is not available for reserve, Please try again with different quantity. Current available quantity is :0, processedDate=2014-12-03 10:54:24.0, responseCode=err-211014]
SearchWsAuditVO [wsAuditId=313, eventName=BookCPEResource, status=ERROR, responseMessage=Invalid Warehouse Name, processedDate=2014-12-03 10:54:20.0, responseCode=err-211002]
SearchWsAuditVO [wsAuditId=312, eventName=BookCPEResource, status=ERROR, responseMessage=Invalid noOfResource, Please provide numeric values for noOfResource, processedDate=2014-12-03 10:54:12.0, responseCode=err-211021]
SearchWsAuditVO [wsAuditId=311, eventName=BookCPEResource, status=ERROR, responseMessage=Order Line Item ID should not be blank for operation type Reserve, processedDate=2014-12-03 10:54:06.0, responseCode=err-211011]
SearchWsAuditVO [wsAuditId=310, eventName=BookCPEResource, status=ERROR, responseMessage=Warehouse name should not be blank for operation type Reserve, processedDate=2014-12-03 10:53:25.0, responseCode=err-211000]
SearchWsAuditVO [wsAuditId=309, eventName=BookCPEResource, status=ERROR, responseMessage=Not able to allocate all inventories , please try later. Failed Inventories : TA0000000006, processedDate=2014-12-03 10:51:26.0, responseCode=err-211025]
SearchWsAuditVO [wsAuditId=308, eventName=checkCPEResource, status=SUCCESS, responseMessage=Success, processedDate=2014-12-03 10:51:02.0, responseCode=0]
SearchWsAuditVO [wsAuditId=307, eventName=checkCPEResource, status=SUCCESS, responseMessage=No Resources Found, processedDate=2014-12-03 10:49:59.0, responseCode=0]
SearchWsAuditVO [wsAuditId=306, eventName=checkCPEResource, status=ERROR, responseMessage=Invalid Warehouse Name, processedDate=2014-12-03 10:49:52.0, responseCode=err-211002]
SearchWsAuditVO [wsAuditId=305, eventName=checkCPEResource, status=ERROR, responseMessage=Invalid Resource ID, processedDate=2014-12-03 10:49:36.0, responseCode=err-211016]
SearchWsAuditVO [wsAuditId=304, eventName=checkCPEResource, status=SUCCESS, responseMessage=No Resources Found, processedDate=2014-12-03 10:49:14.0, responseCode=0]
SearchWsAuditVO [wsAuditId=303, eventName=checkCPEResource, status=SUCCESS, responseMessage=No Resources Found, processedDate=2014-12-03 10:49:04.0, responseCode=0]
SearchWsAuditVO [wsAuditId=302, eventName=checkCPEResource, status=SUCCESS, responseMessage=No Resources Found, processedDate=2014-12-03 10:48:52.0, responseCode=0]
SearchWsAuditVO [wsAuditId=301, eventName=checkCPEResource, status=ERROR, responseMessage=ResourceId should not be blank, processedDate=2014-12-03 10:48:25.0, responseCode=err-211003]
Junit Start
]]></system-out>
  <system-err><![CDATA[log4j:WARN No appenders could be found for logger (org.jnp.interfaces.TimedSocketFactory).
log4j:WARN Please initialize the log4j system properly.
log4j:WARN See http://logging.apache.org/log4j/1.2/faq.html#noconfig for more info.
com.elitecore.cpe.bl.exception.AccessDeniedException: Invalid Userame / Password
	at com.elitecore.cpe.bl.facade.bss.user.BSSUserFacade.doLogin(BSSUserFacade.java:152)
	at sun.reflect.GeneratedMethodAccessor440.invoke(Unknown Source)
	at sun.reflect.DelegatingMethodAccessorImpl.invoke(DelegatingMethodAccessorImpl.java:25)
	at java.lang.reflect.Method.invoke(Method.java:597)
	at org.jboss.aop.joinpoint.MethodInvocation.invokeTarget(MethodInvocation.java:122)
	at org.jboss.aop.joinpoint.MethodInvocation.invokeNext(MethodInvocation.java:111)
	at org.jboss.ejb3.interceptors.container.ContainerMethodInvocationWrapper.invokeNext(ContainerMethodInvocationWrapper.java:72)
	at org.jboss.ejb3.interceptors.aop.InterceptorSequencer.invoke(InterceptorSequencer.java:76)
	at org.jboss.ejb3.interceptors.aop.InterceptorSequencer.aroundInvoke(InterceptorSequencer.java:62)
	at sun.reflect.GeneratedMethodAccessor365.invoke(Unknown Source)
	at sun.reflect.DelegatingMethodAccessorImpl.invoke(DelegatingMethodAccessorImpl.java:25)
	at java.lang.reflect.Method.invoke(Method.java:597)
	at org.jboss.aop.advice.PerJoinpointAdvice.invoke(PerJoinpointAdvice.java:174)
	at org.jboss.aop.joinpoint.MethodInvocation.invokeNext(MethodInvocation.java:102)
	at org.jboss.ejb3.interceptors.aop.InvocationContextInterceptor.fillMethod(InvocationContextInterceptor.java:74)
	at org.jboss.aop.advice.org.jboss.ejb3.interceptors.aop.InvocationContextInterceptor_z_fillMethod_1773080527.invoke(InvocationContextInterceptor_z_fillMethod_1773080527.java)
	at org.jboss.aop.joinpoint.MethodInvocation.invokeNext(MethodInvocation.java:102)
	at org.jboss.ejb3.interceptors.aop.InvocationContextInterceptor.setup(InvocationContextInterceptor.java:90)
	at org.jboss.aop.advice.org.jboss.ejb3.interceptors.aop.InvocationContextInterceptor_z_setup_1773080527.invoke(InvocationContextInterceptor_z_setup_1773080527.java)
	at org.jboss.aop.joinpoint.MethodInvocation.invokeNext(MethodInvocation.java:102)
	at org.jboss.ejb3.async.impl.interceptor.AsynchronousServerInterceptor.invoke(AsynchronousServerInterceptor.java:128)
	at org.jboss.aop.joinpoint.MethodInvocation.invokeNext(MethodInvocation.java:102)
	at org.jboss.ejb3.connectionmanager.CachedConnectionInterceptor.invoke(CachedConnectionInterceptor.java:62)
	at org.jboss.aop.joinpoint.MethodInvocation.invokeNext(MethodInvocation.java:102)
	at org.jboss.ejb3.entity.TransactionScopedEntityManagerInterceptor.invoke(TransactionScopedEntityManagerInterceptor.java:56)
	at org.jboss.aop.joinpoint.MethodInvocation.invokeNext(MethodInvocation.java:102)
	at org.jboss.ejb3.AllowedOperationsInterceptor.invoke(AllowedOperationsInterceptor.java:47)
	at org.jboss.aop.joinpoint.MethodInvocation.invokeNext(MethodInvocation.java:102)
	at org.jboss.ejb3.tx.NullInterceptor.invoke(NullInterceptor.java:42)
	at org.jboss.aop.joinpoint.MethodInvocation.invokeNext(MethodInvocation.java:102)
	at org.jboss.ejb3.stateless.StatelessInstanceInterceptor.invoke(StatelessInstanceInterceptor.java:68)
	at org.jboss.aop.joinpoint.MethodInvocation.invokeNext(MethodInvocation.java:102)
	at org.jboss.ejb3.core.context.SessionInvocationContextAdapter.proceed(SessionInvocationContextAdapter.java:95)
	at org.jboss.ejb3.tx2.impl.CMTTxInterceptor.invokeInCallerTx(CMTTxInterceptor.java:223)
	at org.jboss.ejb3.tx2.impl.CMTTxInterceptor.required(CMTTxInterceptor.java:353)
	at org.jboss.ejb3.tx2.impl.CMTTxInterceptor.invoke(CMTTxInterceptor.java:209)
	at org.jboss.ejb3.tx2.aop.CMTTxInterceptorWrapper.invoke(CMTTxInterceptorWrapper.java:52)
	at org.jboss.aop.joinpoint.MethodInvocation.invokeNext(MethodInvocation.java:102)
	at org.jboss.aspects.tx.TxPropagationInterceptor.invoke(TxPropagationInterceptor.java:76)
	at org.jboss.aop.joinpoint.MethodInvocation.invokeNext(MethodInvocation.java:102)
	at org.jboss.ejb3.tx.NullInterceptor.invoke(NullInterceptor.java:42)
	at org.jboss.aop.joinpoint.MethodInvocation.invokeNext(MethodInvocation.java:102)
	at org.jboss.ejb3.security.Ejb3AuthenticationInterceptorv2.invoke(Ejb3AuthenticationInterceptorv2.java:182)
	at org.jboss.aop.joinpoint.MethodInvocation.invokeNext(MethodInvocation.java:102)
	at org.jboss.ejb3.ENCPropagationInterceptor.invoke(ENCPropagationInterceptor.java:41)
	at org.jboss.aop.joinpoint.MethodInvocation.invokeNext(MethodInvocation.java:102)
	at org.jboss.ejb3.BlockContainerShutdownInterceptor.invoke(BlockContainerShutdownInterceptor.java:67)
	at org.jboss.aop.joinpoint.MethodInvocation.invokeNext(MethodInvocation.java:102)
	at org.jboss.ejb3.core.context.CurrentInvocationContextInterceptor.invoke(CurrentInvocationContextInterceptor.java:47)
	at org.jboss.aop.joinpoint.MethodInvocation.invokeNext(MethodInvocation.java:102)
	at org.jboss.aspects.currentinvocation.CurrentInvocationInterceptor.invoke(CurrentInvocationInterceptor.java:67)
	at org.jboss.aop.joinpoint.MethodInvocation.invokeNext(MethodInvocation.java:102)
	at org.jboss.ejb3.interceptor.EJB3TCCLInterceptor.invoke(EJB3TCCLInterceptor.java:86)
	at org.jboss.aop.joinpoint.MethodInvocation.invokeNext(MethodInvocation.java:102)
	at org.jboss.ejb3.session.SessionSpecContainer.invoke(SessionSpecContainer.java:333)
	at org.jboss.ejb3.session.SessionSpecContainer.invoke(SessionSpecContainer.java:390)
	at sun.reflect.GeneratedMethodAccessor802.invoke(Unknown Source)
	at sun.reflect.DelegatingMethodAccessorImpl.invoke(DelegatingMethodAccessorImpl.java:25)
	at java.lang.reflect.Method.invoke(Method.java:597)
	at org.jboss.ejb3.proxy.impl.handler.session.SessionLocalProxyInvocationHandler$LocalContainerInvocation.invokeTarget(SessionLocalProxyInvocationHandler.java:184)
	at org.jboss.aop.joinpoint.MethodInvocation.invokeNext(MethodInvocation.java:111)
	at org.jboss.ejb3.async.impl.interceptor.AsynchronousClientInterceptor.invoke(AsynchronousClientInterceptor.java:143)
	at org.jboss.aop.joinpoint.MethodInvocation.invokeNext(MethodInvocation.java:102)
	at org.jboss.ejb3.proxy.impl.handler.session.SessionLocalProxyInvocationHandler$LocalInvokableContextHandler.invoke(SessionLocalProxyInvocationHandler.java:159)
	at $Proxy212.invoke(Unknown Source)
	at org.jboss.ejb3.proxy.impl.handler.session.SessionProxyInvocationHandlerBase.invoke(SessionProxyInvocationHandlerBase.java:185)
	at $Proxy207.doLogin(Unknown Source)
	at com.elitecore.cpe.bl.controller.system.BSSUserAuthController.doLogin(BSSUserAuthController.java:35)
	at com.elitecore.cpe.bl.factory.system.user.UserFactory.doLogin(UserFactory.java:49)
	at com.elitecore.cpe.bl.factory.system.user.UserFactory.doLogin(UserFactory.java:57)
	at com.elitecore.cpe.bl.facade.system.user.UserFacade.doLogin(UserFacade.java:53)
	at sun.reflect.GeneratedMethodAccessor439.invoke(Unknown Source)
	at sun.reflect.DelegatingMethodAccessorImpl.invoke(DelegatingMethodAccessorImpl.java:25)
	at java.lang.reflect.Method.invoke(Method.java:597)
	at org.jboss.aop.joinpoint.MethodInvocation.invokeTarget(MethodInvocation.java:122)
	at org.jboss.aop.joinpoint.MethodInvocation.invokeNext(MethodInvocation.java:111)
	at org.jboss.ejb3.interceptors.container.ContainerMethodInvocationWrapper.invokeNext(ContainerMethodInvocationWrapper.java:72)
	at org.jboss.ejb3.interceptors.aop.InterceptorSequencer.invoke(InterceptorSequencer.java:76)
	at org.jboss.ejb3.interceptors.aop.InterceptorSequencer.aroundInvoke(InterceptorSequencer.java:62)
	at sun.reflect.GeneratedMethodAccessor365.invoke(Unknown Source)
	at sun.reflect.DelegatingMethodAccessorImpl.invoke(DelegatingMethodAccessorImpl.java:25)
	at java.lang.reflect.Method.invoke(Method.java:597)
	at org.jboss.aop.advice.PerJoinpointAdvice.invoke(PerJoinpointAdvice.java:174)
	at org.jboss.aop.joinpoint.MethodInvocation.invokeNext(MethodInvocation.java:102)
	at org.jboss.ejb3.interceptors.aop.InvocationContextInterceptor.fillMethod(InvocationContextInterceptor.java:74)
	at org.jboss.aop.advice.org.jboss.ejb3.interceptors.aop.InvocationContextInterceptor_z_fillMethod_1773080527.invoke(InvocationContextInterceptor_z_fillMethod_1773080527.java)
	at org.jboss.aop.joinpoint.MethodInvocation.invokeNext(MethodInvocation.java:102)
	at org.jboss.ejb3.interceptors.aop.InvocationContextInterceptor.setup(InvocationContextInterceptor.java:90)
	at org.jboss.aop.advice.org.jboss.ejb3.interceptors.aop.InvocationContextInterceptor_z_setup_1773080527.invoke(InvocationContextInterceptor_z_setup_1773080527.java)
	at org.jboss.aop.joinpoint.MethodInvocation.invokeNext(MethodInvocation.java:102)
	at org.jboss.ejb3.async.impl.interceptor.AsynchronousServerInterceptor.invoke(AsynchronousServerInterceptor.java:128)
	at org.jboss.aop.joinpoint.MethodInvocation.invokeNext(MethodInvocation.java:102)
	at org.jboss.ejb3.connectionmanager.CachedConnectionInterceptor.invoke(CachedConnectionInterceptor.java:62)
	at org.jboss.aop.joinpoint.MethodInvocation.invokeNext(MethodInvocation.java:102)
	at org.jboss.ejb3.entity.TransactionScopedEntityManagerInterceptor.invoke(TransactionScopedEntityManagerInterceptor.java:56)
	at org.jboss.aop.joinpoint.MethodInvocation.invokeNext(MethodInvocation.java:102)
	at org.jboss.ejb3.AllowedOperationsInterceptor.invoke(AllowedOperationsInterceptor.java:47)
	at org.jboss.aop.joinpoint.MethodInvocation.invokeNext(MethodInvocation.java:102)
	at org.jboss.ejb3.tx.NullInterceptor.invoke(NullInterceptor.java:42)
	at org.jboss.aop.joinpoint.MethodInvocation.invokeNext(MethodInvocation.java:102)
	at org.jboss.ejb3.stateless.StatelessInstanceInterceptor.invoke(StatelessInstanceInterceptor.java:68)
	at org.jboss.aop.joinpoint.MethodInvocation.invokeNext(MethodInvocation.java:102)
	at org.jboss.ejb3.core.context.SessionInvocationContextAdapter.proceed(SessionInvocationContextAdapter.java:95)
	at org.jboss.ejb3.tx2.impl.CMTTxInterceptor.invokeInOurTx(CMTTxInterceptor.java:247)
	at org.jboss.ejb3.tx2.impl.CMTTxInterceptor.required(CMTTxInterceptor.java:349)
	at org.jboss.ejb3.tx2.impl.CMTTxInterceptor.invoke(CMTTxInterceptor.java:209)
	at org.jboss.ejb3.tx2.aop.CMTTxInterceptorWrapper.invoke(CMTTxInterceptorWrapper.java:52)
	at org.jboss.aop.joinpoint.MethodInvocation.invokeNext(MethodInvocation.java:102)
	at org.jboss.aspects.tx.TxPropagationInterceptor.invoke(TxPropagationInterceptor.java:76)
	at org.jboss.aop.joinpoint.MethodInvocation.invokeNext(MethodInvocation.java:102)
	at org.jboss.ejb3.tx.NullInterceptor.invoke(NullInterceptor.java:42)
	at org.jboss.aop.joinpoint.MethodInvocation.invokeNext(MethodInvocation.java:102)
	at org.jboss.ejb3.security.Ejb3AuthenticationInterceptorv2.invoke(Ejb3AuthenticationInterceptorv2.java:182)
	at org.jboss.aop.joinpoint.MethodInvocation.invokeNext(MethodInvocation.java:102)
	at org.jboss.ejb3.ENCPropagationInterceptor.invoke(ENCPropagationInterceptor.java:41)
	at org.jboss.aop.joinpoint.MethodInvocation.invokeNext(MethodInvocation.java:102)
	at org.jboss.ejb3.BlockContainerShutdownInterceptor.invoke(BlockContainerShutdownInterceptor.java:67)
	at org.jboss.aop.joinpoint.MethodInvocation.invokeNext(MethodInvocation.java:102)
	at org.jboss.ejb3.core.context.CurrentInvocationContextInterceptor.invoke(CurrentInvocationContextInterceptor.java:47)
	at org.jboss.aop.joinpoint.MethodInvocation.invokeNext(MethodInvocation.java:102)
	at org.jboss.aspects.currentinvocation.CurrentInvocationInterceptor.invoke(CurrentInvocationInterceptor.java:67)
	at org.jboss.aop.joinpoint.MethodInvocation.invokeNext(MethodInvocation.java:102)
	at org.jboss.ejb3.interceptor.EJB3TCCLInterceptor.invoke(EJB3TCCLInterceptor.java:86)
	at org.jboss.aop.joinpoint.MethodInvocation.invokeNext(MethodInvocation.java:102)
	at org.jboss.ejb3.stateless.StatelessContainer.dynamicInvoke(StatelessContainer.java:392)
	at org.jboss.ejb3.session.InvokableContextClassProxyHack._dynamicInvoke(InvokableContextClassProxyHack.java:53)
	at org.jboss.aop.Dispatcher.invoke(Dispatcher.java:91)
	at org.jboss.aspects.remoting.AOPRemotingInvocationHandler.invoke(AOPRemotingInvocationHandler.java:82)
	at org.jboss.remoting.ServerInvoker.invoke(ServerInvoker.java:967)
	at org.jboss.remoting.transport.socket.ServerThread.completeInvocation(ServerThread.java:791)
	at org.jboss.remoting.transport.socket.ServerThread.processInvocation(ServerThread.java:744)
	at org.jboss.remoting.transport.socket.ServerThread.dorun(ServerThread.java:548)
	at org.jboss.remoting.transport.socket.ServerThread.run(ServerThread.java:234)
	at org.jboss.remoting.MicroRemoteClientInvoker.invoke(MicroRemoteClientInvoker.java:218)
	at org.jboss.remoting.Client.invoke(Client.java:2070)
	at org.jboss.remoting.Client.invoke(Client.java:879)
	at org.jboss.aspects.remoting.InvokeRemoteInterceptor.invoke(InvokeRemoteInterceptor.java:60)
	at org.jboss.aop.joinpoint.MethodInvocation.invokeNext(MethodInvocation.java:102)
	at org.jboss.aspects.tx.ClientTxPropagationInterceptor.invoke(ClientTxPropagationInterceptor.java:61)
	at org.jboss.aop.joinpoint.MethodInvocation.invokeNext(MethodInvocation.java:102)
	at org.jboss.ejb3.security.client.SecurityClientInterceptor.invoke(SecurityClientInterceptor.java:65)
	at org.jboss.aop.joinpoint.MethodInvocation.invokeNext(MethodInvocation.java:102)
	at org.jboss.ejb3.remoting.IsLocalInterceptor.invoke(IsLocalInterceptor.java:77)
	at org.jboss.aop.joinpoint.MethodInvocation.invokeNext(MethodInvocation.java:102)
	at org.jboss.ejb3.async.impl.interceptor.AsynchronousClientInterceptor.invoke(AsynchronousClientInterceptor.java:143)
	at org.jboss.aop.joinpoint.MethodInvocation.invokeNext(MethodInvocation.java:102)
	at org.jboss.aspects.remoting.PojiProxy.invoke(PojiProxy.java:62)
	at $Proxy8.invoke(Unknown Source)
	at org.jboss.ejb3.proxy.impl.handler.session.SessionProxyInvocationHandlerBase.invoke(SessionProxyInvocationHandlerBase.java:185)
	at $Proxy7.doLogin(Unknown Source)
	at com.elitecore.cpe.bl.delegates.system.user.UserBD.doLogin(Unknown Source)
	at com.elitecore.test.base.BaseTestCase.getBDSessionContext(Unknown Source)
	at com.elitecore.test.audit.AuditTestCase.setUp(Unknown Source)
	at junit.framework.TestCase.runBare(TestCase.java:139)
	at junit.framework.TestResult$1.protect(TestResult.java:122)
	at junit.framework.TestResult.runProtected(TestResult.java:142)
	at junit.framework.TestResult.run(TestResult.java:125)
	at junit.framework.TestCase.run(TestCase.java:129)
	at junit.framework.TestSuite.runTest(TestSuite.java:255)
	at junit.framework.TestSuite.run(TestSuite.java:250)
	at org.apache.tools.ant.taskdefs.optional.junit.JUnitTestRunner.run(JUnitTestRunner.java:532)
	at org.apache.tools.ant.taskdefs.optional.junit.JUnitTestRunner.launch(JUnitTestRunner.java:1179)
	at org.apache.tools.ant.taskdefs.optional.junit.JUnitTestRunner.main(JUnitTestRunner.java:1030)
	at org.jboss.aspects.remoting.InvokeRemoteInterceptor.invoke(InvokeRemoteInterceptor.java:72)
	at org.jboss.aop.joinpoint.MethodInvocation.invokeNext(MethodInvocation.java:102)
	at org.jboss.aspects.tx.ClientTxPropagationInterceptor.invoke(ClientTxPropagationInterceptor.java:61)
	at org.jboss.aop.joinpoint.MethodInvocation.invokeNext(MethodInvocation.java:102)
	at org.jboss.ejb3.security.client.SecurityClientInterceptor.invoke(SecurityClientInterceptor.java:65)
	at org.jboss.aop.joinpoint.MethodInvocation.invokeNext(MethodInvocation.java:102)
	at org.jboss.ejb3.remoting.IsLocalInterceptor.invoke(IsLocalInterceptor.java:77)
	at org.jboss.aop.joinpoint.MethodInvocation.invokeNext(MethodInvocation.java:102)
	at org.jboss.ejb3.async.impl.interceptor.AsynchronousClientInterceptor.invoke(AsynchronousClientInterceptor.java:143)
	at org.jboss.aop.joinpoint.MethodInvocation.invokeNext(MethodInvocation.java:102)
	at org.jboss.aspects.remoting.PojiProxy.invoke(PojiProxy.java:62)
	at $Proxy8.invoke(Unknown Source)
	at org.jboss.ejb3.proxy.impl.handler.session.SessionProxyInvocationHandlerBase.invoke(SessionProxyInvocationHandlerBase.java:185)
	at $Proxy7.doLogin(Unknown Source)
	at com.elitecore.cpe.bl.delegates.system.user.UserBD.doLogin(Unknown Source)
	at com.elitecore.test.base.BaseTestCase.getBDSessionContext(Unknown Source)
	at com.elitecore.test.audit.AuditTestCase.setUp(Unknown Source)
	at junit.framework.TestCase.runBare(TestCase.java:139)
	at junit.framework.TestResult$1.protect(TestResult.java:122)
	at junit.framework.TestResult.runProtected(TestResult.java:142)
	at junit.framework.TestResult.run(TestResult.java:125)
	at junit.framework.TestCase.run(TestCase.java:129)
	at junit.framework.TestSuite.runTest(TestSuite.java:255)
	at junit.framework.TestSuite.run(TestSuite.java:250)
	at org.apache.tools.ant.taskdefs.optional.junit.JUnitTestRunner.run(JUnitTestRunner.java:532)
	at org.apache.tools.ant.taskdefs.optional.junit.JUnitTestRunner.launch(JUnitTestRunner.java:1179)
	at org.apache.tools.ant.taskdefs.optional.junit.JUnitTestRunner.main(JUnitTestRunner.java:1030)
com.elitecore.cpe.bl.exception.SearchBLException: Search SystemAudit operation failed, reason: null
	at com.elitecore.cpe.bl.session.system.audit.SystemAuditSessionBean.searchSystemAuditCount(SystemAuditSessionBean.java:358)
	at sun.reflect.NativeMethodAccessorImpl.invoke0(Native Method)
	at sun.reflect.NativeMethodAccessorImpl.invoke(NativeMethodAccessorImpl.java:39)
	at sun.reflect.DelegatingMethodAccessorImpl.invoke(DelegatingMethodAccessorImpl.java:25)
	at java.lang.reflect.Method.invoke(Method.java:597)
	at org.jboss.aop.joinpoint.MethodInvocation.invokeTarget(MethodInvocation.java:122)
	at org.jboss.aop.joinpoint.MethodInvocation.invokeNext(MethodInvocation.java:111)
	at org.jboss.ejb3.interceptors.container.ContainerMethodInvocationWrapper.invokeNext(ContainerMethodInvocationWrapper.java:72)
	at org.jboss.ejb3.interceptors.aop.InterceptorSequencer.invoke(InterceptorSequencer.java:76)
	at org.jboss.ejb3.interceptors.aop.InterceptorSequencer.aroundInvoke(InterceptorSequencer.java:62)
	at sun.reflect.GeneratedMethodAccessor365.invoke(Unknown Source)
	at sun.reflect.DelegatingMethodAccessorImpl.invoke(DelegatingMethodAccessorImpl.java:25)
	at java.lang.reflect.Method.invoke(Method.java:597)
	at org.jboss.aop.advice.PerJoinpointAdvice.invoke(PerJoinpointAdvice.java:174)
	at org.jboss.aop.joinpoint.MethodInvocation.invokeNext(MethodInvocation.java:102)
	at org.jboss.ejb3.interceptors.aop.InvocationContextInterceptor.fillMethod(InvocationContextInterceptor.java:74)
	at org.jboss.aop.advice.org.jboss.ejb3.interceptors.aop.InvocationContextInterceptor_z_fillMethod_1773080527.invoke(InvocationContextInterceptor_z_fillMethod_1773080527.java)
	at org.jboss.aop.joinpoint.MethodInvocation.invokeNext(MethodInvocation.java:102)
	at org.jboss.ejb3.interceptors.aop.InvocationContextInterceptor.setup(InvocationContextInterceptor.java:90)
	at org.jboss.aop.advice.org.jboss.ejb3.interceptors.aop.InvocationContextInterceptor_z_setup_1773080527.invoke(InvocationContextInterceptor_z_setup_1773080527.java)
	at org.jboss.aop.joinpoint.MethodInvocation.invokeNext(MethodInvocation.java:102)
	at org.jboss.ejb3.async.impl.interceptor.AsynchronousServerInterceptor.invoke(AsynchronousServerInterceptor.java:128)
	at org.jboss.aop.joinpoint.MethodInvocation.invokeNext(MethodInvocation.java:102)
	at org.jboss.ejb3.connectionmanager.CachedConnectionInterceptor.invoke(CachedConnectionInterceptor.java:62)
	at org.jboss.aop.joinpoint.MethodInvocation.invokeNext(MethodInvocation.java:102)
	at org.jboss.ejb3.entity.TransactionScopedEntityManagerInterceptor.invoke(TransactionScopedEntityManagerInterceptor.java:56)
	at org.jboss.aop.joinpoint.MethodInvocation.invokeNext(MethodInvocation.java:102)
	at org.jboss.ejb3.AllowedOperationsInterceptor.invoke(AllowedOperationsInterceptor.java:47)
	at org.jboss.aop.joinpoint.MethodInvocation.invokeNext(MethodInvocation.java:102)
	at org.jboss.ejb3.tx.NullInterceptor.invoke(NullInterceptor.java:42)
	at org.jboss.aop.joinpoint.MethodInvocation.invokeNext(MethodInvocation.java:102)
	at org.jboss.ejb3.stateless.StatelessInstanceInterceptor.invoke(StatelessInstanceInterceptor.java:68)
	at org.jboss.aop.joinpoint.MethodInvocation.invokeNext(MethodInvocation.java:102)
	at org.jboss.ejb3.core.context.SessionInvocationContextAdapter.proceed(SessionInvocationContextAdapter.java:95)
	at org.jboss.ejb3.tx2.impl.CMTTxInterceptor.invokeInCallerTx(CMTTxInterceptor.java:223)
	at org.jboss.ejb3.tx2.impl.CMTTxInterceptor.required(CMTTxInterceptor.java:353)
	at org.jboss.ejb3.tx2.impl.CMTTxInterceptor.invoke(CMTTxInterceptor.java:209)
	at org.jboss.ejb3.tx2.aop.CMTTxInterceptorWrapper.invoke(CMTTxInterceptorWrapper.java:52)
	at org.jboss.aop.joinpoint.MethodInvocation.invokeNext(MethodInvocation.java:102)
	at org.jboss.aspects.tx.TxPropagationInterceptor.invoke(TxPropagationInterceptor.java:76)
	at org.jboss.aop.joinpoint.MethodInvocation.invokeNext(MethodInvocation.java:102)
	at org.jboss.ejb3.tx.NullInterceptor.invoke(NullInterceptor.java:42)
	at org.jboss.aop.joinpoint.MethodInvocation.invokeNext(MethodInvocation.java:102)
	at org.jboss.ejb3.security.Ejb3AuthenticationInterceptorv2.invoke(Ejb3AuthenticationInterceptorv2.java:182)
	at org.jboss.aop.joinpoint.MethodInvocation.invokeNext(MethodInvocation.java:102)
	at org.jboss.ejb3.ENCPropagationInterceptor.invoke(ENCPropagationInterceptor.java:41)
	at org.jboss.aop.joinpoint.MethodInvocation.invokeNext(MethodInvocation.java:102)
	at org.jboss.ejb3.BlockContainerShutdownInterceptor.invoke(BlockContainerShutdownInterceptor.java:67)
	at org.jboss.aop.joinpoint.MethodInvocation.invokeNext(MethodInvocation.java:102)
	at org.jboss.ejb3.core.context.CurrentInvocationContextInterceptor.invoke(CurrentInvocationContextInterceptor.java:47)
	at org.jboss.aop.joinpoint.MethodInvocation.invokeNext(MethodInvocation.java:102)
	at org.jboss.aspects.currentinvocation.CurrentInvocationInterceptor.invoke(CurrentInvocationInterceptor.java:67)
	at org.jboss.aop.joinpoint.MethodInvocation.invokeNext(MethodInvocation.java:102)
	at org.jboss.ejb3.interceptor.EJB3TCCLInterceptor.invoke(EJB3TCCLInterceptor.java:86)
	at org.jboss.aop.joinpoint.MethodInvocation.invokeNext(MethodInvocation.java:102)
	at org.jboss.ejb3.session.SessionSpecContainer.invoke(SessionSpecContainer.java:333)
	at org.jboss.ejb3.session.SessionSpecContainer.invoke(SessionSpecContainer.java:390)
	at sun.reflect.GeneratedMethodAccessor802.invoke(Unknown Source)
	at sun.reflect.DelegatingMethodAccessorImpl.invoke(DelegatingMethodAccessorImpl.java:25)
	at java.lang.reflect.Method.invoke(Method.java:597)
	at org.jboss.ejb3.proxy.impl.handler.session.SessionLocalProxyInvocationHandler$LocalContainerInvocation.invokeTarget(SessionLocalProxyInvocationHandler.java:184)
	at org.jboss.aop.joinpoint.MethodInvocation.invokeNext(MethodInvocation.java:111)
	at org.jboss.ejb3.async.impl.interceptor.AsynchronousClientInterceptor.invoke(AsynchronousClientInterceptor.java:143)
	at org.jboss.aop.joinpoint.MethodInvocation.invokeNext(MethodInvocation.java:102)
	at org.jboss.ejb3.proxy.impl.handler.session.SessionLocalProxyInvocationHandler$LocalInvokableContextHandler.invoke(SessionLocalProxyInvocationHandler.java:159)
	at $Proxy212.invoke(Unknown Source)
	at org.jboss.ejb3.proxy.impl.handler.session.SessionProxyInvocationHandlerBase.invoke(SessionProxyInvocationHandlerBase.java:185)
	at $Proxy208.searchSystemAuditCount(Unknown Source)
	at com.elitecore.cpe.bl.facade.system.audit.SystemAuditFacade.searchAudit(SystemAuditFacade.java:327)
	at sun.reflect.NativeMethodAccessorImpl.invoke0(Native Method)
	at sun.reflect.NativeMethodAccessorImpl.invoke(NativeMethodAccessorImpl.java:39)
	at sun.reflect.DelegatingMethodAccessorImpl.invoke(DelegatingMethodAccessorImpl.java:25)
	at java.lang.reflect.Method.invoke(Method.java:597)
	at org.jboss.aop.joinpoint.MethodInvocation.invokeTarget(MethodInvocation.java:122)
	at org.jboss.aop.joinpoint.MethodInvocation.invokeNext(MethodInvocation.java:111)
	at org.jboss.ejb3.interceptors.container.ContainerMethodInvocationWrapper.invokeNext(ContainerMethodInvocationWrapper.java:72)
	at org.jboss.ejb3.interceptors.aop.InterceptorSequencer.invoke(InterceptorSequencer.java:76)
	at org.jboss.ejb3.interceptors.aop.InterceptorSequencer.aroundInvoke(InterceptorSequencer.java:62)
	at sun.reflect.GeneratedMethodAccessor365.invoke(Unknown Source)
	at sun.reflect.DelegatingMethodAccessorImpl.invoke(DelegatingMethodAccessorImpl.java:25)
	at java.lang.reflect.Method.invoke(Method.java:597)
	at org.jboss.aop.advice.PerJoinpointAdvice.invoke(PerJoinpointAdvice.java:174)
	at org.jboss.aop.joinpoint.MethodInvocation.invokeNext(MethodInvocation.java:102)
	at org.jboss.ejb3.interceptors.aop.InvocationContextInterceptor.fillMethod(InvocationContextInterceptor.java:74)
	at org.jboss.aop.advice.org.jboss.ejb3.interceptors.aop.InvocationContextInterceptor_z_fillMethod_1773080527.invoke(InvocationContextInterceptor_z_fillMethod_1773080527.java)
	at org.jboss.aop.joinpoint.MethodInvocation.invokeNext(MethodInvocation.java:102)
	at org.jboss.ejb3.interceptors.aop.InvocationContextInterceptor.setup(InvocationContextInterceptor.java:90)
	at org.jboss.aop.advice.org.jboss.ejb3.interceptors.aop.InvocationContextInterceptor_z_setup_1773080527.invoke(InvocationContextInterceptor_z_setup_1773080527.java)
	at org.jboss.aop.joinpoint.MethodInvocation.invokeNext(MethodInvocation.java:102)
	at org.jboss.ejb3.async.impl.interceptor.AsynchronousServerInterceptor.invoke(AsynchronousServerInterceptor.java:128)
	at org.jboss.aop.joinpoint.MethodInvocation.invokeNext(MethodInvocation.java:102)
	at org.jboss.ejb3.connectionmanager.CachedConnectionInterceptor.invoke(CachedConnectionInterceptor.java:62)
	at org.jboss.aop.joinpoint.MethodInvocation.invokeNext(MethodInvocation.java:102)
	at org.jboss.ejb3.entity.TransactionScopedEntityManagerInterceptor.invoke(TransactionScopedEntityManagerInterceptor.java:56)
	at org.jboss.aop.joinpoint.MethodInvocation.invokeNext(MethodInvocation.java:102)
	at org.jboss.ejb3.AllowedOperationsInterceptor.invoke(AllowedOperationsInterceptor.java:47)
	at org.jboss.aop.joinpoint.MethodInvocation.invokeNext(MethodInvocation.java:102)
	at org.jboss.ejb3.tx.NullInterceptor.invoke(NullInterceptor.java:42)
	at org.jboss.aop.joinpoint.MethodInvocation.invokeNext(MethodInvocation.java:102)
	at org.jboss.ejb3.stateless.StatelessInstanceInterceptor.invoke(StatelessInstanceInterceptor.java:68)
	at org.jboss.aop.joinpoint.MethodInvocation.invokeNext(MethodInvocation.java:102)
	at org.jboss.ejb3.core.context.SessionInvocationContextAdapter.proceed(SessionInvocationContextAdapter.java:95)
	at org.jboss.ejb3.tx2.impl.CMTTxInterceptor.invokeInOurTx(CMTTxInterceptor.java:247)
	at org.jboss.ejb3.tx2.impl.CMTTxInterceptor.required(CMTTxInterceptor.java:349)
	at org.jboss.ejb3.tx2.impl.CMTTxInterceptor.invoke(CMTTxInterceptor.java:209)
	at org.jboss.ejb3.tx2.aop.CMTTxInterceptorWrapper.invoke(CMTTxInterceptorWrapper.java:52)
	at org.jboss.aop.joinpoint.MethodInvocation.invokeNext(MethodInvocation.java:102)
	at org.jboss.aspects.tx.TxPropagationInterceptor.invoke(TxPropagationInterceptor.java:76)
	at org.jboss.aop.joinpoint.MethodInvocation.invokeNext(MethodInvocation.java:102)
	at org.jboss.ejb3.tx.NullInterceptor.invoke(NullInterceptor.java:42)
	at org.jboss.aop.joinpoint.MethodInvocation.invokeNext(MethodInvocation.java:102)
	at org.jboss.ejb3.security.Ejb3AuthenticationInterceptorv2.invoke(Ejb3AuthenticationInterceptorv2.java:182)
	at org.jboss.aop.joinpoint.MethodInvocation.invokeNext(MethodInvocation.java:102)
	at org.jboss.ejb3.ENCPropagationInterceptor.invoke(ENCPropagationInterceptor.java:41)
	at org.jboss.aop.joinpoint.MethodInvocation.invokeNext(MethodInvocation.java:102)
	at org.jboss.ejb3.BlockContainerShutdownInterceptor.invoke(BlockContainerShutdownInterceptor.java:67)
	at org.jboss.aop.joinpoint.MethodInvocation.invokeNext(MethodInvocation.java:102)
	at org.jboss.ejb3.core.context.CurrentInvocationContextInterceptor.invoke(CurrentInvocationContextInterceptor.java:47)
	at org.jboss.aop.joinpoint.MethodInvocation.invokeNext(MethodInvocation.java:102)
	at org.jboss.aspects.currentinvocation.CurrentInvocationInterceptor.invoke(CurrentInvocationInterceptor.java:67)
	at org.jboss.aop.joinpoint.MethodInvocation.invokeNext(MethodInvocation.java:102)
	at org.jboss.ejb3.interceptor.EJB3TCCLInterceptor.invoke(EJB3TCCLInterceptor.java:86)
	at org.jboss.aop.joinpoint.MethodInvocation.invokeNext(MethodInvocation.java:102)
	at org.jboss.ejb3.stateless.StatelessContainer.dynamicInvoke(StatelessContainer.java:392)
	at org.jboss.ejb3.session.InvokableContextClassProxyHack._dynamicInvoke(InvokableContextClassProxyHack.java:53)
	at org.jboss.aop.Dispatcher.invoke(Dispatcher.java:91)
	at org.jboss.aspects.remoting.AOPRemotingInvocationHandler.invoke(AOPRemotingInvocationHandler.java:82)
	at org.jboss.remoting.ServerInvoker.invoke(ServerInvoker.java:967)
	at org.jboss.remoting.transport.socket.ServerThread.completeInvocation(ServerThread.java:791)
	at org.jboss.remoting.transport.socket.ServerThread.processInvocation(ServerThread.java:744)
	at org.jboss.remoting.transport.socket.ServerThread.dorun(ServerThread.java:548)
	at org.jboss.remoting.transport.socket.ServerThread.run(ServerThread.java:234)
Caused by: java.lang.NullPointerException
	at com.elitecore.cpe.bl.session.system.audit.SystemAuditSessionBean.searchSystemAuditCount(SystemAuditSessionBean.java:321)
	at sun.reflect.NativeMethodAccessorImpl.invoke0(Native Method)
	at sun.reflect.NativeMethodAccessorImpl.invoke(NativeMethodAccessorImpl.java:39)
	at sun.reflect.DelegatingMethodAccessorImpl.invoke(DelegatingMethodAccessorImpl.java:25)
	at java.lang.reflect.Method.invoke(Method.java:597)
	at org.jboss.aop.joinpoint.MethodInvocation.invokeTarget(MethodInvocation.java:122)
	at org.jboss.aop.joinpoint.MethodInvocation.invokeNext(MethodInvocation.java:111)
	at org.jboss.ejb3.interceptors.container.ContainerMethodInvocationWrapper.invokeNext(ContainerMethodInvocationWrapper.java:72)
	at org.jboss.ejb3.interceptors.aop.InterceptorSequencer.invoke(InterceptorSequencer.java:76)
	at org.jboss.ejb3.interceptors.aop.InterceptorSequencer.aroundInvoke(InterceptorSequencer.java:62)
	at sun.reflect.GeneratedMethodAccessor365.invoke(Unknown Source)
	at sun.reflect.DelegatingMethodAccessorImpl.invoke(DelegatingMethodAccessorImpl.java:25)
	at java.lang.reflect.Method.invoke(Method.java:597)
	at org.jboss.aop.advice.PerJoinpointAdvice.invoke(PerJoinpointAdvice.java:174)
	at org.jboss.aop.joinpoint.MethodInvocation.invokeNext(MethodInvocation.java:102)
	at org.jboss.ejb3.interceptors.aop.InvocationContextInterceptor.fillMethod(InvocationContextInterceptor.java:74)
	at org.jboss.aop.advice.org.jboss.ejb3.interceptors.aop.InvocationContextInterceptor_z_fillMethod_1773080527.invoke(InvocationContextInterceptor_z_fillMethod_1773080527.java)
	at org.jboss.aop.joinpoint.MethodInvocation.invokeNext(MethodInvocation.java:102)
	at org.jboss.ejb3.interceptors.aop.InvocationContextInterceptor.setup(InvocationContextInterceptor.java:90)
	at org.jboss.aop.advice.org.jboss.ejb3.interceptors.aop.InvocationContextInterceptor_z_setup_1773080527.invoke(InvocationContextInterceptor_z_setup_1773080527.java)
	at org.jboss.aop.joinpoint.MethodInvocation.invokeNext(MethodInvocation.java:102)
	at org.jboss.ejb3.async.impl.interceptor.AsynchronousServerInterceptor.invoke(AsynchronousServerInterceptor.java:128)
	at org.jboss.aop.joinpoint.MethodInvocation.invokeNext(MethodInvocation.java:102)
	at org.jboss.ejb3.connectionmanager.CachedConnectionInterceptor.invoke(CachedConnectionInterceptor.java:62)
	at org.jboss.aop.joinpoint.MethodInvocation.invokeNext(MethodInvocation.java:102)
	at org.jboss.ejb3.entity.TransactionScopedEntityManagerInterceptor.invoke(TransactionScopedEntityManagerInterceptor.java:56)
	at org.jboss.aop.joinpoint.MethodInvocation.invokeNext(MethodInvocation.java:102)
	at org.jboss.ejb3.AllowedOperationsInterceptor.invoke(AllowedOperationsInterceptor.java:47)
	at org.jboss.aop.joinpoint.MethodInvocation.invokeNext(MethodInvocation.java:102)
	at org.jboss.ejb3.tx.NullInterceptor.invoke(NullInterceptor.java:42)
	at org.jboss.aop.joinpoint.MethodInvocation.invokeNext(MethodInvocation.java:102)
	at org.jboss.ejb3.stateless.StatelessInstanceInterceptor.invoke(StatelessInstanceInterceptor.java:68)
	at org.jboss.aop.joinpoint.MethodInvocation.invokeNext(MethodInvocation.java:102)
	at org.jboss.ejb3.core.context.SessionInvocationContextAdapter.proceed(SessionInvocationContextAdapter.java:95)
	at org.jboss.ejb3.tx2.impl.CMTTxInterceptor.invokeInCallerTx(CMTTxInterceptor.java:223)
	at org.jboss.ejb3.tx2.impl.CMTTxInterceptor.required(CMTTxInterceptor.java:353)
	at org.jboss.ejb3.tx2.impl.CMTTxInterceptor.invoke(CMTTxInterceptor.java:209)
	at org.jboss.ejb3.tx2.aop.CMTTxInterceptorWrapper.invoke(CMTTxInterceptorWrapper.java:52)
	at org.jboss.aop.joinpoint.MethodInvocation.invokeNext(MethodInvocation.java:102)
	at org.jboss.aspects.tx.TxPropagationInterceptor.invoke(TxPropagationInterceptor.java:76)
	at org.jboss.aop.joinpoint.MethodInvocation.invokeNext(MethodInvocation.java:102)
	at org.jboss.ejb3.tx.NullInterceptor.invoke(NullInterceptor.java:42)
	at org.jboss.aop.joinpoint.MethodInvocation.invokeNext(MethodInvocation.java:102)
	at org.jboss.ejb3.security.Ejb3AuthenticationInterceptorv2.invoke(Ejb3AuthenticationInterceptorv2.java:182)
	at org.jboss.aop.joinpoint.MethodInvocation.invokeNext(MethodInvocation.java:102)
	at org.jboss.ejb3.ENCPropagationInterceptor.invoke(ENCPropagationInterceptor.java:41)
	at org.jboss.aop.joinpoint.MethodInvocation.invokeNext(MethodInvocation.java:102)
	at org.jboss.ejb3.BlockContainerShutdownInterceptor.invoke(BlockContainerShutdownInterceptor.java:67)
	at org.jboss.aop.joinpoint.MethodInvocation.invokeNext(MethodInvocation.java:102)
	at org.jboss.ejb3.core.context.CurrentInvocationContextInterceptor.invoke(CurrentInvocationContextInterceptor.java:47)
	at org.jboss.aop.joinpoint.MethodInvocation.invokeNext(MethodInvocation.java:102)
	at org.jboss.aspects.currentinvocation.CurrentInvocationInterceptor.invoke(CurrentInvocationInterceptor.java:67)
	at org.jboss.aop.joinpoint.MethodInvocation.invokeNext(MethodInvocation.java:102)
	at org.jboss.ejb3.interceptor.EJB3TCCLInterceptor.invoke(EJB3TCCLInterceptor.java:86)
	at org.jboss.aop.joinpoint.MethodInvocation.invokeNext(MethodInvocation.java:102)
	at org.jboss.ejb3.session.SessionSpecContainer.invoke(SessionSpecContainer.java:333)
	at org.jboss.ejb3.session.SessionSpecContainer.invoke(SessionSpecContainer.java:390)
	at sun.reflect.GeneratedMethodAccessor802.invoke(Unknown Source)
	at sun.reflect.DelegatingMethodAccessorImpl.invoke(DelegatingMethodAccessorImpl.java:25)
	at java.lang.reflect.Method.invoke(Method.java:597)
	at org.jboss.ejb3.proxy.impl.handler.session.SessionLocalProxyInvocationHandler$LocalContainerInvocation.invokeTarget(SessionLocalProxyInvocationHandler.java:184)
	at org.jboss.aop.joinpoint.MethodInvocation.invokeNext(MethodInvocation.java:111)
	at org.jboss.ejb3.async.impl.interceptor.AsynchronousClientInterceptor.invoke(AsynchronousClientInterceptor.java:143)
	at org.jboss.aop.joinpoint.MethodInvocation.invokeNext(MethodInvocation.java:102)
	at org.jboss.ejb3.proxy.impl.handler.session.SessionLocalProxyInvocationHandler$LocalInvokableContextHandler.invoke(SessionLocalProxyInvocationHandler.java:159)
	at $Proxy212.invoke(Unknown Source)
	at org.jboss.ejb3.proxy.impl.handler.session.SessionProxyInvocationHandlerBase.invoke(SessionProxyInvocationHandlerBase.java:185)
	at $Proxy208.searchSystemAuditCount(Unknown Source)
	at com.elitecore.cpe.bl.facade.system.audit.SystemAuditFacade.searchAudit(SystemAuditFacade.java:327)
	at sun.reflect.NativeMethodAccessorImpl.invoke0(Native Method)
	at sun.reflect.NativeMethodAccessorImpl.invoke(NativeMethodAccessorImpl.java:39)
	at sun.reflect.DelegatingMethodAccessorImpl.invoke(DelegatingMethodAccessorImpl.java:25)
	at java.lang.reflect.Method.invoke(Method.java:597)
	at org.jboss.aop.joinpoint.MethodInvocation.invokeTarget(MethodInvocation.java:122)
	at org.jboss.aop.joinpoint.MethodInvocation.invokeNext(MethodInvocation.java:111)
	at org.jboss.ejb3.interceptors.container.ContainerMethodInvocationWrapper.invokeNext(ContainerMethodInvocationWrapper.java:72)
	at org.jboss.ejb3.interceptors.aop.InterceptorSequencer.invoke(InterceptorSequencer.java:76)
	at org.jboss.ejb3.interceptors.aop.InterceptorSequencer.aroundInvoke(InterceptorSequencer.java:62)
	at sun.reflect.GeneratedMethodAccessor365.invoke(Unknown Source)
	at sun.reflect.DelegatingMethodAccessorImpl.invoke(DelegatingMethodAccessorImpl.java:25)
	at java.lang.reflect.Method.invoke(Method.java:597)
	at org.jboss.aop.advice.PerJoinpointAdvice.invoke(PerJoinpointAdvice.java:174)
	at org.jboss.aop.joinpoint.MethodInvocation.invokeNext(MethodInvocation.java:102)
	at org.jboss.ejb3.interceptors.aop.InvocationContextInterceptor.fillMethod(InvocationContextInterceptor.java:74)
	at org.jboss.aop.advice.org.jboss.ejb3.interceptors.aop.InvocationContextInterceptor_z_fillMethod_1773080527.invoke(InvocationContextInterceptor_z_fillMethod_1773080527.java)
	at org.jboss.aop.joinpoint.MethodInvocation.invokeNext(MethodInvocation.java:102)
	at org.jboss.ejb3.interceptors.aop.InvocationContextInterceptor.setup(InvocationContextInterceptor.java:90)
	at org.jboss.aop.advice.org.jboss.ejb3.interceptors.aop.InvocationContextInterceptor_z_setup_1773080527.invoke(InvocationContextInterceptor_z_setup_1773080527.java)
	at org.jboss.aop.joinpoint.MethodInvocation.invokeNext(MethodInvocation.java:102)
	at org.jboss.ejb3.async.impl.interceptor.AsynchronousServerInterceptor.invoke(AsynchronousServerInterceptor.java:128)
	at org.jboss.aop.joinpoint.MethodInvocation.invokeNext(MethodInvocation.java:102)
	at org.jboss.ejb3.connectionmanager.CachedConnectionInterceptor.invoke(CachedConnectionInterceptor.java:62)
	at org.jboss.aop.joinpoint.MethodInvocation.invokeNext(MethodInvocation.java:102)
	at org.jboss.ejb3.entity.TransactionScopedEntityManagerInterceptor.invoke(TransactionScopedEntityManagerInterceptor.java:56)
	at org.jboss.aop.joinpoint.MethodInvocation.invokeNext(MethodInvocation.java:102)
	at org.jboss.ejb3.AllowedOperationsInterceptor.invoke(AllowedOperationsInterceptor.java:47)
	at org.jboss.aop.joinpoint.MethodInvocation.invokeNext(MethodInvocation.java:102)
	at org.jboss.ejb3.tx.NullInterceptor.invoke(NullInterceptor.java:42)
	at org.jboss.aop.joinpoint.MethodInvocation.invokeNext(MethodInvocation.java:102)
	at org.jboss.ejb3.stateless.StatelessInstanceInterceptor.invoke(StatelessInstanceInterceptor.java:68)
	at org.jboss.aop.joinpoint.MethodInvocation.invokeNext(MethodInvocation.java:102)
	at org.jboss.ejb3.core.context.SessionInvocationContextAdapter.proceed(SessionInvocationContextAdapter.java:95)
	at org.jboss.ejb3.tx2.impl.CMTTxInterceptor.invokeInOurTx(CMTTxInterceptor.java:247)
	at org.jboss.ejb3.tx2.impl.CMTTxInterceptor.required(CMTTxInterceptor.java:349)
	at org.jboss.ejb3.tx2.impl.CMTTxInterceptor.invoke(CMTTxInterceptor.java:209)
	at org.jboss.ejb3.tx2.aop.CMTTxInterceptorWrapper.invoke(CMTTxInterceptorWrapper.java:52)
	at org.jboss.aop.joinpoint.MethodInvocation.invokeNext(MethodInvocation.java:102)
	at org.jboss.aspects.tx.TxPropagationInterceptor.invoke(TxPropagationInterceptor.java:76)
	at org.jboss.aop.joinpoint.MethodInvocation.invokeNext(MethodInvocation.java:102)
	at org.jboss.ejb3.tx.NullInterceptor.invoke(NullInterceptor.java:42)
	at org.jboss.aop.joinpoint.MethodInvocation.invokeNext(MethodInvocation.java:102)
	at org.jboss.ejb3.security.Ejb3AuthenticationInterceptorv2.invoke(Ejb3AuthenticationInterceptorv2.java:182)
	at org.jboss.aop.joinpoint.MethodInvocation.invokeNext(MethodInvocation.java:102)
	at org.jboss.ejb3.ENCPropagationInterceptor.invoke(ENCPropagationInterceptor.java:41)
	at org.jboss.aop.joinpoint.MethodInvocation.invokeNext(MethodInvocation.java:102)
	at org.jboss.ejb3.BlockContainerShutdownInterceptor.invoke(BlockContainerShutdownInterceptor.java:67)
	at org.jboss.aop.joinpoint.MethodInvocation.invokeNext(MethodInvocation.java:102)
	at org.jboss.ejb3.core.context.CurrentInvocationContextInterceptor.invoke(CurrentInvocationContextInterceptor.java:47)
	at org.jboss.aop.joinpoint.MethodInvocation.invokeNext(MethodInvocation.java:102)
	at org.jboss.aspects.currentinvocation.CurrentInvocationInterceptor.invoke(CurrentInvocationInterceptor.java:67)
	at org.jboss.aop.joinpoint.MethodInvocation.invokeNext(MethodInvocation.java:102)
	at org.jboss.ejb3.interceptor.EJB3TCCLInterceptor.invoke(EJB3TCCLInterceptor.java:86)
	at org.jboss.aop.joinpoint.MethodInvocation.invokeNext(MethodInvocation.java:102)
	at org.jboss.ejb3.stateless.StatelessContainer.dynamicInvoke(StatelessContainer.java:392)
	at org.jboss.ejb3.session.InvokableContextClassProxyHack._dynamicInvoke(InvokableContextClassProxyHack.java:53)
	at org.jboss.aop.Dispatcher.invoke(Dispatcher.java:91)
	at org.jboss.aspects.remoting.AOPRemotingInvocationHandler.invoke(AOPRemotingInvocationHandler.java:82)
	at org.jboss.remoting.ServerInvoker.invoke(ServerInvoker.java:967)
	at org.jboss.remoting.transport.socket.ServerThread.completeInvocation(ServerThread.java:791)
	at org.jboss.remoting.transport.socket.ServerThread.processInvocation(ServerThread.java:744)
	at org.jboss.remoting.transport.socket.ServerThread.dorun(ServerThread.java:548)
	at org.jboss.remoting.transport.socket.ServerThread.run(ServerThread.java:234)
	at org.jboss.remoting.MicroRemoteClientInvoker.invoke(MicroRemoteClientInvoker.java:218)
	at org.jboss.remoting.Client.invoke(Client.java:2070)
	at org.jboss.remoting.Client.invoke(Client.java:879)
	at org.jboss.aspects.remoting.InvokeRemoteInterceptor.invoke(InvokeRemoteInterceptor.java:60)
	at org.jboss.aop.joinpoint.MethodInvocation.invokeNext(MethodInvocation.java:102)
	at org.jboss.aspects.tx.ClientTxPropagationInterceptor.invoke(ClientTxPropagationInterceptor.java:61)
	at org.jboss.aop.joinpoint.MethodInvocation.invokeNext(MethodInvocation.java:102)
	at org.jboss.ejb3.security.client.SecurityClientInterceptor.invoke(SecurityClientInterceptor.java:65)
	at org.jboss.aop.joinpoint.MethodInvocation.invokeNext(MethodInvocation.java:102)
	at org.jboss.ejb3.remoting.IsLocalInterceptor.invoke(IsLocalInterceptor.java:77)
	at org.jboss.aop.joinpoint.MethodInvocation.invokeNext(MethodInvocation.java:102)
	at org.jboss.ejb3.async.impl.interceptor.AsynchronousClientInterceptor.invoke(AsynchronousClientInterceptor.java:143)
	at org.jboss.aop.joinpoint.MethodInvocation.invokeNext(MethodInvocation.java:102)
	at org.jboss.aspects.remoting.PojiProxy.invoke(PojiProxy.java:62)
	at $Proxy8.invoke(Unknown Source)
	at org.jboss.ejb3.proxy.impl.handler.session.SessionProxyInvocationHandlerBase.invoke(SessionProxyInvocationHandlerBase.java:185)
	at $Proxy11.searchAudit(Unknown Source)
	at com.elitecore.cpe.bl.delegates.system.audit.ConfigureAuditBD.searchAudit(Unknown Source)
	at com.elitecore.test.audit.AuditTestCase.testAuditSearch(Unknown Source)
	at sun.reflect.NativeMethodAccessorImpl.invoke0(Native Method)
	at sun.reflect.NativeMethodAccessorImpl.invoke(NativeMethodAccessorImpl.java:39)
	at sun.reflect.DelegatingMethodAccessorImpl.invoke(DelegatingMethodAccessorImpl.java:25)
	at java.lang.reflect.Method.invoke(Method.java:597)
	at junit.framework.TestCase.runTest(TestCase.java:176)
	at junit.framework.TestCase.runBare(TestCase.java:141)
	at junit.framework.TestResult$1.protect(TestResult.java:122)
	at junit.framework.TestResult.runProtected(TestResult.java:142)
	at junit.framework.TestResult.run(TestResult.java:125)
	at junit.framework.TestCase.run(TestCase.java:129)
	at junit.framework.TestSuite.runTest(TestSuite.java:255)
	at junit.framework.TestSuite.run(TestSuite.java:250)
	at org.apache.tools.ant.taskdefs.optional.junit.JUnitTestRunner.run(JUnitTestRunner.java:532)
	at org.apache.tools.ant.taskdefs.optional.junit.JUnitTestRunner.launch(JUnitTestRunner.java:1179)
	at org.apache.tools.ant.taskdefs.optional.junit.JUnitTestRunner.main(JUnitTestRunner.java:1030)
	at org.jboss.aspects.remoting.InvokeRemoteInterceptor.invoke(InvokeRemoteInterceptor.java:72)
	at org.jboss.aop.joinpoint.MethodInvocation.invokeNext(MethodInvocation.java:102)
	at org.jboss.aspects.tx.ClientTxPropagationInterceptor.invoke(ClientTxPropagationInterceptor.java:61)
	at org.jboss.aop.joinpoint.MethodInvocation.invokeNext(MethodInvocation.java:102)
	at org.jboss.ejb3.security.client.SecurityClientInterceptor.invoke(SecurityClientInterceptor.java:65)
	at org.jboss.aop.joinpoint.MethodInvocation.invokeNext(MethodInvocation.java:102)
	at org.jboss.ejb3.remoting.IsLocalInterceptor.invoke(IsLocalInterceptor.java:77)
	at org.jboss.aop.joinpoint.MethodInvocation.invokeNext(MethodInvocation.java:102)
	at org.jboss.ejb3.async.impl.interceptor.AsynchronousClientInterceptor.invoke(AsynchronousClientInterceptor.java:143)
	at org.jboss.aop.joinpoint.MethodInvocation.invokeNext(MethodInvocation.java:102)
	at org.jboss.aspects.remoting.PojiProxy.invoke(PojiProxy.java:62)
	at $Proxy8.invoke(Unknown Source)
	at org.jboss.ejb3.proxy.impl.handler.session.SessionProxyInvocationHandlerBase.invoke(SessionProxyInvocationHandlerBase.java:185)
	at $Proxy11.searchAudit(Unknown Source)
	at com.elitecore.cpe.bl.delegates.system.audit.ConfigureAuditBD.searchAudit(Unknown Source)
	at com.elitecore.test.audit.AuditTestCase.testAuditSearch(Unknown Source)
	at sun.reflect.NativeMethodAccessorImpl.invoke0(Native Method)
	at sun.reflect.NativeMethodAccessorImpl.invoke(NativeMethodAccessorImpl.java:39)
	at sun.reflect.DelegatingMethodAccessorImpl.invoke(DelegatingMethodAccessorImpl.java:25)
	at java.lang.reflect.Method.invoke(Method.java:597)
	at junit.framework.TestCase.runTest(TestCase.java:176)
	at junit.framework.TestCase.runBare(TestCase.java:141)
	at junit.framework.TestResult$1.protect(TestResult.java:122)
	at junit.framework.TestResult.runProtected(TestResult.java:142)
	at junit.framework.TestResult.run(TestResult.java:125)
	at junit.framework.TestCase.run(TestCase.java:129)
	at junit.framework.TestSuite.runTest(TestSuite.java:255)
	at junit.framework.TestSuite.run(TestSuite.java:250)
	at org.apache.tools.ant.taskdefs.optional.junit.JUnitTestRunner.run(JUnitTestRunner.java:532)
	at org.apache.tools.ant.taskdefs.optional.junit.JUnitTestRunner.launch(JUnitTestRunner.java:1179)
	at org.apache.tools.ant.taskdefs.optional.junit.JUnitTestRunner.main(JUnitTestRunner.java:1030)
com.elitecore.cpe.bl.exception.AccessDeniedException: Invalid Userame / Password
	at com.elitecore.cpe.bl.facade.bss.user.BSSUserFacade.doLogin(BSSUserFacade.java:152)
	at sun.reflect.GeneratedMethodAccessor440.invoke(Unknown Source)
	at sun.reflect.DelegatingMethodAccessorImpl.invoke(DelegatingMethodAccessorImpl.java:25)
	at java.lang.reflect.Method.invoke(Method.java:597)
	at org.jboss.aop.joinpoint.MethodInvocation.invokeTarget(MethodInvocation.java:122)
	at org.jboss.aop.joinpoint.MethodInvocation.invokeNext(MethodInvocation.java:111)
	at org.jboss.ejb3.interceptors.container.ContainerMethodInvocationWrapper.invokeNext(ContainerMethodInvocationWrapper.java:72)
	at org.jboss.ejb3.interceptors.aop.InterceptorSequencer.invoke(InterceptorSequencer.java:76)
	at org.jboss.ejb3.interceptors.aop.InterceptorSequencer.aroundInvoke(InterceptorSequencer.java:62)
	at sun.reflect.GeneratedMethodAccessor365.invoke(Unknown Source)
	at sun.reflect.DelegatingMethodAccessorImpl.invoke(DelegatingMethodAccessorImpl.java:25)
	at java.lang.reflect.Method.invoke(Method.java:597)
	at org.jboss.aop.advice.PerJoinpointAdvice.invoke(PerJoinpointAdvice.java:174)
	at org.jboss.aop.joinpoint.MethodInvocation.invokeNext(MethodInvocation.java:102)
	at org.jboss.ejb3.interceptors.aop.InvocationContextInterceptor.fillMethod(InvocationContextInterceptor.java:74)
	at org.jboss.aop.advice.org.jboss.ejb3.interceptors.aop.InvocationContextInterceptor_z_fillMethod_1773080527.invoke(InvocationContextInterceptor_z_fillMethod_1773080527.java)
	at org.jboss.aop.joinpoint.MethodInvocation.invokeNext(MethodInvocation.java:102)
	at org.jboss.ejb3.interceptors.aop.InvocationContextInterceptor.setup(InvocationContextInterceptor.java:90)
	at org.jboss.aop.advice.org.jboss.ejb3.interceptors.aop.InvocationContextInterceptor_z_setup_1773080527.invoke(InvocationContextInterceptor_z_setup_1773080527.java)
	at org.jboss.aop.joinpoint.MethodInvocation.invokeNext(MethodInvocation.java:102)
	at org.jboss.ejb3.async.impl.interceptor.AsynchronousServerInterceptor.invoke(AsynchronousServerInterceptor.java:128)
	at org.jboss.aop.joinpoint.MethodInvocation.invokeNext(MethodInvocation.java:102)
	at org.jboss.ejb3.connectionmanager.CachedConnectionInterceptor.invoke(CachedConnectionInterceptor.java:62)
	at org.jboss.aop.joinpoint.MethodInvocation.invokeNext(MethodInvocation.java:102)
	at org.jboss.ejb3.entity.TransactionScopedEntityManagerInterceptor.invoke(TransactionScopedEntityManagerInterceptor.java:56)
	at org.jboss.aop.joinpoint.MethodInvocation.invokeNext(MethodInvocation.java:102)
	at org.jboss.ejb3.AllowedOperationsInterceptor.invoke(AllowedOperationsInterceptor.java:47)
	at org.jboss.aop.joinpoint.MethodInvocation.invokeNext(MethodInvocation.java:102)
	at org.jboss.ejb3.tx.NullInterceptor.invoke(NullInterceptor.java:42)
	at org.jboss.aop.joinpoint.MethodInvocation.invokeNext(MethodInvocation.java:102)
	at org.jboss.ejb3.stateless.StatelessInstanceInterceptor.invoke(StatelessInstanceInterceptor.java:68)
	at org.jboss.aop.joinpoint.MethodInvocation.invokeNext(MethodInvocation.java:102)
	at org.jboss.ejb3.core.context.SessionInvocationContextAdapter.proceed(SessionInvocationContextAdapter.java:95)
	at org.jboss.ejb3.tx2.impl.CMTTxInterceptor.invokeInCallerTx(CMTTxInterceptor.java:223)
	at org.jboss.ejb3.tx2.impl.CMTTxInterceptor.required(CMTTxInterceptor.java:353)
	at org.jboss.ejb3.tx2.impl.CMTTxInterceptor.invoke(CMTTxInterceptor.java:209)
	at org.jboss.ejb3.tx2.aop.CMTTxInterceptorWrapper.invoke(CMTTxInterceptorWrapper.java:52)
	at org.jboss.aop.joinpoint.MethodInvocation.invokeNext(MethodInvocation.java:102)
	at org.jboss.aspects.tx.TxPropagationInterceptor.invoke(TxPropagationInterceptor.java:76)
	at org.jboss.aop.joinpoint.MethodInvocation.invokeNext(MethodInvocation.java:102)
	at org.jboss.ejb3.tx.NullInterceptor.invoke(NullInterceptor.java:42)
	at org.jboss.aop.joinpoint.MethodInvocation.invokeNext(MethodInvocation.java:102)
	at org.jboss.ejb3.security.Ejb3AuthenticationInterceptorv2.invoke(Ejb3AuthenticationInterceptorv2.java:182)
	at org.jboss.aop.joinpoint.MethodInvocation.invokeNext(MethodInvocation.java:102)
	at org.jboss.ejb3.ENCPropagationInterceptor.invoke(ENCPropagationInterceptor.java:41)
	at org.jboss.aop.joinpoint.MethodInvocation.invokeNext(MethodInvocation.java:102)
	at org.jboss.ejb3.BlockContainerShutdownInterceptor.invoke(BlockContainerShutdownInterceptor.java:67)
	at org.jboss.aop.joinpoint.MethodInvocation.invokeNext(MethodInvocation.java:102)
	at org.jboss.ejb3.core.context.CurrentInvocationContextInterceptor.invoke(CurrentInvocationContextInterceptor.java:47)
	at org.jboss.aop.joinpoint.MethodInvocation.invokeNext(MethodInvocation.java:102)
	at org.jboss.aspects.currentinvocation.CurrentInvocationInterceptor.invoke(CurrentInvocationInterceptor.java:67)
	at org.jboss.aop.joinpoint.MethodInvocation.invokeNext(MethodInvocation.java:102)
	at org.jboss.ejb3.interceptor.EJB3TCCLInterceptor.invoke(EJB3TCCLInterceptor.java:86)
	at org.jboss.aop.joinpoint.MethodInvocation.invokeNext(MethodInvocation.java:102)
	at org.jboss.ejb3.session.SessionSpecContainer.invoke(SessionSpecContainer.java:333)
	at org.jboss.ejb3.session.SessionSpecContainer.invoke(SessionSpecContainer.java:390)
	at sun.reflect.GeneratedMethodAccessor802.invoke(Unknown Source)
	at sun.reflect.DelegatingMethodAccessorImpl.invoke(DelegatingMethodAccessorImpl.java:25)
	at java.lang.reflect.Method.invoke(Method.java:597)
	at org.jboss.ejb3.proxy.impl.handler.session.SessionLocalProxyInvocationHandler$LocalContainerInvocation.invokeTarget(SessionLocalProxyInvocationHandler.java:184)
	at org.jboss.aop.joinpoint.MethodInvocation.invokeNext(MethodInvocation.java:111)
	at org.jboss.ejb3.async.impl.interceptor.AsynchronousClientInterceptor.invoke(AsynchronousClientInterceptor.java:143)
	at org.jboss.aop.joinpoint.MethodInvocation.invokeNext(MethodInvocation.java:102)
	at org.jboss.ejb3.proxy.impl.handler.session.SessionLocalProxyInvocationHandler$LocalInvokableContextHandler.invoke(SessionLocalProxyInvocationHandler.java:159)
	at $Proxy212.invoke(Unknown Source)
	at org.jboss.ejb3.proxy.impl.handler.session.SessionProxyInvocationHandlerBase.invoke(SessionProxyInvocationHandlerBase.java:185)
	at $Proxy207.doLogin(Unknown Source)
	at com.elitecore.cpe.bl.controller.system.BSSUserAuthController.doLogin(BSSUserAuthController.java:35)
	at com.elitecore.cpe.bl.factory.system.user.UserFactory.doLogin(UserFactory.java:49)
	at com.elitecore.cpe.bl.factory.system.user.UserFactory.doLogin(UserFactory.java:57)
	at com.elitecore.cpe.bl.facade.system.user.UserFacade.doLogin(UserFacade.java:53)
	at sun.reflect.GeneratedMethodAccessor439.invoke(Unknown Source)
	at sun.reflect.DelegatingMethodAccessorImpl.invoke(DelegatingMethodAccessorImpl.java:25)
	at java.lang.reflect.Method.invoke(Method.java:597)
	at org.jboss.aop.joinpoint.MethodInvocation.invokeTarget(MethodInvocation.java:122)
	at org.jboss.aop.joinpoint.MethodInvocation.invokeNext(MethodInvocation.java:111)
	at org.jboss.ejb3.interceptors.container.ContainerMethodInvocationWrapper.invokeNext(ContainerMethodInvocationWrapper.java:72)
	at org.jboss.ejb3.interceptors.aop.InterceptorSequencer.invoke(InterceptorSequencer.java:76)
	at org.jboss.ejb3.interceptors.aop.InterceptorSequencer.aroundInvoke(InterceptorSequencer.java:62)
	at sun.reflect.GeneratedMethodAccessor365.invoke(Unknown Source)
	at sun.reflect.DelegatingMethodAccessorImpl.invoke(DelegatingMethodAccessorImpl.java:25)
	at java.lang.reflect.Method.invoke(Method.java:597)
	at org.jboss.aop.advice.PerJoinpointAdvice.invoke(PerJoinpointAdvice.java:174)
	at org.jboss.aop.joinpoint.MethodInvocation.invokeNext(MethodInvocation.java:102)
	at org.jboss.ejb3.interceptors.aop.InvocationContextInterceptor.fillMethod(InvocationContextInterceptor.java:74)
	at org.jboss.aop.advice.org.jboss.ejb3.interceptors.aop.InvocationContextInterceptor_z_fillMethod_1773080527.invoke(InvocationContextInterceptor_z_fillMethod_1773080527.java)
	at org.jboss.aop.joinpoint.MethodInvocation.invokeNext(MethodInvocation.java:102)
	at org.jboss.ejb3.interceptors.aop.InvocationContextInterceptor.setup(InvocationContextInterceptor.java:90)
	at org.jboss.aop.advice.org.jboss.ejb3.interceptors.aop.InvocationContextInterceptor_z_setup_1773080527.invoke(InvocationContextInterceptor_z_setup_1773080527.java)
	at org.jboss.aop.joinpoint.MethodInvocation.invokeNext(MethodInvocation.java:102)
	at org.jboss.ejb3.async.impl.interceptor.AsynchronousServerInterceptor.invoke(AsynchronousServerInterceptor.java:128)
	at org.jboss.aop.joinpoint.MethodInvocation.invokeNext(MethodInvocation.java:102)
	at org.jboss.ejb3.connectionmanager.CachedConnectionInterceptor.invoke(CachedConnectionInterceptor.java:62)
	at org.jboss.aop.joinpoint.MethodInvocation.invokeNext(MethodInvocation.java:102)
	at org.jboss.ejb3.entity.TransactionScopedEntityManagerInterceptor.invoke(TransactionScopedEntityManagerInterceptor.java:56)
	at org.jboss.aop.joinpoint.MethodInvocation.invokeNext(MethodInvocation.java:102)
	at org.jboss.ejb3.AllowedOperationsInterceptor.invoke(AllowedOperationsInterceptor.java:47)
	at org.jboss.aop.joinpoint.MethodInvocation.invokeNext(MethodInvocation.java:102)
	at org.jboss.ejb3.tx.NullInterceptor.invoke(NullInterceptor.java:42)
	at org.jboss.aop.joinpoint.MethodInvocation.invokeNext(MethodInvocation.java:102)
	at org.jboss.ejb3.stateless.StatelessInstanceInterceptor.invoke(StatelessInstanceInterceptor.java:68)
	at org.jboss.aop.joinpoint.MethodInvocation.invokeNext(MethodInvocation.java:102)
	at org.jboss.ejb3.core.context.SessionInvocationContextAdapter.proceed(SessionInvocationContextAdapter.java:95)
	at org.jboss.ejb3.tx2.impl.CMTTxInterceptor.invokeInOurTx(CMTTxInterceptor.java:247)
	at org.jboss.ejb3.tx2.impl.CMTTxInterceptor.required(CMTTxInterceptor.java:349)
	at org.jboss.ejb3.tx2.impl.CMTTxInterceptor.invoke(CMTTxInterceptor.java:209)
	at org.jboss.ejb3.tx2.aop.CMTTxInterceptorWrapper.invoke(CMTTxInterceptorWrapper.java:52)
	at org.jboss.aop.joinpoint.MethodInvocation.invokeNext(MethodInvocation.java:102)
	at org.jboss.aspects.tx.TxPropagationInterceptor.invoke(TxPropagationInterceptor.java:76)
	at org.jboss.aop.joinpoint.MethodInvocation.invokeNext(MethodInvocation.java:102)
	at org.jboss.ejb3.tx.NullInterceptor.invoke(NullInterceptor.java:42)
	at org.jboss.aop.joinpoint.MethodInvocation.invokeNext(MethodInvocation.java:102)
	at org.jboss.ejb3.security.Ejb3AuthenticationInterceptorv2.invoke(Ejb3AuthenticationInterceptorv2.java:182)
	at org.jboss.aop.joinpoint.MethodInvocation.invokeNext(MethodInvocation.java:102)
	at org.jboss.ejb3.ENCPropagationInterceptor.invoke(ENCPropagationInterceptor.java:41)
	at org.jboss.aop.joinpoint.MethodInvocation.invokeNext(MethodInvocation.java:102)
	at org.jboss.ejb3.BlockContainerShutdownInterceptor.invoke(BlockContainerShutdownInterceptor.java:67)
	at org.jboss.aop.joinpoint.MethodInvocation.invokeNext(MethodInvocation.java:102)
	at org.jboss.ejb3.core.context.CurrentInvocationContextInterceptor.invoke(CurrentInvocationContextInterceptor.java:47)
	at org.jboss.aop.joinpoint.MethodInvocation.invokeNext(MethodInvocation.java:102)
	at org.jboss.aspects.currentinvocation.CurrentInvocationInterceptor.invoke(CurrentInvocationInterceptor.java:67)
	at org.jboss.aop.joinpoint.MethodInvocation.invokeNext(MethodInvocation.java:102)
	at org.jboss.ejb3.interceptor.EJB3TCCLInterceptor.invoke(EJB3TCCLInterceptor.java:86)
	at org.jboss.aop.joinpoint.MethodInvocation.invokeNext(MethodInvocation.java:102)
	at org.jboss.ejb3.stateless.StatelessContainer.dynamicInvoke(StatelessContainer.java:392)
	at org.jboss.ejb3.session.InvokableContextClassProxyHack._dynamicInvoke(InvokableContextClassProxyHack.java:53)
	at org.jboss.aop.Dispatcher.invoke(Dispatcher.java:91)
	at org.jboss.aspects.remoting.AOPRemotingInvocationHandler.invoke(AOPRemotingInvocationHandler.java:82)
	at org.jboss.remoting.ServerInvoker.invoke(ServerInvoker.java:967)
	at org.jboss.remoting.transport.socket.ServerThread.completeInvocation(ServerThread.java:791)
	at org.jboss.remoting.transport.socket.ServerThread.processInvocation(ServerThread.java:744)
	at org.jboss.remoting.transport.socket.ServerThread.dorun(ServerThread.java:548)
	at org.jboss.remoting.transport.socket.ServerThread.run(ServerThread.java:234)
	at org.jboss.remoting.MicroRemoteClientInvoker.invoke(MicroRemoteClientInvoker.java:218)
	at org.jboss.remoting.Client.invoke(Client.java:2070)
	at org.jboss.remoting.Client.invoke(Client.java:879)
	at org.jboss.aspects.remoting.InvokeRemoteInterceptor.invoke(InvokeRemoteInterceptor.java:60)
	at org.jboss.aop.joinpoint.MethodInvocation.invokeNext(MethodInvocation.java:102)
	at org.jboss.aspects.tx.ClientTxPropagationInterceptor.invoke(ClientTxPropagationInterceptor.java:61)
	at org.jboss.aop.joinpoint.MethodInvocation.invokeNext(MethodInvocation.java:102)
	at org.jboss.ejb3.security.client.SecurityClientInterceptor.invoke(SecurityClientInterceptor.java:65)
	at org.jboss.aop.joinpoint.MethodInvocation.invokeNext(MethodInvocation.java:102)
	at org.jboss.ejb3.remoting.IsLocalInterceptor.invoke(IsLocalInterceptor.java:77)
	at org.jboss.aop.joinpoint.MethodInvocation.invokeNext(MethodInvocation.java:102)
	at org.jboss.ejb3.async.impl.interceptor.AsynchronousClientInterceptor.invoke(AsynchronousClientInterceptor.java:143)
	at org.jboss.aop.joinpoint.MethodInvocation.invokeNext(MethodInvocation.java:102)
	at org.jboss.aspects.remoting.PojiProxy.invoke(PojiProxy.java:62)
	at $Proxy8.invoke(Unknown Source)
	at org.jboss.ejb3.proxy.impl.handler.session.SessionProxyInvocationHandlerBase.invoke(SessionProxyInvocationHandlerBase.java:185)
	at $Proxy7.doLogin(Unknown Source)
	at com.elitecore.cpe.bl.delegates.system.user.UserBD.doLogin(Unknown Source)
	at com.elitecore.test.base.BaseTestCase.getBDSessionContext(Unknown Source)
	at com.elitecore.test.audit.AuditTestCase.setUp(Unknown Source)
	at junit.framework.TestCase.runBare(TestCase.java:139)
	at junit.framework.TestResult$1.protect(TestResult.java:122)
	at junit.framework.TestResult.runProtected(TestResult.java:142)
	at junit.framework.TestResult.run(TestResult.java:125)
	at junit.framework.TestCase.run(TestCase.java:129)
	at junit.framework.TestSuite.runTest(TestSuite.java:255)
	at junit.framework.TestSuite.run(TestSuite.java:250)
	at org.apache.tools.ant.taskdefs.optional.junit.JUnitTestRunner.run(JUnitTestRunner.java:532)
	at org.apache.tools.ant.taskdefs.optional.junit.JUnitTestRunner.launch(JUnitTestRunner.java:1179)
	at org.apache.tools.ant.taskdefs.optional.junit.JUnitTestRunner.main(JUnitTestRunner.java:1030)
	at org.jboss.aspects.remoting.InvokeRemoteInterceptor.invoke(InvokeRemoteInterceptor.java:72)
	at org.jboss.aop.joinpoint.MethodInvocation.invokeNext(MethodInvocation.java:102)
	at org.jboss.aspects.tx.ClientTxPropagationInterceptor.invoke(ClientTxPropagationInterceptor.java:61)
	at org.jboss.aop.joinpoint.MethodInvocation.invokeNext(MethodInvocation.java:102)
	at org.jboss.ejb3.security.client.SecurityClientInterceptor.invoke(SecurityClientInterceptor.java:65)
	at org.jboss.aop.joinpoint.MethodInvocation.invokeNext(MethodInvocation.java:102)
	at org.jboss.ejb3.remoting.IsLocalInterceptor.invoke(IsLocalInterceptor.java:77)
	at org.jboss.aop.joinpoint.MethodInvocation.invokeNext(MethodInvocation.java:102)
	at org.jboss.ejb3.async.impl.interceptor.AsynchronousClientInterceptor.invoke(AsynchronousClientInterceptor.java:143)
	at org.jboss.aop.joinpoint.MethodInvocation.invokeNext(MethodInvocation.java:102)
	at org.jboss.aspects.remoting.PojiProxy.invoke(PojiProxy.java:62)
	at $Proxy8.invoke(Unknown Source)
	at org.jboss.ejb3.proxy.impl.handler.session.SessionProxyInvocationHandlerBase.invoke(SessionProxyInvocationHandlerBase.java:185)
	at $Proxy7.doLogin(Unknown Source)
	at com.elitecore.cpe.bl.delegates.system.user.UserBD.doLogin(Unknown Source)
	at com.elitecore.test.base.BaseTestCase.getBDSessionContext(Unknown Source)
	at com.elitecore.test.audit.AuditTestCase.setUp(Unknown Source)
	at junit.framework.TestCase.runBare(TestCase.java:139)
	at junit.framework.TestResult$1.protect(TestResult.java:122)
	at junit.framework.TestResult.runProtected(TestResult.java:142)
	at junit.framework.TestResult.run(TestResult.java:125)
	at junit.framework.TestCase.run(TestCase.java:129)
	at junit.framework.TestSuite.runTest(TestSuite.java:255)
	at junit.framework.TestSuite.run(TestSuite.java:250)
	at org.apache.tools.ant.taskdefs.optional.junit.JUnitTestRunner.run(JUnitTestRunner.java:532)
	at org.apache.tools.ant.taskdefs.optional.junit.JUnitTestRunner.launch(JUnitTestRunner.java:1179)
	at org.apache.tools.ant.taskdefs.optional.junit.JUnitTestRunner.main(JUnitTestRunner.java:1030)
com.elitecore.cpe.bl.exception.AccessDeniedException: Invalid Userame / Password
	at com.elitecore.cpe.bl.facade.bss.user.BSSUserFacade.doLogin(BSSUserFacade.java:152)
	at sun.reflect.GeneratedMethodAccessor440.invoke(Unknown Source)
	at sun.reflect.DelegatingMethodAccessorImpl.invoke(DelegatingMethodAccessorImpl.java:25)
	at java.lang.reflect.Method.invoke(Method.java:597)
	at org.jboss.aop.joinpoint.MethodInvocation.invokeTarget(MethodInvocation.java:122)
	at org.jboss.aop.joinpoint.MethodInvocation.invokeNext(MethodInvocation.java:111)
	at org.jboss.ejb3.interceptors.container.ContainerMethodInvocationWrapper.invokeNext(ContainerMethodInvocationWrapper.java:72)
	at org.jboss.ejb3.interceptors.aop.InterceptorSequencer.invoke(InterceptorSequencer.java:76)
	at org.jboss.ejb3.interceptors.aop.InterceptorSequencer.aroundInvoke(InterceptorSequencer.java:62)
	at sun.reflect.GeneratedMethodAccessor365.invoke(Unknown Source)
	at sun.reflect.DelegatingMethodAccessorImpl.invoke(DelegatingMethodAccessorImpl.java:25)
	at java.lang.reflect.Method.invoke(Method.java:597)
	at org.jboss.aop.advice.PerJoinpointAdvice.invoke(PerJoinpointAdvice.java:174)
	at org.jboss.aop.joinpoint.MethodInvocation.invokeNext(MethodInvocation.java:102)
	at org.jboss.ejb3.interceptors.aop.InvocationContextInterceptor.fillMethod(InvocationContextInterceptor.java:74)
	at org.jboss.aop.advice.org.jboss.ejb3.interceptors.aop.InvocationContextInterceptor_z_fillMethod_1773080527.invoke(InvocationContextInterceptor_z_fillMethod_1773080527.java)
	at org.jboss.aop.joinpoint.MethodInvocation.invokeNext(MethodInvocation.java:102)
	at org.jboss.ejb3.interceptors.aop.InvocationContextInterceptor.setup(InvocationContextInterceptor.java:90)
	at org.jboss.aop.advice.org.jboss.ejb3.interceptors.aop.InvocationContextInterceptor_z_setup_1773080527.invoke(InvocationContextInterceptor_z_setup_1773080527.java)
	at org.jboss.aop.joinpoint.MethodInvocation.invokeNext(MethodInvocation.java:102)
	at org.jboss.ejb3.async.impl.interceptor.AsynchronousServerInterceptor.invoke(AsynchronousServerInterceptor.java:128)
	at org.jboss.aop.joinpoint.MethodInvocation.invokeNext(MethodInvocation.java:102)
	at org.jboss.ejb3.connectionmanager.CachedConnectionInterceptor.invoke(CachedConnectionInterceptor.java:62)
	at org.jboss.aop.joinpoint.MethodInvocation.invokeNext(MethodInvocation.java:102)
	at org.jboss.ejb3.entity.TransactionScopedEntityManagerInterceptor.invoke(TransactionScopedEntityManagerInterceptor.java:56)
	at org.jboss.aop.joinpoint.MethodInvocation.invokeNext(MethodInvocation.java:102)
	at org.jboss.ejb3.AllowedOperationsInterceptor.invoke(AllowedOperationsInterceptor.java:47)
	at org.jboss.aop.joinpoint.MethodInvocation.invokeNext(MethodInvocation.java:102)
	at org.jboss.ejb3.tx.NullInterceptor.invoke(NullInterceptor.java:42)
	at org.jboss.aop.joinpoint.MethodInvocation.invokeNext(MethodInvocation.java:102)
	at org.jboss.ejb3.stateless.StatelessInstanceInterceptor.invoke(StatelessInstanceInterceptor.java:68)
	at org.jboss.aop.joinpoint.MethodInvocation.invokeNext(MethodInvocation.java:102)
	at org.jboss.ejb3.core.context.SessionInvocationContextAdapter.proceed(SessionInvocationContextAdapter.java:95)
	at org.jboss.ejb3.tx2.impl.CMTTxInterceptor.invokeInCallerTx(CMTTxInterceptor.java:223)
	at org.jboss.ejb3.tx2.impl.CMTTxInterceptor.required(CMTTxInterceptor.java:353)
	at org.jboss.ejb3.tx2.impl.CMTTxInterceptor.invoke(CMTTxInterceptor.java:209)
	at org.jboss.ejb3.tx2.aop.CMTTxInterceptorWrapper.invoke(CMTTxInterceptorWrapper.java:52)
	at org.jboss.aop.joinpoint.MethodInvocation.invokeNext(MethodInvocation.java:102)
	at org.jboss.aspects.tx.TxPropagationInterceptor.invoke(TxPropagationInterceptor.java:76)
	at org.jboss.aop.joinpoint.MethodInvocation.invokeNext(MethodInvocation.java:102)
	at org.jboss.ejb3.tx.NullInterceptor.invoke(NullInterceptor.java:42)
	at org.jboss.aop.joinpoint.MethodInvocation.invokeNext(MethodInvocation.java:102)
	at org.jboss.ejb3.security.Ejb3AuthenticationInterceptorv2.invoke(Ejb3AuthenticationInterceptorv2.java:182)
	at org.jboss.aop.joinpoint.MethodInvocation.invokeNext(MethodInvocation.java:102)
	at org.jboss.ejb3.ENCPropagationInterceptor.invoke(ENCPropagationInterceptor.java:41)
	at org.jboss.aop.joinpoint.MethodInvocation.invokeNext(MethodInvocation.java:102)
	at org.jboss.ejb3.BlockContainerShutdownInterceptor.invoke(BlockContainerShutdownInterceptor.java:67)
	at org.jboss.aop.joinpoint.MethodInvocation.invokeNext(MethodInvocation.java:102)
	at org.jboss.ejb3.core.context.CurrentInvocationContextInterceptor.invoke(CurrentInvocationContextInterceptor.java:47)
	at org.jboss.aop.joinpoint.MethodInvocation.invokeNext(MethodInvocation.java:102)
	at org.jboss.aspects.currentinvocation.CurrentInvocationInterceptor.invoke(CurrentInvocationInterceptor.java:67)
	at org.jboss.aop.joinpoint.MethodInvocation.invokeNext(MethodInvocation.java:102)
	at org.jboss.ejb3.interceptor.EJB3TCCLInterceptor.invoke(EJB3TCCLInterceptor.java:86)
	at org.jboss.aop.joinpoint.MethodInvocation.invokeNext(MethodInvocation.java:102)
	at org.jboss.ejb3.session.SessionSpecContainer.invoke(SessionSpecContainer.java:333)
	at org.jboss.ejb3.session.SessionSpecContainer.invoke(SessionSpecContainer.java:390)
	at sun.reflect.GeneratedMethodAccessor802.invoke(Unknown Source)
	at sun.reflect.DelegatingMethodAccessorImpl.invoke(DelegatingMethodAccessorImpl.java:25)
	at java.lang.reflect.Method.invoke(Method.java:597)
	at org.jboss.ejb3.proxy.impl.handler.session.SessionLocalProxyInvocationHandler$LocalContainerInvocation.invokeTarget(SessionLocalProxyInvocationHandler.java:184)
	at org.jboss.aop.joinpoint.MethodInvocation.invokeNext(MethodInvocation.java:111)
	at org.jboss.ejb3.async.impl.interceptor.AsynchronousClientInterceptor.invoke(AsynchronousClientInterceptor.java:143)
	at org.jboss.aop.joinpoint.MethodInvocation.invokeNext(MethodInvocation.java:102)
	at org.jboss.ejb3.proxy.impl.handler.session.SessionLocalProxyInvocationHandler$LocalInvokableContextHandler.invoke(SessionLocalProxyInvocationHandler.java:159)
	at $Proxy212.invoke(Unknown Source)
	at org.jboss.ejb3.proxy.impl.handler.session.SessionProxyInvocationHandlerBase.invoke(SessionProxyInvocationHandlerBase.java:185)
	at $Proxy207.doLogin(Unknown Source)
	at com.elitecore.cpe.bl.controller.system.BSSUserAuthController.doLogin(BSSUserAuthController.java:35)
	at com.elitecore.cpe.bl.factory.system.user.UserFactory.doLogin(UserFactory.java:49)
	at com.elitecore.cpe.bl.factory.system.user.UserFactory.doLogin(UserFactory.java:57)
	at com.elitecore.cpe.bl.facade.system.user.UserFacade.doLogin(UserFacade.java:53)
	at sun.reflect.GeneratedMethodAccessor439.invoke(Unknown Source)
	at sun.reflect.DelegatingMethodAccessorImpl.invoke(DelegatingMethodAccessorImpl.java:25)
	at java.lang.reflect.Method.invoke(Method.java:597)
	at org.jboss.aop.joinpoint.MethodInvocation.invokeTarget(MethodInvocation.java:122)
	at org.jboss.aop.joinpoint.MethodInvocation.invokeNext(MethodInvocation.java:111)
	at org.jboss.ejb3.interceptors.container.ContainerMethodInvocationWrapper.invokeNext(ContainerMethodInvocationWrapper.java:72)
	at org.jboss.ejb3.interceptors.aop.InterceptorSequencer.invoke(InterceptorSequencer.java:76)
	at org.jboss.ejb3.interceptors.aop.InterceptorSequencer.aroundInvoke(InterceptorSequencer.java:62)
	at sun.reflect.GeneratedMethodAccessor365.invoke(Unknown Source)
	at sun.reflect.DelegatingMethodAccessorImpl.invoke(DelegatingMethodAccessorImpl.java:25)
	at java.lang.reflect.Method.invoke(Method.java:597)
	at org.jboss.aop.advice.PerJoinpointAdvice.invoke(PerJoinpointAdvice.java:174)
	at org.jboss.aop.joinpoint.MethodInvocation.invokeNext(MethodInvocation.java:102)
	at org.jboss.ejb3.interceptors.aop.InvocationContextInterceptor.fillMethod(InvocationContextInterceptor.java:74)
	at org.jboss.aop.advice.org.jboss.ejb3.interceptors.aop.InvocationContextInterceptor_z_fillMethod_1773080527.invoke(InvocationContextInterceptor_z_fillMethod_1773080527.java)
	at org.jboss.aop.joinpoint.MethodInvocation.invokeNext(MethodInvocation.java:102)
	at org.jboss.ejb3.interceptors.aop.InvocationContextInterceptor.setup(InvocationContextInterceptor.java:90)
	at org.jboss.aop.advice.org.jboss.ejb3.interceptors.aop.InvocationContextInterceptor_z_setup_1773080527.invoke(InvocationContextInterceptor_z_setup_1773080527.java)
	at org.jboss.aop.joinpoint.MethodInvocation.invokeNext(MethodInvocation.java:102)
	at org.jboss.ejb3.async.impl.interceptor.AsynchronousServerInterceptor.invoke(AsynchronousServerInterceptor.java:128)
	at org.jboss.aop.joinpoint.MethodInvocation.invokeNext(MethodInvocation.java:102)
	at org.jboss.ejb3.connectionmanager.CachedConnectionInterceptor.invoke(CachedConnectionInterceptor.java:62)
	at org.jboss.aop.joinpoint.MethodInvocation.invokeNext(MethodInvocation.java:102)
	at org.jboss.ejb3.entity.TransactionScopedEntityManagerInterceptor.invoke(TransactionScopedEntityManagerInterceptor.java:56)
	at org.jboss.aop.joinpoint.MethodInvocation.invokeNext(MethodInvocation.java:102)
	at org.jboss.ejb3.AllowedOperationsInterceptor.invoke(AllowedOperationsInterceptor.java:47)
	at org.jboss.aop.joinpoint.MethodInvocation.invokeNext(MethodInvocation.java:102)
	at org.jboss.ejb3.tx.NullInterceptor.invoke(NullInterceptor.java:42)
	at org.jboss.aop.joinpoint.MethodInvocation.invokeNext(MethodInvocation.java:102)
	at org.jboss.ejb3.stateless.StatelessInstanceInterceptor.invoke(StatelessInstanceInterceptor.java:68)
	at org.jboss.aop.joinpoint.MethodInvocation.invokeNext(MethodInvocation.java:102)
	at org.jboss.ejb3.core.context.SessionInvocationContextAdapter.proceed(SessionInvocationContextAdapter.java:95)
	at org.jboss.ejb3.tx2.impl.CMTTxInterceptor.invokeInOurTx(CMTTxInterceptor.java:247)
	at org.jboss.ejb3.tx2.impl.CMTTxInterceptor.required(CMTTxInterceptor.java:349)
	at org.jboss.ejb3.tx2.impl.CMTTxInterceptor.invoke(CMTTxInterceptor.java:209)
	at org.jboss.ejb3.tx2.aop.CMTTxInterceptorWrapper.invoke(CMTTxInterceptorWrapper.java:52)
	at org.jboss.aop.joinpoint.MethodInvocation.invokeNext(MethodInvocation.java:102)
	at org.jboss.aspects.tx.TxPropagationInterceptor.invoke(TxPropagationInterceptor.java:76)
	at org.jboss.aop.joinpoint.MethodInvocation.invokeNext(MethodInvocation.java:102)
	at org.jboss.ejb3.tx.NullInterceptor.invoke(NullInterceptor.java:42)
	at org.jboss.aop.joinpoint.MethodInvocation.invokeNext(MethodInvocation.java:102)
	at org.jboss.ejb3.security.Ejb3AuthenticationInterceptorv2.invoke(Ejb3AuthenticationInterceptorv2.java:182)
	at org.jboss.aop.joinpoint.MethodInvocation.invokeNext(MethodInvocation.java:102)
	at org.jboss.ejb3.ENCPropagationInterceptor.invoke(ENCPropagationInterceptor.java:41)
	at org.jboss.aop.joinpoint.MethodInvocation.invokeNext(MethodInvocation.java:102)
	at org.jboss.ejb3.BlockContainerShutdownInterceptor.invoke(BlockContainerShutdownInterceptor.java:67)
	at org.jboss.aop.joinpoint.MethodInvocation.invokeNext(MethodInvocation.java:102)
	at org.jboss.ejb3.core.context.CurrentInvocationContextInterceptor.invoke(CurrentInvocationContextInterceptor.java:47)
	at org.jboss.aop.joinpoint.MethodInvocation.invokeNext(MethodInvocation.java:102)
	at org.jboss.aspects.currentinvocation.CurrentInvocationInterceptor.invoke(CurrentInvocationInterceptor.java:67)
	at org.jboss.aop.joinpoint.MethodInvocation.invokeNext(MethodInvocation.java:102)
	at org.jboss.ejb3.interceptor.EJB3TCCLInterceptor.invoke(EJB3TCCLInterceptor.java:86)
	at org.jboss.aop.joinpoint.MethodInvocation.invokeNext(MethodInvocation.java:102)
	at org.jboss.ejb3.stateless.StatelessContainer.dynamicInvoke(StatelessContainer.java:392)
	at org.jboss.ejb3.session.InvokableContextClassProxyHack._dynamicInvoke(InvokableContextClassProxyHack.java:53)
	at org.jboss.aop.Dispatcher.invoke(Dispatcher.java:91)
	at org.jboss.aspects.remoting.AOPRemotingInvocationHandler.invoke(AOPRemotingInvocationHandler.java:82)
	at org.jboss.remoting.ServerInvoker.invoke(ServerInvoker.java:967)
	at org.jboss.remoting.transport.socket.ServerThread.completeInvocation(ServerThread.java:791)
	at org.jboss.remoting.transport.socket.ServerThread.processInvocation(ServerThread.java:744)
	at org.jboss.remoting.transport.socket.ServerThread.dorun(ServerThread.java:548)
	at org.jboss.remoting.transport.socket.ServerThread.run(ServerThread.java:234)
	at org.jboss.remoting.MicroRemoteClientInvoker.invoke(MicroRemoteClientInvoker.java:218)
	at org.jboss.remoting.Client.invoke(Client.java:2070)
	at org.jboss.remoting.Client.invoke(Client.java:879)
	at org.jboss.aspects.remoting.InvokeRemoteInterceptor.invoke(InvokeRemoteInterceptor.java:60)
	at org.jboss.aop.joinpoint.MethodInvocation.invokeNext(MethodInvocation.java:102)
	at org.jboss.aspects.tx.ClientTxPropagationInterceptor.invoke(ClientTxPropagationInterceptor.java:61)
	at org.jboss.aop.joinpoint.MethodInvocation.invokeNext(MethodInvocation.java:102)
	at org.jboss.ejb3.security.client.SecurityClientInterceptor.invoke(SecurityClientInterceptor.java:65)
	at org.jboss.aop.joinpoint.MethodInvocation.invokeNext(MethodInvocation.java:102)
	at org.jboss.ejb3.remoting.IsLocalInterceptor.invoke(IsLocalInterceptor.java:77)
	at org.jboss.aop.joinpoint.MethodInvocation.invokeNext(MethodInvocation.java:102)
	at org.jboss.ejb3.async.impl.interceptor.AsynchronousClientInterceptor.invoke(AsynchronousClientInterceptor.java:143)
	at org.jboss.aop.joinpoint.MethodInvocation.invokeNext(MethodInvocation.java:102)
	at org.jboss.aspects.remoting.PojiProxy.invoke(PojiProxy.java:62)
	at $Proxy8.invoke(Unknown Source)
	at org.jboss.ejb3.proxy.impl.handler.session.SessionProxyInvocationHandlerBase.invoke(SessionProxyInvocationHandlerBase.java:185)
	at $Proxy7.doLogin(Unknown Source)
	at com.elitecore.cpe.bl.delegates.system.user.UserBD.doLogin(Unknown Source)
	at com.elitecore.test.base.BaseTestCase.getBDSessionContext(Unknown Source)
	at com.elitecore.test.audit.AuditTestCase.setUp(Unknown Source)
	at junit.framework.TestCase.runBare(TestCase.java:139)
	at junit.framework.TestResult$1.protect(TestResult.java:122)
	at junit.framework.TestResult.runProtected(TestResult.java:142)
	at junit.framework.TestResult.run(TestResult.java:125)
	at junit.framework.TestCase.run(TestCase.java:129)
	at junit.framework.TestSuite.runTest(TestSuite.java:255)
	at junit.framework.TestSuite.run(TestSuite.java:250)
	at org.apache.tools.ant.taskdefs.optional.junit.JUnitTestRunner.run(JUnitTestRunner.java:532)
	at org.apache.tools.ant.taskdefs.optional.junit.JUnitTestRunner.launch(JUnitTestRunner.java:1179)
	at org.apache.tools.ant.taskdefs.optional.junit.JUnitTestRunner.main(JUnitTestRunner.java:1030)
	at org.jboss.aspects.remoting.InvokeRemoteInterceptor.invoke(InvokeRemoteInterceptor.java:72)
	at org.jboss.aop.joinpoint.MethodInvocation.invokeNext(MethodInvocation.java:102)
	at org.jboss.aspects.tx.ClientTxPropagationInterceptor.invoke(ClientTxPropagationInterceptor.java:61)
	at org.jboss.aop.joinpoint.MethodInvocation.invokeNext(MethodInvocation.java:102)
	at org.jboss.ejb3.security.client.SecurityClientInterceptor.invoke(SecurityClientInterceptor.java:65)
	at org.jboss.aop.joinpoint.MethodInvocation.invokeNext(MethodInvocation.java:102)
	at org.jboss.ejb3.remoting.IsLocalInterceptor.invoke(IsLocalInterceptor.java:77)
	at org.jboss.aop.joinpoint.MethodInvocation.invokeNext(MethodInvocation.java:102)
	at org.jboss.ejb3.async.impl.interceptor.AsynchronousClientInterceptor.invoke(AsynchronousClientInterceptor.java:143)
	at org.jboss.aop.joinpoint.MethodInvocation.invokeNext(MethodInvocation.java:102)
	at org.jboss.aspects.remoting.PojiProxy.invoke(PojiProxy.java:62)
	at $Proxy8.invoke(Unknown Source)
	at org.jboss.ejb3.proxy.impl.handler.session.SessionProxyInvocationHandlerBase.invoke(SessionProxyInvocationHandlerBase.java:185)
	at $Proxy7.doLogin(Unknown Source)
	at com.elitecore.cpe.bl.delegates.system.user.UserBD.doLogin(Unknown Source)
	at com.elitecore.test.base.BaseTestCase.getBDSessionContext(Unknown Source)
	at com.elitecore.test.audit.AuditTestCase.setUp(Unknown Source)
	at junit.framework.TestCase.runBare(TestCase.java:139)
	at junit.framework.TestResult$1.protect(TestResult.java:122)
	at junit.framework.TestResult.runProtected(TestResult.java:142)
	at junit.framework.TestResult.run(TestResult.java:125)
	at junit.framework.TestCase.run(TestCase.java:129)
	at junit.framework.TestSuite.runTest(TestSuite.java:255)
	at junit.framework.TestSuite.run(TestSuite.java:250)
	at org.apache.tools.ant.taskdefs.optional.junit.JUnitTestRunner.run(JUnitTestRunner.java:532)
	at org.apache.tools.ant.taskdefs.optional.junit.JUnitTestRunner.launch(JUnitTestRunner.java:1179)
	at org.apache.tools.ant.taskdefs.optional.junit.JUnitTestRunner.main(JUnitTestRunner.java:1030)
]]></system-err>
</testsuite>
